#
# A fatal error has been detected by the Java Runtime Environment:
#
#  SIGSEGV (0xb) at pc=0x00007f10adb0c2a3, pid=20617, tid=0x00007f1097bc6700
#
# JRE version: OpenJDK Runtime Environment (8.0_252-b09) (build 1.8.0_252-8u252-b09-1~18.04-b09)
# Java VM: OpenJDK 64-Bit Server VM (25.252-b09 mixed mode linux-amd64 compressed oops)
# Problematic frame:
# V  [libjvm.so+0x96c2a3]
#
# Failed to write core dump. Core dumps have been disabled. To enable core dumping, try "ulimit -c unlimited" before starting Java again
#
# If you would like to submit a bug report, please visit:
#   http://bugreport.java.com/bugreport/crash.jsp
#

---------------  T H R E A D  ---------------

Current thread (0x00007f10a8029000):  GCTaskThread [stack: 0x00007f1097ac7000,0x00007f1097bc7000] [id=20624]

siginfo: si_signo: 11 (SIGSEGV), si_code: 1 (SEGV_MAPERR), si_addr: 0x0000000009001118

Registers:
RAX=0x0000000000000001, RBX=0x00000000d9ffa471, RCX=0x0000000000000003, RDX=0x00007f10ae0ec960
RSP=0x00007f1097bc5c20, RBP=0x00007f1097bc5cc0, RSI=0x00000000d9ffa471, RDI=0x0000000009001110
R8 =0x0500000000db3060, R9 =0x00007f10a807aa60, R10=0x00000000db321b28, R11=0x007200660067006e
R12=0x00007f10a807ad80, R13=0x0000000000000001, R14=0x00007f10a807ade8, R15=0x00007f10ae0ec970
RIP=0x00007f10adb0c2a3, EFLAGS=0x0000000000010202, CSGSFS=0x002b000000000033, ERR=0x0000000000000004
  TRAPNO=0x000000000000000e

Top of Stack: (sp=0x00007f1097bc5c20)
0x00007f1097bc5c20:   00000000db35b860 00000000db35b86c
0x00007f1097bc5c30:   00007f1097bc5c70 00000000000000c8
0x00007f1097bc5c40:   00007f1000000019 00000000d9ffa570
0x00007f1097bc5c50:   00007f10a807ad80 00000000db37c1b8
0x00007f1097bc5c60:   0000000000000000 0000000000000004
0x00007f1097bc5c70:   00007f1097bc5d20 00007f10adb0c64a
0x00007f1097bc5c80:   00007f1097bc5cd0 a93b55fcbdeac300
0x00007f1097bc5c90:   00007f1097bc5cd0 00007f10a807ad80
0x00007f1097bc5ca0:   00000000db37c1cc 0000000000000001
0x00007f1097bc5cb0:   00007f10a807ade8 00007f10ae0ec970
0x00007f1097bc5cc0:   00007f1097bc5d20 00007f10adb0bbb8
0x00007f1097bc5cd0:   00007f1097bc5d20 00007f10adbcf452
0x00007f1097bc5ce0:   000001790000005f 0000017a0000005f
0x00007f1097bc5cf0:   00007f10ae0533a8 00000000db1eb1ec
0x00007f1097bc5d00:   0000000000000002 00007f1097bc5d54
0x00007f1097bc5d10:   00007f10ae0ec970 0000000000000001
0x00007f1097bc5d20:   00007f1097bc5da0 00007f10adb100f6
0x00007f1097bc5d30:   00007f10ae050678 00007f1068376c70
0x00007f1097bc5d40:   00007f10a807ad80 0000000000000008
0x00007f1097bc5d50:   2af3f910a8025040 0000000000000330
0x00007f1097bc5d60:   0000000000000331 a93b55fcbdeac300
0x00007f1097bc5d70:   00007f1097bc5da0 0000000000000001
0x00007f1097bc5d80:   00007f1068376c70 00007f10a8029000
0x00007f1097bc5d90:   0000000000000000 00007f10ae10a7e8
0x00007f1097bc5da0:   00007f1097bc5eb0 00007f10ad761436
0x00007f1097bc5db0:   00000000000003d8 00007f10a80294a0
0x00007f1097bc5dc0:   00007f10a80298c8 00007f10a80294f0
0x00007f1097bc5dd0:   00007f1097bc5e40 00007f10a80294e0
0x00007f1097bc5de0:   00007f1097bc5df8 00007f10adcdbe10
0x00007f1097bc5df0:   0000000000000000 0000000000000000
0x00007f1097bc5e00:   00007f10a8029000 00007f10a80298d0
0x00007f1097bc5e10:   00007f10a8029910 00007f10a8029920 

Instructions: (pc=0x00007f10adb0c2a3)
0x00007f10adb0c283:   41 be 01 00 00 00 e9 b8 fe ff ff 66 90 48 8d 15
0x00007f10adb0c293:   c9 06 5e 00 8b 7e 08 8b 4a 08 48 d3 e7 48 03 3a
0x00007f10adb0c2a3:   8b 4f 08 83 f9 00 0f 8f 86 fd ff ff 0f 84 03 fe
0x00007f10adb0c2b3:   ff ff 3c 01 48 8d 15 ce f9 5c 00 48 19 c0 83 e0 

Register to memory mapping:

RAX=0x0000000000000001 is an unknown value
RBX=0x00000000d9ffa471 is an unknown value
RCX=0x0000000000000003 is an unknown value
RDX=0x00007f10ae0ec960: <offset 0xf4c960> in /usr/lib/jvm/java-8-openjdk-amd64/jre/lib/amd64/server/libjvm.so at 0x00007f10ad1a0000
RSP=0x00007f1097bc5c20 is an unknown value
RBP=0x00007f1097bc5cc0 is an unknown value
RSI=0x00000000d9ffa471 is an unknown value
RDI=0x0000000009001110 is an unknown value
R8 =0x0500000000db3060 is an unknown value
R9 =0x00007f10a807aa60 is an unknown value
R10=0x00000000db321b28 is an oop
java.lang.String 
 - klass: 'java/lang/String'
R11=0x007200660067006e is an unknown value
R12=0x00007f10a807ad80 is an unknown value
R13=0x0000000000000001 is an unknown value
R14=0x00007f10a807ade8 is an unknown value
R15=0x00007f10ae0ec970: <offset 0xf4c970> in /usr/lib/jvm/java-8-openjdk-amd64/jre/lib/amd64/server/libjvm.so at 0x00007f10ad1a0000


Stack: [0x00007f1097ac7000,0x00007f1097bc7000],  sp=0x00007f1097bc5c20,  free space=1019k
Native frames: (J=compiled Java code, j=interpreted, Vv=VM code, C=native code)
V  [libjvm.so+0x96c2a3]
V  [libjvm.so+0x96bbb8]
V  [libjvm.so+0x9700f6]
V  [libjvm.so+0x5c1436]
V  [libjvm.so+0x8f3e62]


---------------  P R O C E S S  ---------------

Java Threads: ( => current thread )
  0x00007f10a8747800 JavaThread "background-preinit" [_thread_blocked, id=20639, stack(0x00007f10637a2000,0x00007f10638a3000)]
  0x00007f10a85ba800 JavaThread "RMI TCP Accept-0" daemon [_thread_in_native, id=20636, stack(0x00007f1063ba4000,0x00007f1063ca5000)]
  0x00007f10a859d000 JavaThread "RMI TCP Accept-37573" daemon [_thread_in_native, id=20635, stack(0x00007f1063ca5000,0x00007f1063da6000)]
  0x00007f10a8585800 JavaThread "RMI TCP Accept-0" daemon [_thread_in_native, id=20634, stack(0x00007f1063da6000,0x00007f1063ea7000)]
  0x00007f10a80c5000 JavaThread "Service Thread" daemon [_thread_blocked, id=20633, stack(0x00007f109100b000,0x00007f109110c000)]
  0x00007f10a80c2000 JavaThread "C1 CompilerThread2" daemon [_thread_blocked, id=20632, stack(0x00007f109110d000,0x00007f109120d000)]
  0x00007f10a80c0800 JavaThread "C2 CompilerThread1" daemon [_thread_in_native, id=20631, stack(0x00007f109120e000,0x00007f109130e000)]
  0x00007f10a80bd800 JavaThread "C2 CompilerThread0" daemon [_thread_blocked, id=20630, stack(0x00007f109130f000,0x00007f109140f000)]
  0x00007f10a80b9800 JavaThread "Signal Dispatcher" daemon [_thread_blocked, id=20629, stack(0x00007f109140f000,0x00007f1091510000)]
  0x00007f10a808c000 JavaThread "Finalizer" daemon [_thread_blocked, id=20628, stack(0x00007f1091ee2000,0x00007f1091fe3000)]
  0x00007f10a8087800 JavaThread "Reference Handler" daemon [_thread_blocked, id=20627, stack(0x00007f1091fe3000,0x00007f10920e4000)]
  0x00007f10a8010000 JavaThread "main" [_thread_blocked, id=20619, stack(0x00007f10aeeaf000,0x00007f10aefaf000)]

Other Threads:
  0x00007f10a807d800 VMThread [stack: 0x00007f10920e5000,0x00007f10921e5000] [id=20626]
  0x00007f10a85bb800 WatcherThread [stack: 0x00007f1063aa4000,0x00007f1063ba4000] [id=20637]

=>0x00007f10a8029000 (exited) GCTaskThread [stack: 0x00007f1097ac7000,0x00007f1097bc7000] [id=20624]

VM state:at safepoint (normal execution)

VM Mutex/Monitor currently owned by a thread:  ([mutex/lock_event])
[0x00007f10a800c660] Threads_lock - owner thread: 0x00007f10a807d800
[0x00007f10a800cb60] Heap_lock - owner thread: 0x00007f10a8747800

heap address: 0x000000008ba00000, size: 1862 MB, Compressed Oops mode: 32-bit
Narrow klass base: 0x0000000000000000, Narrow klass shift: 3
Compressed class space size: 1073741824 Address: 0x0000000100000000

Heap:
 PSYoungGen      total 35328K, used 30720K [0x00000000d9380000, 0x00000000dba80000, 0x0000000100000000)
  eden space 30720K, 100% used [0x00000000d9380000,0x00000000db180000,0x00000000db180000)
  from space 4608K, 0% used [0x00000000db600000,0x00000000db600000,0x00000000dba80000)
  to   space 4608K, 55% used [0x00000000db180000,0x00000000db3fca88,0x00000000db600000)
 ParOldGen       total 80896K, used 16K [0x000000008ba00000, 0x0000000090900000, 0x00000000d9380000)
  object space 80896K, 0% used [0x000000008ba00000,0x000000008ba04000,0x0000000090900000)
 Metaspace       used 11299K, capacity 11492K, committed 11648K, reserved 1058816K
  class space    used 1310K, capacity 1380K, committed 1408K, reserved 1048576K

Card table byte_map: [0x00007f1097e34000,0x00007f10981d8000] byte_map_base: 0x00007f10979d7000

Marking Bits: (ParMarkBitMap*) 0x00007f10ae1143c0
 Begin Bits: [0x00007f1093f95000, 0x00007f1095cad000)
 End Bits:   [0x00007f1095cad000, 0x00007f10979c5000)

Polling page: 0x00007f10aefb4000

CodeCache: size=245760Kb used=3092Kb max_used=3092Kb free=242667Kb
 bounds [0x00007f1098598000, 0x00007f10988a8000, 0x00007f10a7598000]
 total_blobs=1175 nmethods=821 adapters=270
 compilation: enabled

Compilation events (10 events):
Event: 1.080 Thread 0x00007f10a80c2000 nmethod 819 0x00007f1098896f90 code [0x00007f1098897100, 0x00007f1098897290]
Event: 1.080 Thread 0x00007f10a80c2000  820       3       org.springframework.util.ConcurrentReferenceHashMap::getHash (64 bytes)
Event: 1.081 Thread 0x00007f10a80c2000 nmethod 820 0x00007f1098896a90 code [0x00007f1098896c00, 0x00007f1098896ea8]
Event: 1.081 Thread 0x00007f10a80c2000  821       3       org.springframework.util.ConcurrentReferenceHashMap$Task::hasOption (9 bytes)
Event: 1.081 Thread 0x00007f10a80c2000 nmethod 821 0x00007f109889cf90 code [0x00007f109889d100, 0x00007f109889d328]
Event: 1.082 Thread 0x00007f10a80c2000  822   !   3       sun.reflect.generics.factory.CoreReflectionFactory::makeNamedType (21 bytes)
Event: 1.082 Thread 0x00007f10a80c2000 nmethod 822 0x00007f109889d410 code [0x00007f109889d5a0, 0x00007f109889d828]
Event: 1.082 Thread 0x00007f10a80c2000  823       3       org.springframework.core.ResolvableType::hashCode (22 bytes)
Event: 1.082 Thread 0x00007f10a80c2000 nmethod 823 0x00007f109889d990 code [0x00007f109889db00, 0x00007f109889dd88]
Event: 1.083 Thread 0x00007f10a80c2000  824       3       sun.reflect.generics.visitor.Reifier::visitClassTypeSignature (381 bytes)

GC Heap History (1 events):
Event: 1.085 GC heap before
{Heap before GC invocations=1 (full 0):
 PSYoungGen      total 35328K, used 30720K [0x00000000d9380000, 0x00000000dba80000, 0x0000000100000000)
  eden space 30720K, 100% used [0x00000000d9380000,0x00000000db180000,0x00000000db180000)
  from space 4608K, 0% used [0x00000000db600000,0x00000000db600000,0x00000000dba80000)
  to   space 4608K, 0% used [0x00000000db180000,0x00000000db180000,0x00000000db600000)
 ParOldGen       total 80896K, used 0K [0x000000008ba00000, 0x0000000090900000, 0x00000000d9380000)
  object space 80896K, 0% used [0x000000008ba00000,0x000000008ba00000,0x0000000090900000)
 Metaspace       used 11299K, capacity 11492K, committed 11648K, reserved 1058816K
  class space    used 1310K, capacity 1380K, committed 1408K, reserved 1048576K

Deoptimization events (1 events):
Event: 0.957 Thread 0x00007f10a8010000 Uncommon trap: reason=range_check action=make_not_entrant pc=0x00007f1098860e40 method=sun.reflect.generics.parser.SignatureParser.current()C @ 34

Classes redefined (0 events):
No events

Internal exceptions (10 events):
Event: 0.950 Thread 0x00007f10a8010000 Exception <a 'java/lang/ArrayIndexOutOfBoundsException'> (0x00000000da95a7f8) thrown at [/build/openjdk-8-piDAoU/openjdk-8-8u252-b09/src/hotspot/src/share/vm/runtime/sharedRuntime.cpp, line 605]
Event: 0.951 Thread 0x00007f10a8010000 Exception <a 'java/lang/ArrayIndexOutOfBoundsException'> (0x00000000da969a20) thrown at [/build/openjdk-8-piDAoU/openjdk-8-8u252-b09/src/hotspot/src/share/vm/runtime/sharedRuntime.cpp, line 605]
Event: 0.955 Thread 0x00007f10a8010000 Exception <a 'java/lang/ArrayIndexOutOfBoundsException'> (0x00000000da98fc60) thrown at [/build/openjdk-8-piDAoU/openjdk-8-8u252-b09/src/hotspot/src/share/vm/runtime/sharedRuntime.cpp, line 605]
Event: 0.955 Thread 0x00007f10a8010000 Exception <a 'java/lang/ArrayIndexOutOfBoundsException'> (0x00000000da991f30) thrown at [/build/openjdk-8-piDAoU/openjdk-8-8u252-b09/src/hotspot/src/share/vm/runtime/sharedRuntime.cpp, line 605]
Event: 0.956 Thread 0x00007f10a8010000 Exception <a 'java/lang/ArrayIndexOutOfBoundsException'> (0x00000000da993d00) thrown at [/build/openjdk-8-piDAoU/openjdk-8-8u252-b09/src/hotspot/src/share/vm/runtime/sharedRuntime.cpp, line 605]
Event: 0.956 Thread 0x00007f10a8010000 Exception <a 'java/lang/ArrayIndexOutOfBoundsException'> (0x00000000da996758) thrown at [/build/openjdk-8-piDAoU/openjdk-8-8u252-b09/src/hotspot/src/share/vm/runtime/sharedRuntime.cpp, line 605]
Event: 0.957 Thread 0x00007f10a8010000 Exception <a 'java/lang/ArrayIndexOutOfBoundsException': 126> (0x00000000da9a0320) thrown at [/build/openjdk-8-piDAoU/openjdk-8-8u252-b09/src/hotspot/src/share/vm/interpreter/interpreterRuntime.cpp, line 368]
Event: 0.958 Thread 0x00007f10a8010000 Exception <a 'java/lang/ArrayIndexOutOfBoundsException': 179> (0x00000000da9a7208) thrown at [/build/openjdk-8-piDAoU/openjdk-8-8u252-b09/src/hotspot/src/share/vm/interpreter/interpreterRuntime.cpp, line 368]
Event: 0.959 Thread 0x00007f10a8010000 Exception <a 'java/lang/ArrayIndexOutOfBoundsException': 134> (0x00000000da9a8d98) thrown at [/build/openjdk-8-piDAoU/openjdk-8-8u252-b09/src/hotspot/src/share/vm/interpreter/interpreterRuntime.cpp, line 368]
Event: 1.003 Thread 0x00007f10a8010000 Exception <a 'java/io/FileNotFoundException'> (0x00000000dad2ea70) thrown at [/build/openjdk-8-piDAoU/openjdk-8-8u252-b09/src/hotspot/src/share/vm/prims/jni.cpp, line 710]

Events (10 events):
Event: 1.081 loading class org/springframework/format/datetime/standard/DateTimeConverters$CalendarToZonedDateTimeConverter done
Event: 1.082 loading class org/springframework/format/datetime/standard/DateTimeConverters$CalendarToOffsetDateTimeConverter
Event: 1.082 loading class org/springframework/format/datetime/standard/DateTimeConverters$CalendarToOffsetDateTimeConverter done
Event: 1.083 loading class org/springframework/format/datetime/standard/DateTimeConverters$CalendarToLocalDateConverter
Event: 1.083 loading class org/springframework/format/datetime/standard/DateTimeConverters$CalendarToLocalDateConverter done
Event: 1.084 loading class org/springframework/format/datetime/standard/DateTimeConverters$CalendarToLocalTimeConverter
Event: 1.084 loading class org/springframework/format/datetime/standard/DateTimeConverters$CalendarToLocalTimeConverter done
Event: 1.085 loading class org/springframework/format/datetime/standard/DateTimeConverters$CalendarToLocalDateTimeConverter
Event: 1.085 loading class org/springframework/format/datetime/standard/DateTimeConverters$CalendarToLocalDateTimeConverter done
Event: 1.085 Executing VM operation: ParallelGCFailedAllocation


Dynamic libraries:
8ba00000-90900000 rw-p 00000000 00:00 0 
90900000-d9380000 ---p 00000000 00:00 0 
d9380000-dba80000 rw-p 00000000 00:00 0 
dba80000-100000000 ---p 00000000 00:00 0 
100000000-100160000 rw-p 00000000 00:00 0 
100160000-140000000 ---p 00000000 00:00 0 
56245f41b000-56245f41c000 r-xp 00000000 08:02 25696265                   /usr/lib/jvm/java-8-openjdk-amd64/jre/bin/java
56245f61b000-56245f61c000 r--p 00000000 08:02 25696265                   /usr/lib/jvm/java-8-openjdk-amd64/jre/bin/java
56245f61c000-56245f61d000 rw-p 00001000 08:02 25696265                   /usr/lib/jvm/java-8-openjdk-amd64/jre/bin/java
562460e66000-562460e87000 rw-p 00000000 00:00 0                          [heap]
7f1048000000-7f1048021000 rw-p 00000000 00:00 0 
7f1048021000-7f104c000000 ---p 00000000 00:00 0 
7f104c000000-7f104c048000 rw-p 00000000 00:00 0 
7f104c048000-7f1050000000 ---p 00000000 00:00 0 
7f1050000000-7f1050021000 rw-p 00000000 00:00 0 
7f1050021000-7f1054000000 ---p 00000000 00:00 0 
7f1054000000-7f1054021000 rw-p 00000000 00:00 0 
7f1054021000-7f1058000000 ---p 00000000 00:00 0 
7f1058000000-7f1058021000 rw-p 00000000 00:00 0 
7f1058021000-7f105c000000 ---p 00000000 00:00 0 
7f105c000000-7f105c021000 rw-p 00000000 00:00 0 
7f105c021000-7f1060000000 ---p 00000000 00:00 0 
7f10637a2000-7f10637a5000 ---p 00000000 00:00 0 
7f10637a5000-7f1063aa3000 rw-p 00000000 00:00 0 
7f1063aa3000-7f1063aa4000 ---p 00000000 00:00 0 
7f1063aa4000-7f1063ba4000 rw-p 00000000 00:00 0 
7f1063ba4000-7f1063ba7000 ---p 00000000 00:00 0 
7f1063ba7000-7f1063ca5000 rw-p 00000000 00:00 0 
7f1063ca5000-7f1063ca8000 ---p 00000000 00:00 0 
7f1063ca8000-7f1063da6000 rw-p 00000000 00:00 0 
7f1063da6000-7f1063da9000 ---p 00000000 00:00 0 
7f1063da9000-7f1063ea7000 rw-p 00000000 00:00 0 
7f1063ea7000-7f1063eac000 r--s 000a7000 08:02 25696589                   /usr/lib/jvm/java-8-openjdk-amd64/jre/lib/jsse.jar
7f1063eb1000-7f1063eb6000 r--s 00051000 08:02 19796235                   /home/innoventes/.m2/repository/com/fasterxml/jackson/core/jackson-core/2.10.3/jackson-core-2.10.3.jar
7f1063eb6000-7f1063eb9000 r--s 0000e000 08:02 19536345                   /home/innoventes/.m2/repository/com/fasterxml/jackson/core/jackson-annotations/2.10.3/jackson-annotations-2.10.3.jar
7f1063eba000-7f1063ecf000 r--s 00142000 08:02 19011647                   /home/innoventes/.m2/repository/com/fasterxml/jackson/core/jackson-databind/2.10.3/jackson-databind-2.10.3.jar
7f1063ed1000-7f1063ed4000 r--s 00019000 08:02 22808844                   /home/innoventes/.m2/repository/io/jsonwebtoken/jjwt/0.9.1/jjwt-0.9.1.jar
7f1063ed4000-7f1063ee3000 r--s 0007c000 08:02 22808842                   /home/innoventes/.m2/repository/org/springframework/security/spring-security-web/5.2.2.RELEASE/spring-security-web-5.2.2.RELEASE.jar
7f1063ee9000-7f1063ef5000 r--s 00061000 08:02 22808840                   /home/innoventes/.m2/repository/org/springframework/security/spring-security-core/5.2.2.RELEASE/spring-security-core-5.2.2.RELEASE.jar
7f1063efc000-7f1063f0a000 r--s 000c4000 08:02 22808838                   /home/innoventes/.m2/repository/org/springframework/security/spring-security-config/5.2.2.RELEASE/spring-security-config-5.2.2.RELEASE.jar
7f1063f0a000-7f1063f13000 r--s 00052000 08:02 20058811                   /home/innoventes/.m2/repository/org/springframework/spring-aop/5.2.5.RELEASE/spring-aop-5.2.5.RELEASE.jar
7f1063f18000-7f1063f19000 r--s 00000000 08:02 22808836                   /home/innoventes/.m2/repository/org/springframework/boot/spring-boot-starter-security/2.2.6.RELEASE/spring-boot-starter-security-2.2.6.RELEASE.jar
7f1063f1e000-7f1063f3b000 r--s 000fe000 08:02 20189723                   /home/innoventes/.m2/repository/org/hibernate/validator/hibernate-validator/6.0.18.Final/hibernate-validator-6.0.18.Final.jar
7f1063f42000-7f1063f46000 r--s 0003a000 08:02 20189696                   /home/innoventes/.m2/repository/org/apache/tomcat/embed/tomcat-embed-el/9.0.33/tomcat-embed-el-9.0.33.jar
7f1063f4a000-7f1063f4f000 r--s 00012000 08:02 20189717                   /home/innoventes/.m2/repository/jakarta/validation/jakarta.validation-api/2.0.2/jakarta.validation-api-2.0.2.jar
7f1063f50000-7f1063f51000 r--s 00000000 08:02 20189706                   /home/innoventes/.m2/repository/org/springframework/boot/spring-boot-starter-validation/2.2.6.RELEASE/spring-boot-starter-validation-2.2.6.RELEASE.jar
7f1063f55000-7f1063f70000 r--s 00145000 08:02 20058880                   /home/innoventes/.m2/repository/org/springframework/spring-core/5.2.5.RELEASE/spring-core-5.2.5.RELEASE.jar
7f1063f71000-7f1063f75000 r--s 00019000 08:02 20319196                   /home/innoventes/.m2/repository/jakarta/xml/bind/jakarta.xml.bind-api/2.3.3/jakarta.xml.bind-api-2.3.3.jar
7f1063f7a000-7f1063f7c000 r--s 0000a000 08:02 19796296                   /home/innoventes/.m2/repository/org/springframework/spring-aspects/5.2.5.RELEASE/spring-aspects-5.2.5.RELEASE.jar
7f1063f81000-7f1063f83000 r--s 00009000 08:02 20058851                   /home/innoventes/.m2/repository/org/slf4j/slf4j-api/1.7.30/slf4j-api-1.7.30.jar
7f1063f84000-7f1063f8d000 r--s 00044000 08:02 19011658                   /home/innoventes/.m2/repository/org/springframework/spring-tx/5.2.5.RELEASE/spring-tx-5.2.5.RELEASE.jar
7f1063f8d000-7f1063f92000 r--s 0002d000 08:02 19665834                   /home/innoventes/.m2/repository/org/springframework/spring-orm/5.2.5.RELEASE/spring-orm-5.2.5.RELEASE.jar
7f1063f98000-7f1063fb1000 r--s 00110000 08:02 19536361                   /home/innoventes/.m2/repository/org/springframework/data/spring-data-commons/2.2.6.RELEASE/spring-data-commons-2.2.6.RELEASE.jar
7f1063fb2000-7f1063fba000 r--s 00052000 08:02 19404341                   /home/innoventes/.m2/repository/org/springframework/data/spring-data-jpa/2.2.6.RELEASE/spring-data-jpa-2.2.6.RELEASE.jar
7f1063fc1000-7f1063fc6000 r--s 00049000 08:02 21370342                   /home/innoventes/.m2/repository/com/sun/xml/fastinfoset/FastInfoset/1.2.16/FastInfoset-1.2.16.jar
7f1063fc8000-7f1063fca000 r--s 00008000 08:02 8787145                    /home/innoventes/.m2/repository/org/jvnet/staxex/stax-ex/1.8.1/stax-ex-1.8.1.jar
7f1063fcd000-7f1063fcf000 r--s 00005000 08:02 21236175                   /home/innoventes/.m2/repository/com/sun/istack/istack-commons-runtime/3.0.8/istack-commons-runtime-3.0.8.jar
7f1063fd0000-7f1063fd2000 r--s 00010000 08:02 19274802                   /home/innoventes/.m2/repository/org/glassfish/jaxb/txw2/2.3.2/txw2-2.3.2.jar
7f1063fd3000-7f1063fe8000 r--s 000e3000 08:02 19142344                   /home/innoventes/.m2/repository/org/glassfish/jaxb/jaxb-runtime/2.3.2/jaxb-runtime-2.3.2.jar
7f1063fe8000-7f1063feb000 r--s 00010000 08:02 20586000                   /home/innoventes/.m2/repository/org/hibernate/common/hibernate-commons-annotations/5.1.0.Final/hibernate-commons-annotations-5.1.0.Final.jar
7f1063feb000-7f1063ff0000 r--s 0004b000 08:02 8787142                    /home/innoventes/.m2/repository/org/dom4j/dom4j/2.1.1/dom4j-2.1.1.jar
7f1063ff7000-7f1063ff9000 r--s 0000f000 08:02 20189740                   /home/innoventes/.m2/repository/com/fasterxml/classmate/1.5.1/classmate-1.5.1.jar
7f1063ffd000-7f1064000000 r--s 0002d000 08:02 20451958                   /home/innoventes/.m2/repository/org/jboss/jandex/2.1.1.Final/jandex-2.1.1.Final.jar
7f1064000000-7f106422e000 rw-p 00000000 00:00 0 
7f106422e000-7f1068000000 ---p 00000000 00:00 0 
7f1068000000-7f10683fa000 rw-p 00000000 00:00 0 
7f10683fa000-7f106c000000 ---p 00000000 00:00 0 
7f106c000000-7f106c021000 rw-p 00000000 00:00 0 
7f106c021000-7f1070000000 ---p 00000000 00:00 0 
7f1070000000-7f10701da000 rw-p 00000000 00:00 0 
7f10701da000-7f1074000000 ---p 00000000 00:00 0 
7f1074000000-7f1074021000 rw-p 00000000 00:00 0 
7f1074021000-7f1078000000 ---p 00000000 00:00 0 
7f1078000000-7f1078021000 rw-p 00000000 00:00 0 
7f1078021000-7f107c000000 ---p 00000000 00:00 0 
7f107c000000-7f107c021000 rw-p 00000000 00:00 0 
7f107c021000-7f1080000000 ---p 00000000 00:00 0 
7f1080000000-7f1080021000 rw-p 00000000 00:00 0 
7f1080021000-7f1084000000 ---p 00000000 00:00 0 
7f1084000000-7f1084021000 rw-p 00000000 00:00 0 
7f1084021000-7f1088000000 ---p 00000000 00:00 0 
7f1088000000-7f1088021000 rw-p 00000000 00:00 0 
7f1088021000-7f108c000000 ---p 00000000 00:00 0 
7f108c000000-7f108c021000 rw-p 00000000 00:00 0 
7f108c021000-7f1090000000 ---p 00000000 00:00 0 
7f1090005000-7f1090006000 r--s 00005000 08:02 20058885                   /home/innoventes/.m2/repository/org/springframework/spring-jcl/5.2.5.RELEASE/spring-jcl-5.2.5.RELEASE.jar
7f1090008000-7f109000d000 r--s 00068000 08:02 22677520                   /home/innoventes/.m2/repository/antlr/antlr/2.7.7/antlr-2.7.7.jar
7f1090013000-7f109005b000 r--s 002eb000 08:02 20713926                   /home/innoventes/.m2/repository/net/bytebuddy/byte-buddy/1.10.8/byte-buddy-1.10.8.jar
7f109005c000-7f1090066000 r--s 000b4000 08:02 8787140                    /home/innoventes/.m2/repository/org/javassist/javassist/3.24.0-GA/javassist-3.24.0-GA.jar
7f109006d000-7f109006f000 r--s 0000d000 08:02 20189729                   /home/innoventes/.m2/repository/org/jboss/logging/jboss-logging/3.4.1.Final/jboss-logging-3.4.1.Final.jar
7f1090073000-7f10900f9000 r--s 00653000 08:02 20319254                   /home/innoventes/.m2/repository/org/hibernate/hibernate-core/5.4.12.Final/hibernate-core-5.4.12.Final.jar
7f10900fb000-7f10900fc000 r--s 00003000 08:02 20189869                   /home/innoventes/.m2/repository/jakarta/transaction/jakarta.transaction-api/1.3.3/jakarta.transaction-api-1.3.3.jar
7f1090103000-7f1090109000 r--s 00023000 08:02 20059375                   /home/innoventes/.m2/repository/jakarta/persistence/jakarta.persistence-api/2.2.3/jakarta.persistence-api-2.2.3.jar
7f109010a000-7f109010c000 r--s 0000a000 08:02 20319201                   /home/innoventes/.m2/repository/jakarta/activation/jakarta.activation-api/1.2.2/jakarta.activation-api-1.2.2.jar
7f1090112000-7f109011c000 r--s 0005a000 08:02 18880993                   /home/innoventes/.m2/repository/org/springframework/spring-jdbc/5.2.5.RELEASE/spring-jdbc-5.2.5.RELEASE.jar
7f1090123000-7f1090126000 r--s 00023000 08:02 18880991                   /home/innoventes/.m2/repository/com/zaxxer/HikariCP/3.4.2/HikariCP-3.4.2.jar
7f1090128000-7f1090129000 r--s 00000000 08:02 18751181                   /home/innoventes/.m2/repository/org/springframework/boot/spring-boot-starter-jdbc/2.2.6.RELEASE/spring-boot-starter-jdbc-2.2.6.RELEASE.jar
7f109012a000-7f1090143000 r--s 001da000 08:02 8787105                    /home/innoventes/.m2/repository/org/aspectj/aspectjweaver/1.9.5/aspectjweaver-1.9.5.jar
7f1090148000-7f1090149000 r--s 00000000 08:02 18617775                   /home/innoventes/.m2/repository/org/springframework/boot/spring-boot-starter-aop/2.2.6.RELEASE/spring-boot-starter-aop-2.2.6.RELEASE.jar
7f1090150000-7f1090151000 r--s 00000000 08:02 18617773                   /home/innoventes/.m2/repository/org/springframework/boot/spring-boot-starter-data-jpa/2.2.6.RELEASE/spring-boot-starter-data-jpa-2.2.6.RELEASE.jar
7f1090158000-7f1090164000 r--s 000d8000 08:02 20319150                   /home/innoventes/.m2/repository/org/postgresql/postgresql/42.2.11/postgresql-42.2.11.jar
7f1090167000-7f1090169000 r--s 0000f000 08:02 20452253                   /home/innoventes/.m2/repository/com/sun/activation/jakarta.activation/1.2.2/jakarta.activation-1.2.2.jar
7f109016b000-7f1090174000 r--s 0009b000 08:02 20320173                   /home/innoventes/.m2/repository/com/sun/mail/jakarta.mail/1.6.5/jakarta.mail-1.6.5.jar
7f1090178000-7f109017d000 r--s 00028000 08:02 18617815                   /home/innoventes/.m2/repository/org/springframework/spring-context-support/5.2.5.RELEASE/spring-context-support-5.2.5.RELEASE.jar
7f1090180000-7f1090181000 r--s 00000000 08:02 18617813                   /home/innoventes/.m2/repository/org/springframework/boot/spring-boot-starter-mail/2.2.6.RELEASE/spring-boot-starter-mail-2.2.6.RELEASE.jar
7f1090188000-7f109018d000 r--s 00040000 08:02 20058841                   /home/innoventes/.m2/repository/org/springframework/spring-expression/5.2.5.RELEASE/spring-expression-5.2.5.RELEASE.jar
7f109018f000-7f10901a2000 r--s 000d7000 08:02 20189761                   /home/innoventes/.m2/repository/org/springframework/spring-webmvc/5.2.5.RELEASE/spring-webmvc-5.2.5.RELEASE.jar
7f10901a2000-7f10901bf000 r--s 00142000 08:02 20058680                   /home/innoventes/.m2/repository/org/springframework/spring-web/5.2.5.RELEASE/spring-web-5.2.5.RELEASE.jar
7f10901c4000-7f10901c9000 r--s 0003c000 08:02 20189701                   /home/innoventes/.m2/repository/org/apache/tomcat/embed/tomcat-embed-websocket/9.0.33/tomcat-embed-websocket-9.0.33.jar
7f10901cf000-7f10901fa000 r--s 00307000 08:02 20189686                   /home/innoventes/.m2/repository/org/apache/tomcat/embed/tomcat-embed-core/9.0.33/tomcat-embed-core-9.0.33.jar
7f1090200000-7f1090201000 r--s 00000000 08:02 20189662                   /home/innoventes/.m2/repository/org/springframework/boot/spring-boot-starter-tomcat/2.2.6.RELEASE/spring-boot-starter-tomcat-2.2.6.RELEASE.jar
7f1090201000-7f1090203000 r--s 00001000 08:02 20189636                   /home/innoventes/.m2/repository/com/fasterxml/jackson/module/jackson-module-parameter-names/2.10.3/jackson-module-parameter-names-2.10.3.jar
7f1090207000-7f109020a000 r--s 00017000 08:02 20189626                   /home/innoventes/.m2/repository/com/fasterxml/jackson/datatype/jackson-datatype-jsr310/2.10.3/jackson-datatype-jsr310-2.10.3.jar
7f109020f000-7f1090211000 r--s 00007000 08:02 20058633                   /home/innoventes/.m2/repository/com/fasterxml/jackson/datatype/jackson-datatype-jdk8/2.10.3/jackson-datatype-jdk8-2.10.3.jar
7f1090218000-7f1090219000 r--s 00000000 08:02 20058594                   /home/innoventes/.m2/repository/org/springframework/boot/spring-boot-starter-json/2.2.6.RELEASE/spring-boot-starter-json-2.2.6.RELEASE.jar
7f109021c000-7f1090223000 r--s 00044000 08:02 20058565                   /home/innoventes/.m2/repository/org/yaml/snakeyaml/1.25/snakeyaml-1.25.jar
7f1090225000-7f1090227000 r--s 00005000 08:02 20058553                   /home/innoventes/.m2/repository/jakarta/annotation/jakarta.annotation-api/1.3.5/jakarta.annotation-api-1.3.5.jar
7f1090228000-7f109022a000 r--s 00000000 08:02 20058502                   /home/innoventes/.m2/repository/org/slf4j/jul-to-slf4j/1.7.30/jul-to-slf4j-1.7.30.jar
7f109022e000-7f1090234000 r--s 0003e000 08:02 20058391                   /home/innoventes/.m2/repository/org/apache/logging/log4j/log4j-api/2.12.1/log4j-api-2.12.1.jar
7f109023b000-7f109023d000 r--s 00003000 08:02 20058348                   /home/innoventes/.m2/repository/org/apache/logging/log4j/log4j-to-slf4j/2.12.1/log4j-to-slf4j-2.12.1.jar
7f1090241000-7f109024c000 r--s 00069000 08:02 20058287                   /home/innoventes/.m2/repository/ch/qos/logback/logback-core/1.2.3/logback-core-1.2.3.jar
7f1090251000-7f1090257000 r--s 00041000 08:02 20058105                   /home/innoventes/.m2/repository/ch/qos/logback/logback-classic/1.2.3/logback-classic-1.2.3.jar
7f1090258000-7f1090259000 r--s 00000000 08:02 20058087                   /home/innoventes/.m2/repository/org/springframework/boot/spring-boot-starter-logging/2.2.6.RELEASE/spring-boot-starter-logging-2.2.6.RELEASE.jar
7f109025c000-7f1090284000 r--s 0012c000 08:02 20058081                   /home/innoventes/.m2/repository/org/springframework/boot/spring-boot-autoconfigure/2.2.6.RELEASE/spring-boot-autoconfigure-2.2.6.RELEASE.jar
7f1090289000-7f10902a0000 r--s 000e9000 08:02 20058076                   /home/innoventes/.m2/repository/org/springframework/boot/spring-boot/2.2.6.RELEASE/spring-boot-2.2.6.RELEASE.jar
7f10902a0000-7f10902a1000 r--s 00000000 08:02 20058061                   /home/innoventes/.m2/repository/org/springframework/boot/spring-boot-starter/2.2.6.RELEASE/spring-boot-starter-2.2.6.RELEASE.jar
7f10902a8000-7f10902a9000 r--s 00000000 08:02 20058042                   /home/innoventes/.m2/repository/org/springframework/boot/spring-boot-starter-web/2.2.6.RELEASE/spring-boot-starter-web-2.2.6.RELEASE.jar
7f10902a9000-7f10902c4000 r--s 00111000 08:02 20058835                   /home/innoventes/.m2/repository/org/springframework/spring-context/5.2.5.RELEASE/spring-context-5.2.5.RELEASE.jar
7f10902c6000-7f10902cf000 r--s 0005e000 08:02 18881155                   /home/innoventes/.m2/repository/org/springframework/spring-websocket/5.2.5.RELEASE/spring-websocket-5.2.5.RELEASE.jar
7f10902d3000-7f10902e0000 r--s 0009b000 08:02 20058792                   /home/innoventes/.m2/repository/org/springframework/spring-beans/5.2.5.RELEASE/spring-beans-5.2.5.RELEASE.jar
7f10902e1000-7f10902ed000 r--s 00079000 08:02 18751316                   /home/innoventes/.m2/repository/org/springframework/spring-messaging/5.2.5.RELEASE/spring-messaging-5.2.5.RELEASE.jar
7f10902ed000-7f10902f3000 r--s 0003d000 08:02 25696574                   /usr/lib/jvm/java-8-openjdk-amd64/jre/lib/ext/sunjce_provider.jar
7f10902f6000-7f1090300000 r--s 00116000 08:02 25696571                   /usr/lib/jvm/java-8-openjdk-amd64/jre/lib/ext/localedata.jar
7f1090306000-7f1090321000 r--s 001d6000 08:02 25696572                   /usr/lib/jvm/java-8-openjdk-amd64/jre/lib/ext/nashorn.jar
7f1090324000-7f109033f000 r--s 00394000 08:02 25696567                   /usr/lib/jvm/java-8-openjdk-amd64/jre/lib/ext/cldrdata.jar
7f1090340000-7f1090357000 r-xp 00000000 08:02 6820553                    /lib/x86_64-linux-gnu/libresolv-2.27.so
7f1090357000-7f1090557000 ---p 00017000 08:02 6820553                    /lib/x86_64-linux-gnu/libresolv-2.27.so
7f1090557000-7f1090558000 r--p 00017000 08:02 6820553                    /lib/x86_64-linux-gnu/libresolv-2.27.so
7f1090558000-7f1090559000 rw-p 00018000 08:02 6820553                    /lib/x86_64-linux-gnu/libresolv-2.27.so
7f1090559000-7f109055b000 rw-p 00000000 00:00 0 
7f1090560000-7f1090565000 r-xp 00000000 08:02 6820502                    /lib/x86_64-linux-gnu/libnss_dns-2.27.so
7f1090565000-7f1090765000 ---p 00005000 08:02 6820502                    /lib/x86_64-linux-gnu/libnss_dns-2.27.so
7f1090765000-7f1090766000 r--p 00005000 08:02 6820502                    /lib/x86_64-linux-gnu/libnss_dns-2.27.so
7f1090766000-7f1090767000 rw-p 00006000 08:02 6820502                    /lib/x86_64-linux-gnu/libnss_dns-2.27.so
7f1090768000-7f1090769000 r--s 00000000 08:02 18617869                   /home/innoventes/.m2/repository/org/springframework/boot/spring-boot-starter-websocket/2.2.6.RELEASE/spring-boot-starter-websocket-2.2.6.RELEASE.jar
7f1090770000-7f1090771000 r--s 00010000 08:02 25696576                   /usr/lib/jvm/java-8-openjdk-amd64/jre/lib/ext/zipfs.jar
7f1090777000-7f1090779000 r--s 00007000 08:02 26086927                   /usr/share/java/java-atk-wrapper.jar
7f109077a000-7f109077b000 r--s 0000a000 08:02 25696570                   /usr/lib/jvm/java-8-openjdk-amd64/jre/lib/ext/jaccess.jar
7f1090780000-7f1090782000 r-xp 00000000 08:02 6820510                    /lib/x86_64-linux-gnu/libnss_mdns4_minimal.so.2
7f1090782000-7f1090981000 ---p 00002000 08:02 6820510                    /lib/x86_64-linux-gnu/libnss_mdns4_minimal.so.2
7f1090981000-7f1090982000 r--p 00001000 08:02 6820510                    /lib/x86_64-linux-gnu/libnss_mdns4_minimal.so.2
7f1090982000-7f1090983000 rw-p 00002000 08:02 6820510                    /lib/x86_64-linux-gnu/libnss_mdns4_minimal.so.2
7f109098a000-7f109098e000 r--s 0003a000 08:02 25696575                   /usr/lib/jvm/java-8-openjdk-amd64/jre/lib/ext/sunpkcs11.jar
7f109098f000-7f1090992000 r--s 0000f000 08:02 25696569                   /usr/lib/jvm/java-8-openjdk-amd64/jre/lib/ext/icedtea-sound.jar
7f1090999000-7f109099b000 r--s 00001000 08:02 25696568                   /usr/lib/jvm/java-8-openjdk-amd64/jre/lib/ext/dnsns.jar
7f109099d000-7f109099e000 r--s 0000d000 08:02 25696573                   /usr/lib/jvm/java-8-openjdk-amd64/jre/lib/ext/sunec.jar
7f10909a0000-7f10909b2000 r-xp 00000000 08:02 25696391                   /usr/lib/jvm/java-8-openjdk-amd64/jre/lib/amd64/libnio.so
7f10909b2000-7f1090bb1000 ---p 00012000 08:02 25696391                   /usr/lib/jvm/java-8-openjdk-amd64/jre/lib/amd64/libnio.so
7f1090bb1000-7f1090bb2000 r--p 00011000 08:02 25696391                   /usr/lib/jvm/java-8-openjdk-amd64/jre/lib/amd64/libnio.so
7f1090bb2000-7f1090bb3000 rw-p 00012000 08:02 25696391                   /usr/lib/jvm/java-8-openjdk-amd64/jre/lib/amd64/libnio.so
7f1090bb7000-7f1090be8000 rw-p 00000000 00:00 0 
7f1090be8000-7f1090bff000 r-xp 00000000 08:02 25696388                   /usr/lib/jvm/java-8-openjdk-amd64/jre/lib/amd64/libnet.so
7f1090bff000-7f1090dfe000 ---p 00017000 08:02 25696388                   /usr/lib/jvm/java-8-openjdk-amd64/jre/lib/amd64/libnet.so
7f1090dfe000-7f1090dff000 r--p 00016000 08:02 25696388                   /usr/lib/jvm/java-8-openjdk-amd64/jre/lib/amd64/libnet.so
7f1090dff000-7f1090e00000 rw-p 00017000 08:02 25696388                   /usr/lib/jvm/java-8-openjdk-amd64/jre/lib/amd64/libnet.so
7f1090e00000-7f1090e09000 r-xp 00000000 08:02 25696343                   /usr/lib/jvm/java-8-openjdk-amd64/jre/lib/amd64/libmanagement.so
7f1090e09000-7f1091008000 ---p 00009000 08:02 25696343                   /usr/lib/jvm/java-8-openjdk-amd64/jre/lib/amd64/libmanagement.so
7f1091008000-7f1091009000 r--p 00008000 08:02 25696343                   /usr/lib/jvm/java-8-openjdk-amd64/jre/lib/amd64/libmanagement.so
7f1091009000-7f109100a000 rw-p 00009000 08:02 25696343                   /usr/lib/jvm/java-8-openjdk-amd64/jre/lib/amd64/libmanagement.so
7f109100b000-7f109100e000 ---p 00000000 00:00 0 
7f109100e000-7f109110c000 rw-p 00000000 00:00 0 
7f109110c000-7f109110d000 ---p 00000000 00:00 0 
7f109110d000-7f1091110000 ---p 00000000 00:00 0 
7f1091110000-7f109120d000 rw-p 00000000 00:00 0 
7f109120d000-7f109120e000 ---p 00000000 00:00 0 
7f109120e000-7f1091211000 ---p 00000000 00:00 0 
7f1091211000-7f109130e000 rw-p 00000000 00:00 0 
7f109130e000-7f109130f000 ---p 00000000 00:00 0 
7f109130f000-7f1091312000 ---p 00000000 00:00 0 
7f1091312000-7f109140f000 rw-p 00000000 00:00 0 
7f109140f000-7f1091412000 ---p 00000000 00:00 0 
7f1091412000-7f1091510000 rw-p 00000000 00:00 0 
7f1091510000-7f1091edf000 r--p 00000000 08:02 25696828                   /usr/lib/locale/locale-archive
7f1091ee2000-7f1091ee5000 ---p 00000000 00:00 0 
7f1091ee5000-7f1091fe3000 rw-p 00000000 00:00 0 
7f1091fe3000-7f1091fe6000 ---p 00000000 00:00 0 
7f1091fe6000-7f10920e4000 rw-p 00000000 00:00 0 
7f10920e4000-7f10920e5000 ---p 00000000 00:00 0 
7f10920e5000-7f10931a5000 rw-p 00000000 00:00 0 
7f10931a5000-7f1093377000 r--s 03ca5000 08:02 25696595                   /usr/lib/jvm/java-8-openjdk-amd64/jre/lib/rt.jar
7f109337c000-7f10979c5000 rw-p 00000000 00:00 0 
7f10979c5000-7f10979c6000 ---p 00000000 00:00 0 
7f10979c6000-7f1097ac6000 rw-p 00000000 00:00 0 
7f1097ac6000-7f1097ac7000 ---p 00000000 00:00 0 
7f1097ac7000-7f1097bef000 rw-p 00000000 00:00 0 
7f1097bef000-7f1097e34000 ---p 00000000 00:00 0 
7f1097e34000-7f1097e5c000 rw-p 00000000 00:00 0 
7f1097e5c000-7f10980a0000 ---p 00000000 00:00 0 
7f10980a0000-7f10980b5000 rw-p 00000000 00:00 0 
7f10980b5000-7f10981d7000 ---p 00000000 00:00 0 
7f10981d7000-7f10981e5000 rw-p 00000000 00:00 0 
7f10981e5000-7f1098598000 ---p 00000000 00:00 0 
7f1098598000-7f10988a8000 rwxp 00000000 00:00 0 
7f10988a8000-7f10a7598000 ---p 00000000 00:00 0 
7f10a7598000-7f10a75a0000 r-xp 00000000 08:02 25696555                   /usr/lib/jvm/java-8-openjdk-amd64/jre/lib/amd64/libzip.so
7f10a75a0000-7f10a779f000 ---p 00008000 08:02 25696555                   /usr/lib/jvm/java-8-openjdk-amd64/jre/lib/amd64/libzip.so
7f10a779f000-7f10a77a0000 r--p 00007000 08:02 25696555                   /usr/lib/jvm/java-8-openjdk-amd64/jre/lib/amd64/libzip.so
7f10a77a0000-7f10a77a1000 rw-p 00008000 08:02 25696555                   /usr/lib/jvm/java-8-openjdk-amd64/jre/lib/amd64/libzip.so
7f10a77a8000-7f10a77b3000 r-xp 00000000 08:02 6820504                    /lib/x86_64-linux-gnu/libnss_files-2.27.so
7f10a77b3000-7f10a79b2000 ---p 0000b000 08:02 6820504                    /lib/x86_64-linux-gnu/libnss_files-2.27.so
7f10a79b2000-7f10a79b3000 r--p 0000a000 08:02 6820504                    /lib/x86_64-linux-gnu/libnss_files-2.27.so
7f10a79b3000-7f10a79b4000 rw-p 0000b000 08:02 6820504                    /lib/x86_64-linux-gnu/libnss_files-2.27.so
7f10a79b4000-7f10a79ba000 rw-p 00000000 00:00 0 
7f10a79c0000-7f10a79d7000 r-xp 00000000 08:02 6820498                    /lib/x86_64-linux-gnu/libnsl-2.27.so
7f10a79d7000-7f10a7bd6000 ---p 00017000 08:02 6820498                    /lib/x86_64-linux-gnu/libnsl-2.27.so
7f10a7bd6000-7f10a7bd7000 r--p 00016000 08:02 6820498                    /lib/x86_64-linux-gnu/libnsl-2.27.so
7f10a7bd7000-7f10a7bd8000 rw-p 00017000 08:02 6820498                    /lib/x86_64-linux-gnu/libnsl-2.27.so
7f10a7bd8000-7f10a7bda000 rw-p 00000000 00:00 0 
7f10a7be0000-7f10a7beb000 r-xp 00000000 08:02 6820515                    /lib/x86_64-linux-gnu/libnss_nis-2.27.so
7f10a7beb000-7f10a7dea000 ---p 0000b000 08:02 6820515                    /lib/x86_64-linux-gnu/libnss_nis-2.27.so
7f10a7dea000-7f10a7deb000 r--p 0000a000 08:02 6820515                    /lib/x86_64-linux-gnu/libnss_nis-2.27.so
7f10a7deb000-7f10a7dec000 rw-p 0000b000 08:02 6820515                    /lib/x86_64-linux-gnu/libnss_nis-2.27.so
7f10a7df0000-7f10a7df8000 r-xp 00000000 08:02 6820500                    /lib/x86_64-linux-gnu/libnss_compat-2.27.so
7f10a7df8000-7f10a7ff8000 ---p 00008000 08:02 6820500                    /lib/x86_64-linux-gnu/libnss_compat-2.27.so
7f10a7ff8000-7f10a7ff9000 r--p 00008000 08:02 6820500                    /lib/x86_64-linux-gnu/libnss_compat-2.27.so
7f10a7ff9000-7f10a7ffa000 rw-p 00009000 08:02 6820500                    /lib/x86_64-linux-gnu/libnss_compat-2.27.so
7f10a8000000-7f10a87a3000 rw-p 00000000 00:00 0 
7f10a87a3000-7f10ac000000 ---p 00000000 00:00 0 
7f10ac006000-7f10ac007000 ---p 00000000 00:00 0 
7f10ac007000-7f10ac107000 rw-p 00000000 00:00 0 
7f10ac107000-7f10ac108000 ---p 00000000 00:00 0 
7f10ac108000-7f10ac208000 rw-p 00000000 00:00 0 
7f10ac208000-7f10ac232000 r-xp 00000000 08:02 25696334                   /usr/lib/jvm/java-8-openjdk-amd64/jre/lib/amd64/libjava.so
7f10ac232000-7f10ac431000 ---p 0002a000 08:02 25696334                   /usr/lib/jvm/java-8-openjdk-amd64/jre/lib/amd64/libjava.so
7f10ac431000-7f10ac432000 r--p 00029000 08:02 25696334                   /usr/lib/jvm/java-8-openjdk-amd64/jre/lib/amd64/libjava.so
7f10ac432000-7f10ac434000 rw-p 0002a000 08:02 25696334                   /usr/lib/jvm/java-8-openjdk-amd64/jre/lib/amd64/libjava.so
7f10ac438000-7f10ac448000 r-xp 00000000 08:02 25696403                   /usr/lib/jvm/java-8-openjdk-amd64/jre/lib/amd64/libverify.so
7f10ac448000-7f10ac647000 ---p 00010000 08:02 25696403                   /usr/lib/jvm/java-8-openjdk-amd64/jre/lib/amd64/libverify.so
7f10ac647000-7f10ac649000 r--p 0000f000 08:02 25696403                   /usr/lib/jvm/java-8-openjdk-amd64/jre/lib/amd64/libverify.so
7f10ac649000-7f10ac64a000 rw-p 00011000 08:02 25696403                   /usr/lib/jvm/java-8-openjdk-amd64/jre/lib/amd64/libverify.so
7f10ac650000-7f10ac657000 r-xp 00000000 08:02 6820555                    /lib/x86_64-linux-gnu/librt-2.27.so
7f10ac657000-7f10ac856000 ---p 00007000 08:02 6820555                    /lib/x86_64-linux-gnu/librt-2.27.so
7f10ac856000-7f10ac857000 r--p 00006000 08:02 6820555                    /lib/x86_64-linux-gnu/librt-2.27.so
7f10ac857000-7f10ac858000 rw-p 00007000 08:02 6820555                    /lib/x86_64-linux-gnu/librt-2.27.so
7f10ac858000-7f10ac86f000 r-xp 00000000 08:02 6816241                    /lib/x86_64-linux-gnu/libgcc_s.so.1
7f10ac86f000-7f10aca6e000 ---p 00017000 08:02 6816241                    /lib/x86_64-linux-gnu/libgcc_s.so.1
7f10aca6e000-7f10aca6f000 r--p 00016000 08:02 6816241                    /lib/x86_64-linux-gnu/libgcc_s.so.1
7f10aca6f000-7f10aca70000 rw-p 00017000 08:02 6816241                    /lib/x86_64-linux-gnu/libgcc_s.so.1
7f10aca70000-7f10acc0d000 r-xp 00000000 08:02 6820477                    /lib/x86_64-linux-gnu/libm-2.27.so
7f10acc0d000-7f10ace0c000 ---p 0019d000 08:02 6820477                    /lib/x86_64-linux-gnu/libm-2.27.so
7f10ace0c000-7f10ace0d000 r--p 0019c000 08:02 6820477                    /lib/x86_64-linux-gnu/libm-2.27.so
7f10ace0d000-7f10ace0e000 rw-p 0019d000 08:02 6820477                    /lib/x86_64-linux-gnu/libm-2.27.so
7f10ace10000-7f10acf89000 r-xp 00000000 08:02 25692915                   /usr/lib/x86_64-linux-gnu/libstdc++.so.6.0.25
7f10acf89000-7f10ad189000 ---p 00179000 08:02 25692915                   /usr/lib/x86_64-linux-gnu/libstdc++.so.6.0.25
7f10ad189000-7f10ad193000 r--p 00179000 08:02 25692915                   /usr/lib/x86_64-linux-gnu/libstdc++.so.6.0.25
7f10ad193000-7f10ad195000 rw-p 00183000 08:02 25692915                   /usr/lib/x86_64-linux-gnu/libstdc++.so.6.0.25
7f10ad195000-7f10ad199000 rw-p 00000000 00:00 0 
7f10ad1a0000-7f10ade44000 r-xp 00000000 08:02 25696557                   /usr/lib/jvm/java-8-openjdk-amd64/jre/lib/amd64/server/libjvm.so
7f10ade44000-7f10ae044000 ---p 00ca4000 08:02 25696557                   /usr/lib/jvm/java-8-openjdk-amd64/jre/lib/amd64/server/libjvm.so
7f10ae044000-7f10ae0d8000 r--p 00ca4000 08:02 25696557                   /usr/lib/jvm/java-8-openjdk-amd64/jre/lib/amd64/server/libjvm.so
7f10ae0d8000-7f10ae101000 rw-p 00d38000 08:02 25696557                   /usr/lib/jvm/java-8-openjdk-amd64/jre/lib/amd64/server/libjvm.so
7f10ae101000-7f10ae131000 rw-p 00000000 00:00 0 
7f10ae138000-7f10ae152000 r-xp 00000000 08:02 6820547                    /lib/x86_64-linux-gnu/libpthread-2.27.so
7f10ae152000-7f10ae351000 ---p 0001a000 08:02 6820547                    /lib/x86_64-linux-gnu/libpthread-2.27.so
7f10ae351000-7f10ae352000 r--p 00019000 08:02 6820547                    /lib/x86_64-linux-gnu/libpthread-2.27.so
7f10ae352000-7f10ae353000 rw-p 0001a000 08:02 6820547                    /lib/x86_64-linux-gnu/libpthread-2.27.so
7f10ae353000-7f10ae357000 rw-p 00000000 00:00 0 
7f10ae358000-7f10ae35b000 r-xp 00000000 08:02 6820437                    /lib/x86_64-linux-gnu/libdl-2.27.so
7f10ae35b000-7f10ae55a000 ---p 00003000 08:02 6820437                    /lib/x86_64-linux-gnu/libdl-2.27.so
7f10ae55a000-7f10ae55b000 r--p 00002000 08:02 6820437                    /lib/x86_64-linux-gnu/libdl-2.27.so
7f10ae55b000-7f10ae55c000 rw-p 00003000 08:02 6820437                    /lib/x86_64-linux-gnu/libdl-2.27.so
7f10ae560000-7f10ae57c000 r-xp 00000000 08:02 6820586                    /lib/x86_64-linux-gnu/libz.so.1.2.11
7f10ae57c000-7f10ae77b000 ---p 0001c000 08:02 6820586                    /lib/x86_64-linux-gnu/libz.so.1.2.11
7f10ae77b000-7f10ae77c000 r--p 0001b000 08:02 6820586                    /lib/x86_64-linux-gnu/libz.so.1.2.11
7f10ae77c000-7f10ae77d000 rw-p 0001c000 08:02 6820586                    /lib/x86_64-linux-gnu/libz.so.1.2.11
7f10ae780000-7f10ae967000 r-xp 00000000 08:02 6820414                    /lib/x86_64-linux-gnu/libc-2.27.so
7f10ae967000-7f10aeb67000 ---p 001e7000 08:02 6820414                    /lib/x86_64-linux-gnu/libc-2.27.so
7f10aeb67000-7f10aeb6b000 r--p 001e7000 08:02 6820414                    /lib/x86_64-linux-gnu/libc-2.27.so
7f10aeb6b000-7f10aeb6d000 rw-p 001eb000 08:02 6820414                    /lib/x86_64-linux-gnu/libc-2.27.so
7f10aeb6d000-7f10aeb71000 rw-p 00000000 00:00 0 
7f10aeb78000-7f10aeb86000 r-xp 00000000 08:02 25696318                   /usr/lib/jvm/java-8-openjdk-amd64/jre/lib/amd64/jli/libjli.so
7f10aeb86000-7f10aed85000 ---p 0000e000 08:02 25696318                   /usr/lib/jvm/java-8-openjdk-amd64/jre/lib/amd64/jli/libjli.so
7f10aed85000-7f10aed86000 r--p 0000d000 08:02 25696318                   /usr/lib/jvm/java-8-openjdk-amd64/jre/lib/amd64/jli/libjli.so
7f10aed86000-7f10aed87000 rw-p 0000e000 08:02 25696318                   /usr/lib/jvm/java-8-openjdk-amd64/jre/lib/amd64/jli/libjli.so
7f10aed88000-7f10aedaf000 r-xp 00000000 08:02 6820386                    /lib/x86_64-linux-gnu/ld-2.27.so
7f10aedb6000-7f10aeea0000 rw-p 00000000 00:00 0 
7f10aeea0000-7f10aeea8000 rw-s 00000000 08:02 53084306                   /tmp/hsperfdata_innoventes/20617
7f10aeeae000-7f10aeeaf000 ---p 00000000 00:00 0 
7f10aeeaf000-7f10aeeb2000 ---p 00000000 00:00 0 
7f10aeeb2000-7f10aefaf000 rw-p 00000000 00:00 0 
7f10aefaf000-7f10aefb0000 r--p 00027000 08:02 6820386                    /lib/x86_64-linux-gnu/ld-2.27.so
7f10aefb0000-7f10aefb1000 rw-p 00028000 08:02 6820386                    /lib/x86_64-linux-gnu/ld-2.27.so
7f10aefb1000-7f10aefb2000 rw-p 00000000 00:00 0 
7f10aefb3000-7f10aefb4000 rw-p 00000000 00:00 0 
7f10aefb4000-7f10aefb5000 ---p 00000000 00:00 0 
7f10aefb5000-7f10aefb9000 rw-p 00000000 00:00 0 
7ffcfd657000-7ffcfd67a000 rw-p 00000000 00:00 0                          [stack]
7ffcfd7d0000-7ffcfd7d3000 r--p 00000000 00:00 0                          [vvar]
7ffcfd7d3000-7ffcfd7d5000 r-xp 00000000 00:00 0                          [vdso]
ffffffffff600000-ffffffffff601000 r-xp 00000000 00:00 0                  [vsyscall]

VM Arguments:
jvm_args: -Dcom.sun.management.jmxremote -Dcom.sun.management.jmxremote.port=37573 -Dcom.sun.management.jmxremote.authenticate=false -Dcom.sun.management.jmxremote.ssl=false -Djava.rmi.server.hostname=localhost -Dspring.application.admin.enabled=true -Dspring.jmx.enabled=true -Dfile.encoding=UTF-8 
java_command: com.backend.code.FriendsNetworkApplication
java_class_path (initial): /home/innoventes/Desktop/friends_network/target/classes:/home/innoventes/.m2/repository/org/springframework/boot/spring-boot-starter-websocket/2.2.6.RELEASE/spring-boot-starter-websocket-2.2.6.RELEASE.jar:/home/innoventes/.m2/repository/org/springframework/spring-messaging/5.2.5.RELEASE/spring-messaging-5.2.5.RELEASE.jar:/home/innoventes/.m2/repository/org/springframework/spring-beans/5.2.5.RELEASE/spring-beans-5.2.5.RELEASE.jar:/home/innoventes/.m2/repository/org/springframework/spring-websocket/5.2.5.RELEASE/spring-websocket-5.2.5.RELEASE.jar:/home/innoventes/.m2/repository/org/springframework/spring-context/5.2.5.RELEASE/spring-context-5.2.5.RELEASE.jar:/home/innoventes/.m2/repository/org/springframework/boot/spring-boot-starter-web/2.2.6.RELEASE/spring-boot-starter-web-2.2.6.RELEASE.jar:/home/innoventes/.m2/repository/org/springframework/boot/spring-boot-starter/2.2.6.RELEASE/spring-boot-starter-2.2.6.RELEASE.jar:/home/innoventes/.m2/repository/org/springframework/boot/spring-boot/2.2.6.RELEASE/spring-boot-2.2.6.RELEASE.jar:/home/innoventes/.m2/repository/org/springframework/boot/spring-boot-autoconfigure/2.2.6.RELEASE/spring-boot-autoconfigure-2.2.6.RELEASE.jar:/home/innoventes/.m2/repository/org/springframework/boot/spring-boot-starter-logging/2.2.6.RELEASE/spring-boot-starter-logging-2.2.6.RELEASE.jar:/home/innoventes/.m2/repository/ch/qos/logback/logback-classic/1.2.3/logback-classic-1.2.3.jar:/home/innoventes/.m2/repository/ch/qos/logback/logback-core/1.2.3/logback-core-1.2.3.jar:/home/innoventes/.m2/repository/org/apache/logging/log4j/log4j-to-slf4j/2.12.1/log4j-to-slf4j-2.12.1.jar:/home/innoventes/.m2/repository/org/apache/logging/log4j/log4j-api/2.12.1/log4j-api-2.12.1.jar:/home/innoventes/.m2/repository/org/slf4j/jul-to-slf4j/1.7.30/jul-to-slf4j-1.7.30.jar:/home/innoventes/.m2/repository/jakarta/annotation/jakarta.annotation-api/1.3.5/jakarta.annotation-api-1.3.5.jar:/home/innoventes/.m2/repository/org/yaml/snakeyaml/1.25/sn
Launcher Type: SUN_STANDARD

Environment Variables:
PATH=/home/innoventes/.nvm/versions/node/v12.16.1/bin:/usr/local/sbin:/usr/local/bin:/usr/sbin:/usr/bin:/sbin:/bin:/usr/games:/usr/local/games:/snap/bin
USERNAME=innoventes
SHELL=/bin/bash
DISPLAY=:0

Signal Handlers:
SIGSEGV: [libjvm.so+0xabd470], sa_mask[0]=11111111011111111101111111111110, sa_flags=SA_RESTART|SA_SIGINFO
SIGBUS: [libjvm.so+0xabd470], sa_mask[0]=11111111011111111101111111111110, sa_flags=SA_RESTART|SA_SIGINFO
SIGFPE: [libjvm.so+0x8f1c90], sa_mask[0]=11111111011111111101111111111110, sa_flags=SA_RESTART|SA_SIGINFO
SIGPIPE: [libjvm.so+0x8f1c90], sa_mask[0]=11111111011111111101111111111110, sa_flags=SA_RESTART|SA_SIGINFO
SIGXFSZ: [libjvm.so+0x8f1c90], sa_mask[0]=11111111011111111101111111111110, sa_flags=SA_RESTART|SA_SIGINFO
SIGILL: [libjvm.so+0x8f1c90], sa_mask[0]=11111111011111111101111111111110, sa_flags=SA_RESTART|SA_SIGINFO
SIGUSR1: SIG_DFL, sa_mask[0]=00000000000000000000000000000000, sa_flags=none
SIGUSR2: [libjvm.so+0x8f1b40], sa_mask[0]=00100000000000000000000000000000, sa_flags=SA_RESTART|SA_SIGINFO
SIGHUP: [libjvm.so+0x8f21b0], sa_mask[0]=11111111011111111101111111111110, sa_flags=SA_RESTART|SA_SIGINFO
SIGINT: [libjvm.so+0x8f21b0], sa_mask[0]=11111111011111111101111111111110, sa_flags=SA_RESTART|SA_SIGINFO
SIGTERM: [libjvm.so+0x8f21b0], sa_mask[0]=11111111011111111101111111111110, sa_flags=SA_RESTART|SA_SIGINFO
SIGQUIT: [libjvm.so+0x8f21b0], sa_mask[0]=11111111011111111101111111111110, sa_flags=SA_RESTART|SA_SIGINFO


---------------  S Y S T E M  ---------------

OS:DISTRIB_ID=Ubuntu
DISTRIB_RELEASE=18.04
DISTRIB_CODENAME=bionic
DISTRIB_DESCRIPTION="Ubuntu 18.04.3 LTS"

uname:Linux 4.15.0-106-generic #107-Ubuntu SMP Thu Jun 4 11:27:52 UTC 2020 x86_64
libc:glibc 2.27 NPTL 2.27 
rlimit: STACK 8192k, CORE 0k, NPROC 29399, NOFILE 1048576, AS infinity
load average:10.67 9.60 8.88

/proc/meminfo:
MemTotal:        7621876 kB
MemFree:          298512 kB
MemAvailable:     557796 kB
Buffers:           30468 kB
Cached:           667712 kB
SwapCached:         9816 kB
Active:          5558400 kB
Inactive:        1034332 kB
Active(anon):    5326768 kB
Inactive(anon):   839772 kB
Active(file):     231632 kB
Inactive(file):   194560 kB
Unevictable:          64 kB
Mlocked:              64 kB
SwapTotal:       2097148 kB
SwapFree:         329668 kB
Dirty:              2144 kB
Writeback:             0 kB
AnonPages:       5885420 kB
Mapped:           476756 kB
Shmem:            286744 kB
Slab:             242132 kB
SReclaimable:     106684 kB
SUnreclaim:       135448 kB
KernelStack:       23888 kB
PageTables:       158460 kB
NFS_Unstable:          0 kB
Bounce:                0 kB
WritebackTmp:          0 kB
CommitLimit:     5908084 kB
Committed_AS:   21666912 kB
VmallocTotal:   34359738367 kB
VmallocUsed:           0 kB
VmallocChunk:          0 kB
HardwareCorrupted:     0 kB
AnonHugePages:         0 kB
ShmemHugePages:        0 kB
ShmemPmdMapped:        0 kB
CmaTotal:              0 kB
CmaFree:               0 kB
HugePages_Total:       0
HugePages_Free:        0
HugePages_Rsvd:        0
HugePages_Surp:        0
Hugepagesize:       2048 kB
DirectMap4k:      965376 kB
DirectMap2M:     6868992 kB
DirectMap1G:           0 kB

container (cgroup) information:
container_type: cgroupv1
cpu_cpuset_cpus: 0-3
cpu_memory_nodes: 0
active_processor_count: 4
cpu_quota: -1
cpu_period: 100000
cpu_shares: -1
memory_limit_in_bytes: -1
memory_and_swap_limit_in_bytes: -2
memory_soft_limit_in_bytes: -1
memory_usage_in_bytes: 6879662080
memory_max_usage_in_bytes: 7214272512


CPU:total 4 (initial active 4) (4 cores per cpu, 1 threads per core) family 21 model 16 stepping 1, cmov, cx8, fxsr, mmx, sse, sse2, sse3, ssse3, sse4.1, sse4.2, popcnt, avx, aes, clmul, mmxext, 3dnowpref, lzcnt, sse4a, tsc, tscinvbit, tscinv, bmi1

/proc/cpuinfo:
processor	: 0
vendor_id	: AuthenticAMD
cpu family	: 21
model		: 16
model name	: AMD A10-4600M APU with Radeon(tm) HD Graphics
stepping	: 1
microcode	: 0x6001119
cpu MHz		: 2295.662
cache size	: 2048 KB
physical id	: 0
siblings	: 4
core id		: 0
cpu cores	: 2
apicid		: 16
initial apicid	: 0
fpu		: yes
fpu_exception	: yes
cpuid level	: 13
wp		: yes
flags		: fpu vme de pse tsc msr pae mce cx8 apic sep mtrr pge mca cmov pat pse36 clflush mmx fxsr sse sse2 ht syscall nx mmxext fxsr_opt pdpe1gb rdtscp lm constant_tsc rep_good nopl nonstop_tsc cpuid extd_apicid aperfmperf pni pclmulqdq monitor ssse3 fma cx16 sse4_1 sse4_2 popcnt aes xsave avx f16c lahf_lm cmp_legacy svm extapic cr8_legacy abm sse4a misalignsse 3dnowprefetch osvw ibs xop skinit wdt lwp fma4 tce nodeid_msr tbm topoext perfctr_core perfctr_nb cpb hw_pstate ssbd vmmcall bmi1 arat npt lbrv svm_lock nrip_save tsc_scale vmcb_clean flushbyasid decodeassists pausefilter pfthreshold
bugs		: fxsave_leak sysret_ss_attrs null_seg spectre_v1 spectre_v2 spec_store_bypass
bogomips	: 4591.34
TLB size	: 1536 4K pages
clflush size	: 64
cache_alignment	: 64
address sizes	: 48 bits physical, 48 bits virtual
power management: ts ttp tm 100mhzsteps hwpstate cpb eff_freq_ro

processor	: 1
vendor_id	: AuthenticAMD
cpu family	: 21
model		: 16
model name	: AMD A10-4600M APU with Radeon(tm) HD Graphics
stepping	: 1
microcode	: 0x6001119
cpu MHz		: 2295.671
cache size	: 2048 KB
physical id	: 0
siblings	: 4
core id		: 1
cpu cores	: 2
apicid		: 17
initial apicid	: 1
fpu		: yes
fpu_exception	: yes
cpuid level	: 13
wp		: yes
flags		: fpu vme de pse tsc msr pae mce cx8 apic sep mtrr pge mca cmov pat pse36 clflush mmx fxsr sse sse2 ht syscall nx mmxext fxsr_opt pdpe1gb rdtscp lm constant_tsc rep_good nopl nonstop_tsc cpuid extd_apicid aperfmperf pni pclmulqdq monitor ssse3 fma cx16 sse4_1 sse4_2 popcnt aes xsave avx f16c lahf_lm cmp_legacy svm extapic cr8_legacy abm sse4a misalignsse 3dnowprefetch osvw ibs xop skinit wdt lwp fma4 tce nodeid_msr tbm topoext perfctr_core perfctr_nb cpb hw_pstate ssbd vmmcall bmi1 arat npt lbrv svm_lock nrip_save tsc_scale vmcb_clean flushbyasid decodeassists pausefilter pfthreshold
bugs		: fxsave_leak sysret_ss_attrs null_seg spectre_v1 spectre_v2 spec_store_bypass
bogomips	: 4591.34
TLB size	: 1536 4K pages
clflush size	: 64
cache_alignment	: 64
address sizes	: 48 bits physical, 48 bits virtual
power management: ts ttp tm 100mhzsteps hwpstate cpb eff_freq_ro

processor	: 2
vendor_id	: AuthenticAMD
cpu family	: 21
model		: 16
model name	: AMD A10-4600M APU with Radeon(tm) HD Graphics
stepping	: 1
microcode	: 0x6001119
cpu MHz		: 2295.672
cache size	: 2048 KB
physical id	: 0
siblings	: 4
core id		: 2
cpu cores	: 2
apicid		: 18
initial apicid	: 2
fpu		: yes
fpu_exception	: yes
cpuid level	: 13
wp		: yes
flags		: fpu vme de pse tsc msr pae mce cx8 apic sep mtrr pge mca cmov pat pse36 clflush mmx fxsr sse sse2 ht syscall nx mmxext fxsr_opt pdpe1gb rdtscp lm constant_tsc rep_good nopl nonstop_tsc cpuid extd_apicid aperfmperf pni pclmulqdq monitor ssse3 fma cx16 sse4_1 sse4_2 popcnt aes xsave avx f16c lahf_lm cmp_legacy svm extapic cr8_legacy abm sse4a misalignsse 3dnowprefetch osvw ibs xop skinit wdt lwp fma4 tce nodeid_msr tbm topoext perfctr_core perfctr_nb cpb hw_pstate ssbd vmmcall bmi1 arat npt lbrv svm_lock nrip_save tsc_scale vmcb_clean flushbyasid decodeassists pausefilter pfthreshold
bugs		: fxsave_leak sysret_ss_attrs null_seg spectre_v1 spectre_v2 spec_store_bypass
bogomips	: 4591.34
TLB size	: 1536 4K pages
clflush size	: 64
cache_alignment	: 64
address sizes	: 48 bits physical, 48 bits virtual
power management: ts ttp tm 100mhzsteps hwpstate cpb eff_freq_ro

processor	: 3
vendor_id	: AuthenticAMD
cpu family	: 21
model		: 16
model name	: AMD A10-4600M APU with Radeon(tm) HD Graphics
stepping	: 1
microcode	: 0x6001119
cpu MHz		: 2295.670
cache size	: 2048 KB
physical id	: 0
siblings	: 4
core id		: 3
cpu cores	: 2
apicid		: 19
initial apicid	: 3
fpu		: yes
fpu_exception	: yes
cpuid level	: 13
wp		: yes
flags		: fpu vme de pse tsc msr pae mce cx8 apic sep mtrr pge mca cmov pat pse36 clflush mmx fxsr sse sse2 ht syscall nx mmxext fxsr_opt pdpe1gb rdtscp lm constant_tsc rep_good nopl nonstop_tsc cpuid extd_apicid aperfmperf pni pclmulqdq monitor ssse3 fma cx16 sse4_1 sse4_2 popcnt aes xsave avx f16c lahf_lm cmp_legacy svm extapic cr8_legacy abm sse4a misalignsse 3dnowprefetch osvw ibs xop skinit wdt lwp fma4 tce nodeid_msr tbm topoext perfctr_core perfctr_nb cpb hw_pstate ssbd vmmcall bmi1 arat npt lbrv svm_lock nrip_save tsc_scale vmcb_clean flushbyasid decodeassists pausefilter pfthreshold
bugs		: fxsave_leak sysret_ss_attrs null_seg spectre_v1 spectre_v2 spec_store_bypass
bogomips	: 4591.34
TLB size	: 1536 4K pages
clflush size	: 64
cache_alignment	: 64
address sizes	: 48 bits physical, 48 bits virtual
power management: ts ttp tm 100mhzsteps hwpstate cpb eff_freq_ro



Memory: 4k page, physical 7621876k(297816k free), swap 2097148k(329668k free)

vm_info: OpenJDK 64-Bit Server VM (25.252-b09) for linux-amd64 JRE (1.8.0_252-8u252-b09-1~18.04-b09), built on Apr 15 2020 18:48:05 by "buildd" with gcc 7.5.0

time: Fri Jun 19 01:32:08 2020
timezone: IST
elapsed time: 1 seconds (0d 0h 0m 1s)

