#
# A fatal error has been detected by the Java Runtime Environment:
#
#  SIGSEGV (0xb) at pc=0x00007fa4276d1863, pid=24495, tid=0x00007fa40742e700
#
# JRE version: OpenJDK Runtime Environment (8.0_242-b08) (build 1.8.0_242-8u242-b08-0ubuntu3~18.04-b08)
# Java VM: OpenJDK 64-Bit Server VM (25.242-b08 mixed mode linux-amd64 compressed oops)
# Problematic frame:
# V  [libjvm.so+0x471863]
#
# Failed to write core dump. Core dumps have been disabled. To enable core dumping, try "ulimit -c unlimited" before starting Java again
#
# If you would like to submit a bug report, please visit:
#   http://bugreport.java.com/bugreport/crash.jsp
#

---------------  T H R E A D  ---------------

Current thread (0x00007fa4200bd800):  JavaThread "C2 CompilerThread0" daemon [_thread_in_native, id=24508, stack(0x00007fa40732f000,0x00007fa40742f000)]

siginfo: si_signo: 11 (SIGSEGV), si_code: 1 (SEGV_MAPERR), si_addr: 0x00007fa5205b4df8

Registers:
RAX=0x00007fa3e401e500, RBX=0x0000000000000080, RCX=0x0000000000100000, RDX=0x0000000000000180
RSP=0x00007fa40742c250, RBP=0x00007fa40742c290, RSI=0x00007fa420c4a970, RDI=0x00000000903f1380
R8 =0x0000000000000000, R9 =0x00007fa420c4a8d0, R10=0x0000000000000000, R11=0x00007fa4289f4ec0
R12=0x00007fa5205b4df8, R13=0x00007fa40742c460, R14=0x0000000000000469, R15=0x00007fa3e401e3f8
RIP=0x00007fa4276d1863, EFLAGS=0x0000000000010246, CSGSFS=0x002b000000000033, ERR=0x0000000000000004
  TRAPNO=0x000000000000000e

Top of Stack: (sp=0x00007fa40742c250)
0x00007fa40742c250:   00007fa40742c3b0 0000000000001800
0x00007fa40742c260:   00007fa40742c2a0 00007fa40742c4b0
0x00007fa40742c270:   00007fa40742c460 00007fa40742c360
0x00007fa40742c280:   00007fa40742c450 00007fa40742c480
0x00007fa40742c290:   00007fa40742c2e0 00007fa427ba5dbc
0x00007fa40742c2a0:   00000000000039b4 00000000257863aa
0x00007fa40742c2b0:   00007fa40742c2e0 00007fa40742c400
0x00007fa40742c2c0:   00007fa40742cf00 00007fa40742c3b0
0x00007fa40742c2d0:   00007fa4206ed6b8 00007fa40742c330
0x00007fa40742c2e0:   00007fa40742cec0 00007fa4276dc811
0x00007fa40742c2f0:   0000000000270000 00007fa40742c360
0x00007fa40742c300:   00007fa4200aa7e0 00007fa40742d8a0
0x00007fa40742c310:   00000005ffffffff 00007fa40742d098
0x00007fa40742c320:   00007fa40742c340 00007fa40742cf00
0x00007fa40742c330:   00007fa4200bdd30 00007fa3e43c4ec0
0x00007fa40742c340:   00007fa3e43cb550 00007fa3e43ccea8
0x00007fa40742c350:   0000000000058220 725f202d20627574
0x00007fa40742c360:   00007fa40742cff0 657a696c00002000
0x00007fa40742c370:   00007fa3e42ecf10 0000000000001421
0x00007fa40742c380:   00007fa428195cb0 00007fa40742cff0
0x00007fa40742c390:   00007fa300000400 00007fa3dc613f00
0x00007fa40742c3a0:   0000000000000000 00007fa40742c440
0x00007fa40742c3b0:   00007fa411100000 0000000000000000
0x00007fa40742c3c0:   00007fa4111000ab 00007fa3e4020000
0x00007fa40742c3d0:   00007fa40742c2e0 00007fa40742cf00
0x00007fa40742c3e0:   0000000000000000 00007fa427d506b3
0x00007fa40742c3f0:   00007fa40742c401 00007fa427ac2d5f
0x00007fa40742c400:   00007fa42810ef10 00007fa400000001
0x00007fa40742c410:   00007fa40742cf00 00007fa40742da50
0x00007fa40742c420:   00007fa40742c4b0 00007fa3dc19ae18
0x00007fa40742c430:   0000000000000000 00000000ffffffff
0x00007fa40742c440:   0000000000000000 0000000000000001 

Instructions: (pc=0x00007fa4276d1863)
0x00007fa4276d1843:   83 e8 01 31 db 48 8d 14 c5 08 00 00 00 49 8b 47
0x00007fa4276d1853:   08 4c 8b 24 18 4d 85 e4 74 3f 41 f6 c4 01 75 39
0x00007fa4276d1863:   49 83 3c 24 fe 74 32 41 8b 4c 24 28 89 c8 c1 e8
0x00007fa4276d1873:   05 41 3b 45 30 73 4e 49 8b 75 38 83 e1 1f bf 01 

Register to memory mapping:

RAX=0x00007fa3e401e500 is an unknown value
RBX=0x0000000000000080 is an unknown value
RCX=0x0000000000100000 is an unknown value
RDX=0x0000000000000180 is an unknown value
RSP=0x00007fa40742c250 is pointing into the stack for thread: 0x00007fa4200bd800
RBP=0x00007fa40742c290 is pointing into the stack for thread: 0x00007fa4200bd800
RSI=0x00007fa420c4a970 is an unknown value
RDI=0x00000000903f1380 is an unallocated location in the heap
R8 =0x0000000000000000 is an unknown value
R9 =0x00007fa420c4a8d0 is an unknown value
R10=0x0000000000000000 is an unknown value
R11=0x00007fa4289f4ec0: <offset 0x1bcec0> in /lib/x86_64-linux-gnu/libc.so.6 at 0x00007fa428838000
R12=0x00007fa5205b4df8 is an unknown value
R13=0x00007fa40742c460 is pointing into the stack for thread: 0x00007fa4200bd800
R14=0x0000000000000469 is an unknown value
R15=0x00007fa3e401e3f8 is an unknown value


Stack: [0x00007fa40732f000,0x00007fa40742f000],  sp=0x00007fa40742c250,  free space=1012k
Native frames: (J=compiled Java code, j=interpreted, Vv=VM code, C=native code)
V  [libjvm.so+0x471863]
V  [libjvm.so+0x945dbc]
V  [libjvm.so+0x47c811]
V  [libjvm.so+0x3c2dca]
V  [libjvm.so+0x487792]
V  [libjvm.so+0x489ac8]
V  [libjvm.so+0xa590e3]
V  [libjvm.so+0xa5a2a8]
V  [libjvm.so+0x8f2d82]
C  [libpthread.so.0+0x76db]  start_thread+0xdb


Current CompileTask:
C2:   3144 2081   !   4       java.net.URLClassLoader$1::run (63 bytes)


---------------  P R O C E S S  ---------------

Java Threads: ( => current thread )
  0x00007fa420605800 JavaThread "RMI TCP Accept-0" daemon [_thread_in_native, id=24514, stack(0x00007fa405cb8000,0x00007fa405db9000)]
  0x00007fa4205ec000 JavaThread "RMI TCP Accept-35967" daemon [_thread_in_native, id=24513, stack(0x00007fa405db9000,0x00007fa405eba000)]
  0x00007fa4205d5000 JavaThread "RMI TCP Accept-0" daemon [_thread_in_native, id=24512, stack(0x00007fa405eba000,0x00007fa405fbb000)]
  0x00007fa4200cd000 JavaThread "Service Thread" daemon [_thread_blocked, id=24511, stack(0x00007fa40702b000,0x00007fa40712c000)]
  0x00007fa4200c2000 JavaThread "C1 CompilerThread2" daemon [_thread_in_native, id=24510, stack(0x00007fa40712d000,0x00007fa40722d000)]
  0x00007fa4200c0000 JavaThread "C2 CompilerThread1" daemon [_thread_in_native, id=24509, stack(0x00007fa40722e000,0x00007fa40732e000)]
=>0x00007fa4200bd800 JavaThread "C2 CompilerThread0" daemon [_thread_in_native, id=24508, stack(0x00007fa40732f000,0x00007fa40742f000)]
  0x00007fa4200b9800 JavaThread "Signal Dispatcher" daemon [_thread_blocked, id=24507, stack(0x00007fa40742f000,0x00007fa407530000)]
  0x00007fa42008b800 JavaThread "Finalizer" daemon [_thread_blocked, id=24506, stack(0x00007fa407eff000,0x00007fa408000000)]
  0x00007fa420087000 JavaThread "Reference Handler" daemon [_thread_blocked, id=24505, stack(0x00007fa40c0a2000,0x00007fa40c1a3000)]
  0x00007fa42000f800 JavaThread "main" [_thread_in_vm, id=24499, stack(0x00007fa428f67000,0x00007fa429067000)]

Other Threads:
  0x00007fa42007d800 VMThread [stack: 0x00007fa40c1a4000,0x00007fa40c2a4000] [id=24504]
  0x00007fa42060a000 WatcherThread [stack: 0x00007fa405bb8000,0x00007fa405cb8000] [id=24515]

VM state:not at safepoint (normal execution)

VM Mutex/Monitor currently owned by a thread: None

heap address: 0x000000008ba00000, size: 1862 MB, Compressed Oops mode: 32-bit
Narrow klass base: 0x0000000000000000, Narrow klass shift: 3
Compressed class space size: 1073741824 Address: 0x0000000100000000

Heap:
 PSYoungGen      total 99328K, used 41218K [0x00000000d9380000, 0x00000000e1400000, 0x0000000100000000)
  eden space 95232K, 39% used [0x00000000d9380000,0x00000000db7f1bd8,0x00000000df080000)
  from space 4096K, 95% used [0x00000000e1000000,0x00000000e13ced40,0x00000000e1400000)
  to   space 4608K, 0% used [0x00000000e0b00000,0x00000000e0b00000,0x00000000e0f80000)
 ParOldGen       total 58880K, used 9303K [0x000000008ba00000, 0x000000008f380000, 0x00000000d9380000)
  object space 58880K, 15% used [0x000000008ba00000,0x000000008c315f18,0x000000008f380000)
 Metaspace       used 24516K, capacity 25342K, committed 25600K, reserved 1071104K
  class space    used 3086K, capacity 3285K, committed 3328K, reserved 1048576K

Card table byte_map: [0x00007fa4250fc000,0x00007fa4254a0000] byte_map_base: 0x00007fa424c9f000

Marking Bits: (ParMarkBitMap*) 0x00007fa4281d33e0
 Begin Bits: [0x00007fa40d5d0000, 0x00007fa40f2e8000)
 End Bits:   [0x00007fa40f2e8000, 0x00007fa411000000)

Polling page: 0x00007fa42906c000

CodeCache: size=245760Kb used=6624Kb max_used=6624Kb free=239135Kb
 bounds [0x00007fa411000000, 0x00007fa411680000, 0x00007fa420000000]
 total_blobs=2501 nmethods=2112 adapters=303
 compilation: enabled

Compilation events (10 events):
Event: 3.104 Thread 0x00007fa4200c2000 2108       3       org.springframework.context.annotation.AnnotationConfigUtils::attributesFor (9 bytes)
Event: 3.106 Thread 0x00007fa4200c2000 nmethod 2108 0x00007fa4116760d0 code [0x00007fa4116762c0, 0x00007fa411676ca8]
Event: 3.107 Thread 0x00007fa4200c2000 2109       3       sun.reflect.annotation.AnnotationParser::parseConst (208 bytes)
Event: 3.112 Thread 0x00007fa4200c2000 nmethod 2109 0x00007fa411677150 code [0x00007fa411677540, 0x00007fa4116790e8]
Event: 3.112 Thread 0x00007fa4200c2000 2107       3       org.springframework.core.annotation.MergedAnnotations::from (10 bytes)
Event: 3.113 Thread 0x00007fa4200c2000 nmethod 2107 0x00007fa41167a310 code [0x00007fa41167a4a0, 0x00007fa41167a778]
Event: 3.113 Thread 0x00007fa4200c2000 2110       3       org.springframework.core.annotation.MergedAnnotationSelectors$FirstDirectlyDeclared::isBestCandidate (15 bytes)
Event: 3.113 Thread 0x00007fa4200c2000 nmethod 2110 0x00007fa41167a8d0 code [0x00007fa41167aa40, 0x00007fa41167aca8]
Event: 3.125 Thread 0x00007fa4200c2000 2111       1       java.lang.invoke.MethodHandleImpl$IntrinsicMethodHandle::getTarget (5 bytes)
Event: 3.125 Thread 0x00007fa4200c2000 nmethod 2111 0x00007fa41167ad90 code [0x00007fa41167aee0, 0x00007fa41167aff0]

GC Heap History (10 events):
Event: 1.162 GC heap before
{Heap before GC invocations=1 (full 0):
 PSYoungGen      total 35328K, used 30720K [0x00000000d9380000, 0x00000000dba80000, 0x0000000100000000)
  eden space 30720K, 100% used [0x00000000d9380000,0x00000000db180000,0x00000000db180000)
  from space 4608K, 0% used [0x00000000db600000,0x00000000db600000,0x00000000dba80000)
  to   space 4608K, 0% used [0x00000000db180000,0x00000000db180000,0x00000000db600000)
 ParOldGen       total 80896K, used 0K [0x000000008ba00000, 0x0000000090900000, 0x00000000d9380000)
  object space 80896K, 0% used [0x000000008ba00000,0x000000008ba00000,0x0000000090900000)
 Metaspace       used 11777K, capacity 12038K, committed 12288K, reserved 1060864K
  class space    used 1363K, capacity 1455K, committed 1536K, reserved 1048576K
Event: 1.174 GC heap after
Heap after GC invocations=1 (full 0):
 PSYoungGen      total 35328K, used 4602K [0x00000000d9380000, 0x00000000dd880000, 0x0000000100000000)
  eden space 30720K, 0% used [0x00000000d9380000,0x00000000d9380000,0x00000000db180000)
  from space 4608K, 99% used [0x00000000db180000,0x00000000db5febf0,0x00000000db600000)
  to   space 4608K, 0% used [0x00000000dd400000,0x00000000dd400000,0x00000000dd880000)
 ParOldGen       total 80896K, used 133K [0x000000008ba00000, 0x0000000090900000, 0x00000000d9380000)
  object space 80896K, 0% used [0x000000008ba00000,0x000000008ba21488,0x0000000090900000)
 Metaspace       used 11777K, capacity 12038K, committed 12288K, reserved 1060864K
  class space    used 1363K, capacity 1455K, committed 1536K, reserved 1048576K
}
Event: 1.483 GC heap before
{Heap before GC invocations=2 (full 0):
 PSYoungGen      total 35328K, used 35322K [0x00000000d9380000, 0x00000000dd880000, 0x0000000100000000)
  eden space 30720K, 100% used [0x00000000d9380000,0x00000000db180000,0x00000000db180000)
  from space 4608K, 99% used [0x00000000db180000,0x00000000db5febf0,0x00000000db600000)
  to   space 4608K, 0% used [0x00000000dd400000,0x00000000dd400000,0x00000000dd880000)
 ParOldGen       total 80896K, used 133K [0x000000008ba00000, 0x0000000090900000, 0x00000000d9380000)
  object space 80896K, 0% used [0x000000008ba00000,0x000000008ba21488,0x0000000090900000)
 Metaspace       used 14693K, capacity 15090K, committed 15360K, reserved 1062912K
  class space    used 1823K, capacity 1955K, committed 2048K, reserved 1048576K
Event: 1.499 GC heap after
Heap after GC invocations=2 (full 0):
 PSYoungGen      total 66048K, used 4580K [0x00000000d9380000, 0x00000000dd880000, 0x0000000100000000)
  eden space 61440K, 0% used [0x00000000d9380000,0x00000000d9380000,0x00000000dcf80000)
  from space 4608K, 99% used [0x00000000dd400000,0x00000000dd8790b0,0x00000000dd880000)
  to   space 4608K, 0% used [0x00000000dcf80000,0x00000000dcf80000,0x00000000dd400000)
 ParOldGen       total 80896K, used 1036K [0x000000008ba00000, 0x0000000090900000, 0x00000000d9380000)
  object space 80896K, 1% used [0x000000008ba00000,0x000000008bb030e0,0x0000000090900000)
 Metaspace       used 14693K, capacity 15090K, committed 15360K, reserved 1062912K
  class space    used 1823K, capacity 1955K, committed 2048K, reserved 1048576K
}
Event: 2.146 GC heap before
{Heap before GC invocations=3 (full 0):
 PSYoungGen      total 66048K, used 62694K [0x00000000d9380000, 0x00000000dd880000, 0x0000000100000000)
  eden space 61440K, 94% used [0x00000000d9380000,0x00000000dcc40928,0x00000000dcf80000)
  from space 4608K, 99% used [0x00000000dd400000,0x00000000dd8790b0,0x00000000dd880000)
  to   space 4608K, 0% used [0x00000000dcf80000,0x00000000dcf80000,0x00000000dd400000)
 ParOldGen       total 80896K, used 1036K [0x000000008ba00000, 0x0000000090900000, 0x00000000d9380000)
  object space 80896K, 1% used [0x000000008ba00000,0x000000008bb030e0,0x0000000090900000)
 Metaspace       used 20587K, capacity 21158K, committed 21248K, reserved 1067008K
  class space    used 2591K, capacity 2761K, committed 2816K, reserved 1048576K
Event: 2.165 GC heap after
Heap after GC invocations=3 (full 0):
 PSYoungGen      total 66048K, used 4592K [0x00000000d9380000, 0x00000000e1480000, 0x0000000100000000)
  eden space 61440K, 0% used [0x00000000d9380000,0x00000000d9380000,0x00000000dcf80000)
  from space 4608K, 99% used [0x00000000dcf80000,0x00000000dd3fc0c0,0x00000000dd400000)
  to   space 4608K, 0% used [0x00000000e1000000,0x00000000e1000000,0x00000000e1480000)
 ParOldGen       total 80896K, used 6033K [0x000000008ba00000, 0x0000000090900000, 0x00000000d9380000)
  object space 80896K, 7% used [0x000000008ba00000,0x000000008bfe4520,0x0000000090900000)
 Metaspace       used 20587K, capacity 21158K, committed 21248K, reserved 1067008K
  class space    used 2591K, capacity 2761K, committed 2816K, reserved 1048576K
}
Event: 2.165 GC heap before
{Heap before GC invocations=4 (full 1):
 PSYoungGen      total 66048K, used 4592K [0x00000000d9380000, 0x00000000e1480000, 0x0000000100000000)
  eden space 61440K, 0% used [0x00000000d9380000,0x00000000d9380000,0x00000000dcf80000)
  from space 4608K, 99% used [0x00000000dcf80000,0x00000000dd3fc0c0,0x00000000dd400000)
  to   space 4608K, 0% used [0x00000000e1000000,0x00000000e1000000,0x00000000e1480000)
 ParOldGen       total 80896K, used 6033K [0x000000008ba00000, 0x0000000090900000, 0x00000000d9380000)
  object space 80896K, 7% used [0x000000008ba00000,0x000000008bfe4520,0x0000000090900000)
 Metaspace       used 20587K, capacity 21158K, committed 21248K, reserved 1067008K
  class space    used 2591K, capacity 2761K, committed 2816K, reserved 1048576K
Event: 2.213 GC heap after
Heap after GC invocations=4 (full 1):
 PSYoungGen      total 66048K, used 0K [0x00000000d9380000, 0x00000000e1480000, 0x0000000100000000)
  eden space 61440K, 0% used [0x00000000d9380000,0x00000000d9380000,0x00000000dcf80000)
  from space 4608K, 0% used [0x00000000dcf80000,0x00000000dcf80000,0x00000000dd400000)
  to   space 4608K, 0% used [0x00000000e1000000,0x00000000e1000000,0x00000000e1480000)
 ParOldGen       total 58880K, used 9295K [0x000000008ba00000, 0x000000008f380000, 0x00000000d9380000)
  object space 58880K, 15% used [0x000000008ba00000,0x000000008c313f18,0x000000008f380000)
 Metaspace       used 20585K, capacity 21152K, committed 21248K, reserved 1067008K
  class space    used 2590K, capacity 2760K, committed 2816K, reserved 1048576K
}
Event: 2.587 GC heap before
{Heap before GC invocations=5 (full 1):
 PSYoungGen      total 66048K, used 61440K [0x00000000d9380000, 0x00000000e1480000, 0x0000000100000000)
  eden space 61440K, 100% used [0x00000000d9380000,0x00000000dcf80000,0x00000000dcf80000)
  from space 4608K, 0% used [0x00000000dcf80000,0x00000000dcf80000,0x00000000dd400000)
  to   space 4608K, 0% used [0x00000000e1000000,0x00000000e1000000,0x00000000e1480000)
 ParOldGen       total 58880K, used 9295K [0x000000008ba00000, 0x000000008f380000, 0x00000000d9380000)
  object space 58880K, 15% used [0x000000008ba00000,0x000000008c313f18,0x000000008f380000)
 Metaspace       used 23008K, capacity 23702K, committed 23936K, reserved 1071104K
  class space    used 2915K, capacity 3107K, committed 3200K, reserved 1048576K
Event: 2.595 GC heap after
Heap after GC invocations=5 (full 1):
 PSYoungGen      total 99328K, used 3899K [0x00000000d9380000, 0x00000000e1400000, 0x0000000100000000)
  eden space 95232K, 0% used [0x00000000d9380000,0x00000000d9380000,0x00000000df080000)
  from space 4096K, 95% used [0x00000000e1000000,0x00000000e13ced40,0x00000000e1400000)
  to   space 4608K, 0% used [0x00000000e0b00000,0x00000000e0b00000,0x00000000e0f80000)
 ParOldGen       total 58880K, used 9303K [0x000000008ba00000, 0x000000008f380000, 0x00000000d9380000)
  object space 58880K, 15% used [0x000000008ba00000,0x000000008c315f18,0x000000008f380000)
 Metaspace       used 23008K, capacity 23702K, committed 23936K, reserved 1071104K
  class space    used 2915K, capacity 3107K, committed 3200K, reserved 1048576K
}

Deoptimization events (10 events):
Event: 1.723 Thread 0x00007fa4207c7800 Uncommon trap: reason=class_check action=maybe_recompile pc=0x00007fa4113dd110 method=java.util.HashMap.putVal(ILjava/lang/Object;Ljava/lang/Object;ZZ)Ljava/lang/Object; @ 203
Event: 1.848 Thread 0x00007fa42000f800 Uncommon trap: reason=class_check action=maybe_recompile pc=0x00007fa4113e4a08 method=java.util.HashMap.putVal(ILjava/lang/Object;Ljava/lang/Object;ZZ)Ljava/lang/Object; @ 203
Event: 1.873 Thread 0x00007fa42000f800 Uncommon trap: reason=class_check action=maybe_recompile pc=0x00007fa4111a8368 method=java.lang.String.equals(Ljava/lang/Object;)Z @ 8
Event: 1.919 Thread 0x00007fa42000f800 Uncommon trap: reason=unstable_if action=reinterpret pc=0x00007fa4112708a8 method=java.util.HashMap.hash(Ljava/lang/Object;)I @ 1
Event: 1.948 Thread 0x00007fa42000f800 Uncommon trap: reason=class_check action=maybe_recompile pc=0x00007fa4111a8368 method=java.lang.String.equals(Ljava/lang/Object;)Z @ 8
Event: 1.948 Thread 0x00007fa42000f800 Uncommon trap: reason=class_check action=maybe_recompile pc=0x00007fa4111a8368 method=java.lang.String.equals(Ljava/lang/Object;)Z @ 8
Event: 1.948 Thread 0x00007fa42000f800 Uncommon trap: reason=class_check action=maybe_recompile pc=0x00007fa4111a8368 method=java.lang.String.equals(Ljava/lang/Object;)Z @ 8
Event: 2.329 Thread 0x00007fa4207c7800 Uncommon trap: reason=unstable_if action=reinterpret pc=0x00007fa4113c5de0 method=jdk.internal.org.objectweb.asm.Type.getArgumentsAndReturnSizes(Ljava/lang/String;)I @ 47
Event: 2.832 Thread 0x00007fa42000f800 Uncommon trap: reason=unstable_if action=reinterpret pc=0x00007fa4113cfd1c method=org.springframework.boot.context.properties.source.ConfigurationPropertyName.elementsEqual(Lorg/springframework/boot/context/properties/source/ConfigurationPropertyName;)Z @
Event: 3.125 Thread 0x00007fa42000f800 Uncommon trap: reason=unstable_if action=reinterpret pc=0x00007fa411607e08 method=org.springframework.core.annotation.MergedAnnotationsCollection.isMappingForType(Lorg/springframework/core/annotation/AnnotationTypeMapping;Ljava/lang/Object;)Z @ 13

Classes redefined (0 events):
No events

Internal exceptions (10 events):
Event: 2.232 Thread 0x00007fa42000f800 Exception <a 'java/lang/ClassNotFoundException': org/springframework/beans/factory/AwareCustomizer> (0x00000000d96e8210) thrown at [/build/openjdk-8-58sEEn/openjdk-8-8u242-b08/src/hotspot/src/share/vm/classfile/systemDictionary.cpp, line 210]
Event: 2.233 Thread 0x00007fa42000f800 Exception <a 'java/lang/ClassNotFoundException': org/springframework/beans/factory/BeanClassLoaderAwareCustomizer> (0x00000000d9700c18) thrown at [/build/openjdk-8-58sEEn/openjdk-8-8u242-b08/src/hotspot/src/share/vm/classfile/systemDictionary.cpp, line 21
Event: 2.233 Thread 0x00007fa42000f800 Exception <a 'java/lang/ClassNotFoundException': org/springframework/beans/factory/AwareCustomizer> (0x00000000d9715f28) thrown at [/build/openjdk-8-58sEEn/openjdk-8-8u242-b08/src/hotspot/src/share/vm/classfile/systemDictionary.cpp, line 210]
Event: 2.234 Thread 0x00007fa42000f800 Exception <a 'java/lang/ClassNotFoundException': org/springframework/context/EnvironmentAwareCustomizer> (0x00000000d972ba80) thrown at [/build/openjdk-8-58sEEn/openjdk-8-8u242-b08/src/hotspot/src/share/vm/classfile/systemDictionary.cpp, line 210]
Event: 2.235 Thread 0x00007fa42000f800 Exception <a 'java/lang/ClassNotFoundException': org/springframework/beans/factory/AwareCustomizer> (0x00000000d9740c48) thrown at [/build/openjdk-8-58sEEn/openjdk-8-8u242-b08/src/hotspot/src/share/vm/classfile/systemDictionary.cpp, line 210]
Event: 2.271 Thread 0x00007fa42000f800 Exception <a 'java/lang/NoSuchMethodError': java.lang.Object.lambda$comparing$77a9974f$1(Ljava/util/function/Function;Ljava/lang/Object;Ljava/lang/Object;)I> (0x00000000d9bdd520) thrown at [/build/openjdk-8-58sEEn/openjdk-8-8u242-b08/src/hotspot/src/share
Event: 2.336 Thread 0x00007fa4207c7800 Exception <a 'java/lang/IncompatibleClassChangeError': Found class java.lang.Object, but interface was expected> (0x00000000da28b030) thrown at [/build/openjdk-8-58sEEn/openjdk-8-8u242-b08/src/hotspot/src/share/vm/interpreter/linkResolver.cpp, line 653]
Event: 2.651 Thread 0x00007fa42000f800 Exception <a 'java/lang/IncompatibleClassChangeError': Found class java.lang.Object, but interface was expected> (0x00000000d9dfbf58) thrown at [/build/openjdk-8-58sEEn/openjdk-8-8u242-b08/src/hotspot/src/share/vm/interpreter/linkResolver.cpp, line 653]
Event: 2.697 Thread 0x00007fa42000f800 Exception <a 'java/lang/NoSuchMethodError': java.lang.Object.lambda$getAllAnnotationAttributes$0(Lorg/springframework/util/MultiValueMap;)Lorg/springframework/util/MultiValueMap;> (0x00000000d9f82058) thrown at [/build/openjdk-8-58sEEn/openjdk-8-8u242-b08
Event: 2.698 Thread 0x00007fa42000f800 Exception <a 'java/lang/NoSuchMethodError': java.lang.Object.lambda$identity$2(Ljava/lang/Object;)Ljava/lang/Object;> (0x00000000d9f976f8) thrown at [/build/openjdk-8-58sEEn/openjdk-8-8u242-b08/src/hotspot/src/share/vm/interpreter/linkResolver.cpp, line 6

Events (10 events):
Event: 3.125 Thread 0x00007fa42000f800 DEOPT PACKING pc=0x00007fa411607e08 sp=0x00007fa429064b50
Event: 3.125 Thread 0x00007fa42000f800 DEOPT UNPACKING pc=0x00007fa41104547a sp=0x00007fa429064af8 mode 2
Event: 3.126 loading class org/springframework/context/support/PropertySourcesPlaceholderConfigurer
Event: 3.126 loading class org/springframework/context/support/PropertySourcesPlaceholderConfigurer done
Event: 3.127 loading class org/springframework/beans/factory/config/PlaceholderConfigurerSupport
Event: 3.127 loading class org/springframework/beans/factory/config/PlaceholderConfigurerSupport done
Event: 3.127 loading class org/springframework/beans/factory/config/PropertyResourceConfigurer
Event: 3.127 loading class org/springframework/beans/factory/config/PropertyResourceConfigurer done
Event: 3.128 loading class org/springframework/core/io/support/PropertiesLoaderSupport
Event: 3.128 loading class org/springframework/core/io/support/PropertiesLoaderSupport done


Dynamic libraries:
8ba00000-8f380000 rw-p 00000000 00:00 0 
8f380000-d9380000 ---p 00000000 00:00 0 
d9380000-e1400000 rw-p 00000000 00:00 0 
e1400000-100000000 ---p 00000000 00:00 0 
100000000-100340000 rw-p 00000000 00:00 0 
100340000-140000000 ---p 00000000 00:00 0 
55eab23f7000-55eab23f8000 r-xp 00000000 08:02 25697453                   /usr/lib/jvm/java-8-openjdk-amd64/jre/bin/java
55eab25f7000-55eab25f8000 r--p 00000000 08:02 25697453                   /usr/lib/jvm/java-8-openjdk-amd64/jre/bin/java
55eab25f8000-55eab25f9000 rw-p 00001000 08:02 25697453                   /usr/lib/jvm/java-8-openjdk-amd64/jre/bin/java
55eab37e6000-55eab3807000 rw-p 00000000 00:00 0                          [heap]
7fa3c0000000-7fa3c0021000 rw-p 00000000 00:00 0 
7fa3c0021000-7fa3c4000000 ---p 00000000 00:00 0 
7fa3c4000000-7fa3c43aa000 rw-p 00000000 00:00 0 
7fa3c43aa000-7fa3c8000000 ---p 00000000 00:00 0 
7fa3c8000000-7fa3c8021000 rw-p 00000000 00:00 0 
7fa3c8021000-7fa3cc000000 ---p 00000000 00:00 0 
7fa3cc000000-7fa3cc021000 rw-p 00000000 00:00 0 
7fa3cc021000-7fa3d0000000 ---p 00000000 00:00 0 
7fa3d0000000-7fa3d0021000 rw-p 00000000 00:00 0 
7fa3d0021000-7fa3d4000000 ---p 00000000 00:00 0 
7fa3d4000000-7fa3d4021000 rw-p 00000000 00:00 0 
7fa3d4021000-7fa3d8000000 ---p 00000000 00:00 0 
7fa3d8000000-7fa3d84ee000 rw-p 00000000 00:00 0 
7fa3d84ee000-7fa3dc000000 ---p 00000000 00:00 0 
7fa3dc000000-7fa3dc69e000 rw-p 00000000 00:00 0 
7fa3dc69e000-7fa3e0000000 ---p 00000000 00:00 0 
7fa3e0000000-7fa3e0021000 rw-p 00000000 00:00 0 
7fa3e0021000-7fa3e4000000 ---p 00000000 00:00 0 
7fa3e4000000-7fa3e443d000 rw-p 00000000 00:00 0 
7fa3e443d000-7fa3e8000000 ---p 00000000 00:00 0 
7fa3e8000000-7fa3e8021000 rw-p 00000000 00:00 0 
7fa3e8021000-7fa3ec000000 ---p 00000000 00:00 0 
7fa3ec000000-7fa3ec021000 rw-p 00000000 00:00 0 
7fa3ec021000-7fa3f0000000 ---p 00000000 00:00 0 
7fa3f0000000-7fa3f0021000 rw-p 00000000 00:00 0 
7fa3f0021000-7fa3f4000000 ---p 00000000 00:00 0 
7fa3f4000000-7fa3f4021000 rw-p 00000000 00:00 0 
7fa3f4021000-7fa3f8000000 ---p 00000000 00:00 0 
7fa3f8000000-7fa3f8021000 rw-p 00000000 00:00 0 
7fa3f8021000-7fa3fc000000 ---p 00000000 00:00 0 
7fa3fcfff000-7fa400000000 rw-p 00000000 00:00 0 
7fa400000000-7fa400021000 rw-p 00000000 00:00 0 
7fa400021000-7fa404000000 ---p 00000000 00:00 0 
7fa404cb6000-7fa404e76000 rw-p 00000000 00:00 0 
7fa404e76000-7fa404eb6000 ---p 00000000 00:00 0 
7fa404eb6000-7fa4050b6000 rw-p 00000000 00:00 0 
7fa4050b6000-7fa4052b6000 rw-p 00000000 00:00 0 
7fa4052b6000-7fa4054b6000 rw-p 00000000 00:00 0 
7fa4054b6000-7fa4056b6000 rw-p 00000000 00:00 0 
7fa4056b6000-7fa4058b6000 rw-p 00000000 00:00 0 
7fa4058b6000-7fa4058b9000 ---p 00000000 00:00 0 
7fa4058b9000-7fa405bb7000 rw-p 00000000 00:00 0 
7fa405bb7000-7fa405bb8000 ---p 00000000 00:00 0 
7fa405bb8000-7fa405cb8000 rw-p 00000000 00:00 0 
7fa405cb8000-7fa405cbb000 ---p 00000000 00:00 0 
7fa405cbb000-7fa405db9000 rw-p 00000000 00:00 0 
7fa405db9000-7fa405dbc000 ---p 00000000 00:00 0 
7fa405dbc000-7fa405eba000 rw-p 00000000 00:00 0 
7fa405eba000-7fa405ebd000 ---p 00000000 00:00 0 
7fa405ebd000-7fa405fbb000 rw-p 00000000 00:00 0 
7fa405fbb000-7fa405fc0000 r--s 000a3000 08:02 25697536                   /usr/lib/jvm/java-8-openjdk-amd64/jre/lib/jsse.jar
7fa405fc1000-7fa405fc6000 r--s 00051000 08:02 19796235                   /home/innoventes/.m2/repository/com/fasterxml/jackson/core/jackson-core/2.10.3/jackson-core-2.10.3.jar
7fa405fc6000-7fa405fc9000 r--s 0000e000 08:02 19536345                   /home/innoventes/.m2/repository/com/fasterxml/jackson/core/jackson-annotations/2.10.3/jackson-annotations-2.10.3.jar
7fa405fca000-7fa405fdf000 r--s 00142000 08:02 19011647                   /home/innoventes/.m2/repository/com/fasterxml/jackson/core/jackson-databind/2.10.3/jackson-databind-2.10.3.jar
7fa405fe1000-7fa405fe4000 r--s 00019000 08:02 22808844                   /home/innoventes/.m2/repository/io/jsonwebtoken/jjwt/0.9.1/jjwt-0.9.1.jar
7fa405fe4000-7fa405ff3000 r--s 0007c000 08:02 22808842                   /home/innoventes/.m2/repository/org/springframework/security/spring-security-web/5.2.2.RELEASE/spring-security-web-5.2.2.RELEASE.jar
7fa405ff9000-7fa406005000 r--s 00061000 08:02 22808840                   /home/innoventes/.m2/repository/org/springframework/security/spring-security-core/5.2.2.RELEASE/spring-security-core-5.2.2.RELEASE.jar
7fa40600c000-7fa40601a000 r--s 000c4000 08:02 22808838                   /home/innoventes/.m2/repository/org/springframework/security/spring-security-config/5.2.2.RELEASE/spring-security-config-5.2.2.RELEASE.jar
7fa40601a000-7fa406023000 r--s 00052000 08:02 20058811                   /home/innoventes/.m2/repository/org/springframework/spring-aop/5.2.5.RELEASE/spring-aop-5.2.5.RELEASE.jar
7fa406028000-7fa406029000 r--s 00000000 08:02 22808836                   /home/innoventes/.m2/repository/org/springframework/boot/spring-boot-starter-security/2.2.6.RELEASE/spring-boot-starter-security-2.2.6.RELEASE.jar
7fa40602e000-7fa40604b000 r--s 000fe000 08:02 20189723                   /home/innoventes/.m2/repository/org/hibernate/validator/hibernate-validator/6.0.18.Final/hibernate-validator-6.0.18.Final.jar
7fa406052000-7fa406056000 r--s 0003a000 08:02 20189696                   /home/innoventes/.m2/repository/org/apache/tomcat/embed/tomcat-embed-el/9.0.33/tomcat-embed-el-9.0.33.jar
7fa40605a000-7fa40605f000 r--s 00012000 08:02 20189717                   /home/innoventes/.m2/repository/jakarta/validation/jakarta.validation-api/2.0.2/jakarta.validation-api-2.0.2.jar
7fa406060000-7fa406061000 r--s 00000000 08:02 20189706                   /home/innoventes/.m2/repository/org/springframework/boot/spring-boot-starter-validation/2.2.6.RELEASE/spring-boot-starter-validation-2.2.6.RELEASE.jar
7fa406065000-7fa406066000 r--s 00005000 08:02 20058885                   /home/innoventes/.m2/repository/org/springframework/spring-jcl/5.2.5.RELEASE/spring-jcl-5.2.5.RELEASE.jar
7fa40606d000-7fa406088000 r--s 00145000 08:02 20058880                   /home/innoventes/.m2/repository/org/springframework/spring-core/5.2.5.RELEASE/spring-core-5.2.5.RELEASE.jar
7fa406089000-7fa40608d000 r--s 00019000 08:02 20319196                   /home/innoventes/.m2/repository/jakarta/xml/bind/jakarta.xml.bind-api/2.3.3/jakarta.xml.bind-api-2.3.3.jar
7fa406092000-7fa406094000 r--s 0000a000 08:02 19796296                   /home/innoventes/.m2/repository/org/springframework/spring-aspects/5.2.5.RELEASE/spring-aspects-5.2.5.RELEASE.jar
7fa406099000-7fa40609b000 r--s 00009000 08:02 20058851                   /home/innoventes/.m2/repository/org/slf4j/slf4j-api/1.7.30/slf4j-api-1.7.30.jar
7fa40609c000-7fa4060a5000 r--s 00044000 08:02 19011658                   /home/innoventes/.m2/repository/org/springframework/spring-tx/5.2.5.RELEASE/spring-tx-5.2.5.RELEASE.jar
7fa4060a5000-7fa4060aa000 r--s 0002d000 08:02 19665834                   /home/innoventes/.m2/repository/org/springframework/spring-orm/5.2.5.RELEASE/spring-orm-5.2.5.RELEASE.jar
7fa4060b0000-7fa4060c9000 r--s 00110000 08:02 19536361                   /home/innoventes/.m2/repository/org/springframework/data/spring-data-commons/2.2.6.RELEASE/spring-data-commons-2.2.6.RELEASE.jar
7fa4060ca000-7fa4060d2000 r--s 00052000 08:02 19404341                   /home/innoventes/.m2/repository/org/springframework/data/spring-data-jpa/2.2.6.RELEASE/spring-data-jpa-2.2.6.RELEASE.jar
7fa4060d9000-7fa4060de000 r--s 00049000 08:02 21370342                   /home/innoventes/.m2/repository/com/sun/xml/fastinfoset/FastInfoset/1.2.16/FastInfoset-1.2.16.jar
7fa4060e0000-7fa4060e2000 r--s 00008000 08:02 8787145                    /home/innoventes/.m2/repository/org/jvnet/staxex/stax-ex/1.8.1/stax-ex-1.8.1.jar
7fa4060e5000-7fa4060e7000 r--s 00005000 08:02 21236175                   /home/innoventes/.m2/repository/com/sun/istack/istack-commons-runtime/3.0.8/istack-commons-runtime-3.0.8.jar
7fa4060e8000-7fa4060ea000 r--s 00010000 08:02 19274802                   /home/innoventes/.m2/repository/org/glassfish/jaxb/txw2/2.3.2/txw2-2.3.2.jar
7fa4060eb000-7fa406100000 r--s 000e3000 08:02 19142344                   /home/innoventes/.m2/repository/org/glassfish/jaxb/jaxb-runtime/2.3.2/jaxb-runtime-2.3.2.jar
7fa406100000-7fa406103000 r--s 00010000 08:02 20586000                   /home/innoventes/.m2/repository/org/hibernate/common/hibernate-commons-annotations/5.1.0.Final/hibernate-commons-annotations-5.1.0.Final.jar
7fa406103000-7fa406108000 r--s 0004b000 08:02 8787142                    /home/innoventes/.m2/repository/org/dom4j/dom4j/2.1.1/dom4j-2.1.1.jar
7fa40610f000-7fa406111000 r--s 0000f000 08:02 20189740                   /home/innoventes/.m2/repository/com/fasterxml/classmate/1.5.1/classmate-1.5.1.jar
7fa406115000-7fa406118000 r--s 0002d000 08:02 20451958                   /home/innoventes/.m2/repository/org/jboss/jandex/2.1.1.Final/jandex-2.1.1.Final.jar
7fa406118000-7fa40611d000 r--s 00068000 08:02 22677520                   /home/innoventes/.m2/repository/antlr/antlr/2.7.7/antlr-2.7.7.jar
7fa406123000-7fa40616b000 r--s 002eb000 08:02 20713926                   /home/innoventes/.m2/repository/net/bytebuddy/byte-buddy/1.10.8/byte-buddy-1.10.8.jar
7fa40616c000-7fa406176000 r--s 000b4000 08:02 8787140                    /home/innoventes/.m2/repository/org/javassist/javassist/3.24.0-GA/javassist-3.24.0-GA.jar
7fa40617d000-7fa40617f000 r--s 0000d000 08:02 20189729                   /home/innoventes/.m2/repository/org/jboss/logging/jboss-logging/3.4.1.Final/jboss-logging-3.4.1.Final.jar
7fa406183000-7fa406209000 r--s 00653000 08:02 20319254                   /home/innoventes/.m2/repository/org/hibernate/hibernate-core/5.4.12.Final/hibernate-core-5.4.12.Final.jar
7fa40620b000-7fa40620c000 r--s 00003000 08:02 20189869                   /home/innoventes/.m2/repository/jakarta/transaction/jakarta.transaction-api/1.3.3/jakarta.transaction-api-1.3.3.jar
7fa406213000-7fa406219000 r--s 00023000 08:02 20059375                   /home/innoventes/.m2/repository/jakarta/persistence/jakarta.persistence-api/2.2.3/jakarta.persistence-api-2.2.3.jar
7fa40621a000-7fa40621c000 r--s 0000a000 08:02 20319201                   /home/innoventes/.m2/repository/jakarta/activation/jakarta.activation-api/1.2.2/jakarta.activation-api-1.2.2.jar
7fa406222000-7fa40622c000 r--s 0005a000 08:02 18880993                   /home/innoventes/.m2/repository/org/springframework/spring-jdbc/5.2.5.RELEASE/spring-jdbc-5.2.5.RELEASE.jar
7fa406233000-7fa406236000 r--s 00023000 08:02 18880991                   /home/innoventes/.m2/repository/com/zaxxer/HikariCP/3.4.2/HikariCP-3.4.2.jar
7fa406238000-7fa406239000 r--s 00000000 08:02 18751181                   /home/innoventes/.m2/repository/org/springframework/boot/spring-boot-starter-jdbc/2.2.6.RELEASE/spring-boot-starter-jdbc-2.2.6.RELEASE.jar
7fa40623a000-7fa406253000 r--s 001da000 08:02 8787105                    /home/innoventes/.m2/repository/org/aspectj/aspectjweaver/1.9.5/aspectjweaver-1.9.5.jar
7fa406258000-7fa406259000 r--s 00000000 08:02 18617775                   /home/innoventes/.m2/repository/org/springframework/boot/spring-boot-starter-aop/2.2.6.RELEASE/spring-boot-starter-aop-2.2.6.RELEASE.jar
7fa406260000-7fa406261000 r--s 00000000 08:02 18617773                   /home/innoventes/.m2/repository/org/springframework/boot/spring-boot-starter-data-jpa/2.2.6.RELEASE/spring-boot-starter-data-jpa-2.2.6.RELEASE.jar
7fa406268000-7fa406274000 r--s 000d8000 08:02 20319150                   /home/innoventes/.m2/repository/org/postgresql/postgresql/42.2.11/postgresql-42.2.11.jar
7fa406277000-7fa406279000 r--s 0000f000 08:02 20452253                   /home/innoventes/.m2/repository/com/sun/activation/jakarta.activation/1.2.2/jakarta.activation-1.2.2.jar
7fa40627b000-7fa406284000 r--s 0009b000 08:02 20320173                   /home/innoventes/.m2/repository/com/sun/mail/jakarta.mail/1.6.5/jakarta.mail-1.6.5.jar
7fa406288000-7fa40628d000 r--s 00028000 08:02 18617815                   /home/innoventes/.m2/repository/org/springframework/spring-context-support/5.2.5.RELEASE/spring-context-support-5.2.5.RELEASE.jar
7fa406290000-7fa406291000 r--s 00000000 08:02 18617813                   /home/innoventes/.m2/repository/org/springframework/boot/spring-boot-starter-mail/2.2.6.RELEASE/spring-boot-starter-mail-2.2.6.RELEASE.jar
7fa406298000-7fa40629d000 r--s 00040000 08:02 20058841                   /home/innoventes/.m2/repository/org/springframework/spring-expression/5.2.5.RELEASE/spring-expression-5.2.5.RELEASE.jar
7fa4062a1000-7fa4062bc000 r--s 00111000 08:02 20058835                   /home/innoventes/.m2/repository/org/springframework/spring-context/5.2.5.RELEASE/spring-context-5.2.5.RELEASE.jar
7fa4062bf000-7fa4062d2000 r--s 000d7000 08:02 20189761                   /home/innoventes/.m2/repository/org/springframework/spring-webmvc/5.2.5.RELEASE/spring-webmvc-5.2.5.RELEASE.jar
7fa4062d3000-7fa4062e0000 r--s 0009b000 08:02 20058792                   /home/innoventes/.m2/repository/org/springframework/spring-beans/5.2.5.RELEASE/spring-beans-5.2.5.RELEASE.jar
7fa4062e2000-7fa4062ff000 r--s 00142000 08:02 20058680                   /home/innoventes/.m2/repository/org/springframework/spring-web/5.2.5.RELEASE/spring-web-5.2.5.RELEASE.jar
7fa406304000-7fa406309000 r--s 0003c000 08:02 20189701                   /home/innoventes/.m2/repository/org/apache/tomcat/embed/tomcat-embed-websocket/9.0.33/tomcat-embed-websocket-9.0.33.jar
7fa40630f000-7fa40633a000 r--s 00307000 08:02 20189686                   /home/innoventes/.m2/repository/org/apache/tomcat/embed/tomcat-embed-core/9.0.33/tomcat-embed-core-9.0.33.jar
7fa406340000-7fa406341000 r--s 00000000 08:02 20189662                   /home/innoventes/.m2/repository/org/springframework/boot/spring-boot-starter-tomcat/2.2.6.RELEASE/spring-boot-starter-tomcat-2.2.6.RELEASE.jar
7fa406341000-7fa406343000 r--s 00001000 08:02 20189636                   /home/innoventes/.m2/repository/com/fasterxml/jackson/module/jackson-module-parameter-names/2.10.3/jackson-module-parameter-names-2.10.3.jar
7fa406347000-7fa40634a000 r--s 00017000 08:02 20189626                   /home/innoventes/.m2/repository/com/fasterxml/jackson/datatype/jackson-datatype-jsr310/2.10.3/jackson-datatype-jsr310-2.10.3.jar
7fa40634f000-7fa406351000 r--s 00007000 08:02 20058633                   /home/innoventes/.m2/repository/com/fasterxml/jackson/datatype/jackson-datatype-jdk8/2.10.3/jackson-datatype-jdk8-2.10.3.jar
7fa406354000-7fa40635b000 r--s 00044000 08:02 20058565                   /home/innoventes/.m2/repository/org/yaml/snakeyaml/1.25/snakeyaml-1.25.jar
7fa40635d000-7fa40635f000 r--s 00005000 08:02 20058553                   /home/innoventes/.m2/repository/jakarta/annotation/jakarta.annotation-api/1.3.5/jakarta.annotation-api-1.3.5.jar
7fa406360000-7fa406362000 r--s 00000000 08:02 20058502                   /home/innoventes/.m2/repository/org/slf4j/jul-to-slf4j/1.7.30/jul-to-slf4j-1.7.30.jar
7fa406366000-7fa40636c000 r--s 0003e000 08:02 20058391                   /home/innoventes/.m2/repository/org/apache/logging/log4j/log4j-api/2.12.1/log4j-api-2.12.1.jar
7fa406373000-7fa406375000 r--s 00003000 08:02 20058348                   /home/innoventes/.m2/repository/org/apache/logging/log4j/log4j-to-slf4j/2.12.1/log4j-to-slf4j-2.12.1.jar
7fa406379000-7fa406384000 r--s 00069000 08:02 20058287                   /home/innoventes/.m2/repository/ch/qos/logback/logback-core/1.2.3/logback-core-1.2.3.jar
7fa406389000-7fa40638f000 r--s 00041000 08:02 20058105                   /home/innoventes/.m2/repository/ch/qos/logback/logback-classic/1.2.3/logback-classic-1.2.3.jar
7fa406394000-7fa4063bc000 r--s 0012c000 08:02 20058081                   /home/innoventes/.m2/repository/org/springframework/boot/spring-boot-autoconfigure/2.2.6.RELEASE/spring-boot-autoconfigure-2.2.6.RELEASE.jar
7fa4063c0000-7fa4063d7000 r-xp 00000000 08:02 6820553                    /lib/x86_64-linux-gnu/libresolv-2.27.so
7fa4063d7000-7fa4065d7000 ---p 00017000 08:02 6820553                    /lib/x86_64-linux-gnu/libresolv-2.27.so
7fa4065d7000-7fa4065d8000 r--p 00017000 08:02 6820553                    /lib/x86_64-linux-gnu/libresolv-2.27.so
7fa4065d8000-7fa4065d9000 rw-p 00018000 08:02 6820553                    /lib/x86_64-linux-gnu/libresolv-2.27.so
7fa4065d9000-7fa4065db000 rw-p 00000000 00:00 0 
7fa4065e0000-7fa4065e5000 r-xp 00000000 08:02 6820502                    /lib/x86_64-linux-gnu/libnss_dns-2.27.so
7fa4065e5000-7fa4067e5000 ---p 00005000 08:02 6820502                    /lib/x86_64-linux-gnu/libnss_dns-2.27.so
7fa4067e5000-7fa4067e6000 r--p 00005000 08:02 6820502                    /lib/x86_64-linux-gnu/libnss_dns-2.27.so
7fa4067e6000-7fa4067e7000 rw-p 00006000 08:02 6820502                    /lib/x86_64-linux-gnu/libnss_dns-2.27.so
7fa4067e8000-7fa4067ea000 r-xp 00000000 08:02 6820510                    /lib/x86_64-linux-gnu/libnss_mdns4_minimal.so.2
7fa4067ea000-7fa4069e9000 ---p 00002000 08:02 6820510                    /lib/x86_64-linux-gnu/libnss_mdns4_minimal.so.2
7fa4069e9000-7fa4069ea000 r--p 00001000 08:02 6820510                    /lib/x86_64-linux-gnu/libnss_mdns4_minimal.so.2
7fa4069ea000-7fa4069eb000 rw-p 00002000 08:02 6820510                    /lib/x86_64-linux-gnu/libnss_mdns4_minimal.so.2
7fa4069f0000-7fa406a01000 r-xp 00000000 08:02 25697492                   /usr/lib/jvm/java-8-openjdk-amd64/jre/lib/amd64/libnio.so
7fa406a01000-7fa406c01000 ---p 00011000 08:02 25697492                   /usr/lib/jvm/java-8-openjdk-amd64/jre/lib/amd64/libnio.so
7fa406c01000-7fa406c02000 r--p 00011000 08:02 25697492                   /usr/lib/jvm/java-8-openjdk-amd64/jre/lib/amd64/libnio.so
7fa406c02000-7fa406c03000 rw-p 00012000 08:02 25697492                   /usr/lib/jvm/java-8-openjdk-amd64/jre/lib/amd64/libnio.so
7fa406c08000-7fa406c1f000 r-xp 00000000 08:02 25697491                   /usr/lib/jvm/java-8-openjdk-amd64/jre/lib/amd64/libnet.so
7fa406c1f000-7fa406e1e000 ---p 00017000 08:02 25697491                   /usr/lib/jvm/java-8-openjdk-amd64/jre/lib/amd64/libnet.so
7fa406e1e000-7fa406e1f000 r--p 00016000 08:02 25697491                   /usr/lib/jvm/java-8-openjdk-amd64/jre/lib/amd64/libnet.so
7fa406e1f000-7fa406e20000 rw-p 00017000 08:02 25697491                   /usr/lib/jvm/java-8-openjdk-amd64/jre/lib/amd64/libnet.so
7fa406e20000-7fa406e29000 r-xp 00000000 08:02 25697489                   /usr/lib/jvm/java-8-openjdk-amd64/jre/lib/amd64/libmanagement.so
7fa406e29000-7fa407028000 ---p 00009000 08:02 25697489                   /usr/lib/jvm/java-8-openjdk-amd64/jre/lib/amd64/libmanagement.so
7fa407028000-7fa407029000 r--p 00008000 08:02 25697489                   /usr/lib/jvm/java-8-openjdk-amd64/jre/lib/amd64/libmanagement.so
7fa407029000-7fa40702a000 rw-p 00009000 08:02 25697489                   /usr/lib/jvm/java-8-openjdk-amd64/jre/lib/amd64/libmanagement.so
7fa40702b000-7fa40702e000 ---p 00000000 00:00 0 
7fa40702e000-7fa40712c000 rw-p 00000000 00:00 0 
7fa40712c000-7fa40712d000 ---p 00000000 00:00 0 
7fa40712d000-7fa407130000 ---p 00000000 00:00 0 
7fa407130000-7fa40722d000 rw-p 00000000 00:00 0 
7fa40722d000-7fa40722e000 ---p 00000000 00:00 0 
7fa40722e000-7fa407231000 ---p 00000000 00:00 0 
7fa407231000-7fa40732e000 rw-p 00000000 00:00 0 
7fa40732e000-7fa40732f000 ---p 00000000 00:00 0 
7fa40732f000-7fa407332000 ---p 00000000 00:00 0 
7fa407332000-7fa40742f000 rw-p 00000000 00:00 0 
7fa40742f000-7fa407432000 ---p 00000000 00:00 0 
7fa407432000-7fa407530000 rw-p 00000000 00:00 0 
7fa407530000-7fa407eff000 r--p 00000000 08:02 25696828                   /usr/lib/locale/locale-archive
7fa407eff000-7fa407f02000 ---p 00000000 00:00 0 
7fa407f02000-7fa408000000 rw-p 00000000 00:00 0 
7fa408000000-7fa408021000 rw-p 00000000 00:00 0 
7fa408021000-7fa40c000000 ---p 00000000 00:00 0 
7fa40c000000-7fa40c001000 r--s 00000000 08:02 20058594                   /home/innoventes/.m2/repository/org/springframework/boot/spring-boot-starter-json/2.2.6.RELEASE/spring-boot-starter-json-2.2.6.RELEASE.jar
7fa40c008000-7fa40c009000 r--s 00000000 08:02 20058087                   /home/innoventes/.m2/repository/org/springframework/boot/spring-boot-starter-logging/2.2.6.RELEASE/spring-boot-starter-logging-2.2.6.RELEASE.jar
7fa40c009000-7fa40c020000 r--s 000e9000 08:02 20058076                   /home/innoventes/.m2/repository/org/springframework/boot/spring-boot/2.2.6.RELEASE/spring-boot-2.2.6.RELEASE.jar
7fa40c020000-7fa40c021000 r--s 00000000 08:02 20058061                   /home/innoventes/.m2/repository/org/springframework/boot/spring-boot-starter/2.2.6.RELEASE/spring-boot-starter-2.2.6.RELEASE.jar
7fa40c028000-7fa40c029000 r--s 00000000 08:02 20058042                   /home/innoventes/.m2/repository/org/springframework/boot/spring-boot-starter-web/2.2.6.RELEASE/spring-boot-starter-web-2.2.6.RELEASE.jar
7fa40c02d000-7fa40c032000 r--s 0003d000 08:02 25697520                   /usr/lib/jvm/java-8-openjdk-amd64/jre/lib/ext/sunjce_provider.jar
7fa40c038000-7fa40c039000 r--s 00010000 08:02 25697522                   /usr/lib/jvm/java-8-openjdk-amd64/jre/lib/ext/zipfs.jar
7fa40c03e000-7fa40c048000 r--s 00116000 08:02 25697517                   /usr/lib/jvm/java-8-openjdk-amd64/jre/lib/ext/localedata.jar
7fa40c04f000-7fa40c051000 r--s 00007000 08:02 26086927                   /usr/share/java/java-atk-wrapper.jar
7fa40c052000-7fa40c053000 r--s 0000a000 08:02 25697516                   /usr/lib/jvm/java-8-openjdk-amd64/jre/lib/ext/jaccess.jar
7fa40c056000-7fa40c071000 r--s 001d6000 08:02 25697518                   /usr/lib/jvm/java-8-openjdk-amd64/jre/lib/ext/nashorn.jar
7fa40c072000-7fa40c076000 r--s 0003a000 08:02 25697521                   /usr/lib/jvm/java-8-openjdk-amd64/jre/lib/ext/sunpkcs11.jar
7fa40c077000-7fa40c07a000 r--s 0000f000 08:02 25697515                   /usr/lib/jvm/java-8-openjdk-amd64/jre/lib/ext/icedtea-sound.jar
7fa40c07c000-7fa40c097000 r--s 00394000 08:02 25697513                   /usr/lib/jvm/java-8-openjdk-amd64/jre/lib/ext/cldrdata.jar
7fa40c099000-7fa40c09b000 r--s 00001000 08:02 25697514                   /usr/lib/jvm/java-8-openjdk-amd64/jre/lib/ext/dnsns.jar
7fa40c0a2000-7fa40c0a5000 ---p 00000000 00:00 0 
7fa40c0a5000-7fa40c1a3000 rw-p 00000000 00:00 0 
7fa40c1a3000-7fa40c1a4000 ---p 00000000 00:00 0 
7fa40c1a4000-7fa411000000 rw-p 00000000 00:00 0 
7fa411000000-7fa411680000 rwxp 00000000 00:00 0 
7fa411680000-7fa420000000 ---p 00000000 00:00 0 
7fa420000000-7fa420c6f000 rw-p 00000000 00:00 0 
7fa420c6f000-7fa424000000 ---p 00000000 00:00 0 
7fa424005000-7fa424006000 r--s 0000d000 08:02 25697519                   /usr/lib/jvm/java-8-openjdk-amd64/jre/lib/ext/sunec.jar
7fa42400c000-7fa4244a0000 rw-p 00000000 00:00 0 
7fa4244a0000-7fa424670000 r--s 03c68000 08:02 25697542                   /usr/lib/jvm/java-8-openjdk-amd64/jre/lib/rt.jar
7fa424672000-7fa424a8b000 rw-p 00000000 00:00 0 
7fa424a8b000-7fa424a8c000 ---p 00000000 00:00 0 
7fa424a8c000-7fa424b8c000 rw-p 00000000 00:00 0 
7fa424b8c000-7fa424b8d000 ---p 00000000 00:00 0 
7fa424b8d000-7fa424c8d000 rw-p 00000000 00:00 0 
7fa424c8d000-7fa424c8e000 ---p 00000000 00:00 0 
7fa424c8e000-7fa424d8e000 rw-p 00000000 00:00 0 
7fa424d8e000-7fa424d8f000 ---p 00000000 00:00 0 
7fa424d8f000-7fa424eac000 rw-p 00000000 00:00 0 
7fa424eac000-7fa4250fc000 ---p 00000000 00:00 0 
7fa4250fc000-7fa425119000 rw-p 00000000 00:00 0 
7fa425119000-7fa425368000 ---p 00000000 00:00 0 
7fa425368000-7fa4253a9000 rw-p 00000000 00:00 0 
7fa4253a9000-7fa42549f000 ---p 00000000 00:00 0 
7fa42549f000-7fa4254ba000 rw-p 00000000 00:00 0 
7fa4254ba000-7fa425860000 ---p 00000000 00:00 0 
7fa425860000-7fa425868000 r-xp 00000000 08:02 25697499                   /usr/lib/jvm/java-8-openjdk-amd64/jre/lib/amd64/libzip.so
7fa425868000-7fa425a67000 ---p 00008000 08:02 25697499                   /usr/lib/jvm/java-8-openjdk-amd64/jre/lib/amd64/libzip.so
7fa425a67000-7fa425a68000 r--p 00007000 08:02 25697499                   /usr/lib/jvm/java-8-openjdk-amd64/jre/lib/amd64/libzip.so
7fa425a68000-7fa425a69000 rw-p 00008000 08:02 25697499                   /usr/lib/jvm/java-8-openjdk-amd64/jre/lib/amd64/libzip.so
7fa425a70000-7fa425a7b000 r-xp 00000000 08:02 6820504                    /lib/x86_64-linux-gnu/libnss_files-2.27.so
7fa425a7b000-7fa425c7a000 ---p 0000b000 08:02 6820504                    /lib/x86_64-linux-gnu/libnss_files-2.27.so
7fa425c7a000-7fa425c7b000 r--p 0000a000 08:02 6820504                    /lib/x86_64-linux-gnu/libnss_files-2.27.so
7fa425c7b000-7fa425c7c000 rw-p 0000b000 08:02 6820504                    /lib/x86_64-linux-gnu/libnss_files-2.27.so
7fa425c7c000-7fa425c82000 rw-p 00000000 00:00 0 
7fa425c88000-7fa425c9f000 r-xp 00000000 08:02 6820498                    /lib/x86_64-linux-gnu/libnsl-2.27.so
7fa425c9f000-7fa425e9e000 ---p 00017000 08:02 6820498                    /lib/x86_64-linux-gnu/libnsl-2.27.so
7fa425e9e000-7fa425e9f000 r--p 00016000 08:02 6820498                    /lib/x86_64-linux-gnu/libnsl-2.27.so
7fa425e9f000-7fa425ea0000 rw-p 00017000 08:02 6820498                    /lib/x86_64-linux-gnu/libnsl-2.27.so
7fa425ea0000-7fa425ea2000 rw-p 00000000 00:00 0 
7fa425ea8000-7fa425eb3000 r-xp 00000000 08:02 6820515                    /lib/x86_64-linux-gnu/libnss_nis-2.27.so
7fa425eb3000-7fa4260b2000 ---p 0000b000 08:02 6820515                    /lib/x86_64-linux-gnu/libnss_nis-2.27.so
7fa4260b2000-7fa4260b3000 r--p 0000a000 08:02 6820515                    /lib/x86_64-linux-gnu/libnss_nis-2.27.so
7fa4260b3000-7fa4260b4000 rw-p 0000b000 08:02 6820515                    /lib/x86_64-linux-gnu/libnss_nis-2.27.so
7fa4260b8000-7fa4260c0000 r-xp 00000000 08:02 6820500                    /lib/x86_64-linux-gnu/libnss_compat-2.27.so
7fa4260c0000-7fa4262c0000 ---p 00008000 08:02 6820500                    /lib/x86_64-linux-gnu/libnss_compat-2.27.so
7fa4262c0000-7fa4262c1000 r--p 00008000 08:02 6820500                    /lib/x86_64-linux-gnu/libnss_compat-2.27.so
7fa4262c1000-7fa4262c2000 rw-p 00009000 08:02 6820500                    /lib/x86_64-linux-gnu/libnss_compat-2.27.so
7fa4262c8000-7fa4262f2000 r-xp 00000000 08:02 25697480                   /usr/lib/jvm/java-8-openjdk-amd64/jre/lib/amd64/libjava.so
7fa4262f2000-7fa4264f1000 ---p 0002a000 08:02 25697480                   /usr/lib/jvm/java-8-openjdk-amd64/jre/lib/amd64/libjava.so
7fa4264f1000-7fa4264f2000 r--p 00029000 08:02 25697480                   /usr/lib/jvm/java-8-openjdk-amd64/jre/lib/amd64/libjava.so
7fa4264f2000-7fa4264f4000 rw-p 0002a000 08:02 25697480                   /usr/lib/jvm/java-8-openjdk-amd64/jre/lib/amd64/libjava.so
7fa4264f8000-7fa426508000 r-xp 00000000 08:02 25697498                   /usr/lib/jvm/java-8-openjdk-amd64/jre/lib/amd64/libverify.so
7fa426508000-7fa426707000 ---p 00010000 08:02 25697498                   /usr/lib/jvm/java-8-openjdk-amd64/jre/lib/amd64/libverify.so
7fa426707000-7fa426709000 r--p 0000f000 08:02 25697498                   /usr/lib/jvm/java-8-openjdk-amd64/jre/lib/amd64/libverify.so
7fa426709000-7fa42670a000 rw-p 00011000 08:02 25697498                   /usr/lib/jvm/java-8-openjdk-amd64/jre/lib/amd64/libverify.so
7fa426710000-7fa426717000 r-xp 00000000 08:02 6820555                    /lib/x86_64-linux-gnu/librt-2.27.so
7fa426717000-7fa426916000 ---p 00007000 08:02 6820555                    /lib/x86_64-linux-gnu/librt-2.27.so
7fa426916000-7fa426917000 r--p 00006000 08:02 6820555                    /lib/x86_64-linux-gnu/librt-2.27.so
7fa426917000-7fa426918000 rw-p 00007000 08:02 6820555                    /lib/x86_64-linux-gnu/librt-2.27.so
7fa426918000-7fa42692f000 r-xp 00000000 08:02 6815832                    /lib/x86_64-linux-gnu/libgcc_s.so.1
7fa42692f000-7fa426b2e000 ---p 00017000 08:02 6815832                    /lib/x86_64-linux-gnu/libgcc_s.so.1
7fa426b2e000-7fa426b2f000 r--p 00016000 08:02 6815832                    /lib/x86_64-linux-gnu/libgcc_s.so.1
7fa426b2f000-7fa426b30000 rw-p 00017000 08:02 6815832                    /lib/x86_64-linux-gnu/libgcc_s.so.1
7fa426b30000-7fa426ccd000 r-xp 00000000 08:02 6820477                    /lib/x86_64-linux-gnu/libm-2.27.so
7fa426ccd000-7fa426ecc000 ---p 0019d000 08:02 6820477                    /lib/x86_64-linux-gnu/libm-2.27.so
7fa426ecc000-7fa426ecd000 r--p 0019c000 08:02 6820477                    /lib/x86_64-linux-gnu/libm-2.27.so
7fa426ecd000-7fa426ece000 rw-p 0019d000 08:02 6820477                    /lib/x86_64-linux-gnu/libm-2.27.so
7fa426ed0000-7fa427049000 r-xp 00000000 08:02 25697419                   /usr/lib/x86_64-linux-gnu/libstdc++.so.6.0.25
7fa427049000-7fa427249000 ---p 00179000 08:02 25697419                   /usr/lib/x86_64-linux-gnu/libstdc++.so.6.0.25
7fa427249000-7fa427253000 r--p 00179000 08:02 25697419                   /usr/lib/x86_64-linux-gnu/libstdc++.so.6.0.25
7fa427253000-7fa427255000 rw-p 00183000 08:02 25697419                   /usr/lib/x86_64-linux-gnu/libstdc++.so.6.0.25
7fa427255000-7fa427259000 rw-p 00000000 00:00 0 
7fa427260000-7fa427f03000 r-xp 00000000 08:02 25697502                   /usr/lib/jvm/java-8-openjdk-amd64/jre/lib/amd64/server/libjvm.so
7fa427f03000-7fa428103000 ---p 00ca3000 08:02 25697502                   /usr/lib/jvm/java-8-openjdk-amd64/jre/lib/amd64/server/libjvm.so
7fa428103000-7fa428197000 r--p 00ca3000 08:02 25697502                   /usr/lib/jvm/java-8-openjdk-amd64/jre/lib/amd64/server/libjvm.so
7fa428197000-7fa4281c0000 rw-p 00d37000 08:02 25697502                   /usr/lib/jvm/java-8-openjdk-amd64/jre/lib/amd64/server/libjvm.so
7fa4281c0000-7fa4281f0000 rw-p 00000000 00:00 0 
7fa4281f0000-7fa42820a000 r-xp 00000000 08:02 6820547                    /lib/x86_64-linux-gnu/libpthread-2.27.so
7fa42820a000-7fa428409000 ---p 0001a000 08:02 6820547                    /lib/x86_64-linux-gnu/libpthread-2.27.so
7fa428409000-7fa42840a000 r--p 00019000 08:02 6820547                    /lib/x86_64-linux-gnu/libpthread-2.27.so
7fa42840a000-7fa42840b000 rw-p 0001a000 08:02 6820547                    /lib/x86_64-linux-gnu/libpthread-2.27.so
7fa42840b000-7fa42840f000 rw-p 00000000 00:00 0 
7fa428410000-7fa428413000 r-xp 00000000 08:02 6820437                    /lib/x86_64-linux-gnu/libdl-2.27.so
7fa428413000-7fa428612000 ---p 00003000 08:02 6820437                    /lib/x86_64-linux-gnu/libdl-2.27.so
7fa428612000-7fa428613000 r--p 00002000 08:02 6820437                    /lib/x86_64-linux-gnu/libdl-2.27.so
7fa428613000-7fa428614000 rw-p 00003000 08:02 6820437                    /lib/x86_64-linux-gnu/libdl-2.27.so
7fa428618000-7fa428634000 r-xp 00000000 08:02 6820586                    /lib/x86_64-linux-gnu/libz.so.1.2.11
7fa428634000-7fa428833000 ---p 0001c000 08:02 6820586                    /lib/x86_64-linux-gnu/libz.so.1.2.11
7fa428833000-7fa428834000 r--p 0001b000 08:02 6820586                    /lib/x86_64-linux-gnu/libz.so.1.2.11
7fa428834000-7fa428835000 rw-p 0001c000 08:02 6820586                    /lib/x86_64-linux-gnu/libz.so.1.2.11
7fa428838000-7fa428a1f000 r-xp 00000000 08:02 6820414                    /lib/x86_64-linux-gnu/libc-2.27.so
7fa428a1f000-7fa428c1f000 ---p 001e7000 08:02 6820414                    /lib/x86_64-linux-gnu/libc-2.27.so
7fa428c1f000-7fa428c23000 r--p 001e7000 08:02 6820414                    /lib/x86_64-linux-gnu/libc-2.27.so
7fa428c23000-7fa428c25000 rw-p 001eb000 08:02 6820414                    /lib/x86_64-linux-gnu/libc-2.27.so
7fa428c25000-7fa428c29000 rw-p 00000000 00:00 0 
7fa428c30000-7fa428c3e000 r-xp 00000000 08:02 25697466                   /usr/lib/jvm/java-8-openjdk-amd64/jre/lib/amd64/jli/libjli.so
7fa428c3e000-7fa428e3d000 ---p 0000e000 08:02 25697466                   /usr/lib/jvm/java-8-openjdk-amd64/jre/lib/amd64/jli/libjli.so
7fa428e3d000-7fa428e3e000 r--p 0000d000 08:02 25697466                   /usr/lib/jvm/java-8-openjdk-amd64/jre/lib/amd64/jli/libjli.so
7fa428e3e000-7fa428e3f000 rw-p 0000e000 08:02 25697466                   /usr/lib/jvm/java-8-openjdk-amd64/jre/lib/amd64/jli/libjli.so
7fa428e40000-7fa428e67000 r-xp 00000000 08:02 6820386                    /lib/x86_64-linux-gnu/ld-2.27.so
7fa428e6e000-7fa428f58000 rw-p 00000000 00:00 0 
7fa428f58000-7fa428f60000 rw-s 00000000 08:02 53085898                   /tmp/hsperfdata_innoventes/24495
7fa428f66000-7fa428f67000 ---p 00000000 00:00 0 
7fa428f67000-7fa428f6a000 ---p 00000000 00:00 0 
7fa428f6a000-7fa429067000 rw-p 00000000 00:00 0 
7fa429067000-7fa429068000 r--p 00027000 08:02 6820386                    /lib/x86_64-linux-gnu/ld-2.27.so
7fa429068000-7fa429069000 rw-p 00028000 08:02 6820386                    /lib/x86_64-linux-gnu/ld-2.27.so
7fa429069000-7fa42906a000 rw-p 00000000 00:00 0 
7fa42906b000-7fa42906c000 rw-p 00000000 00:00 0 
7fa42906c000-7fa42906d000 r--p 00000000 00:00 0 
7fa42906d000-7fa429071000 rw-p 00000000 00:00 0 
7fff987b9000-7fff987dc000 rw-p 00000000 00:00 0                          [stack]
7fff987e0000-7fff987e3000 r--p 00000000 00:00 0                          [vvar]
7fff987e3000-7fff987e5000 r-xp 00000000 00:00 0                          [vdso]
ffffffffff600000-ffffffffff601000 r-xp 00000000 00:00 0                  [vsyscall]

VM Arguments:
jvm_args: -Dcom.sun.management.jmxremote -Dcom.sun.management.jmxremote.port=35967 -Dcom.sun.management.jmxremote.authenticate=false -Dcom.sun.management.jmxremote.ssl=false -Djava.rmi.server.hostname=localhost -Dspring.application.admin.enabled=true -Dspring.jmx.enabled=true -Dfile.encoding=UTF-8 
java_command: com.backend.code.FriendsNetworkApplication
java_class_path (initial): /home/innoventes/Desktop/friends_network/target/classes:/home/innoventes/.m2/repository/org/springframework/boot/spring-boot-starter-web/2.2.6.RELEASE/spring-boot-starter-web-2.2.6.RELEASE.jar:/home/innoventes/.m2/repository/org/springframework/boot/spring-boot-starter/2.2.6.RELEASE/spring-boot-starter-2.2.6.RELEASE.jar:/home/innoventes/.m2/repository/org/springframework/boot/spring-boot/2.2.6.RELEASE/spring-boot-2.2.6.RELEASE.jar:/home/innoventes/.m2/repository/org/springframework/boot/spring-boot-autoconfigure/2.2.6.RELEASE/spring-boot-autoconfigure-2.2.6.RELEASE.jar:/home/innoventes/.m2/repository/org/springframework/boot/spring-boot-starter-logging/2.2.6.RELEASE/spring-boot-starter-logging-2.2.6.RELEASE.jar:/home/innoventes/.m2/repository/ch/qos/logback/logback-classic/1.2.3/logback-classic-1.2.3.jar:/home/innoventes/.m2/repository/ch/qos/logback/logback-core/1.2.3/logback-core-1.2.3.jar:/home/innoventes/.m2/repository/org/apache/logging/log4j/log4j-to-slf4j/2.12.1/log4j-to-slf4j-2.12.1.jar:/home/innoventes/.m2/repository/org/apache/logging/log4j/log4j-api/2.12.1/log4j-api-2.12.1.jar:/home/innoventes/.m2/repository/org/slf4j/jul-to-slf4j/1.7.30/jul-to-slf4j-1.7.30.jar:/home/innoventes/.m2/repository/jakarta/annotation/jakarta.annotation-api/1.3.5/jakarta.annotation-api-1.3.5.jar:/home/innoventes/.m2/repository/org/yaml/snakeyaml/1.25/snakeyaml-1.25.jar:/home/innoventes/.m2/repository/org/springframework/boot/spring-boot-starter-json/2.2.6.RELEASE/spring-boot-starter-json-2.2.6.RELEASE.jar:/home/innoventes/.m2/repository/com/fasterxml/jackson/datatype/jackson-datatype-jdk8/2.10.3/jackson-datatype-jdk8-2.10.3.jar:/home/innoventes/.m2/repository/com/fasterxml/jackson/datatype/jackson-datatype-jsr310/2.10.3/jackson-datatype-jsr310-2.10.3.jar:/home/innoventes/.m2/repository/com/fasterxml/jackson/module/jackson-module-parameter-names/2.10.3/jackson-module-parameter-names-2.10.3.jar:/home/innoventes/.m2/repository/org/springframework/boot/s
Launcher Type: SUN_STANDARD

Environment Variables:
PATH=/usr/local/sbin:/usr/local/bin:/usr/sbin:/usr/bin:/sbin:/bin:/usr/games:/usr/local/games:/snap/bin
USERNAME=innoventes
SHELL=/bin/bash
DISPLAY=:0

Signal Handlers:
SIGSEGV: [libjvm.so+0xabc3b0], sa_mask[0]=11111111011111111101111111111110, sa_flags=SA_RESTART|SA_SIGINFO
SIGBUS: [libjvm.so+0xabc3b0], sa_mask[0]=11111111011111111101111111111110, sa_flags=SA_RESTART|SA_SIGINFO
SIGFPE: [libjvm.so+0x8f0bb0], sa_mask[0]=11111111011111111101111111111110, sa_flags=SA_RESTART|SA_SIGINFO
SIGPIPE: [libjvm.so+0x8f0bb0], sa_mask[0]=11111111011111111101111111111110, sa_flags=SA_RESTART|SA_SIGINFO
SIGXFSZ: [libjvm.so+0x8f0bb0], sa_mask[0]=11111111011111111101111111111110, sa_flags=SA_RESTART|SA_SIGINFO
SIGILL: [libjvm.so+0x8f0bb0], sa_mask[0]=11111111011111111101111111111110, sa_flags=SA_RESTART|SA_SIGINFO
SIGUSR1: SIG_DFL, sa_mask[0]=00000000000000000000000000000000, sa_flags=none
SIGUSR2: [libjvm.so+0x8f0a60], sa_mask[0]=00100000000000000000000000000000, sa_flags=SA_RESTART|SA_SIGINFO
SIGHUP: [libjvm.so+0x8f10d0], sa_mask[0]=11111111011111111101111111111110, sa_flags=SA_RESTART|SA_SIGINFO
SIGINT: [libjvm.so+0x8f10d0], sa_mask[0]=11111111011111111101111111111110, sa_flags=SA_RESTART|SA_SIGINFO
SIGTERM: [libjvm.so+0x8f10d0], sa_mask[0]=11111111011111111101111111111110, sa_flags=SA_RESTART|SA_SIGINFO
SIGQUIT: [libjvm.so+0x8f10d0], sa_mask[0]=11111111011111111101111111111110, sa_flags=SA_RESTART|SA_SIGINFO


---------------  S Y S T E M  ---------------

OS:DISTRIB_ID=Ubuntu
DISTRIB_RELEASE=18.04
DISTRIB_CODENAME=bionic
DISTRIB_DESCRIPTION="Ubuntu 18.04.3 LTS"

uname:Linux 4.15.0-88-generic #88-Ubuntu SMP Tue Feb 11 20:11:34 UTC 2020 x86_64
libc:glibc 2.27 NPTL 2.27 
rlimit: STACK 8192k, CORE 0k, NPROC 29400, NOFILE 1048576, AS infinity
load average:1.34 1.51 1.81

/proc/meminfo:
MemTotal:        7621904 kB
MemFree:          502212 kB
MemAvailable:     844784 kB
Buffers:           27424 kB
Cached:           725008 kB
SwapCached:        86624 kB
Active:          5256720 kB
Inactive:         986988 kB
Active(anon):    4926044 kB
Inactive(anon):   803164 kB
Active(file):     330676 kB
Inactive(file):   183824 kB
Unevictable:          64 kB
Mlocked:              64 kB
SwapTotal:       2097148 kB
SwapFree:        1036036 kB
Dirty:               524 kB
Writeback:             0 kB
AnonPages:       5461512 kB
Mapped:           529688 kB
Shmem:            260424 kB
Slab:             227336 kB
SReclaimable:      96360 kB
SUnreclaim:       130976 kB
KernelStack:       22624 kB
PageTables:       138984 kB
NFS_Unstable:          0 kB
Bounce:                0 kB
WritebackTmp:          0 kB
CommitLimit:     5908100 kB
Committed_AS:   19905256 kB
VmallocTotal:   34359738367 kB
VmallocUsed:           0 kB
VmallocChunk:          0 kB
HardwareCorrupted:     0 kB
AnonHugePages:         0 kB
ShmemHugePages:        0 kB
ShmemPmdMapped:        0 kB
CmaTotal:              0 kB
CmaFree:               0 kB
HugePages_Total:       0
HugePages_Free:        0
HugePages_Rsvd:        0
HugePages_Surp:        0
Hugepagesize:       2048 kB
DirectMap4k:     4930304 kB
DirectMap2M:     2904064 kB
DirectMap1G:           0 kB

container (cgroup) information:
container_type: cgroupv1
cpu_cpuset_cpus: 0-3
cpu_memory_nodes: 0
active_processor_count: 4
cpu_quota: -1
cpu_period: 100000
cpu_shares: -1
memory_limit_in_bytes: -1
memory_and_swap_limit_in_bytes: -2
memory_soft_limit_in_bytes: -1
memory_usage_in_bytes: 6435774464
memory_max_usage_in_bytes: 6978269184


CPU:total 4 (initial active 4) (4 cores per cpu, 1 threads per core) family 21 model 16 stepping 1, cmov, cx8, fxsr, mmx, sse, sse2, sse3, ssse3, sse4.1, sse4.2, popcnt, avx, aes, clmul, mmxext, 3dnowpref, lzcnt, sse4a, tsc, tscinvbit, tscinv, bmi1

/proc/cpuinfo:
processor	: 0
vendor_id	: AuthenticAMD
cpu family	: 21
model		: 16
model name	: AMD A10-4600M APU with Radeon(tm) HD Graphics
stepping	: 1
microcode	: 0x6001119
cpu MHz		: 2295.489
cache size	: 2048 KB
physical id	: 0
siblings	: 4
core id		: 0
cpu cores	: 2
apicid		: 16
initial apicid	: 0
fpu		: yes
fpu_exception	: yes
cpuid level	: 13
wp		: yes
flags		: fpu vme de pse tsc msr pae mce cx8 apic sep mtrr pge mca cmov pat pse36 clflush mmx fxsr sse sse2 ht syscall nx mmxext fxsr_opt pdpe1gb rdtscp lm constant_tsc rep_good nopl nonstop_tsc cpuid extd_apicid aperfmperf pni pclmulqdq monitor ssse3 fma cx16 sse4_1 sse4_2 popcnt aes xsave avx f16c lahf_lm cmp_legacy svm extapic cr8_legacy abm sse4a misalignsse 3dnowprefetch osvw ibs xop skinit wdt lwp fma4 tce nodeid_msr tbm topoext perfctr_core perfctr_nb cpb hw_pstate ssbd vmmcall bmi1 arat npt lbrv svm_lock nrip_save tsc_scale vmcb_clean flushbyasid decodeassists pausefilter pfthreshold
bugs		: fxsave_leak sysret_ss_attrs null_seg spectre_v1 spectre_v2 spec_store_bypass
bogomips	: 4590.97
TLB size	: 1536 4K pages
clflush size	: 64
cache_alignment	: 64
address sizes	: 48 bits physical, 48 bits virtual
power management: ts ttp tm 100mhzsteps hwpstate cpb eff_freq_ro

processor	: 1
vendor_id	: AuthenticAMD
cpu family	: 21
model		: 16
model name	: AMD A10-4600M APU with Radeon(tm) HD Graphics
stepping	: 1
microcode	: 0x6001119
cpu MHz		: 2295.495
cache size	: 2048 KB
physical id	: 0
siblings	: 4
core id		: 1
cpu cores	: 2
apicid		: 17
initial apicid	: 1
fpu		: yes
fpu_exception	: yes
cpuid level	: 13
wp		: yes
flags		: fpu vme de pse tsc msr pae mce cx8 apic sep mtrr pge mca cmov pat pse36 clflush mmx fxsr sse sse2 ht syscall nx mmxext fxsr_opt pdpe1gb rdtscp lm constant_tsc rep_good nopl nonstop_tsc cpuid extd_apicid aperfmperf pni pclmulqdq monitor ssse3 fma cx16 sse4_1 sse4_2 popcnt aes xsave avx f16c lahf_lm cmp_legacy svm extapic cr8_legacy abm sse4a misalignsse 3dnowprefetch osvw ibs xop skinit wdt lwp fma4 tce nodeid_msr tbm topoext perfctr_core perfctr_nb cpb hw_pstate ssbd vmmcall bmi1 arat npt lbrv svm_lock nrip_save tsc_scale vmcb_clean flushbyasid decodeassists pausefilter pfthreshold
bugs		: fxsave_leak sysret_ss_attrs null_seg spectre_v1 spectre_v2 spec_store_bypass
bogomips	: 4590.97
TLB size	: 1536 4K pages
clflush size	: 64
cache_alignment	: 64
address sizes	: 48 bits physical, 48 bits virtual
power management: ts ttp tm 100mhzsteps hwpstate cpb eff_freq_ro

processor	: 2
vendor_id	: AuthenticAMD
cpu family	: 21
model		: 16
model name	: AMD A10-4600M APU with Radeon(tm) HD Graphics
stepping	: 1
microcode	: 0x6001119
cpu MHz		: 2295.483
cache size	: 2048 KB
physical id	: 0
siblings	: 4
core id		: 2
cpu cores	: 2
apicid		: 18
initial apicid	: 2
fpu		: yes
fpu_exception	: yes
cpuid level	: 13
wp		: yes
flags		: fpu vme de pse tsc msr pae mce cx8 apic sep mtrr pge mca cmov pat pse36 clflush mmx fxsr sse sse2 ht syscall nx mmxext fxsr_opt pdpe1gb rdtscp lm constant_tsc rep_good nopl nonstop_tsc cpuid extd_apicid aperfmperf pni pclmulqdq monitor ssse3 fma cx16 sse4_1 sse4_2 popcnt aes xsave avx f16c lahf_lm cmp_legacy svm extapic cr8_legacy abm sse4a misalignsse 3dnowprefetch osvw ibs xop skinit wdt lwp fma4 tce nodeid_msr tbm topoext perfctr_core perfctr_nb cpb hw_pstate ssbd vmmcall bmi1 arat npt lbrv svm_lock nrip_save tsc_scale vmcb_clean flushbyasid decodeassists pausefilter pfthreshold
bugs		: fxsave_leak sysret_ss_attrs null_seg spectre_v1 spectre_v2 spec_store_bypass
bogomips	: 4590.97
TLB size	: 1536 4K pages
clflush size	: 64
cache_alignment	: 64
address sizes	: 48 bits physical, 48 bits virtual
power management: ts ttp tm 100mhzsteps hwpstate cpb eff_freq_ro

processor	: 3
vendor_id	: AuthenticAMD
cpu family	: 21
model		: 16
model name	: AMD A10-4600M APU with Radeon(tm) HD Graphics
stepping	: 1
microcode	: 0x6001119
cpu MHz		: 2295.473
cache size	: 2048 KB
physical id	: 0
siblings	: 4
core id		: 3
cpu cores	: 2
apicid		: 19
initial apicid	: 3
fpu		: yes
fpu_exception	: yes
cpuid level	: 13
wp		: yes
flags		: fpu vme de pse tsc msr pae mce cx8 apic sep mtrr pge mca cmov pat pse36 clflush mmx fxsr sse sse2 ht syscall nx mmxext fxsr_opt pdpe1gb rdtscp lm constant_tsc rep_good nopl nonstop_tsc cpuid extd_apicid aperfmperf pni pclmulqdq monitor ssse3 fma cx16 sse4_1 sse4_2 popcnt aes xsave avx f16c lahf_lm cmp_legacy svm extapic cr8_legacy abm sse4a misalignsse 3dnowprefetch osvw ibs xop skinit wdt lwp fma4 tce nodeid_msr tbm topoext perfctr_core perfctr_nb cpb hw_pstate ssbd vmmcall bmi1 arat npt lbrv svm_lock nrip_save tsc_scale vmcb_clean flushbyasid decodeassists pausefilter pfthreshold
bugs		: fxsave_leak sysret_ss_attrs null_seg spectre_v1 spectre_v2 spec_store_bypass
bogomips	: 4590.97
TLB size	: 1536 4K pages
clflush size	: 64
cache_alignment	: 64
address sizes	: 48 bits physical, 48 bits virtual
power management: ts ttp tm 100mhzsteps hwpstate cpb eff_freq_ro



Memory: 4k page, physical 7621904k(499656k free), swap 2097148k(1036036k free)

vm_info: OpenJDK 64-Bit Server VM (25.242-b08) for linux-amd64 JRE (1.8.0_242-8u242-b08-0ubuntu3~18.04-b08), built on Jan 17 2020 23:41:21 by "buildd" with gcc 7.4.0

time: Thu May 28 16:25:54 2020
timezone: IST
elapsed time: 3 seconds (0d 0h 0m 3s)

