#
# A fatal error has been detected by the Java Runtime Environment:
#
#  SIGSEGV (0xb) at pc=0x00007f366efe6e8e, pid=13348, tid=0x00007f366c4d5700
#
# JRE version: OpenJDK Runtime Environment (8.0_242-b08) (build 1.8.0_242-8u242-b08-0ubuntu3~18.04-b08)
# Java VM: OpenJDK 64-Bit Server VM (25.242-b08 mixed mode linux-amd64 compressed oops)
# Problematic frame:
# V  [libjvm.so+0x63ee8e]
#
# Failed to write core dump. Core dumps have been disabled. To enable core dumping, try "ulimit -c unlimited" before starting Java again
#
# If you would like to submit a bug report, please visit:
#   http://bugreport.java.com/bugreport/crash.jsp
#

---------------  T H R E A D  ---------------

Current thread (0x00007f3668027000):  GCTaskThread [stack: 0x00007f366c3d6000,0x00007f366c4d6000] [id=13355]

siginfo: si_signo: 11 (SIGSEGV), si_code: 128 (SI_KERNEL), si_addr: 0x0000000000000000

Registers:
RAX=0x00007f36505d0000, RBX=0x0000000000000001, RCX=0x0000000000000000, RDX=0x007fffffffba3000
RSP=0x00007f366c4d4b50, RBP=0x00007f366c4d4ba0, RSI=0x0000000000000001, RDI=0x0000000000000000
R8 =0x00007f366f91b3e0, R9 =0x000000000000000c, R10=0x00007f367067b000, R11=0x00007f36505e9f90
R12=0x00007f366807a1d0, R13=0x000000008c07e584, R14=0x000000010001e760, R15=0x000000008c07e59c
RIP=0x00007f366efe6e8e, EFLAGS=0x0000000000010216, CSGSFS=0x002b000000000033, ERR=0x0000000000000000
  TRAPNO=0x000000000000000d

Top of Stack: (sp=0x00007f366c4d4b50)
0x00007f366c4d4b50:   000000008c07e568 000000010001e768
0x00007f366c4d4b60:   00007f366f91b3e0 0000000000000005
0x00007f366c4d4b70:   00007f366807a1d0 00007f366807a1d0
0x00007f366c4d4b80:   00007f366f9176ac 0000000000000003
0x00007f366c4d4b90:   0000000000000001 00007f366c4d4d04
0x00007f366c4d4ba0:   00007f366c4d4c90 00007f366f30044f
0x00007f366c4d4bb0:   00007f366c4d4c30 00007f366f30044f
0x00007f366c4d4bc0:   00007f366807a1e0 000000008c07e540
0x00007f366c4d4bd0:   000000008c07e540 00007f366807a1d0
0x00007f366c4d4be0:   00007f366c4d4c40 000000008c07e568
0x00007f366c4d4bf0:   00007f366c4d4c30 0000000100002070
0x00007f366c4d4c00:   00007f366f91b3e0 0000000000000005
0x00007f366c4d4c10:   00000f8e00000006 00007f366807a1d0
0x00007f366c4d4c20:   00000f8f00000006 000000008bf383d8
0x00007f366c4d4c30:   0000000000000001 00007f366c4d4d04
0x00007f366c4d4c40:   00007f366c4d4c90 00007f366efec696
0x00007f366c4d4c50:   00007f366f91b3e0 7f708e96cbf0b600
0x00007f366c4d4c60:   00007f366c4d4ca0 00007f366807a1d0
0x00007f366c4d4c70:   0000000000000000 0000000000000003
0x00007f366c4d4c80:   0000000000000001 00007f366c4d4d04
0x00007f366c4d4c90:   00007f366c4d4da0 00007f366f2e30fa
0x00007f366c4d4ca0:   00007f366c4d4da0 00007f366f2e21a0
0x00007f366c4d4cb0:   00007f366c4d4da0 00007f366f2e2784
0x00007f366c4d4cc0:   00007f366c4d4d20 00000000000003d8
0x00007f366c4d4cd0:   00007f366c4d4d10 00007f366c4d4d40
0x00007f366c4d4ce0:   00007f366807a1d0 00007f3628023ca0
0x00007f366c4d4cf0:   0000000000000000 00007f366807a1d0
0x00007f366c4d4d00:   7c83a59c6c4d4cd0 000000008bf383d8
0x00007f366c4d4d10:   0000000000000000 00007f3600000000
0x00007f366c4d4d20:   0000000400000e9a 00007f3668026500
0x00007f366c4d4d30:   0000000400000e9b 00007f366802cd00
0x00007f366c4d4d40:   00007f366c4d4cf0 00007f366f25a8ab 

Instructions: (pc=0x00007f366efe6e8e)
0x00007f366efe6e6e:   48 89 c8 8b 0a 48 c1 e8 03 48 d3 e8 48 89 c1 48
0x00007f366efe6e7e:   89 c2 49 8b 40 30 83 e1 3f 48 c1 ea 06 48 d3 e6
0x00007f366efe6e8e:   48 85 34 d0 75 9c 48 8d 05 cf ab 92 00 80 38 00
0x00007f366efe6e9e:   0f 85 0c 02 00 00 48 8b 73 08 48 89 df 4c 89 45 

Register to memory mapping:

RAX=0x00007f36505d0000 is an unknown value
RBX=0x0000000000000001 is an unknown value
RCX=0x0000000000000000 is an unknown value
RDX=0x007fffffffba3000 is an unknown value
RSP=0x00007f366c4d4b50 is an unknown value
RBP=0x00007f366c4d4ba0 is an unknown value
RSI=0x0000000000000001 is an unknown value
RDI=0x0000000000000000 is an unknown value
R8 =0x00007f366f91b3e0: <offset 0xf733e0> in /usr/lib/jvm/java-8-openjdk-amd64/jre/lib/amd64/server/libjvm.so at 0x00007f366e9a8000
R9 =0x000000000000000c is an unknown value
R10=0x00007f367067b000 is an unknown value
R11=0x00007f36505e9f90 is an unknown value
R12=0x00007f366807a1d0 is an unknown value
R13=0x000000008c07e584 is pointing into object: 0x000000008c07e568
java.lang.Class$ReflectionData 
 - klass: 'java/lang/Class$ReflectionData'
R14=0x000000010001e760 is pointing into metadata
R15=0x000000008c07e59c is pointing into object: 0x000000008c07e568
java.lang.Class$ReflectionData 
 - klass: 'java/lang/Class$ReflectionData'


Stack: [0x00007f366c3d6000,0x00007f366c4d6000],  sp=0x00007f366c4d4b50,  free space=1018k
Native frames: (J=compiled Java code, j=interpreted, Vv=VM code, C=native code)
V  [libjvm.so+0x63ee8e]
V  [libjvm.so+0x95844f]
V  [libjvm.so+0x93b0fa]
V  [libjvm.so+0x5c1326]
V  [libjvm.so+0x8f2d82]


---------------  P R O C E S S  ---------------

Java Threads: ( => current thread )
  0x00007f3668e4a800 JavaThread "container-0" [_thread_blocked, id=13377, stack(0x00007f36208fe000,0x00007f36209ff000)]
  0x00007f360c3c3800 JavaThread "Catalina-utility-2" [_thread_blocked, id=13376, stack(0x00007f36480f5000,0x00007f36481f6000)]
  0x00007f36680d9000 JavaThread "Catalina-utility-1" [_thread_blocked, id=13375, stack(0x00007f3648ff6000,0x00007f36490f7000)]
  0x00007f366860a000 JavaThread "RMI TCP Accept-0" daemon [_thread_in_native, id=13368, stack(0x00007f36493f8000,0x00007f36494f9000)]
  0x00007f36685ec000 JavaThread "RMI TCP Accept-45459" daemon [_thread_in_native, id=13367, stack(0x00007f36494f9000,0x00007f36495fa000)]
  0x00007f36685d5000 JavaThread "RMI TCP Accept-0" daemon [_thread_in_native, id=13366, stack(0x00007f36495fa000,0x00007f36496fb000)]
  0x00007f36680cd000 JavaThread "Service Thread" daemon [_thread_blocked, id=13365, stack(0x00007f364a71b000,0x00007f364a81c000)]
  0x00007f36680c2000 JavaThread "C1 CompilerThread2" daemon [_thread_blocked, id=13364, stack(0x00007f364a81d000,0x00007f364a91d000)]
  0x00007f36680c0000 JavaThread "C2 CompilerThread1" daemon [_thread_blocked, id=13363, stack(0x00007f364a91e000,0x00007f364aa1e000)]
  0x00007f36680bd800 JavaThread "C2 CompilerThread0" daemon [_thread_in_native, id=13362, stack(0x00007f364aa1f000,0x00007f364ab1f000)]
  0x00007f36680b9800 JavaThread "Signal Dispatcher" daemon [_thread_blocked, id=13361, stack(0x00007f364ab1f000,0x00007f364ac20000)]
  0x00007f366808b800 JavaThread "Finalizer" daemon [_thread_blocked, id=13360, stack(0x00007f364b5f6000,0x00007f364b6f7000)]
  0x00007f3668087000 JavaThread "Reference Handler" daemon [_thread_blocked, id=13359, stack(0x00007f364b6f7000,0x00007f364b7f8000)]
  0x00007f366800f800 JavaThread "main" [_thread_blocked, id=13353, stack(0x00007f36706af000,0x00007f36707af000)]

Other Threads:
  0x00007f366807d800 VMThread [stack: 0x00007f364b7f9000,0x00007f364b8f9000] [id=13358]
  0x00007f366860a800 WatcherThread [stack: 0x00007f36492f8000,0x00007f36493f8000] [id=13369]

=>0x00007f3668027000 (exited) GCTaskThread [stack: 0x00007f366c3d6000,0x00007f366c4d6000] [id=13355]

VM state:at safepoint (normal execution)

VM Mutex/Monitor currently owned by a thread:  ([mutex/lock_event])
[0x00007f366800c340] Threads_lock - owner thread: 0x00007f366807d800
[0x00007f366800c840] Heap_lock - owner thread: 0x00007f366800f800

heap address: 0x000000008ba00000, size: 1862 MB, Compressed Oops mode: 32-bit
Narrow klass base: 0x0000000000000000, Narrow klass shift: 3
Compressed class space size: 1073741824 Address: 0x0000000100000000

Heap:
 PSYoungGen      total 157184K, used 8397K [0x00000000d9380000, 0x00000000e3a00000, 0x0000000100000000)
  eden space 146432K, 0% used [0x00000000d9380000,0x00000000d9380000,0x00000000e2280000)
  from space 10752K, 78% used [0x00000000e2d80000,0x00000000e35b3418,0x00000000e3800000)
  to   space 11264K, 0% used [0x00000000e2280000,0x00000000e2280000,0x00000000e2d80000)
 ParOldGen       total 53760K, used 9035K [0x000000008ba00000, 0x000000008ee80000, 0x00000000d9380000)
  object space 53760K, 16% used [0x000000008ba00000,0x000000008c2d2ed8,0x000000008ee80000)
 Metaspace       used 33650K, capacity 35336K, committed 35416K, reserved 1079296K
  class space    used 4306K, capacity 4620K, committed 4696K, reserved 1048576K

Card table byte_map: [0x00007f366c844000,0x00007f366cbe8000] byte_map_base: 0x00007f366c3e7000

Marking Bits: (ParMarkBitMap*) 0x00007f366f91b3e0
 Begin Bits: [0x00007f36505d0000, 0x00007f36522e8000)
 End Bits:   [0x00007f36522e8000, 0x00007f3654000000)

Polling page: 0x00007f36707b3000

CodeCache: size=245760Kb used=10660Kb max_used=10660Kb free=235099Kb
 bounds [0x00007f3659000000, 0x00007f3659a70000, 0x00007f3668000000]
 total_blobs=3627 nmethods=3221 adapters=321
 compilation: enabled

Compilation events (10 events):
Event: 5.704 Thread 0x00007f36680c2000 3242       2       org.springframework.core.convert.TypeDescriptor::hashCode (8 bytes)
Event: 5.704 Thread 0x00007f36680c2000 nmethod 3242 0x00007f3659a6b4d0 code [0x00007f3659a6b640, 0x00007f3659a6b7a8]
Event: 5.705 Thread 0x00007f36680c2000 3243       2       java.lang.Integer::hashCode (8 bytes)
Event: 5.705 Thread 0x00007f36680c2000 nmethod 3243 0x00007f3659a6b890 code [0x00007f3659a6b9e0, 0x00007f3659a6bb30]
Event: 5.705 Thread 0x00007f36680c2000 3244       2       java.lang.Integer::hashCode (2 bytes)
Event: 5.705 Thread 0x00007f36680c2000 nmethod 3244 0x00007f3659a6bb90 code [0x00007f3659a6bce0, 0x00007f3659a6be10]
Event: 5.708 Thread 0x00007f36680c2000 3245   !   2       org.springframework.beans.factory.annotation.AutowiredAnnotationBeanPostProcessor::lambda$determineCandidateConstructors$0 (89 bytes)
Event: 5.710 Thread 0x00007f36680c2000 nmethod 3245 0x00007f3659a6be90 code [0x00007f3659a6c0c0, 0x00007f3659a6c838]
Event: 5.710 Thread 0x00007f36680c2000 3246       1       org.springframework.beans.factory.config.InstantiationAwareBeanPostProcessorAdapter::postProcessAfterInstantiation (2 bytes)
Event: 5.710 Thread 0x00007f36680c2000 nmethod 3246 0x00007f3659a5cad0 code [0x00007f3659a5cc20, 0x00007f3659a5cd30]

GC Heap History (10 events):
Event: 2.141 GC heap after
Heap after GC invocations=5 (full 1):
 PSYoungGen      total 66048K, used 0K [0x00000000d9380000, 0x00000000dd880000, 0x0000000100000000)
  eden space 61440K, 0% used [0x00000000d9380000,0x00000000d9380000,0x00000000dcf80000)
  from space 4608K, 0% used [0x00000000dd400000,0x00000000dd400000,0x00000000dd880000)
  to   space 4608K, 0% used [0x00000000dcf80000,0x00000000dcf80000,0x00000000dd400000)
 ParOldGen       total 53760K, used 7270K [0x000000008ba00000, 0x000000008ee80000, 0x00000000d9380000)
  object space 53760K, 13% used [0x000000008ba00000,0x000000008c119af8,0x000000008ee80000)
 Metaspace       used 20588K, capacity 21152K, committed 21248K, reserved 1067008K
  class space    used 2586K, capacity 2760K, committed 2816K, reserved 1048576K
}
Event: 2.525 GC heap before
{Heap before GC invocations=6 (full 1):
 PSYoungGen      total 66048K, used 61407K [0x00000000d9380000, 0x00000000dd880000, 0x0000000100000000)
  eden space 61440K, 99% used [0x00000000d9380000,0x00000000dcf77e48,0x00000000dcf80000)
  from space 4608K, 0% used [0x00000000dd400000,0x00000000dd400000,0x00000000dd880000)
  to   space 4608K, 0% used [0x00000000dcf80000,0x00000000dcf80000,0x00000000dd400000)
 ParOldGen       total 53760K, used 7270K [0x000000008ba00000, 0x000000008ee80000, 0x00000000d9380000)
  object space 53760K, 13% used [0x000000008ba00000,0x000000008c119af8,0x000000008ee80000)
 Metaspace       used 23058K, capacity 23766K, committed 23936K, reserved 1071104K
  class space    used 2916K, capacity 3107K, committed 3200K, reserved 1048576K
Event: 2.534 GC heap after
Heap after GC invocations=6 (full 1):
 PSYoungGen      total 66048K, used 3787K [0x00000000d9380000, 0x00000000e0300000, 0x0000000100000000)
  eden space 61440K, 0% used [0x00000000d9380000,0x00000000d9380000,0x00000000dcf80000)
  from space 4608K, 82% used [0x00000000dcf80000,0x00000000dd332c00,0x00000000dd400000)
  to   space 8192K, 0% used [0x00000000dfb00000,0x00000000dfb00000,0x00000000e0300000)
 ParOldGen       total 53760K, used 7278K [0x000000008ba00000, 0x000000008ee80000, 0x00000000d9380000)
  object space 53760K, 13% used [0x000000008ba00000,0x000000008c11baf8,0x000000008ee80000)
 Metaspace       used 23058K, capacity 23766K, committed 23936K, reserved 1071104K
  class space    used 2916K, capacity 3107K, committed 3200K, reserved 1048576K
}
Event: 3.699 GC heap before
{Heap before GC invocations=7 (full 1):
 PSYoungGen      total 66048K, used 65227K [0x00000000d9380000, 0x00000000e0300000, 0x0000000100000000)
  eden space 61440K, 100% used [0x00000000d9380000,0x00000000dcf80000,0x00000000dcf80000)
  from space 4608K, 82% used [0x00000000dcf80000,0x00000000dd332c00,0x00000000dd400000)
  to   space 8192K, 0% used [0x00000000dfb00000,0x00000000dfb00000,0x00000000e0300000)
 ParOldGen       total 53760K, used 7278K [0x000000008ba00000, 0x000000008ee80000, 0x00000000d9380000)
  object space 53760K, 13% used [0x000000008ba00000,0x000000008c11baf8,0x000000008ee80000)
 Metaspace       used 26535K, capacity 27698K, committed 28032K, reserved 1073152K
  class space    used 3372K, capacity 3625K, committed 3712K, reserved 1048576K
Event: 3.719 GC heap after
Heap after GC invocations=7 (full 1):
 PSYoungGen      total 102912K, used 7067K [0x00000000d9380000, 0x00000000e0200000, 0x0000000100000000)
  eden space 95744K, 0% used [0x00000000d9380000,0x00000000d9380000,0x00000000df100000)
  from space 7168K, 98% used [0x00000000dfb00000,0x00000000e01e6d80,0x00000000e0200000)
  to   space 8704K, 0% used [0x00000000df100000,0x00000000df100000,0x00000000df980000)
 ParOldGen       total 53760K, used 7286K [0x000000008ba00000, 0x000000008ee80000, 0x00000000d9380000)
  object space 53760K, 13% used [0x000000008ba00000,0x000000008c11daf8,0x000000008ee80000)
 Metaspace       used 26535K, capacity 27698K, committed 28032K, reserved 1073152K
  class space    used 3372K, capacity 3625K, committed 3712K, reserved 1048576K
}
Event: 5.052 GC heap before
{Heap before GC invocations=8 (full 1):
 PSYoungGen      total 102912K, used 102811K [0x00000000d9380000, 0x00000000e0200000, 0x0000000100000000)
  eden space 95744K, 100% used [0x00000000d9380000,0x00000000df100000,0x00000000df100000)
  from space 7168K, 98% used [0x00000000dfb00000,0x00000000e01e6d80,0x00000000e0200000)
  to   space 8704K, 0% used [0x00000000df100000,0x00000000df100000,0x00000000df980000)
 ParOldGen       total 53760K, used 7286K [0x000000008ba00000, 0x000000008ee80000, 0x00000000d9380000)
  object space 53760K, 13% used [0x000000008ba00000,0x000000008c11daf8,0x000000008ee80000)
 Metaspace       used 32021K, capacity 33712K, committed 33920K, reserved 1079296K
  class space    used 4104K, capacity 4432K, committed 4480K, reserved 1048576K
Event: 5.075 GC heap after
Heap after GC invocations=8 (full 1):
 PSYoungGen      total 104448K, used 8680K [0x00000000d9380000, 0x00000000e3800000, 0x0000000100000000)
  eden space 95744K, 0% used [0x00000000d9380000,0x00000000d9380000,0x00000000df100000)
  from space 8704K, 99% used [0x00000000df100000,0x00000000df97a2d0,0x00000000df980000)
  to   space 10752K, 0% used [0x00000000e2d80000,0x00000000e2d80000,0x00000000e3800000)
 ParOldGen       total 53760K, used 9027K [0x000000008ba00000, 0x000000008ee80000, 0x00000000d9380000)
  object space 53760K, 16% used [0x000000008ba00000,0x000000008c2d0ed8,0x000000008ee80000)
 Metaspace       used 32021K, capacity 33712K, committed 33920K, reserved 1079296K
  class space    used 4104K, capacity 4432K, committed 4480K, reserved 1048576K
}
Event: 5.711 GC heap before
{Heap before GC invocations=9 (full 1):
 PSYoungGen      total 104448K, used 34701K [0x00000000d9380000, 0x00000000e3800000, 0x0000000100000000)
  eden space 95744K, 27% used [0x00000000d9380000,0x00000000dace9208,0x00000000df100000)
  from space 8704K, 99% used [0x00000000df100000,0x00000000df97a2d0,0x00000000df980000)
  to   space 10752K, 0% used [0x00000000e2d80000,0x00000000e2d80000,0x00000000e3800000)
 ParOldGen       total 53760K, used 9027K [0x000000008ba00000, 0x000000008ee80000, 0x00000000d9380000)
  object space 53760K, 16% used [0x000000008ba00000,0x000000008c2d0ed8,0x000000008ee80000)
 Metaspace       used 33650K, capacity 35336K, committed 35416K, reserved 1079296K
  class space    used 4306K, capacity 4620K, committed 4696K, reserved 1048576K
Event: 5.731 GC heap after
Heap after GC invocations=9 (full 1):
 PSYoungGen      total 157184K, used 8397K [0x00000000d9380000, 0x00000000e3a00000, 0x0000000100000000)
  eden space 146432K, 0% used [0x00000000d9380000,0x00000000d9380000,0x00000000e2280000)
  from space 10752K, 78% used [0x00000000e2d80000,0x00000000e35b3418,0x00000000e3800000)
  to   space 11264K, 0% used [0x00000000e2280000,0x00000000e2280000,0x00000000e2d80000)
 ParOldGen       total 53760K, used 9035K [0x000000008ba00000, 0x000000008ee80000, 0x00000000d9380000)
  object space 53760K, 16% used [0x000000008ba00000,0x000000008c2d2ed8,0x000000008ee80000)
 Metaspace       used 33650K, capacity 35336K, committed 35416K, reserved 1079296K
  class space    used 4306K, capacity 4620K, committed 4696K, reserved 1048576K
}
Event: 5.731 GC heap before
{Heap before GC invocations=10 (full 2):
 PSYoungGen      total 157184K, used 8397K [0x00000000d9380000, 0x00000000e3a00000, 0x0000000100000000)
  eden space 146432K, 0% used [0x00000000d9380000,0x00000000d9380000,0x00000000e2280000)
  from space 10752K, 78% used [0x00000000e2d80000,0x00000000e35b3418,0x00000000e3800000)
  to   space 11264K, 0% used [0x00000000e2280000,0x00000000e2280000,0x00000000e2d80000)
 ParOldGen       total 53760K, used 9035K [0x000000008ba00000, 0x000000008ee80000, 0x00000000d9380000)
  object space 53760K, 16% used [0x000000008ba00000,0x000000008c2d2ed8,0x000000008ee80000)
 Metaspace       used 33650K, capacity 35336K, committed 35416K, reserved 1079296K
  class space    used 4306K, capacity 4620K, committed 4696K, reserved 1048576K

Deoptimization events (10 events):
Event: 5.453 Thread 0x00007f366800f800 Uncommon trap: reason=unstable_if action=reinterpret pc=0x00007f3659a0c894 method=org.springframework.core.annotation.AnnotationsScanner.getBaseTypeMethods(Ljava/lang/Object;Ljava/lang/Class;Ljava/util/function/BiPredicate;)[Ljava/lang/reflect/Method; @ 1
Event: 5.491 Thread 0x00007f366800f800 Uncommon trap: reason=unstable_if action=reinterpret pc=0x00007f365957a4c8 method=java.util.HashMap.putVal(ILjava/lang/Object;Ljava/lang/Object;ZZ)Ljava/lang/Object; @ 162
Event: 5.494 Thread 0x00007f366800f800 Uncommon trap: reason=unstable_if action=reinterpret pc=0x00007f3659458100 method=java.util.HashMap.getNode(ILjava/lang/Object;)Ljava/util/HashMap$Node; @ 84
Event: 5.494 Thread 0x00007f366800f800 Uncommon trap: reason=unstable_if action=reinterpret pc=0x00007f365944f5a8 method=java.util.HashMap.getNode(ILjava/lang/Object;)Ljava/util/HashMap$Node; @ 84
Event: 5.501 Thread 0x00007f366800f800 Uncommon trap: reason=unstable_if action=reinterpret pc=0x00007f3659940df8 method=java.util.concurrent.ConcurrentHashMap.putVal(Ljava/lang/Object;Ljava/lang/Object;Z)Ljava/lang/Object; @ 331
Event: 5.548 Thread 0x00007f366800f800 Uncommon trap: reason=unstable_if action=reinterpret pc=0x00007f365966b4e8 method=java.util.LinkedList.node(I)Ljava/util/LinkedList$Node; @ 19
Event: 5.578 Thread 0x00007f366800f800 Uncommon trap: reason=class_check action=maybe_recompile pc=0x00007f3659a385a8 method=org.springframework.core.annotation.TypeMappedAnnotations$MergedAnnotationFinder.process(Ljava/lang/Object;ILjava/lang/Object;Ljava/lang/annotation/Annotation;)Lorg/spri
Event: 5.592 Thread 0x00007f366800f800 Uncommon trap: reason=unstable_if action=reinterpret pc=0x00007f365952a3c4 method=java.util.HashMap.resize()[Ljava/util/HashMap$Node; @ 206
Event: 5.691 Thread 0x00007f366800f800 Uncommon trap: reason=null_check action=make_not_entrant pc=0x00007f3659830b54 method=org.springframework.util.ClassUtils.isAssignable(Ljava/lang/Class;Ljava/lang/Class;)Z @ 14
Event: 5.693 Thread 0x00007f366800f800 Uncommon trap: reason=unstable_if action=reinterpret pc=0x00007f36599d8848 method=org.springframework.boot.context.properties.source.ConfigurationPropertyName$Elements.charAt(II)C @ 13

Classes redefined (0 events):
No events

Internal exceptions (10 events):
Event: 5.430 Thread 0x00007f366800f800 Exception <a 'java/lang/NullPointerException'> (0x00000000da0a5698) thrown at [/build/openjdk-8-58sEEn/openjdk-8-8u242-b08/src/hotspot/src/share/vm/runtime/sharedRuntime.cpp, line 605]
Event: 5.430 Thread 0x00007f366800f800 Implicit null exception at 0x00007f365967bc8d to 0x00007f365967c1fc
Event: 5.430 Thread 0x00007f366800f800 Exception <a 'java/lang/NullPointerException'> (0x00000000da0a66d0) thrown at [/build/openjdk-8-58sEEn/openjdk-8-8u242-b08/src/hotspot/src/share/vm/runtime/sharedRuntime.cpp, line 605]
Event: 5.431 Thread 0x00007f366800f800 Implicit null exception at 0x00007f365967bc8d to 0x00007f365967c1fc
Event: 5.431 Thread 0x00007f366800f800 Exception <a 'java/lang/NullPointerException'> (0x00000000da0a76f8) thrown at [/build/openjdk-8-58sEEn/openjdk-8-8u242-b08/src/hotspot/src/share/vm/runtime/sharedRuntime.cpp, line 605]
Event: 5.440 Thread 0x00007f366800f800 Implicit null exception at 0x00007f365924c275 to 0x00007f365924c5fd
Event: 5.441 Thread 0x00007f366800f800 Implicit null exception at 0x00007f365967bc8d to 0x00007f365967c1fc
Event: 5.441 Thread 0x00007f366800f800 Exception <a 'java/lang/NullPointerException'> (0x00000000da1178f8) thrown at [/build/openjdk-8-58sEEn/openjdk-8-8u242-b08/src/hotspot/src/share/vm/runtime/sharedRuntime.cpp, line 605]
Event: 5.665 Thread 0x00007f366800f800 Exception <a 'java/io/FileNotFoundException'> (0x00000000daa4f500) thrown at [/build/openjdk-8-58sEEn/openjdk-8-8u242-b08/src/hotspot/src/share/vm/prims/jni.cpp, line 710]
Event: 5.693 Thread 0x00007f366800f800 Implicit null exception at 0x00007f36599d8667 to 0x00007f36599d8831

Events (10 events):
Event: 5.693 Thread 0x00007f366800f800 DEOPT UNPACKING pc=0x00007f365904547a sp=0x00007f36707aab48 mode 2
Event: 5.705 loading class org/springframework/boot/autoconfigure/orm/jpa/HibernateDefaultDdlAutoProvider
Event: 5.705 loading class org/springframework/boot/autoconfigure/orm/jpa/HibernateDefaultDdlAutoProvider done
Event: 5.706 loading class org/springframework/boot/jdbc/metadata/CompositeDataSourcePoolMetadataProvider
Event: 5.706 loading class org/springframework/boot/jdbc/metadata/CompositeDataSourcePoolMetadataProvider done
Event: 5.709 loading class org/springframework/boot/jdbc/metadata/DataSourcePoolMetadataProvider
Event: 5.709 loading class org/springframework/boot/jdbc/metadata/DataSourcePoolMetadataProvider done
Event: 5.710 loading class java/lang/invoke/LambdaForm$Hidden
Event: 5.710 loading class java/lang/invoke/LambdaForm$Hidden done
Event: 5.711 Executing VM operation: CollectForMetadataAllocation


Dynamic libraries:
8ba00000-8ee80000 rw-p 00000000 00:00 0 
8ee80000-d9380000 ---p 00000000 00:00 0 
d9380000-e3a00000 rw-p 00000000 00:00 0 
e3a00000-100000000 ---p 00000000 00:00 0 
100000000-100496000 rw-p 00000000 00:00 0 
100496000-140000000 ---p 00000000 00:00 0 
55ff2b22d000-55ff2b22e000 r-xp 00000000 08:02 25697453                   /usr/lib/jvm/java-8-openjdk-amd64/jre/bin/java
55ff2b42d000-55ff2b42e000 r--p 00000000 08:02 25697453                   /usr/lib/jvm/java-8-openjdk-amd64/jre/bin/java
55ff2b42e000-55ff2b42f000 rw-p 00001000 08:02 25697453                   /usr/lib/jvm/java-8-openjdk-amd64/jre/bin/java
55ff2c05c000-55ff2c07d000 rw-p 00000000 00:00 0                          [heap]
7f3600000000-7f3600021000 rw-p 00000000 00:00 0 
7f3600021000-7f3604000000 ---p 00000000 00:00 0 
7f3604000000-7f3604021000 rw-p 00000000 00:00 0 
7f3604021000-7f3608000000 ---p 00000000 00:00 0 
7f3608000000-7f3608021000 rw-p 00000000 00:00 0 
7f3608021000-7f360c000000 ---p 00000000 00:00 0 
7f360c000000-7f360c3d4000 rw-p 00000000 00:00 0 
7f360c3d4000-7f3610000000 ---p 00000000 00:00 0 
7f3610000000-7f3610021000 rw-p 00000000 00:00 0 
7f3610021000-7f3614000000 ---p 00000000 00:00 0 
7f3614000000-7f3614021000 rw-p 00000000 00:00 0 
7f3614021000-7f3618000000 ---p 00000000 00:00 0 
7f3618000000-7f3618021000 rw-p 00000000 00:00 0 
7f3618021000-7f361c000000 ---p 00000000 00:00 0 
7f361c000000-7f361c021000 rw-p 00000000 00:00 0 
7f361c021000-7f3620000000 ---p 00000000 00:00 0 
7f36208fe000-7f3620901000 ---p 00000000 00:00 0 
7f3620901000-7f3620bff000 rw-p 00000000 00:00 0 
7f3620bff000-7f3620dff000 rw-p 00000000 00:00 0 
7f3620dff000-7f3620fff000 rw-p 00000000 00:00 0 
7f3620fff000-7f3624000000 rw-p 00000000 00:00 0 
7f3624000000-7f3624d42000 rw-p 00000000 00:00 0 
7f3624d42000-7f3628000000 ---p 00000000 00:00 0 
7f3628000000-7f3628e2a000 rw-p 00000000 00:00 0 
7f3628e2a000-7f362c000000 ---p 00000000 00:00 0 
7f362c000000-7f362c021000 rw-p 00000000 00:00 0 
7f362c021000-7f3630000000 ---p 00000000 00:00 0 
7f3630000000-7f3631311000 rw-p 00000000 00:00 0 
7f3631311000-7f3634000000 ---p 00000000 00:00 0 
7f3634000000-7f3634021000 rw-p 00000000 00:00 0 
7f3634021000-7f3638000000 ---p 00000000 00:00 0 
7f3638000000-7f3638021000 rw-p 00000000 00:00 0 
7f3638021000-7f363c000000 ---p 00000000 00:00 0 
7f363c000000-7f363c021000 rw-p 00000000 00:00 0 
7f363c021000-7f3640000000 ---p 00000000 00:00 0 
7f3640000000-7f3640021000 rw-p 00000000 00:00 0 
7f3640021000-7f3644000000 ---p 00000000 00:00 0 
7f3644000000-7f3644021000 rw-p 00000000 00:00 0 
7f3644021000-7f3648000000 ---p 00000000 00:00 0 
7f36480f5000-7f36480f8000 ---p 00000000 00:00 0 
7f36480f8000-7f36483f6000 rw-p 00000000 00:00 0 
7f36483f6000-7f36485f6000 rw-p 00000000 00:00 0 
7f36485f6000-7f36487f6000 rw-p 00000000 00:00 0 
7f36487f6000-7f36489f6000 rw-p 00000000 00:00 0 
7f36489f6000-7f3648bf6000 rw-p 00000000 00:00 0 
7f3648bf6000-7f3648df6000 rw-p 00000000 00:00 0 
7f3648df6000-7f3648ff6000 rw-p 00000000 00:00 0 
7f3648ff6000-7f3648ff9000 ---p 00000000 00:00 0 
7f3648ff9000-7f36492f7000 rw-p 00000000 00:00 0 
7f36492f7000-7f36492f8000 ---p 00000000 00:00 0 
7f36492f8000-7f36493f8000 rw-p 00000000 00:00 0 
7f36493f8000-7f36493fb000 ---p 00000000 00:00 0 
7f36493fb000-7f36494f9000 rw-p 00000000 00:00 0 
7f36494f9000-7f36494fc000 ---p 00000000 00:00 0 
7f36494fc000-7f36495fa000 rw-p 00000000 00:00 0 
7f36495fa000-7f36495fd000 ---p 00000000 00:00 0 
7f36495fd000-7f36496fb000 rw-p 00000000 00:00 0 
7f36496fb000-7f3649700000 r--s 000a3000 08:02 25697536                   /usr/lib/jvm/java-8-openjdk-amd64/jre/lib/jsse.jar
7f3649701000-7f3649706000 r--s 00051000 08:02 19796235                   /home/innoventes/.m2/repository/com/fasterxml/jackson/core/jackson-core/2.10.3/jackson-core-2.10.3.jar
7f3649706000-7f3649709000 r--s 0000e000 08:02 19536345                   /home/innoventes/.m2/repository/com/fasterxml/jackson/core/jackson-annotations/2.10.3/jackson-annotations-2.10.3.jar
7f364970a000-7f364971f000 r--s 00142000 08:02 19011647                   /home/innoventes/.m2/repository/com/fasterxml/jackson/core/jackson-databind/2.10.3/jackson-databind-2.10.3.jar
7f3649721000-7f3649724000 r--s 00019000 08:02 22808844                   /home/innoventes/.m2/repository/io/jsonwebtoken/jjwt/0.9.1/jjwt-0.9.1.jar
7f3649724000-7f3649733000 r--s 0007c000 08:02 22808842                   /home/innoventes/.m2/repository/org/springframework/security/spring-security-web/5.2.2.RELEASE/spring-security-web-5.2.2.RELEASE.jar
7f3649739000-7f3649745000 r--s 00061000 08:02 22808840                   /home/innoventes/.m2/repository/org/springframework/security/spring-security-core/5.2.2.RELEASE/spring-security-core-5.2.2.RELEASE.jar
7f364974c000-7f364975a000 r--s 000c4000 08:02 22808838                   /home/innoventes/.m2/repository/org/springframework/security/spring-security-config/5.2.2.RELEASE/spring-security-config-5.2.2.RELEASE.jar
7f364975a000-7f3649763000 r--s 00052000 08:02 20058811                   /home/innoventes/.m2/repository/org/springframework/spring-aop/5.2.5.RELEASE/spring-aop-5.2.5.RELEASE.jar
7f3649768000-7f3649769000 r--s 00000000 08:02 22808836                   /home/innoventes/.m2/repository/org/springframework/boot/spring-boot-starter-security/2.2.6.RELEASE/spring-boot-starter-security-2.2.6.RELEASE.jar
7f364976e000-7f364978b000 r--s 000fe000 08:02 20189723                   /home/innoventes/.m2/repository/org/hibernate/validator/hibernate-validator/6.0.18.Final/hibernate-validator-6.0.18.Final.jar
7f3649792000-7f3649796000 r--s 0003a000 08:02 20189696                   /home/innoventes/.m2/repository/org/apache/tomcat/embed/tomcat-embed-el/9.0.33/tomcat-embed-el-9.0.33.jar
7f364979a000-7f364979f000 r--s 00012000 08:02 20189717                   /home/innoventes/.m2/repository/jakarta/validation/jakarta.validation-api/2.0.2/jakarta.validation-api-2.0.2.jar
7f36497a0000-7f36497a1000 r--s 00000000 08:02 20189706                   /home/innoventes/.m2/repository/org/springframework/boot/spring-boot-starter-validation/2.2.6.RELEASE/spring-boot-starter-validation-2.2.6.RELEASE.jar
7f36497a5000-7f36497a6000 r--s 00005000 08:02 20058885                   /home/innoventes/.m2/repository/org/springframework/spring-jcl/5.2.5.RELEASE/spring-jcl-5.2.5.RELEASE.jar
7f36497ad000-7f36497c8000 r--s 00145000 08:02 20058880                   /home/innoventes/.m2/repository/org/springframework/spring-core/5.2.5.RELEASE/spring-core-5.2.5.RELEASE.jar
7f36497c9000-7f36497cd000 r--s 00019000 08:02 20319196                   /home/innoventes/.m2/repository/jakarta/xml/bind/jakarta.xml.bind-api/2.3.3/jakarta.xml.bind-api-2.3.3.jar
7f36497d2000-7f36497d4000 r--s 0000a000 08:02 19796296                   /home/innoventes/.m2/repository/org/springframework/spring-aspects/5.2.5.RELEASE/spring-aspects-5.2.5.RELEASE.jar
7f36497d9000-7f36497db000 r--s 00009000 08:02 20058851                   /home/innoventes/.m2/repository/org/slf4j/slf4j-api/1.7.30/slf4j-api-1.7.30.jar
7f36497dc000-7f36497e5000 r--s 00044000 08:02 19011658                   /home/innoventes/.m2/repository/org/springframework/spring-tx/5.2.5.RELEASE/spring-tx-5.2.5.RELEASE.jar
7f36497e5000-7f36497ea000 r--s 0002d000 08:02 19665834                   /home/innoventes/.m2/repository/org/springframework/spring-orm/5.2.5.RELEASE/spring-orm-5.2.5.RELEASE.jar
7f36497f0000-7f3649809000 r--s 00110000 08:02 19536361                   /home/innoventes/.m2/repository/org/springframework/data/spring-data-commons/2.2.6.RELEASE/spring-data-commons-2.2.6.RELEASE.jar
7f364980a000-7f3649812000 r--s 00052000 08:02 19404341                   /home/innoventes/.m2/repository/org/springframework/data/spring-data-jpa/2.2.6.RELEASE/spring-data-jpa-2.2.6.RELEASE.jar
7f3649819000-7f364981e000 r--s 00049000 08:02 21370342                   /home/innoventes/.m2/repository/com/sun/xml/fastinfoset/FastInfoset/1.2.16/FastInfoset-1.2.16.jar
7f3649820000-7f3649822000 r--s 00008000 08:02 8787145                    /home/innoventes/.m2/repository/org/jvnet/staxex/stax-ex/1.8.1/stax-ex-1.8.1.jar
7f3649825000-7f3649827000 r--s 00005000 08:02 21236175                   /home/innoventes/.m2/repository/com/sun/istack/istack-commons-runtime/3.0.8/istack-commons-runtime-3.0.8.jar
7f3649828000-7f364982a000 r--s 00010000 08:02 19274802                   /home/innoventes/.m2/repository/org/glassfish/jaxb/txw2/2.3.2/txw2-2.3.2.jar
7f364982b000-7f3649840000 r--s 000e3000 08:02 19142344                   /home/innoventes/.m2/repository/org/glassfish/jaxb/jaxb-runtime/2.3.2/jaxb-runtime-2.3.2.jar
7f3649840000-7f3649843000 r--s 00010000 08:02 20586000                   /home/innoventes/.m2/repository/org/hibernate/common/hibernate-commons-annotations/5.1.0.Final/hibernate-commons-annotations-5.1.0.Final.jar
7f3649843000-7f3649848000 r--s 0004b000 08:02 8787142                    /home/innoventes/.m2/repository/org/dom4j/dom4j/2.1.1/dom4j-2.1.1.jar
7f364984f000-7f3649851000 r--s 0000f000 08:02 20189740                   /home/innoventes/.m2/repository/com/fasterxml/classmate/1.5.1/classmate-1.5.1.jar
7f3649855000-7f3649858000 r--s 0002d000 08:02 20451958                   /home/innoventes/.m2/repository/org/jboss/jandex/2.1.1.Final/jandex-2.1.1.Final.jar
7f3649858000-7f364985d000 r--s 00068000 08:02 22677520                   /home/innoventes/.m2/repository/antlr/antlr/2.7.7/antlr-2.7.7.jar
7f3649863000-7f36498ab000 r--s 002eb000 08:02 20713926                   /home/innoventes/.m2/repository/net/bytebuddy/byte-buddy/1.10.8/byte-buddy-1.10.8.jar
7f36498ac000-7f36498b6000 r--s 000b4000 08:02 8787140                    /home/innoventes/.m2/repository/org/javassist/javassist/3.24.0-GA/javassist-3.24.0-GA.jar
7f36498bd000-7f36498bf000 r--s 0000d000 08:02 20189729                   /home/innoventes/.m2/repository/org/jboss/logging/jboss-logging/3.4.1.Final/jboss-logging-3.4.1.Final.jar
7f36498c3000-7f3649949000 r--s 00653000 08:02 20319254                   /home/innoventes/.m2/repository/org/hibernate/hibernate-core/5.4.12.Final/hibernate-core-5.4.12.Final.jar
7f364994b000-7f364994c000 r--s 00003000 08:02 20189869                   /home/innoventes/.m2/repository/jakarta/transaction/jakarta.transaction-api/1.3.3/jakarta.transaction-api-1.3.3.jar
7f3649953000-7f3649959000 r--s 00023000 08:02 20059375                   /home/innoventes/.m2/repository/jakarta/persistence/jakarta.persistence-api/2.2.3/jakarta.persistence-api-2.2.3.jar
7f364995a000-7f364995c000 r--s 0000a000 08:02 20319201                   /home/innoventes/.m2/repository/jakarta/activation/jakarta.activation-api/1.2.2/jakarta.activation-api-1.2.2.jar
7f3649962000-7f364996c000 r--s 0005a000 08:02 18880993                   /home/innoventes/.m2/repository/org/springframework/spring-jdbc/5.2.5.RELEASE/spring-jdbc-5.2.5.RELEASE.jar
7f3649973000-7f3649976000 r--s 00023000 08:02 18880991                   /home/innoventes/.m2/repository/com/zaxxer/HikariCP/3.4.2/HikariCP-3.4.2.jar
7f3649978000-7f3649979000 r--s 00000000 08:02 18751181                   /home/innoventes/.m2/repository/org/springframework/boot/spring-boot-starter-jdbc/2.2.6.RELEASE/spring-boot-starter-jdbc-2.2.6.RELEASE.jar
7f364997a000-7f3649993000 r--s 001da000 08:02 8787105                    /home/innoventes/.m2/repository/org/aspectj/aspectjweaver/1.9.5/aspectjweaver-1.9.5.jar
7f3649998000-7f3649999000 r--s 00000000 08:02 18617775                   /home/innoventes/.m2/repository/org/springframework/boot/spring-boot-starter-aop/2.2.6.RELEASE/spring-boot-starter-aop-2.2.6.RELEASE.jar
7f36499a0000-7f36499a1000 r--s 00000000 08:02 18617773                   /home/innoventes/.m2/repository/org/springframework/boot/spring-boot-starter-data-jpa/2.2.6.RELEASE/spring-boot-starter-data-jpa-2.2.6.RELEASE.jar
7f36499a8000-7f36499b4000 r--s 000d8000 08:02 20319150                   /home/innoventes/.m2/repository/org/postgresql/postgresql/42.2.11/postgresql-42.2.11.jar
7f36499b7000-7f36499b9000 r--s 0000f000 08:02 20452253                   /home/innoventes/.m2/repository/com/sun/activation/jakarta.activation/1.2.2/jakarta.activation-1.2.2.jar
7f36499bb000-7f36499c4000 r--s 0009b000 08:02 20320173                   /home/innoventes/.m2/repository/com/sun/mail/jakarta.mail/1.6.5/jakarta.mail-1.6.5.jar
7f36499c8000-7f36499cd000 r--s 00028000 08:02 18617815                   /home/innoventes/.m2/repository/org/springframework/spring-context-support/5.2.5.RELEASE/spring-context-support-5.2.5.RELEASE.jar
7f36499d0000-7f36499d1000 r--s 00000000 08:02 18617813                   /home/innoventes/.m2/repository/org/springframework/boot/spring-boot-starter-mail/2.2.6.RELEASE/spring-boot-starter-mail-2.2.6.RELEASE.jar
7f36499d8000-7f36499dd000 r--s 00040000 08:02 20058841                   /home/innoventes/.m2/repository/org/springframework/spring-expression/5.2.5.RELEASE/spring-expression-5.2.5.RELEASE.jar
7f36499e1000-7f36499fc000 r--s 00111000 08:02 20058835                   /home/innoventes/.m2/repository/org/springframework/spring-context/5.2.5.RELEASE/spring-context-5.2.5.RELEASE.jar
7f36499ff000-7f3649a12000 r--s 000d7000 08:02 20189761                   /home/innoventes/.m2/repository/org/springframework/spring-webmvc/5.2.5.RELEASE/spring-webmvc-5.2.5.RELEASE.jar
7f3649a13000-7f3649a20000 r--s 0009b000 08:02 20058792                   /home/innoventes/.m2/repository/org/springframework/spring-beans/5.2.5.RELEASE/spring-beans-5.2.5.RELEASE.jar
7f3649a22000-7f3649a3f000 r--s 00142000 08:02 20058680                   /home/innoventes/.m2/repository/org/springframework/spring-web/5.2.5.RELEASE/spring-web-5.2.5.RELEASE.jar
7f3649a44000-7f3649a49000 r--s 0003c000 08:02 20189701                   /home/innoventes/.m2/repository/org/apache/tomcat/embed/tomcat-embed-websocket/9.0.33/tomcat-embed-websocket-9.0.33.jar
7f3649a4f000-7f3649a7a000 r--s 00307000 08:02 20189686                   /home/innoventes/.m2/repository/org/apache/tomcat/embed/tomcat-embed-core/9.0.33/tomcat-embed-core-9.0.33.jar
7f3649a80000-7f3649a81000 r--s 00000000 08:02 20189662                   /home/innoventes/.m2/repository/org/springframework/boot/spring-boot-starter-tomcat/2.2.6.RELEASE/spring-boot-starter-tomcat-2.2.6.RELEASE.jar
7f3649a81000-7f3649a83000 r--s 00001000 08:02 20189636                   /home/innoventes/.m2/repository/com/fasterxml/jackson/module/jackson-module-parameter-names/2.10.3/jackson-module-parameter-names-2.10.3.jar
7f3649a87000-7f3649a8a000 r--s 00017000 08:02 20189626                   /home/innoventes/.m2/repository/com/fasterxml/jackson/datatype/jackson-datatype-jsr310/2.10.3/jackson-datatype-jsr310-2.10.3.jar
7f3649a8f000-7f3649a91000 r--s 00007000 08:02 20058633                   /home/innoventes/.m2/repository/com/fasterxml/jackson/datatype/jackson-datatype-jdk8/2.10.3/jackson-datatype-jdk8-2.10.3.jar
7f3649a94000-7f3649a9b000 r--s 00044000 08:02 20058565                   /home/innoventes/.m2/repository/org/yaml/snakeyaml/1.25/snakeyaml-1.25.jar
7f3649a9d000-7f3649a9f000 r--s 00005000 08:02 20058553                   /home/innoventes/.m2/repository/jakarta/annotation/jakarta.annotation-api/1.3.5/jakarta.annotation-api-1.3.5.jar
7f3649aa6000-7f3649aac000 r--s 0003e000 08:02 20058391                   /home/innoventes/.m2/repository/org/apache/logging/log4j/log4j-api/2.12.1/log4j-api-2.12.1.jar
7f3649ab0000-7f3649ac7000 r-xp 00000000 08:02 6820553                    /lib/x86_64-linux-gnu/libresolv-2.27.so
7f3649ac7000-7f3649cc7000 ---p 00017000 08:02 6820553                    /lib/x86_64-linux-gnu/libresolv-2.27.so
7f3649cc7000-7f3649cc8000 r--p 00017000 08:02 6820553                    /lib/x86_64-linux-gnu/libresolv-2.27.so
7f3649cc8000-7f3649cc9000 rw-p 00018000 08:02 6820553                    /lib/x86_64-linux-gnu/libresolv-2.27.so
7f3649cc9000-7f3649ccb000 rw-p 00000000 00:00 0 
7f3649cd0000-7f3649cd5000 r-xp 00000000 08:02 6820502                    /lib/x86_64-linux-gnu/libnss_dns-2.27.so
7f3649cd5000-7f3649ed5000 ---p 00005000 08:02 6820502                    /lib/x86_64-linux-gnu/libnss_dns-2.27.so
7f3649ed5000-7f3649ed6000 r--p 00005000 08:02 6820502                    /lib/x86_64-linux-gnu/libnss_dns-2.27.so
7f3649ed6000-7f3649ed7000 rw-p 00006000 08:02 6820502                    /lib/x86_64-linux-gnu/libnss_dns-2.27.so
7f3649ed8000-7f3649eda000 r-xp 00000000 08:02 6820510                    /lib/x86_64-linux-gnu/libnss_mdns4_minimal.so.2
7f3649eda000-7f364a0d9000 ---p 00002000 08:02 6820510                    /lib/x86_64-linux-gnu/libnss_mdns4_minimal.so.2
7f364a0d9000-7f364a0da000 r--p 00001000 08:02 6820510                    /lib/x86_64-linux-gnu/libnss_mdns4_minimal.so.2
7f364a0da000-7f364a0db000 rw-p 00002000 08:02 6820510                    /lib/x86_64-linux-gnu/libnss_mdns4_minimal.so.2
7f364a0e0000-7f364a0f1000 r-xp 00000000 08:02 25697492                   /usr/lib/jvm/java-8-openjdk-amd64/jre/lib/amd64/libnio.so
7f364a0f1000-7f364a2f1000 ---p 00011000 08:02 25697492                   /usr/lib/jvm/java-8-openjdk-amd64/jre/lib/amd64/libnio.so
7f364a2f1000-7f364a2f2000 r--p 00011000 08:02 25697492                   /usr/lib/jvm/java-8-openjdk-amd64/jre/lib/amd64/libnio.so
7f364a2f2000-7f364a2f3000 rw-p 00012000 08:02 25697492                   /usr/lib/jvm/java-8-openjdk-amd64/jre/lib/amd64/libnio.so
7f364a2f8000-7f364a30f000 r-xp 00000000 08:02 25697491                   /usr/lib/jvm/java-8-openjdk-amd64/jre/lib/amd64/libnet.so
7f364a30f000-7f364a50e000 ---p 00017000 08:02 25697491                   /usr/lib/jvm/java-8-openjdk-amd64/jre/lib/amd64/libnet.so
7f364a50e000-7f364a50f000 r--p 00016000 08:02 25697491                   /usr/lib/jvm/java-8-openjdk-amd64/jre/lib/amd64/libnet.so
7f364a50f000-7f364a510000 rw-p 00017000 08:02 25697491                   /usr/lib/jvm/java-8-openjdk-amd64/jre/lib/amd64/libnet.so
7f364a510000-7f364a519000 r-xp 00000000 08:02 25697489                   /usr/lib/jvm/java-8-openjdk-amd64/jre/lib/amd64/libmanagement.so
7f364a519000-7f364a718000 ---p 00009000 08:02 25697489                   /usr/lib/jvm/java-8-openjdk-amd64/jre/lib/amd64/libmanagement.so
7f364a718000-7f364a719000 r--p 00008000 08:02 25697489                   /usr/lib/jvm/java-8-openjdk-amd64/jre/lib/amd64/libmanagement.so
7f364a719000-7f364a71a000 rw-p 00009000 08:02 25697489                   /usr/lib/jvm/java-8-openjdk-amd64/jre/lib/amd64/libmanagement.so
7f364a71b000-7f364a71e000 ---p 00000000 00:00 0 
7f364a71e000-7f364a81c000 rw-p 00000000 00:00 0 
7f364a81c000-7f364a81d000 ---p 00000000 00:00 0 
7f364a81d000-7f364a820000 ---p 00000000 00:00 0 
7f364a820000-7f364a91d000 rw-p 00000000 00:00 0 
7f364a91d000-7f364a91e000 ---p 00000000 00:00 0 
7f364a91e000-7f364a921000 ---p 00000000 00:00 0 
7f364a921000-7f364aa1e000 rw-p 00000000 00:00 0 
7f364aa1e000-7f364aa1f000 ---p 00000000 00:00 0 
7f364aa1f000-7f364aa22000 ---p 00000000 00:00 0 
7f364aa22000-7f364ab1f000 rw-p 00000000 00:00 0 
7f364ab1f000-7f364ab22000 ---p 00000000 00:00 0 
7f364ab22000-7f364ac20000 rw-p 00000000 00:00 0 
7f364ac20000-7f364b5ef000 r--p 00000000 08:02 25696828                   /usr/lib/locale/locale-archive
7f364b5f6000-7f364b5f9000 ---p 00000000 00:00 0 
7f364b5f9000-7f364b6f7000 rw-p 00000000 00:00 0 
7f364b6f7000-7f364b6fa000 ---p 00000000 00:00 0 
7f364b6fa000-7f364b7f8000 rw-p 00000000 00:00 0 
7f364b7f8000-7f364b7f9000 ---p 00000000 00:00 0 
7f364b7f9000-7f364c000000 rw-p 00000000 00:00 0 
7f364c000000-7f364c021000 rw-p 00000000 00:00 0 
7f364c021000-7f3650000000 ---p 00000000 00:00 0 
7f3650000000-7f3650001000 r--s 00000000 08:02 20058594                   /home/innoventes/.m2/repository/org/springframework/boot/spring-boot-starter-json/2.2.6.RELEASE/spring-boot-starter-json-2.2.6.RELEASE.jar
7f3650008000-7f365000a000 r--s 00000000 08:02 20058502                   /home/innoventes/.m2/repository/org/slf4j/jul-to-slf4j/1.7.30/jul-to-slf4j-1.7.30.jar
7f365000b000-7f365000d000 r--s 00003000 08:02 20058348                   /home/innoventes/.m2/repository/org/apache/logging/log4j/log4j-to-slf4j/2.12.1/log4j-to-slf4j-2.12.1.jar
7f3650011000-7f365001c000 r--s 00069000 08:02 20058287                   /home/innoventes/.m2/repository/ch/qos/logback/logback-core/1.2.3/logback-core-1.2.3.jar
7f3650021000-7f3650027000 r--s 00041000 08:02 20058105                   /home/innoventes/.m2/repository/ch/qos/logback/logback-classic/1.2.3/logback-classic-1.2.3.jar
7f3650028000-7f3650029000 r--s 00000000 08:02 20058087                   /home/innoventes/.m2/repository/org/springframework/boot/spring-boot-starter-logging/2.2.6.RELEASE/spring-boot-starter-logging-2.2.6.RELEASE.jar
7f365002c000-7f3650054000 r--s 0012c000 08:02 20058081                   /home/innoventes/.m2/repository/org/springframework/boot/spring-boot-autoconfigure/2.2.6.RELEASE/spring-boot-autoconfigure-2.2.6.RELEASE.jar
7f3650059000-7f3650070000 r--s 000e9000 08:02 20058076                   /home/innoventes/.m2/repository/org/springframework/boot/spring-boot/2.2.6.RELEASE/spring-boot-2.2.6.RELEASE.jar
7f3650070000-7f3650071000 r--s 00000000 08:02 20058061                   /home/innoventes/.m2/repository/org/springframework/boot/spring-boot-starter/2.2.6.RELEASE/spring-boot-starter-2.2.6.RELEASE.jar
7f3650078000-7f3650079000 r--s 00000000 08:02 20058042                   /home/innoventes/.m2/repository/org/springframework/boot/spring-boot-starter-web/2.2.6.RELEASE/spring-boot-starter-web-2.2.6.RELEASE.jar
7f365007d000-7f3650082000 r--s 0003d000 08:02 25697520                   /usr/lib/jvm/java-8-openjdk-amd64/jre/lib/ext/sunjce_provider.jar
7f3650088000-7f3650089000 r--s 00010000 08:02 25697522                   /usr/lib/jvm/java-8-openjdk-amd64/jre/lib/ext/zipfs.jar
7f365008e000-7f3650098000 r--s 00116000 08:02 25697517                   /usr/lib/jvm/java-8-openjdk-amd64/jre/lib/ext/localedata.jar
7f365009f000-7f36500a1000 r--s 00007000 08:02 26086927                   /usr/share/java/java-atk-wrapper.jar
7f36500a6000-7f36500c1000 r--s 001d6000 08:02 25697518                   /usr/lib/jvm/java-8-openjdk-amd64/jre/lib/ext/nashorn.jar
7f36500c2000-7f36500c6000 r--s 0003a000 08:02 25697521                   /usr/lib/jvm/java-8-openjdk-amd64/jre/lib/ext/sunpkcs11.jar
7f36500c7000-7f36500ca000 r--s 0000f000 08:02 25697515                   /usr/lib/jvm/java-8-openjdk-amd64/jre/lib/ext/icedtea-sound.jar
7f36500cb000-7f3654000000 rw-p 00000000 00:00 0 
7f3654000000-7f3654029000 rw-p 00000000 00:00 0 
7f3654029000-7f3658000000 ---p 00000000 00:00 0 
7f3658004000-7f365801f000 r--s 00394000 08:02 25697513                   /usr/lib/jvm/java-8-openjdk-amd64/jre/lib/ext/cldrdata.jar
7f3658023000-7f3658288000 rw-p 00000000 00:00 0 
7f3658288000-7f3658458000 r--s 03c68000 08:02 25697542                   /usr/lib/jvm/java-8-openjdk-amd64/jre/lib/rt.jar
7f365845d000-7f3659000000 rw-p 00000000 00:00 0 
7f3659000000-7f3659a70000 rwxp 00000000 00:00 0 
7f3659a70000-7f3668000000 ---p 00000000 00:00 0 
7f3668000000-7f366935c000 rw-p 00000000 00:00 0 
7f366935c000-7f366c000000 ---p 00000000 00:00 0 
7f366c002000-7f366c003000 r--s 0000a000 08:02 25697516                   /usr/lib/jvm/java-8-openjdk-amd64/jre/lib/ext/jaccess.jar
7f366c009000-7f366c00b000 r--s 00001000 08:02 25697514                   /usr/lib/jvm/java-8-openjdk-amd64/jre/lib/ext/dnsns.jar
7f366c00d000-7f366c00e000 r--s 0000d000 08:02 25697519                   /usr/lib/jvm/java-8-openjdk-amd64/jre/lib/ext/sunec.jar
7f366c00e000-7f366c1d3000 rw-p 00000000 00:00 0 
7f366c1d3000-7f366c1d4000 ---p 00000000 00:00 0 
7f366c1d4000-7f366c2d4000 rw-p 00000000 00:00 0 
7f366c2d4000-7f366c2d5000 ---p 00000000 00:00 0 
7f366c2d5000-7f366c3d5000 rw-p 00000000 00:00 0 
7f366c3d5000-7f366c3d6000 ---p 00000000 00:00 0 
7f366c3d6000-7f366c4d6000 rw-p 00000000 00:00 0 
7f366c4d6000-7f366c4d7000 ---p 00000000 00:00 0 
7f366c4d7000-7f366c5f2000 rw-p 00000000 00:00 0 
7f366c5f2000-7f366c844000 ---p 00000000 00:00 0 
7f366c844000-7f366c85f000 rw-p 00000000 00:00 0 
7f366c85f000-7f366cab0000 ---p 00000000 00:00 0 
7f366cab0000-7f366cb04000 rw-p 00000000 00:00 0 
7f366cb04000-7f366cbe7000 ---p 00000000 00:00 0 
7f366cbe7000-7f366cc12000 rw-p 00000000 00:00 0 
7f366cc12000-7f366cfa8000 ---p 00000000 00:00 0 
7f366cfa8000-7f366cfb0000 r-xp 00000000 08:02 25697499                   /usr/lib/jvm/java-8-openjdk-amd64/jre/lib/amd64/libzip.so
7f366cfb0000-7f366d1af000 ---p 00008000 08:02 25697499                   /usr/lib/jvm/java-8-openjdk-amd64/jre/lib/amd64/libzip.so
7f366d1af000-7f366d1b0000 r--p 00007000 08:02 25697499                   /usr/lib/jvm/java-8-openjdk-amd64/jre/lib/amd64/libzip.so
7f366d1b0000-7f366d1b1000 rw-p 00008000 08:02 25697499                   /usr/lib/jvm/java-8-openjdk-amd64/jre/lib/amd64/libzip.so
7f366d1b8000-7f366d1c3000 r-xp 00000000 08:02 6820504                    /lib/x86_64-linux-gnu/libnss_files-2.27.so
7f366d1c3000-7f366d3c2000 ---p 0000b000 08:02 6820504                    /lib/x86_64-linux-gnu/libnss_files-2.27.so
7f366d3c2000-7f366d3c3000 r--p 0000a000 08:02 6820504                    /lib/x86_64-linux-gnu/libnss_files-2.27.so
7f366d3c3000-7f366d3c4000 rw-p 0000b000 08:02 6820504                    /lib/x86_64-linux-gnu/libnss_files-2.27.so
7f366d3c4000-7f366d3ca000 rw-p 00000000 00:00 0 
7f366d3d0000-7f366d3e7000 r-xp 00000000 08:02 6820498                    /lib/x86_64-linux-gnu/libnsl-2.27.so
7f366d3e7000-7f366d5e6000 ---p 00017000 08:02 6820498                    /lib/x86_64-linux-gnu/libnsl-2.27.so
7f366d5e6000-7f366d5e7000 r--p 00016000 08:02 6820498                    /lib/x86_64-linux-gnu/libnsl-2.27.so
7f366d5e7000-7f366d5e8000 rw-p 00017000 08:02 6820498                    /lib/x86_64-linux-gnu/libnsl-2.27.so
7f366d5e8000-7f366d5ea000 rw-p 00000000 00:00 0 
7f366d5f0000-7f366d5fb000 r-xp 00000000 08:02 6820515                    /lib/x86_64-linux-gnu/libnss_nis-2.27.so
7f366d5fb000-7f366d7fa000 ---p 0000b000 08:02 6820515                    /lib/x86_64-linux-gnu/libnss_nis-2.27.so
7f366d7fa000-7f366d7fb000 r--p 0000a000 08:02 6820515                    /lib/x86_64-linux-gnu/libnss_nis-2.27.so
7f366d7fb000-7f366d7fc000 rw-p 0000b000 08:02 6820515                    /lib/x86_64-linux-gnu/libnss_nis-2.27.so
7f366d800000-7f366d808000 r-xp 00000000 08:02 6820500                    /lib/x86_64-linux-gnu/libnss_compat-2.27.so
7f366d808000-7f366da08000 ---p 00008000 08:02 6820500                    /lib/x86_64-linux-gnu/libnss_compat-2.27.so
7f366da08000-7f366da09000 r--p 00008000 08:02 6820500                    /lib/x86_64-linux-gnu/libnss_compat-2.27.so
7f366da09000-7f366da0a000 rw-p 00009000 08:02 6820500                    /lib/x86_64-linux-gnu/libnss_compat-2.27.so
7f366da10000-7f366da3a000 r-xp 00000000 08:02 25697480                   /usr/lib/jvm/java-8-openjdk-amd64/jre/lib/amd64/libjava.so
7f366da3a000-7f366dc39000 ---p 0002a000 08:02 25697480                   /usr/lib/jvm/java-8-openjdk-amd64/jre/lib/amd64/libjava.so
7f366dc39000-7f366dc3a000 r--p 00029000 08:02 25697480                   /usr/lib/jvm/java-8-openjdk-amd64/jre/lib/amd64/libjava.so
7f366dc3a000-7f366dc3c000 rw-p 0002a000 08:02 25697480                   /usr/lib/jvm/java-8-openjdk-amd64/jre/lib/amd64/libjava.so
7f366dc40000-7f366dc50000 r-xp 00000000 08:02 25697498                   /usr/lib/jvm/java-8-openjdk-amd64/jre/lib/amd64/libverify.so
7f366dc50000-7f366de4f000 ---p 00010000 08:02 25697498                   /usr/lib/jvm/java-8-openjdk-amd64/jre/lib/amd64/libverify.so
7f366de4f000-7f366de51000 r--p 0000f000 08:02 25697498                   /usr/lib/jvm/java-8-openjdk-amd64/jre/lib/amd64/libverify.so
7f366de51000-7f366de52000 rw-p 00011000 08:02 25697498                   /usr/lib/jvm/java-8-openjdk-amd64/jre/lib/amd64/libverify.so
7f366de58000-7f366de5f000 r-xp 00000000 08:02 6820555                    /lib/x86_64-linux-gnu/librt-2.27.so
7f366de5f000-7f366e05e000 ---p 00007000 08:02 6820555                    /lib/x86_64-linux-gnu/librt-2.27.so
7f366e05e000-7f366e05f000 r--p 00006000 08:02 6820555                    /lib/x86_64-linux-gnu/librt-2.27.so
7f366e05f000-7f366e060000 rw-p 00007000 08:02 6820555                    /lib/x86_64-linux-gnu/librt-2.27.so
7f366e060000-7f366e077000 r-xp 00000000 08:02 6815832                    /lib/x86_64-linux-gnu/libgcc_s.so.1
7f366e077000-7f366e276000 ---p 00017000 08:02 6815832                    /lib/x86_64-linux-gnu/libgcc_s.so.1
7f366e276000-7f366e277000 r--p 00016000 08:02 6815832                    /lib/x86_64-linux-gnu/libgcc_s.so.1
7f366e277000-7f366e278000 rw-p 00017000 08:02 6815832                    /lib/x86_64-linux-gnu/libgcc_s.so.1
7f366e278000-7f366e415000 r-xp 00000000 08:02 6820477                    /lib/x86_64-linux-gnu/libm-2.27.so
7f366e415000-7f366e614000 ---p 0019d000 08:02 6820477                    /lib/x86_64-linux-gnu/libm-2.27.so
7f366e614000-7f366e615000 r--p 0019c000 08:02 6820477                    /lib/x86_64-linux-gnu/libm-2.27.so
7f366e615000-7f366e616000 rw-p 0019d000 08:02 6820477                    /lib/x86_64-linux-gnu/libm-2.27.so
7f366e618000-7f366e791000 r-xp 00000000 08:02 25697419                   /usr/lib/x86_64-linux-gnu/libstdc++.so.6.0.25
7f366e791000-7f366e991000 ---p 00179000 08:02 25697419                   /usr/lib/x86_64-linux-gnu/libstdc++.so.6.0.25
7f366e991000-7f366e99b000 r--p 00179000 08:02 25697419                   /usr/lib/x86_64-linux-gnu/libstdc++.so.6.0.25
7f366e99b000-7f366e99d000 rw-p 00183000 08:02 25697419                   /usr/lib/x86_64-linux-gnu/libstdc++.so.6.0.25
7f366e99d000-7f366e9a1000 rw-p 00000000 00:00 0 
7f366e9a8000-7f366f64b000 r-xp 00000000 08:02 25697502                   /usr/lib/jvm/java-8-openjdk-amd64/jre/lib/amd64/server/libjvm.so
7f366f64b000-7f366f84b000 ---p 00ca3000 08:02 25697502                   /usr/lib/jvm/java-8-openjdk-amd64/jre/lib/amd64/server/libjvm.so
7f366f84b000-7f366f8df000 r--p 00ca3000 08:02 25697502                   /usr/lib/jvm/java-8-openjdk-amd64/jre/lib/amd64/server/libjvm.so
7f366f8df000-7f366f908000 rw-p 00d37000 08:02 25697502                   /usr/lib/jvm/java-8-openjdk-amd64/jre/lib/amd64/server/libjvm.so
7f366f908000-7f366f938000 rw-p 00000000 00:00 0 
7f366f938000-7f366f952000 r-xp 00000000 08:02 6820547                    /lib/x86_64-linux-gnu/libpthread-2.27.so
7f366f952000-7f366fb51000 ---p 0001a000 08:02 6820547                    /lib/x86_64-linux-gnu/libpthread-2.27.so
7f366fb51000-7f366fb52000 r--p 00019000 08:02 6820547                    /lib/x86_64-linux-gnu/libpthread-2.27.so
7f366fb52000-7f366fb53000 rw-p 0001a000 08:02 6820547                    /lib/x86_64-linux-gnu/libpthread-2.27.so
7f366fb53000-7f366fb57000 rw-p 00000000 00:00 0 
7f366fb58000-7f366fb5b000 r-xp 00000000 08:02 6820437                    /lib/x86_64-linux-gnu/libdl-2.27.so
7f366fb5b000-7f366fd5a000 ---p 00003000 08:02 6820437                    /lib/x86_64-linux-gnu/libdl-2.27.so
7f366fd5a000-7f366fd5b000 r--p 00002000 08:02 6820437                    /lib/x86_64-linux-gnu/libdl-2.27.so
7f366fd5b000-7f366fd5c000 rw-p 00003000 08:02 6820437                    /lib/x86_64-linux-gnu/libdl-2.27.so
7f366fd60000-7f366fd7c000 r-xp 00000000 08:02 6820586                    /lib/x86_64-linux-gnu/libz.so.1.2.11
7f366fd7c000-7f366ff7b000 ---p 0001c000 08:02 6820586                    /lib/x86_64-linux-gnu/libz.so.1.2.11
7f366ff7b000-7f366ff7c000 r--p 0001b000 08:02 6820586                    /lib/x86_64-linux-gnu/libz.so.1.2.11
7f366ff7c000-7f366ff7d000 rw-p 0001c000 08:02 6820586                    /lib/x86_64-linux-gnu/libz.so.1.2.11
7f366ff80000-7f3670167000 r-xp 00000000 08:02 6820414                    /lib/x86_64-linux-gnu/libc-2.27.so
7f3670167000-7f3670367000 ---p 001e7000 08:02 6820414                    /lib/x86_64-linux-gnu/libc-2.27.so
7f3670367000-7f367036b000 r--p 001e7000 08:02 6820414                    /lib/x86_64-linux-gnu/libc-2.27.so
7f367036b000-7f367036d000 rw-p 001eb000 08:02 6820414                    /lib/x86_64-linux-gnu/libc-2.27.so
7f367036d000-7f3670371000 rw-p 00000000 00:00 0 
7f3670378000-7f3670386000 r-xp 00000000 08:02 25697466                   /usr/lib/jvm/java-8-openjdk-amd64/jre/lib/amd64/jli/libjli.so
7f3670386000-7f3670585000 ---p 0000e000 08:02 25697466                   /usr/lib/jvm/java-8-openjdk-amd64/jre/lib/amd64/jli/libjli.so
7f3670585000-7f3670586000 r--p 0000d000 08:02 25697466                   /usr/lib/jvm/java-8-openjdk-amd64/jre/lib/amd64/jli/libjli.so
7f3670586000-7f3670587000 rw-p 0000e000 08:02 25697466                   /usr/lib/jvm/java-8-openjdk-amd64/jre/lib/amd64/jli/libjli.so
7f3670588000-7f36705af000 r-xp 00000000 08:02 6820386                    /lib/x86_64-linux-gnu/ld-2.27.so
7f36705b6000-7f36706a0000 rw-p 00000000 00:00 0 
7f36706a0000-7f36706a8000 rw-s 00000000 08:02 53087890                   /tmp/hsperfdata_innoventes/13348
7f36706ae000-7f36706af000 ---p 00000000 00:00 0 
7f36706af000-7f36706b2000 ---p 00000000 00:00 0 
7f36706b2000-7f36707af000 rw-p 00000000 00:00 0 
7f36707af000-7f36707b0000 r--p 00027000 08:02 6820386                    /lib/x86_64-linux-gnu/ld-2.27.so
7f36707b0000-7f36707b1000 rw-p 00028000 08:02 6820386                    /lib/x86_64-linux-gnu/ld-2.27.so
7f36707b1000-7f36707b3000 rw-p 00000000 00:00 0 
7f36707b3000-7f36707b4000 ---p 00000000 00:00 0 
7f36707b4000-7f36707b8000 rw-p 00000000 00:00 0 
7ffd2873d000-7ffd28760000 rw-p 00000000 00:00 0                          [stack]
7ffd287b8000-7ffd287bb000 r--p 00000000 00:00 0                          [vvar]
7ffd287bb000-7ffd287bd000 r-xp 00000000 00:00 0                          [vdso]
ffffffffff600000-ffffffffff601000 r-xp 00000000 00:00 0                  [vsyscall]

VM Arguments:
jvm_args: -Dcom.sun.management.jmxremote -Dcom.sun.management.jmxremote.port=45459 -Dcom.sun.management.jmxremote.authenticate=false -Dcom.sun.management.jmxremote.ssl=false -Djava.rmi.server.hostname=localhost -Dspring.application.admin.enabled=true -Dspring.jmx.enabled=true -Dfile.encoding=UTF-8 
java_command: com.backend.code.FriendsNetworkApplication
java_class_path (initial): /home/innoventes/Desktop/friends_network/target/classes:/home/innoventes/.m2/repository/org/springframework/boot/spring-boot-starter-web/2.2.6.RELEASE/spring-boot-starter-web-2.2.6.RELEASE.jar:/home/innoventes/.m2/repository/org/springframework/boot/spring-boot-starter/2.2.6.RELEASE/spring-boot-starter-2.2.6.RELEASE.jar:/home/innoventes/.m2/repository/org/springframework/boot/spring-boot/2.2.6.RELEASE/spring-boot-2.2.6.RELEASE.jar:/home/innoventes/.m2/repository/org/springframework/boot/spring-boot-autoconfigure/2.2.6.RELEASE/spring-boot-autoconfigure-2.2.6.RELEASE.jar:/home/innoventes/.m2/repository/org/springframework/boot/spring-boot-starter-logging/2.2.6.RELEASE/spring-boot-starter-logging-2.2.6.RELEASE.jar:/home/innoventes/.m2/repository/ch/qos/logback/logback-classic/1.2.3/logback-classic-1.2.3.jar:/home/innoventes/.m2/repository/ch/qos/logback/logback-core/1.2.3/logback-core-1.2.3.jar:/home/innoventes/.m2/repository/org/apache/logging/log4j/log4j-to-slf4j/2.12.1/log4j-to-slf4j-2.12.1.jar:/home/innoventes/.m2/repository/org/apache/logging/log4j/log4j-api/2.12.1/log4j-api-2.12.1.jar:/home/innoventes/.m2/repository/org/slf4j/jul-to-slf4j/1.7.30/jul-to-slf4j-1.7.30.jar:/home/innoventes/.m2/repository/jakarta/annotation/jakarta.annotation-api/1.3.5/jakarta.annotation-api-1.3.5.jar:/home/innoventes/.m2/repository/org/yaml/snakeyaml/1.25/snakeyaml-1.25.jar:/home/innoventes/.m2/repository/org/springframework/boot/spring-boot-starter-json/2.2.6.RELEASE/spring-boot-starter-json-2.2.6.RELEASE.jar:/home/innoventes/.m2/repository/com/fasterxml/jackson/datatype/jackson-datatype-jdk8/2.10.3/jackson-datatype-jdk8-2.10.3.jar:/home/innoventes/.m2/repository/com/fasterxml/jackson/datatype/jackson-datatype-jsr310/2.10.3/jackson-datatype-jsr310-2.10.3.jar:/home/innoventes/.m2/repository/com/fasterxml/jackson/module/jackson-module-parameter-names/2.10.3/jackson-module-parameter-names-2.10.3.jar:/home/innoventes/.m2/repository/org/springframework/boot/s
Launcher Type: SUN_STANDARD

Environment Variables:
PATH=/home/innoventes/.nvm/versions/node/v12.16.1/bin:/usr/local/sbin:/usr/local/bin:/usr/sbin:/usr/bin:/sbin:/bin:/usr/games:/usr/local/games:/snap/bin
USERNAME=innoventes
SHELL=/bin/bash
DISPLAY=:0

Signal Handlers:
SIGSEGV: [libjvm.so+0xabc3b0], sa_mask[0]=11111111011111111101111111111110, sa_flags=SA_RESTART|SA_SIGINFO
SIGBUS: [libjvm.so+0xabc3b0], sa_mask[0]=11111111011111111101111111111110, sa_flags=SA_RESTART|SA_SIGINFO
SIGFPE: [libjvm.so+0x8f0bb0], sa_mask[0]=11111111011111111101111111111110, sa_flags=SA_RESTART|SA_SIGINFO
SIGPIPE: [libjvm.so+0x8f0bb0], sa_mask[0]=11111111011111111101111111111110, sa_flags=SA_RESTART|SA_SIGINFO
SIGXFSZ: [libjvm.so+0x8f0bb0], sa_mask[0]=11111111011111111101111111111110, sa_flags=SA_RESTART|SA_SIGINFO
SIGILL: [libjvm.so+0x8f0bb0], sa_mask[0]=11111111011111111101111111111110, sa_flags=SA_RESTART|SA_SIGINFO
SIGUSR1: SIG_DFL, sa_mask[0]=00000000000000000000000000000000, sa_flags=none
SIGUSR2: [libjvm.so+0x8f0a60], sa_mask[0]=00100000000000000000000000000000, sa_flags=SA_RESTART|SA_SIGINFO
SIGHUP: [libjvm.so+0x8f10d0], sa_mask[0]=11111111011111111101111111111110, sa_flags=SA_RESTART|SA_SIGINFO
SIGINT: [libjvm.so+0x8f10d0], sa_mask[0]=11111111011111111101111111111110, sa_flags=SA_RESTART|SA_SIGINFO
SIGTERM: [libjvm.so+0x8f10d0], sa_mask[0]=11111111011111111101111111111110, sa_flags=SA_RESTART|SA_SIGINFO
SIGQUIT: [libjvm.so+0x8f10d0], sa_mask[0]=11111111011111111101111111111110, sa_flags=SA_RESTART|SA_SIGINFO


---------------  S Y S T E M  ---------------

OS:DISTRIB_ID=Ubuntu
DISTRIB_RELEASE=18.04
DISTRIB_CODENAME=bionic
DISTRIB_DESCRIPTION="Ubuntu 18.04.3 LTS"

uname:Linux 4.15.0-88-generic #88-Ubuntu SMP Tue Feb 11 20:11:34 UTC 2020 x86_64
libc:glibc 2.27 NPTL 2.27 
rlimit: STACK 8192k, CORE 0k, NPROC 29400, NOFILE 1048576, AS infinity
load average:1.22 1.43 2.14

/proc/meminfo:
MemTotal:        7621904 kB
MemFree:          746772 kB
MemAvailable:    1272556 kB
Buffers:           85960 kB
Cached:           919180 kB
SwapCached:        13812 kB
Active:          4771176 kB
Inactive:        1208840 kB
Active(anon):    4367680 kB
Inactive(anon):   916728 kB
Active(file):     403496 kB
Inactive(file):   292112 kB
Unevictable:          64 kB
Mlocked:              64 kB
SwapTotal:       2097148 kB
SwapFree:         424456 kB
Dirty:               588 kB
Writeback:             0 kB
AnonPages:       4961700 kB
Mapped:           699360 kB
Shmem:            469292 kB
Slab:             230188 kB
SReclaimable:     100524 kB
SUnreclaim:       129664 kB
KernelStack:       20688 kB
PageTables:       132252 kB
NFS_Unstable:          0 kB
Bounce:                0 kB
WritebackTmp:          0 kB
CommitLimit:     5908100 kB
Committed_AS:   18733556 kB
VmallocTotal:   34359738367 kB
VmallocUsed:           0 kB
VmallocChunk:          0 kB
HardwareCorrupted:     0 kB
AnonHugePages:      2048 kB
ShmemHugePages:        0 kB
ShmemPmdMapped:        0 kB
CmaTotal:              0 kB
CmaFree:               0 kB
HugePages_Total:       0
HugePages_Free:        0
HugePages_Rsvd:        0
HugePages_Surp:        0
Hugepagesize:       2048 kB
DirectMap4k:     1379072 kB
DirectMap2M:     6455296 kB
DirectMap1G:           0 kB

container (cgroup) information:
container_type: cgroupv1
cpu_cpuset_cpus: 0-3
cpu_memory_nodes: 0
active_processor_count: 4
cpu_quota: -1
cpu_period: 100000
cpu_shares: -1
memory_limit_in_bytes: -1
memory_and_swap_limit_in_bytes: -2
memory_soft_limit_in_bytes: -1
memory_usage_in_bytes: 6133022720
memory_max_usage_in_bytes: 6913265664


CPU:total 4 (initial active 4) (4 cores per cpu, 1 threads per core) family 21 model 16 stepping 1, cmov, cx8, fxsr, mmx, sse, sse2, sse3, ssse3, sse4.1, sse4.2, popcnt, avx, aes, clmul, mmxext, 3dnowpref, lzcnt, sse4a, tsc, tscinvbit, tscinv, bmi1

/proc/cpuinfo:
processor	: 0
vendor_id	: AuthenticAMD
cpu family	: 21
model		: 16
model name	: AMD A10-4600M APU with Radeon(tm) HD Graphics
stepping	: 1
microcode	: 0x6001119
cpu MHz		: 2295.796
cache size	: 2048 KB
physical id	: 0
siblings	: 4
core id		: 0
cpu cores	: 2
apicid		: 16
initial apicid	: 0
fpu		: yes
fpu_exception	: yes
cpuid level	: 13
wp		: yes
flags		: fpu vme de pse tsc msr pae mce cx8 apic sep mtrr pge mca cmov pat pse36 clflush mmx fxsr sse sse2 ht syscall nx mmxext fxsr_opt pdpe1gb rdtscp lm constant_tsc rep_good nopl nonstop_tsc cpuid extd_apicid aperfmperf pni pclmulqdq monitor ssse3 fma cx16 sse4_1 sse4_2 popcnt aes xsave avx f16c lahf_lm cmp_legacy svm extapic cr8_legacy abm sse4a misalignsse 3dnowprefetch osvw ibs xop skinit wdt lwp fma4 tce nodeid_msr tbm topoext perfctr_core perfctr_nb cpb hw_pstate ssbd vmmcall bmi1 arat npt lbrv svm_lock nrip_save tsc_scale vmcb_clean flushbyasid decodeassists pausefilter pfthreshold
bugs		: fxsave_leak sysret_ss_attrs null_seg spectre_v1 spectre_v2 spec_store_bypass
bogomips	: 4591.59
TLB size	: 1536 4K pages
clflush size	: 64
cache_alignment	: 64
address sizes	: 48 bits physical, 48 bits virtual
power management: ts ttp tm 100mhzsteps hwpstate cpb eff_freq_ro

processor	: 1
vendor_id	: AuthenticAMD
cpu family	: 21
model		: 16
model name	: AMD A10-4600M APU with Radeon(tm) HD Graphics
stepping	: 1
microcode	: 0x6001119
cpu MHz		: 2295.800
cache size	: 2048 KB
physical id	: 0
siblings	: 4
core id		: 1
cpu cores	: 2
apicid		: 17
initial apicid	: 1
fpu		: yes
fpu_exception	: yes
cpuid level	: 13
wp		: yes
flags		: fpu vme de pse tsc msr pae mce cx8 apic sep mtrr pge mca cmov pat pse36 clflush mmx fxsr sse sse2 ht syscall nx mmxext fxsr_opt pdpe1gb rdtscp lm constant_tsc rep_good nopl nonstop_tsc cpuid extd_apicid aperfmperf pni pclmulqdq monitor ssse3 fma cx16 sse4_1 sse4_2 popcnt aes xsave avx f16c lahf_lm cmp_legacy svm extapic cr8_legacy abm sse4a misalignsse 3dnowprefetch osvw ibs xop skinit wdt lwp fma4 tce nodeid_msr tbm topoext perfctr_core perfctr_nb cpb hw_pstate ssbd vmmcall bmi1 arat npt lbrv svm_lock nrip_save tsc_scale vmcb_clean flushbyasid decodeassists pausefilter pfthreshold
bugs		: fxsave_leak sysret_ss_attrs null_seg spectre_v1 spectre_v2 spec_store_bypass
bogomips	: 4591.59
TLB size	: 1536 4K pages
clflush size	: 64
cache_alignment	: 64
address sizes	: 48 bits physical, 48 bits virtual
power management: ts ttp tm 100mhzsteps hwpstate cpb eff_freq_ro

processor	: 2
vendor_id	: AuthenticAMD
cpu family	: 21
model		: 16
model name	: AMD A10-4600M APU with Radeon(tm) HD Graphics
stepping	: 1
microcode	: 0x6001119
cpu MHz		: 2295.795
cache size	: 2048 KB
physical id	: 0
siblings	: 4
core id		: 2
cpu cores	: 2
apicid		: 18
initial apicid	: 2
fpu		: yes
fpu_exception	: yes
cpuid level	: 13
wp		: yes
flags		: fpu vme de pse tsc msr pae mce cx8 apic sep mtrr pge mca cmov pat pse36 clflush mmx fxsr sse sse2 ht syscall nx mmxext fxsr_opt pdpe1gb rdtscp lm constant_tsc rep_good nopl nonstop_tsc cpuid extd_apicid aperfmperf pni pclmulqdq monitor ssse3 fma cx16 sse4_1 sse4_2 popcnt aes xsave avx f16c lahf_lm cmp_legacy svm extapic cr8_legacy abm sse4a misalignsse 3dnowprefetch osvw ibs xop skinit wdt lwp fma4 tce nodeid_msr tbm topoext perfctr_core perfctr_nb cpb hw_pstate ssbd vmmcall bmi1 arat npt lbrv svm_lock nrip_save tsc_scale vmcb_clean flushbyasid decodeassists pausefilter pfthreshold
bugs		: fxsave_leak sysret_ss_attrs null_seg spectre_v1 spectre_v2 spec_store_bypass
bogomips	: 4591.59
TLB size	: 1536 4K pages
clflush size	: 64
cache_alignment	: 64
address sizes	: 48 bits physical, 48 bits virtual
power management: ts ttp tm 100mhzsteps hwpstate cpb eff_freq_ro

processor	: 3
vendor_id	: AuthenticAMD
cpu family	: 21
model		: 16
model name	: AMD A10-4600M APU with Radeon(tm) HD Graphics
stepping	: 1
microcode	: 0x6001119
cpu MHz		: 2295.795
cache size	: 2048 KB
physical id	: 0
siblings	: 4
core id		: 3
cpu cores	: 2
apicid		: 19
initial apicid	: 3
fpu		: yes
fpu_exception	: yes
cpuid level	: 13
wp		: yes
flags		: fpu vme de pse tsc msr pae mce cx8 apic sep mtrr pge mca cmov pat pse36 clflush mmx fxsr sse sse2 ht syscall nx mmxext fxsr_opt pdpe1gb rdtscp lm constant_tsc rep_good nopl nonstop_tsc cpuid extd_apicid aperfmperf pni pclmulqdq monitor ssse3 fma cx16 sse4_1 sse4_2 popcnt aes xsave avx f16c lahf_lm cmp_legacy svm extapic cr8_legacy abm sse4a misalignsse 3dnowprefetch osvw ibs xop skinit wdt lwp fma4 tce nodeid_msr tbm topoext perfctr_core perfctr_nb cpb hw_pstate ssbd vmmcall bmi1 arat npt lbrv svm_lock nrip_save tsc_scale vmcb_clean flushbyasid decodeassists pausefilter pfthreshold
bugs		: fxsave_leak sysret_ss_attrs null_seg spectre_v1 spectre_v2 spec_store_bypass
bogomips	: 4591.59
TLB size	: 1536 4K pages
clflush size	: 64
cache_alignment	: 64
address sizes	: 48 bits physical, 48 bits virtual
power management: ts ttp tm 100mhzsteps hwpstate cpb eff_freq_ro



Memory: 4k page, physical 7621904k(746772k free), swap 2097148k(424456k free)

vm_info: OpenJDK 64-Bit Server VM (25.242-b08) for linux-amd64 JRE (1.8.0_242-8u242-b08-0ubuntu3~18.04-b08), built on Jan 17 2020 23:41:21 by "buildd" with gcc 7.4.0

time: Wed May 27 00:55:45 2020
timezone: IST
elapsed time: 5 seconds (0d 0h 0m 5s)

