#
# A fatal error has been detected by the Java Runtime Environment:
#
#  SIGSEGV (0xb) at pc=0x00007f292fe96e8e, pid=24771, tid=0x00007f292d486700
#
# JRE version: OpenJDK Runtime Environment (8.0_242-b08) (build 1.8.0_242-8u242-b08-0ubuntu3~18.04-b08)
# Java VM: OpenJDK 64-Bit Server VM (25.242-b08 mixed mode linux-amd64 compressed oops)
# Problematic frame:
# V  [libjvm.so+0x63ee8e]
#
# Failed to write core dump. Core dumps have been disabled. To enable core dumping, try "ulimit -c unlimited" before starting Java again
#
# If you would like to submit a bug report, please visit:
#   http://bugreport.java.com/bugreport/crash.jsp
#

---------------  T H R E A D  ---------------

Current thread (0x00007f2928025800):  GCTaskThread [stack: 0x00007f292d387000,0x00007f292d487000] [id=24774]

siginfo: si_signo: 11 (SIGSEGV), si_code: 128 (SI_KERNEL), si_addr: 0x0000000000000000

Registers:
RAX=0x00007f29105d0000, RBX=0x0000000000e68a98, RCX=0x0000000000000013, RDX=0x007fffffffbaa345
RSP=0x00007f292d485b60, RBP=0x00007f292d485bb0, RSI=0x0000000000080000, RDI=0x000000010006d358
R8 =0x00007f29307cb3e0, R9 =0x00000000e68a9bb0, R10=0x000000000000000c, R11=0x0000000000000010
R12=0x00007f292807a0b0, R13=0x00000000e68a9b5c, R14=0x000000010006d350, R15=0x00000000e68a9b60
RIP=0x00007f292fe96e8e, EFLAGS=0x0000000000010216, CSGSFS=0x002b000000000033, ERR=0x0000000000000000
  TRAPNO=0x000000000000000d

Top of Stack: (sp=0x00007f292d485b60)
0x00007f292d485b60:   00000000e68a9b50 000000010006d358
0x00007f292d485b70:   00007f29307cb3e0 a5721753ded35400
0x00007f292d485b80:   00007f292807a0b0 00007f292807a0b0
0x00007f292d485b90:   00007f29307c76ac 00007f2928025800
0x00007f292d485ba0:   0000000000000000 00007f292807a0b0
0x00007f292d485bb0:   00007f292d485ca0 00007f29301b044f
0x00007f292d485bc0:   00007f292d485c40 0000000000000081
0x00007f292d485bd0:   00007f292807a0c0 00007f292d485c00
0x00007f292d485be0:   0000008000000000 000000008ba97d78
0x00007f292d485bf0:   000000008ba97d78 00000000e68a9b50
0x00007f292d485c00:   00007f292d485c70 00007f29301b98b7
0x00007f292d485c10:   00007f292807a680 0000000000000000
0x00007f292d485c20:   000000000000003c 00007f2928026550
0x00007f292d485c30:   00007f2928026528 00007f2900000000
0x00007f292d485c40:   00007f2900000004 a5721753ded35400
0x00007f292d485c50:   00007f292d485cd0 00007f29307e17d8
0x00007f292d485c60:   00007f29307e17d8 a5721753ded35400
0x00007f292d485c70:   00007f292d485ca0 00007f292d485cd0
0x00007f292d485c80:   00007f292802cd60 00007f2928025800
0x00007f292d485c90:   0000000000000000 00007f292807a0b0
0x00007f292d485ca0:   00007f292d485da0 00007f29301921a0
0x00007f292d485cb0:   00007f292d485d00 00007f2930108de9
0x00007f292d485cc0:   00007f292d485d20 00007f2928024dc0
0x00007f292d485cd0:   00007f293070a208 00007f2928024d00
0x00007f292d485ce0:   00007f292807a0b0 0000000000000001
0x00007f292d485cf0:   00007f293070a238 0000000128025800
0x00007f292d485d00:   00007f292d485cd0 00007f292802b978
0x00007f292d485d10:   0000000000000001 00007f292802b950
0x00007f292d485d20:   00007f292d485d60 00007f292802b928
0x00007f292d485d30:   00007f2928024da0 00007f292802cd60
0x00007f292d485d40:   00007f2928024e50 00007f2930153f28
0x00007f292d485d50:   00007f2928024d20 0000000000000000 

Instructions: (pc=0x00007f292fe96e8e)
0x00007f292fe96e6e:   48 89 c8 8b 0a 48 c1 e8 03 48 d3 e8 48 89 c1 48
0x00007f292fe96e7e:   89 c2 49 8b 40 30 83 e1 3f 48 c1 ea 06 48 d3 e6
0x00007f292fe96e8e:   48 85 34 d0 75 9c 48 8d 05 cf ab 92 00 80 38 00
0x00007f292fe96e9e:   0f 85 0c 02 00 00 48 8b 73 08 48 89 df 4c 89 45 

Register to memory mapping:

RAX=0x00007f29105d0000 is pointing into the stack for thread: 0x00007f292808b800
RBX=0x0000000000e68a98 is an unknown value
RCX=0x0000000000000013 is an unknown value
RDX=0x007fffffffbaa345 is an unknown value
RSP=0x00007f292d485b60 is an unknown value
RBP=0x00007f292d485bb0 is an unknown value
RSI=0x0000000000080000 is an unknown value
RDI=0x000000010006d358 is pointing into metadata
R8 =0x00007f29307cb3e0: <offset 0xf733e0> in /usr/lib/jvm/java-8-openjdk-amd64/jre/lib/amd64/server/libjvm.so at 0x00007f292f858000
R9 =0x00000000e68a9bb0 is an oop
java.util.LinkedHashMap$Entry 
 - klass: 'java/util/LinkedHashMap$Entry'
R10=0x000000000000000c is an unknown value
R11=0x0000000000000010 is an unknown value
R12=0x00007f292807a0b0 is an unknown value
R13=0x00000000e68a9b5c is an unknown value
R14=0x000000010006d350 is pointing into metadata
R15=0x00000000e68a9b60 is an oop
[Ljava.util.HashMap$Node; 
 - klass: 'java/util/HashMap$Node'[]
 - length: 16


Stack: [0x00007f292d387000,0x00007f292d487000],  sp=0x00007f292d485b60,  free space=1018k
Native frames: (J=compiled Java code, j=interpreted, Vv=VM code, C=native code)
V  [libjvm.so+0x63ee8e]
V  [libjvm.so+0x95844f]
V  [libjvm.so+0x93a1a0]
V  [libjvm.so+0x5c1326]
V  [libjvm.so+0x8f2d82]


---------------  P R O C E S S  ---------------

Java Threads: ( => current thread )
  0x00007f2928bc7000 JavaThread "container-0" [_thread_blocked, id=24804, stack(0x00007f28e189c000,0x00007f28e199d000)]
  0x00007f28cc33d000 JavaThread "Catalina-utility-2" [_thread_blocked, id=24803, stack(0x00007f28e199d000,0x00007f28e1a9e000)]
  0x00007f2928bc4800 JavaThread "Catalina-utility-1" [_thread_blocked, id=24802, stack(0x00007f28e2e9e000,0x00007f28e2f9f000)]
  0x00007f2928635800 JavaThread "RMI TCP Accept-0" daemon [_thread_in_native, id=24790, stack(0x00007f28e32a0000,0x00007f28e33a1000)]
  0x00007f292861a800 JavaThread "RMI TCP Accept-40423" daemon [_thread_in_native, id=24789, stack(0x00007f28e33a1000,0x00007f28e34a2000)]
  0x00007f2928605000 JavaThread "RMI TCP Accept-0" daemon [_thread_in_native, id=24788, stack(0x00007f28e34a2000,0x00007f28e35a3000)]
  0x00007f29280f7000 JavaThread "Service Thread" daemon [_thread_blocked, id=24787, stack(0x00007f28fb52f000,0x00007f28fb630000)]
  0x00007f29280c2000 JavaThread "C1 CompilerThread2" daemon [_thread_blocked, id=24786, stack(0x00007f29100cc000,0x00007f29101cc000)]
  0x00007f29280c0000 JavaThread "C2 CompilerThread1" daemon [_thread_in_native, id=24785, stack(0x00007f29101cd000,0x00007f29102cd000)]
  0x00007f29280bd800 JavaThread "C2 CompilerThread0" daemon [_thread_blocked, id=24784, stack(0x00007f29102ce000,0x00007f29103ce000)]
  0x00007f29280b9800 JavaThread "Signal Dispatcher" daemon [_thread_blocked, id=24783, stack(0x00007f29103ce000,0x00007f29104cf000)]
  0x00007f292808b800 JavaThread "Finalizer" daemon [_thread_blocked, id=24782, stack(0x00007f29104cf000,0x00007f29105d0000)]
  0x00007f2928087000 JavaThread "Reference Handler" daemon [_thread_blocked, id=24781, stack(0x00007f29180d0000,0x00007f29181d1000)]
  0x00007f292800f800 JavaThread "main" [_thread_blocked, id=24772, stack(0x00007f293155f000,0x00007f293165f000)]

Other Threads:
  0x00007f292807d800 VMThread [stack: 0x00007f29181d2000,0x00007f29182d2000] [id=24780]
  0x00007f292863a800 WatcherThread [stack: 0x00007f28e31a0000,0x00007f28e32a0000] [id=24791]

=>0x00007f2928025800 (exited) GCTaskThread [stack: 0x00007f292d387000,0x00007f292d487000] [id=24774]

VM state:at safepoint (normal execution)

VM Mutex/Monitor currently owned by a thread:  ([mutex/lock_event])
[0x00007f292800c340] Threads_lock - owner thread: 0x00007f292807d800
[0x00007f292800c840] Heap_lock - owner thread: 0x00007f292800f800

heap address: 0x000000008ba00000, size: 1862 MB, Compressed Oops mode: 32-bit
Narrow klass base: 0x0000000000000000, Narrow klass shift: 3
Compressed class space size: 1073741824 Address: 0x0000000100000000

Heap:
 PSYoungGen      total 229376K, used 7902K [0x00000000d9380000, 0x00000000f3180000, 0x0000000100000000)
  eden space 215552K, 0% used [0x00000000d9380000,0x00000000d9380000,0x00000000e6600000)
  from space 13824K, 57% used [0x00000000e6600000,0x00000000e6db7958,0x00000000e7380000)
  to   space 13312K, 0% used [0x00000000f2480000,0x00000000f2480000,0x00000000f3180000)
 ParOldGen       total 46592K, used 11003K [0x000000008ba00000, 0x000000008e780000, 0x00000000d9380000)
  object space 46592K, 23% used [0x000000008ba00000,0x000000008c4bed40,0x000000008e780000)
 Metaspace       used 34306K, capacity 36000K, committed 36048K, reserved 1081344K
  class space    used 4376K, capacity 4690K, committed 4736K, reserved 1048576K

Card table byte_map: [0x00007f292d6f4000,0x00007f292da98000] byte_map_base: 0x00007f292d297000

Marking Bits: (ParMarkBitMap*) 0x00007f29307cb3e0
 Begin Bits: [0x00007f29105d0000, 0x00007f29122e8000)
 End Bits:   [0x00007f29122e8000, 0x00007f2914000000)

Polling page: 0x00007f2931662000

CodeCache: size=245760Kb used=10607Kb max_used=10617Kb free=235152Kb
 bounds [0x00007f2919000000, 0x00007f2919a70000, 0x00007f2928000000]
 total_blobs=3657 nmethods=3250 adapters=321
 compilation: enabled

Compilation events (10 events):
Event: 5.991 Thread 0x00007f29280c2000 3271       2       org.springframework.util.AntPathMatcher::doMatch (619 bytes)
Event: 6.001 Thread 0x00007f29280c2000 nmethod 3271 0x00007f2919a43190 code [0x00007f2919a434a0, 0x00007f2919a44498]
Event: 6.002 Thread 0x00007f29280c2000 3274   !   2       java.net.URL::<init> (543 bytes)
Event: 6.006 Thread 0x00007f29280c2000 nmethod 3274 0x00007f2919a40250 code [0x00007f2919a405a0, 0x00007f2919a41778]
Event: 6.006 Thread 0x00007f29280c2000 3273   !   2       org.springframework.core.type.filter.AbstractTypeHierarchyTraversingFilter::match (305 bytes)
Event: 6.008 Thread 0x00007f29280bd800 nmethod 3266 0x00007f2919a3c390 code [0x00007f2919a3c560, 0x00007f2919a3caf0]
Event: 6.008 Thread 0x00007f29280bd800 3265   !   4       java.util.zip.ZipFile::getEntry (101 bytes)
Event: 6.009 Thread 0x00007f29280c2000 nmethod 3273 0x00007f2919a3e550 code [0x00007f2919a3e8a0, 0x00007f2919a3f4e8]
Event: 6.009 Thread 0x00007f29280c2000 3272       2       org.springframework.core.io.FileSystemResource::hashCode (8 bytes)
Event: 6.011 Thread 0x00007f29280c2000 nmethod 3272 0x00007f2919a3c010 code [0x00007f2919a3c180, 0x00007f2919a3c2e8]

GC Heap History (10 events):
Event: 2.175 GC heap after
Heap after GC invocations=4 (full 0):
 PSYoungGen      total 127488K, used 4578K [0x00000000d9380000, 0x00000000e1480000, 0x0000000100000000)
  eden space 122880K, 0% used [0x00000000d9380000,0x00000000d9380000,0x00000000e0b80000)
  from space 4608K, 99% used [0x00000000e1000000,0x00000000e1478a98,0x00000000e1480000)
  to   space 4608K, 0% used [0x00000000e0b80000,0x00000000e0b80000,0x00000000e1000000)
 ParOldGen       total 80896K, used 6492K [0x000000008ba00000, 0x0000000090900000, 0x00000000d9380000)
  object space 80896K, 8% used [0x000000008ba00000,0x000000008c057160,0x0000000090900000)
 Metaspace       used 20943K, capacity 21518K, committed 21628K, reserved 1069056K
  class space    used 2629K, capacity 2799K, committed 2816K, reserved 1048576K
}
Event: 2.175 GC heap before
{Heap before GC invocations=5 (full 1):
 PSYoungGen      total 127488K, used 4578K [0x00000000d9380000, 0x00000000e1480000, 0x0000000100000000)
  eden space 122880K, 0% used [0x00000000d9380000,0x00000000d9380000,0x00000000e0b80000)
  from space 4608K, 99% used [0x00000000e1000000,0x00000000e1478a98,0x00000000e1480000)
  to   space 4608K, 0% used [0x00000000e0b80000,0x00000000e0b80000,0x00000000e1000000)
 ParOldGen       total 80896K, used 6492K [0x000000008ba00000, 0x0000000090900000, 0x00000000d9380000)
  object space 80896K, 8% used [0x000000008ba00000,0x000000008c057160,0x0000000090900000)
 Metaspace       used 20943K, capacity 21518K, committed 21628K, reserved 1069056K
  class space    used 2629K, capacity 2799K, committed 2816K, reserved 1048576K
Event: 2.221 GC heap after
Heap after GC invocations=5 (full 1):
 PSYoungGen      total 127488K, used 0K [0x00000000d9380000, 0x00000000e1480000, 0x0000000100000000)
  eden space 122880K, 0% used [0x00000000d9380000,0x00000000d9380000,0x00000000e0b80000)
  from space 4608K, 0% used [0x00000000e1000000,0x00000000e1000000,0x00000000e1480000)
  to   space 4608K, 0% used [0x00000000e0b80000,0x00000000e0b80000,0x00000000e1000000)
 ParOldGen       total 46592K, used 4903K [0x000000008ba00000, 0x000000008e780000, 0x00000000d9380000)
  object space 46592K, 10% used [0x000000008ba00000,0x000000008bec9ed0,0x000000008e780000)
 Metaspace       used 20943K, capacity 21518K, committed 21628K, reserved 1069056K
  class space    used 2629K, capacity 2799K, committed 2816K, reserved 1048576K
}
Event: 3.872 GC heap before
{Heap before GC invocations=6 (full 1):
 PSYoungGen      total 127488K, used 122880K [0x00000000d9380000, 0x00000000e1480000, 0x0000000100000000)
  eden space 122880K, 100% used [0x00000000d9380000,0x00000000e0b80000,0x00000000e0b80000)
  from space 4608K, 0% used [0x00000000e1000000,0x00000000e1000000,0x00000000e1480000)
  to   space 4608K, 0% used [0x00000000e0b80000,0x00000000e0b80000,0x00000000e1000000)
 ParOldGen       total 46592K, used 4903K [0x000000008ba00000, 0x000000008e780000, 0x00000000d9380000)
  object space 46592K, 10% used [0x000000008ba00000,0x000000008bec9ed0,0x000000008e780000)
 Metaspace       used 26639K, capacity 27718K, committed 28032K, reserved 1073152K
  class space    used 3388K, capacity 3627K, committed 3712K, reserved 1048576K
Event: 3.888 GC heap after
Heap after GC invocations=6 (full 1):
 PSYoungGen      total 127488K, used 4600K [0x00000000d9380000, 0x00000000e8080000, 0x0000000100000000)
  eden space 122880K, 0% used [0x00000000d9380000,0x00000000d9380000,0x00000000e0b80000)
  from space 4608K, 99% used [0x00000000e0b80000,0x00000000e0ffe2c8,0x00000000e1000000)
  to   space 11264K, 0% used [0x00000000e7580000,0x00000000e7580000,0x00000000e8080000)
 ParOldGen       total 46592K, used 9633K [0x000000008ba00000, 0x000000008e780000, 0x00000000d9380000)
  object space 46592K, 20% used [0x000000008ba00000,0x000000008c3684a0,0x000000008e780000)
 Metaspace       used 26639K, capacity 27718K, committed 28032K, reserved 1073152K
  class space    used 3388K, capacity 3627K, committed 3712K, reserved 1048576K
}
Event: 5.895 GC heap before
{Heap before GC invocations=7 (full 1):
 PSYoungGen      total 127488K, used 127480K [0x00000000d9380000, 0x00000000e8080000, 0x0000000100000000)
  eden space 122880K, 100% used [0x00000000d9380000,0x00000000e0b80000,0x00000000e0b80000)
  from space 4608K, 99% used [0x00000000e0b80000,0x00000000e0ffe2c8,0x00000000e1000000)
  to   space 11264K, 0% used [0x00000000e7580000,0x00000000e7580000,0x00000000e8080000)
 ParOldGen       total 46592K, used 9633K [0x000000008ba00000, 0x000000008e780000, 0x00000000d9380000)
  object space 46592K, 20% used [0x000000008ba00000,0x000000008c3684a0,0x000000008e780000)
 Metaspace       used 34006K, capacity 35746K, committed 35968K, reserved 1081344K
  class space    used 4337K, capacity 4653K, committed 4736K, reserved 1048576K
Event: 5.931 GC heap after
Heap after GC invocations=7 (full 1):
 PSYoungGen      total 226816K, used 11255K [0x00000000d9380000, 0x00000000e8100000, 0x0000000100000000)
  eden space 215552K, 0% used [0x00000000d9380000,0x00000000d9380000,0x00000000e6600000)
  from space 11264K, 99% used [0x00000000e7580000,0x00000000e807ddf0,0x00000000e8080000)
  to   space 13824K, 0% used [0x00000000e6600000,0x00000000e6600000,0x00000000e7380000)
 ParOldGen       total 46592K, used 10995K [0x000000008ba00000, 0x000000008e780000, 0x00000000d9380000)
  object space 46592K, 23% used [0x000000008ba00000,0x000000008c4bcd40,0x000000008e780000)
 Metaspace       used 34006K, capacity 35746K, committed 35968K, reserved 1081344K
  class space    used 4337K, capacity 4653K, committed 4736K, reserved 1048576K
}
Event: 6.022 GC heap before
{Heap before GC invocations=8 (full 1):
 PSYoungGen      total 226816K, used 22341K [0x00000000d9380000, 0x00000000e8100000, 0x0000000100000000)
  eden space 215552K, 5% used [0x00000000d9380000,0x00000000d9e537b0,0x00000000e6600000)
  from space 11264K, 99% used [0x00000000e7580000,0x00000000e807ddf0,0x00000000e8080000)
  to   space 13824K, 0% used [0x00000000e6600000,0x00000000e6600000,0x00000000e7380000)
 ParOldGen       total 46592K, used 10995K [0x000000008ba00000, 0x000000008e780000, 0x00000000d9380000)
  object space 46592K, 23% used [0x000000008ba00000,0x000000008c4bcd40,0x000000008e780000)
 Metaspace       used 34306K, capacity 36000K, committed 36048K, reserved 1081344K
  class space    used 4376K, capacity 4690K, committed 4736K, reserved 1048576K
Event: 6.052 GC heap after
Heap after GC invocations=8 (full 1):
 PSYoungGen      total 229376K, used 7902K [0x00000000d9380000, 0x00000000f3180000, 0x0000000100000000)
  eden space 215552K, 0% used [0x00000000d9380000,0x00000000d9380000,0x00000000e6600000)
  from space 13824K, 57% used [0x00000000e6600000,0x00000000e6db7958,0x00000000e7380000)
  to   space 13312K, 0% used [0x00000000f2480000,0x00000000f2480000,0x00000000f3180000)
 ParOldGen       total 46592K, used 11003K [0x000000008ba00000, 0x000000008e780000, 0x00000000d9380000)
  object space 46592K, 23% used [0x000000008ba00000,0x000000008c4bed40,0x000000008e780000)
 Metaspace       used 34306K, capacity 36000K, committed 36048K, reserved 1081344K
  class space    used 4376K, capacity 4690K, committed 4736K, reserved 1048576K
}
Event: 6.052 GC heap before
{Heap before GC invocations=9 (full 2):
 PSYoungGen      total 229376K, used 7902K [0x00000000d9380000, 0x00000000f3180000, 0x0000000100000000)
  eden space 215552K, 0% used [0x00000000d9380000,0x00000000d9380000,0x00000000e6600000)
  from space 13824K, 57% used [0x00000000e6600000,0x00000000e6db7958,0x00000000e7380000)
  to   space 13312K, 0% used [0x00000000f2480000,0x00000000f2480000,0x00000000f3180000)
 ParOldGen       total 46592K, used 11003K [0x000000008ba00000, 0x000000008e780000, 0x00000000d9380000)
  object space 46592K, 23% used [0x000000008ba00000,0x000000008c4bed40,0x000000008e780000)
 Metaspace       used 34306K, capacity 36000K, committed 36048K, reserved 1081344K
  class space    used 4376K, capacity 4690K, committed 4736K, reserved 1048576K

Deoptimization events (10 events):
Event: 5.548 Thread 0x00007f292800f800 Uncommon trap: reason=unstable_if action=reinterpret pc=0x00007f29193e8fa4 method=java.util.HashMap.getNode(ILjava/lang/Object;)Ljava/util/HashMap$Node; @ 129
Event: 5.562 Thread 0x00007f292800f800 Uncommon trap: reason=unstable_if action=reinterpret pc=0x00007f2919248cd0 method=java.lang.AbstractStringBuilder.append(Ljava/lang/String;)Ljava/lang/AbstractStringBuilder; @ 1
Event: 5.623 Thread 0x00007f292800f800 Uncommon trap: reason=unstable_if action=reinterpret pc=0x00007f291953abc0 method=java.util.HashMap.putVal(ILjava/lang/Object;Ljava/lang/Object;ZZ)Ljava/lang/Object; @ 162
Event: 5.623 Thread 0x00007f292800f800 Uncommon trap: reason=unstable_if action=reinterpret pc=0x00007f29194378c0 method=java.util.HashMap.getNode(ILjava/lang/Object;)Ljava/util/HashMap$Node; @ 84
Event: 5.623 Thread 0x00007f292800f800 Uncommon trap: reason=unstable_if action=reinterpret pc=0x00007f29194424e8 method=java.util.HashMap.getNode(ILjava/lang/Object;)Ljava/util/HashMap$Node; @ 84
Event: 5.631 Thread 0x00007f292800f800 Uncommon trap: reason=unstable_if action=reinterpret pc=0x00007f291999986c method=java.util.concurrent.ConcurrentHashMap.putVal(Ljava/lang/Object;Ljava/lang/Object;Z)Ljava/lang/Object; @ 331
Event: 5.724 Thread 0x00007f292800f800 Uncommon trap: reason=unstable_if action=reinterpret pc=0x00007f2919510744 method=java.util.HashMap.resize()[Ljava/util/HashMap$Node; @ 206
Event: 5.828 Thread 0x00007f292800f800 Uncommon trap: reason=null_check action=make_not_entrant pc=0x00007f29197c50d4 method=org.springframework.util.ClassUtils.isAssignable(Ljava/lang/Class;Ljava/lang/Class;)Z @ 14
Event: 5.996 Thread 0x00007f292800f800 Uncommon trap: reason=unstable_if action=reinterpret pc=0x00007f291943b544 method=java.net.URL.<init>(Ljava/net/URL;Ljava/lang/String;Ljava/net/URLStreamHandler;)V @ 57
Event: 5.997 Thread 0x00007f292800f800 Uncommon trap: reason=unstable_if action=reinterpret pc=0x00007f29199f3458 method=java.net.URLStreamHandler.parseURL(Ljava/net/URL;Ljava/lang/String;II)V @ 57

Classes redefined (0 events):
No events

Internal exceptions (10 events):
Event: 5.566 Thread 0x00007f292800f800 Exception <a 'java/lang/NullPointerException'> (0x00000000dfda9e20) thrown at [/build/openjdk-8-58sEEn/openjdk-8-8u242-b08/src/hotspot/src/share/vm/runtime/sharedRuntime.cpp, line 605]
Event: 5.566 Thread 0x00007f292800f800 Implicit null exception at 0x00007f2919660d4d to 0x00007f29196612bc
Event: 5.566 Thread 0x00007f292800f800 Exception <a 'java/lang/NullPointerException'> (0x00000000dfdaae58) thrown at [/build/openjdk-8-58sEEn/openjdk-8-8u242-b08/src/hotspot/src/share/vm/runtime/sharedRuntime.cpp, line 605]
Event: 5.566 Thread 0x00007f292800f800 Implicit null exception at 0x00007f2919660d4d to 0x00007f29196612bc
Event: 5.567 Thread 0x00007f292800f800 Exception <a 'java/lang/NullPointerException'> (0x00000000dfdabe70) thrown at [/build/openjdk-8-58sEEn/openjdk-8-8u242-b08/src/hotspot/src/share/vm/runtime/sharedRuntime.cpp, line 605]
Event: 5.567 Thread 0x00007f292800f800 Implicit null exception at 0x00007f2919660d4d to 0x00007f29196612bc
Event: 5.567 Thread 0x00007f292800f800 Exception <a 'java/lang/NullPointerException'> (0x00000000dfdacea8) thrown at [/build/openjdk-8-58sEEn/openjdk-8-8u242-b08/src/hotspot/src/share/vm/runtime/sharedRuntime.cpp, line 605]
Event: 5.567 Thread 0x00007f292800f800 Implicit null exception at 0x00007f2919660d4d to 0x00007f29196612bc
Event: 5.567 Thread 0x00007f292800f800 Exception <a 'java/lang/NullPointerException'> (0x00000000dfdadf08) thrown at [/build/openjdk-8-58sEEn/openjdk-8-8u242-b08/src/hotspot/src/share/vm/runtime/sharedRuntime.cpp, line 605]
Event: 5.801 Thread 0x00007f292800f800 Exception <a 'java/io/FileNotFoundException'> (0x00000000e06e9f30) thrown at [/build/openjdk-8-58sEEn/openjdk-8-8u242-b08/src/hotspot/src/share/vm/prims/jni.cpp, line 710]

Events (10 events):
Event: 6.017 loading class org/hibernate/boot/MetadataBuilder done
Event: 6.017 loading class org/hibernate/bytecode/enhance/spi/EnhancementContext
Event: 6.017 loading class org/hibernate/bytecode/enhance/spi/EnhancementContext done
Event: 6.018 loading class org/hibernate/internal/HEMLogging
Event: 6.018 loading class org/hibernate/internal/HEMLogging done
Event: 6.018 loading class org/hibernate/internal/EntityManagerMessageLogger
Event: 6.018 loading class org/hibernate/internal/EntityManagerMessageLogger done
Event: 6.019 loading class org/hibernate/internal/CoreMessageLogger
Event: 6.019 loading class org/hibernate/internal/CoreMessageLogger done
Event: 6.022 Executing VM operation: CollectForMetadataAllocation


Dynamic libraries:
8ba00000-8e780000 rw-p 00000000 00:00 0 
8e780000-d9380000 ---p 00000000 00:00 0 
d9380000-f3180000 rw-p 00000000 00:00 0 
f3180000-100000000 ---p 00000000 00:00 0 
100000000-1004a0000 rw-p 00000000 00:00 0 
1004a0000-140000000 ---p 00000000 00:00 0 
557c09956000-557c09957000 r-xp 00000000 08:02 25697453                   /usr/lib/jvm/java-8-openjdk-amd64/jre/bin/java
557c09b56000-557c09b57000 r--p 00000000 08:02 25697453                   /usr/lib/jvm/java-8-openjdk-amd64/jre/bin/java
557c09b57000-557c09b58000 rw-p 00001000 08:02 25697453                   /usr/lib/jvm/java-8-openjdk-amd64/jre/bin/java
557c0b49c000-557c0b4bd000 rw-p 00000000 00:00 0                          [heap]
7f28c0000000-7f28c0021000 rw-p 00000000 00:00 0 
7f28c0021000-7f28c4000000 ---p 00000000 00:00 0 
7f28c4000000-7f28c4021000 rw-p 00000000 00:00 0 
7f28c4021000-7f28c8000000 ---p 00000000 00:00 0 
7f28c8000000-7f28c8021000 rw-p 00000000 00:00 0 
7f28c8021000-7f28cc000000 ---p 00000000 00:00 0 
7f28cc000000-7f28cc355000 rw-p 00000000 00:00 0 
7f28cc355000-7f28d0000000 ---p 00000000 00:00 0 
7f28d0000000-7f28d0021000 rw-p 00000000 00:00 0 
7f28d0021000-7f28d4000000 ---p 00000000 00:00 0 
7f28d4000000-7f28d4021000 rw-p 00000000 00:00 0 
7f28d4021000-7f28d8000000 ---p 00000000 00:00 0 
7f28d8000000-7f28d8021000 rw-p 00000000 00:00 0 
7f28d8021000-7f28dc000000 ---p 00000000 00:00 0 
7f28dc000000-7f28dc021000 rw-p 00000000 00:00 0 
7f28dc021000-7f28e0000000 ---p 00000000 00:00 0 
7f28e169c000-7f28e1730000 rw-p 00000000 00:00 0 
7f28e1730000-7f28e189c000 ---p 00000000 00:00 0 
7f28e189c000-7f28e189f000 ---p 00000000 00:00 0 
7f28e189f000-7f28e199d000 rw-p 00000000 00:00 0 
7f28e199d000-7f28e19a0000 ---p 00000000 00:00 0 
7f28e19a0000-7f28e1c9e000 rw-p 00000000 00:00 0 
7f28e1c9e000-7f28e1e9e000 rw-p 00000000 00:00 0 
7f28e1e9e000-7f28e209e000 rw-p 00000000 00:00 0 
7f28e209e000-7f28e229e000 rw-p 00000000 00:00 0 
7f28e229e000-7f28e249e000 rw-p 00000000 00:00 0 
7f28e249e000-7f28e269e000 rw-p 00000000 00:00 0 
7f28e269e000-7f28e289e000 rw-p 00000000 00:00 0 
7f28e289e000-7f28e2a9e000 rw-p 00000000 00:00 0 
7f28e2a9e000-7f28e2c9e000 rw-p 00000000 00:00 0 
7f28e2c9e000-7f28e2e9e000 rw-p 00000000 00:00 0 
7f28e2e9e000-7f28e2ea1000 ---p 00000000 00:00 0 
7f28e2ea1000-7f28e319f000 rw-p 00000000 00:00 0 
7f28e319f000-7f28e31a0000 ---p 00000000 00:00 0 
7f28e31a0000-7f28e32a0000 rw-p 00000000 00:00 0 
7f28e32a0000-7f28e32a3000 ---p 00000000 00:00 0 
7f28e32a3000-7f28e33a1000 rw-p 00000000 00:00 0 
7f28e33a1000-7f28e33a4000 ---p 00000000 00:00 0 
7f28e33a4000-7f28e34a2000 rw-p 00000000 00:00 0 
7f28e34a2000-7f28e34a5000 ---p 00000000 00:00 0 
7f28e34a5000-7f28e35a3000 rw-p 00000000 00:00 0 
7f28e35a3000-7f28e35a8000 r--s 000a3000 08:02 25697536                   /usr/lib/jvm/java-8-openjdk-amd64/jre/lib/jsse.jar
7f28e35a9000-7f28e35ae000 r--s 00051000 08:02 19796235                   /home/innoventes/.m2/repository/com/fasterxml/jackson/core/jackson-core/2.10.3/jackson-core-2.10.3.jar
7f28e35ae000-7f28e35b1000 r--s 0000e000 08:02 19536345                   /home/innoventes/.m2/repository/com/fasterxml/jackson/core/jackson-annotations/2.10.3/jackson-annotations-2.10.3.jar
7f28e35b2000-7f28e35c7000 r--s 00142000 08:02 19011647                   /home/innoventes/.m2/repository/com/fasterxml/jackson/core/jackson-databind/2.10.3/jackson-databind-2.10.3.jar
7f28e35c9000-7f28e35cc000 r--s 00019000 08:02 22808844                   /home/innoventes/.m2/repository/io/jsonwebtoken/jjwt/0.9.1/jjwt-0.9.1.jar
7f28e35cc000-7f28e35db000 r--s 0007c000 08:02 22808842                   /home/innoventes/.m2/repository/org/springframework/security/spring-security-web/5.2.2.RELEASE/spring-security-web-5.2.2.RELEASE.jar
7f28e35e1000-7f28e35ed000 r--s 00061000 08:02 22808840                   /home/innoventes/.m2/repository/org/springframework/security/spring-security-core/5.2.2.RELEASE/spring-security-core-5.2.2.RELEASE.jar
7f28e35f4000-7f28e3602000 r--s 000c4000 08:02 22808838                   /home/innoventes/.m2/repository/org/springframework/security/spring-security-config/5.2.2.RELEASE/spring-security-config-5.2.2.RELEASE.jar
7f28e3602000-7f28e360b000 r--s 00052000 08:02 20058811                   /home/innoventes/.m2/repository/org/springframework/spring-aop/5.2.5.RELEASE/spring-aop-5.2.5.RELEASE.jar
7f28e3610000-7f28e3611000 r--s 00000000 08:02 22808836                   /home/innoventes/.m2/repository/org/springframework/boot/spring-boot-starter-security/2.2.6.RELEASE/spring-boot-starter-security-2.2.6.RELEASE.jar
7f28e3616000-7f28e3633000 r--s 000fe000 08:02 20189723                   /home/innoventes/.m2/repository/org/hibernate/validator/hibernate-validator/6.0.18.Final/hibernate-validator-6.0.18.Final.jar
7f28e363a000-7f28e363e000 r--s 0003a000 08:02 20189696                   /home/innoventes/.m2/repository/org/apache/tomcat/embed/tomcat-embed-el/9.0.33/tomcat-embed-el-9.0.33.jar
7f28e3642000-7f28e3647000 r--s 00012000 08:02 20189717                   /home/innoventes/.m2/repository/jakarta/validation/jakarta.validation-api/2.0.2/jakarta.validation-api-2.0.2.jar
7f28e3648000-7f28e3649000 r--s 00000000 08:02 20189706                   /home/innoventes/.m2/repository/org/springframework/boot/spring-boot-starter-validation/2.2.6.RELEASE/spring-boot-starter-validation-2.2.6.RELEASE.jar
7f28e364d000-7f28e3668000 r--s 00145000 08:02 20058880                   /home/innoventes/.m2/repository/org/springframework/spring-core/5.2.5.RELEASE/spring-core-5.2.5.RELEASE.jar
7f28e3669000-7f28e366d000 r--s 00019000 08:02 20319196                   /home/innoventes/.m2/repository/jakarta/xml/bind/jakarta.xml.bind-api/2.3.3/jakarta.xml.bind-api-2.3.3.jar
7f28e3672000-7f28e3674000 r--s 0000a000 08:02 19796296                   /home/innoventes/.m2/repository/org/springframework/spring-aspects/5.2.5.RELEASE/spring-aspects-5.2.5.RELEASE.jar
7f28e3679000-7f28e367b000 r--s 00009000 08:02 20058851                   /home/innoventes/.m2/repository/org/slf4j/slf4j-api/1.7.30/slf4j-api-1.7.30.jar
7f28e367c000-7f28e3685000 r--s 00044000 08:02 19011658                   /home/innoventes/.m2/repository/org/springframework/spring-tx/5.2.5.RELEASE/spring-tx-5.2.5.RELEASE.jar
7f28e3685000-7f28e368a000 r--s 0002d000 08:02 19665834                   /home/innoventes/.m2/repository/org/springframework/spring-orm/5.2.5.RELEASE/spring-orm-5.2.5.RELEASE.jar
7f28e3690000-7f28e36a9000 r--s 00110000 08:02 19536361                   /home/innoventes/.m2/repository/org/springframework/data/spring-data-commons/2.2.6.RELEASE/spring-data-commons-2.2.6.RELEASE.jar
7f28e36aa000-7f28e36b2000 r--s 00052000 08:02 19404341                   /home/innoventes/.m2/repository/org/springframework/data/spring-data-jpa/2.2.6.RELEASE/spring-data-jpa-2.2.6.RELEASE.jar
7f28e36b9000-7f28e36be000 r--s 00049000 08:02 21370342                   /home/innoventes/.m2/repository/com/sun/xml/fastinfoset/FastInfoset/1.2.16/FastInfoset-1.2.16.jar
7f28e36c0000-7f28e36c2000 r--s 00008000 08:02 8787145                    /home/innoventes/.m2/repository/org/jvnet/staxex/stax-ex/1.8.1/stax-ex-1.8.1.jar
7f28e36c5000-7f28e36c7000 r--s 00005000 08:02 21236175                   /home/innoventes/.m2/repository/com/sun/istack/istack-commons-runtime/3.0.8/istack-commons-runtime-3.0.8.jar
7f28e36cb000-7f28e36e0000 r--s 000e3000 08:02 19142344                   /home/innoventes/.m2/repository/org/glassfish/jaxb/jaxb-runtime/2.3.2/jaxb-runtime-2.3.2.jar
7f28e36e3000-7f28e372b000 r--s 002eb000 08:02 20713926                   /home/innoventes/.m2/repository/net/bytebuddy/byte-buddy/1.10.8/byte-buddy-1.10.8.jar
7f28e372b000-7f28e37b1000 r--s 00653000 08:02 20319254                   /home/innoventes/.m2/repository/org/hibernate/hibernate-core/5.4.12.Final/hibernate-core-5.4.12.Final.jar
7f28e37b8000-7f28e37cf000 r-xp 00000000 08:02 6820553                    /lib/x86_64-linux-gnu/libresolv-2.27.so
7f28e37cf000-7f28e39cf000 ---p 00017000 08:02 6820553                    /lib/x86_64-linux-gnu/libresolv-2.27.so
7f28e39cf000-7f28e39d0000 r--p 00017000 08:02 6820553                    /lib/x86_64-linux-gnu/libresolv-2.27.so
7f28e39d0000-7f28e39d1000 rw-p 00018000 08:02 6820553                    /lib/x86_64-linux-gnu/libresolv-2.27.so
7f28e39d1000-7f28e39d3000 rw-p 00000000 00:00 0 
7f28e39d8000-7f28e39dd000 r-xp 00000000 08:02 6820502                    /lib/x86_64-linux-gnu/libnss_dns-2.27.so
7f28e39dd000-7f28e3bdd000 ---p 00005000 08:02 6820502                    /lib/x86_64-linux-gnu/libnss_dns-2.27.so
7f28e3bdd000-7f28e3bde000 r--p 00005000 08:02 6820502                    /lib/x86_64-linux-gnu/libnss_dns-2.27.so
7f28e3bde000-7f28e3bdf000 rw-p 00006000 08:02 6820502                    /lib/x86_64-linux-gnu/libnss_dns-2.27.so
7f28e3be0000-7f28e3be2000 r-xp 00000000 08:02 6820510                    /lib/x86_64-linux-gnu/libnss_mdns4_minimal.so.2
7f28e3be2000-7f28e3de1000 ---p 00002000 08:02 6820510                    /lib/x86_64-linux-gnu/libnss_mdns4_minimal.so.2
7f28e3de1000-7f28e3de2000 r--p 00001000 08:02 6820510                    /lib/x86_64-linux-gnu/libnss_mdns4_minimal.so.2
7f28e3de2000-7f28e3de3000 rw-p 00002000 08:02 6820510                    /lib/x86_64-linux-gnu/libnss_mdns4_minimal.so.2
7f28e3de8000-7f28e3df9000 r-xp 00000000 08:02 25697492                   /usr/lib/jvm/java-8-openjdk-amd64/jre/lib/amd64/libnio.so
7f28e3df9000-7f28e3ff9000 ---p 00011000 08:02 25697492                   /usr/lib/jvm/java-8-openjdk-amd64/jre/lib/amd64/libnio.so
7f28e3ff9000-7f28e3ffa000 r--p 00011000 08:02 25697492                   /usr/lib/jvm/java-8-openjdk-amd64/jre/lib/amd64/libnio.so
7f28e3ffa000-7f28e3ffb000 rw-p 00012000 08:02 25697492                   /usr/lib/jvm/java-8-openjdk-amd64/jre/lib/amd64/libnio.so
7f28e4000000-7f28e540d000 rw-p 00000000 00:00 0 
7f28e540d000-7f28e8000000 ---p 00000000 00:00 0 
7f28e8000000-7f28e8c61000 rw-p 00000000 00:00 0 
7f28e8c61000-7f28ec000000 ---p 00000000 00:00 0 
7f28ec000000-7f28ec021000 rw-p 00000000 00:00 0 
7f28ec021000-7f28f0000000 ---p 00000000 00:00 0 
7f28f0000000-7f28f0e64000 rw-p 00000000 00:00 0 
7f28f0e64000-7f28f4000000 ---p 00000000 00:00 0 
7f28f4000000-7f28f4021000 rw-p 00000000 00:00 0 
7f28f4021000-7f28f8000000 ---p 00000000 00:00 0 
7f28f8005000-7f28f8006000 r--s 00005000 08:02 20058885                   /home/innoventes/.m2/repository/org/springframework/spring-jcl/5.2.5.RELEASE/spring-jcl-5.2.5.RELEASE.jar
7f28f8008000-7f28f800a000 r--s 00010000 08:02 19274802                   /home/innoventes/.m2/repository/org/glassfish/jaxb/txw2/2.3.2/txw2-2.3.2.jar
7f28f8010000-7f28f8013000 r--s 00010000 08:02 20586000                   /home/innoventes/.m2/repository/org/hibernate/common/hibernate-commons-annotations/5.1.0.Final/hibernate-commons-annotations-5.1.0.Final.jar
7f28f8013000-7f28f8018000 r--s 0004b000 08:02 8787142                    /home/innoventes/.m2/repository/org/dom4j/dom4j/2.1.1/dom4j-2.1.1.jar
7f28f801f000-7f28f8021000 r--s 0000f000 08:02 20189740                   /home/innoventes/.m2/repository/com/fasterxml/classmate/1.5.1/classmate-1.5.1.jar
7f28f8025000-7f28f8028000 r--s 0002d000 08:02 20451958                   /home/innoventes/.m2/repository/org/jboss/jandex/2.1.1.Final/jandex-2.1.1.Final.jar
7f28f8028000-7f28f802d000 r--s 00068000 08:02 22677520                   /home/innoventes/.m2/repository/antlr/antlr/2.7.7/antlr-2.7.7.jar
7f28f8034000-7f28f803e000 r--s 000b4000 08:02 8787140                    /home/innoventes/.m2/repository/org/javassist/javassist/3.24.0-GA/javassist-3.24.0-GA.jar
7f28f8045000-7f28f8047000 r--s 0000d000 08:02 20189729                   /home/innoventes/.m2/repository/org/jboss/logging/jboss-logging/3.4.1.Final/jboss-logging-3.4.1.Final.jar
7f28f804b000-7f28f804c000 r--s 00003000 08:02 20189869                   /home/innoventes/.m2/repository/jakarta/transaction/jakarta.transaction-api/1.3.3/jakarta.transaction-api-1.3.3.jar
7f28f8053000-7f28f8059000 r--s 00023000 08:02 20059375                   /home/innoventes/.m2/repository/jakarta/persistence/jakarta.persistence-api/2.2.3/jakarta.persistence-api-2.2.3.jar
7f28f805a000-7f28f805c000 r--s 0000a000 08:02 20319201                   /home/innoventes/.m2/repository/jakarta/activation/jakarta.activation-api/1.2.2/jakarta.activation-api-1.2.2.jar
7f28f8062000-7f28f806c000 r--s 0005a000 08:02 18880993                   /home/innoventes/.m2/repository/org/springframework/spring-jdbc/5.2.5.RELEASE/spring-jdbc-5.2.5.RELEASE.jar
7f28f8073000-7f28f8076000 r--s 00023000 08:02 18880991                   /home/innoventes/.m2/repository/com/zaxxer/HikariCP/3.4.2/HikariCP-3.4.2.jar
7f28f8078000-7f28f8079000 r--s 00000000 08:02 18751181                   /home/innoventes/.m2/repository/org/springframework/boot/spring-boot-starter-jdbc/2.2.6.RELEASE/spring-boot-starter-jdbc-2.2.6.RELEASE.jar
7f28f807a000-7f28f8093000 r--s 001da000 08:02 8787105                    /home/innoventes/.m2/repository/org/aspectj/aspectjweaver/1.9.5/aspectjweaver-1.9.5.jar
7f28f8098000-7f28f8099000 r--s 00000000 08:02 18617775                   /home/innoventes/.m2/repository/org/springframework/boot/spring-boot-starter-aop/2.2.6.RELEASE/spring-boot-starter-aop-2.2.6.RELEASE.jar
7f28f80a0000-7f28f80ac000 r--s 000d8000 08:02 20319150                   /home/innoventes/.m2/repository/org/postgresql/postgresql/42.2.11/postgresql-42.2.11.jar
7f28f80af000-7f28f80b1000 r--s 0000f000 08:02 20452253                   /home/innoventes/.m2/repository/com/sun/activation/jakarta.activation/1.2.2/jakarta.activation-1.2.2.jar
7f28f80b3000-7f28f80bc000 r--s 0009b000 08:02 20320173                   /home/innoventes/.m2/repository/com/sun/mail/jakarta.mail/1.6.5/jakarta.mail-1.6.5.jar
7f28f80c0000-7f28f80c5000 r--s 00028000 08:02 18617815                   /home/innoventes/.m2/repository/org/springframework/spring-context-support/5.2.5.RELEASE/spring-context-support-5.2.5.RELEASE.jar
7f28f80c8000-7f28f80cd000 r--s 00040000 08:02 20058841                   /home/innoventes/.m2/repository/org/springframework/spring-expression/5.2.5.RELEASE/spring-expression-5.2.5.RELEASE.jar
7f28f80d1000-7f28f80ec000 r--s 00111000 08:02 20058835                   /home/innoventes/.m2/repository/org/springframework/spring-context/5.2.5.RELEASE/spring-context-5.2.5.RELEASE.jar
7f28f80ef000-7f28f8102000 r--s 000d7000 08:02 20189761                   /home/innoventes/.m2/repository/org/springframework/spring-webmvc/5.2.5.RELEASE/spring-webmvc-5.2.5.RELEASE.jar
7f28f8107000-7f28fb108000 rw-p 00000000 00:00 0 
7f28fb108000-7f28fb11f000 r-xp 00000000 08:02 25697491                   /usr/lib/jvm/java-8-openjdk-amd64/jre/lib/amd64/libnet.so
7f28fb11f000-7f28fb31e000 ---p 00017000 08:02 25697491                   /usr/lib/jvm/java-8-openjdk-amd64/jre/lib/amd64/libnet.so
7f28fb31e000-7f28fb31f000 r--p 00016000 08:02 25697491                   /usr/lib/jvm/java-8-openjdk-amd64/jre/lib/amd64/libnet.so
7f28fb31f000-7f28fb320000 rw-p 00017000 08:02 25697491                   /usr/lib/jvm/java-8-openjdk-amd64/jre/lib/amd64/libnet.so
7f28fb320000-7f28fb329000 r-xp 00000000 08:02 25697489                   /usr/lib/jvm/java-8-openjdk-amd64/jre/lib/amd64/libmanagement.so
7f28fb329000-7f28fb528000 ---p 00009000 08:02 25697489                   /usr/lib/jvm/java-8-openjdk-amd64/jre/lib/amd64/libmanagement.so
7f28fb528000-7f28fb529000 r--p 00008000 08:02 25697489                   /usr/lib/jvm/java-8-openjdk-amd64/jre/lib/amd64/libmanagement.so
7f28fb529000-7f28fb52a000 rw-p 00009000 08:02 25697489                   /usr/lib/jvm/java-8-openjdk-amd64/jre/lib/amd64/libmanagement.so
7f28fb52f000-7f28fb532000 ---p 00000000 00:00 0 
7f28fb532000-7f28fb630000 rw-p 00000000 00:00 0 
7f28fb630000-7f28fbfff000 r--p 00000000 08:02 25696828                   /usr/lib/locale/locale-archive
7f28fc000000-7f28fc04a000 rw-p 00000000 00:00 0 
7f28fc04a000-7f2900000000 ---p 00000000 00:00 0 
7f2900000000-7f2900021000 rw-p 00000000 00:00 0 
7f2900021000-7f2904000000 ---p 00000000 00:00 0 
7f2904000000-7f2904021000 rw-p 00000000 00:00 0 
7f2904021000-7f2908000000 ---p 00000000 00:00 0 
7f2908000000-7f2908021000 rw-p 00000000 00:00 0 
7f2908021000-7f290c000000 ---p 00000000 00:00 0 
7f290c000000-7f290c021000 rw-p 00000000 00:00 0 
7f290c021000-7f2910000000 ---p 00000000 00:00 0 
7f2910000000-7f2910001000 r--s 00000000 08:02 18617773                   /home/innoventes/.m2/repository/org/springframework/boot/spring-boot-starter-data-jpa/2.2.6.RELEASE/spring-boot-starter-data-jpa-2.2.6.RELEASE.jar
7f2910008000-7f2910009000 r--s 00000000 08:02 18617813                   /home/innoventes/.m2/repository/org/springframework/boot/spring-boot-starter-mail/2.2.6.RELEASE/spring-boot-starter-mail-2.2.6.RELEASE.jar
7f291000b000-7f2910018000 r--s 0009b000 08:02 20058792                   /home/innoventes/.m2/repository/org/springframework/spring-beans/5.2.5.RELEASE/spring-beans-5.2.5.RELEASE.jar
7f291001a000-7f2910037000 r--s 00142000 08:02 20058680                   /home/innoventes/.m2/repository/org/springframework/spring-web/5.2.5.RELEASE/spring-web-5.2.5.RELEASE.jar
7f291003c000-7f2910041000 r--s 0003c000 08:02 20189701                   /home/innoventes/.m2/repository/org/apache/tomcat/embed/tomcat-embed-websocket/9.0.33/tomcat-embed-websocket-9.0.33.jar
7f2910047000-7f2910072000 r--s 00307000 08:02 20189686                   /home/innoventes/.m2/repository/org/apache/tomcat/embed/tomcat-embed-core/9.0.33/tomcat-embed-core-9.0.33.jar
7f2910078000-7f2910079000 r--s 00000000 08:02 20189662                   /home/innoventes/.m2/repository/org/springframework/boot/spring-boot-starter-tomcat/2.2.6.RELEASE/spring-boot-starter-tomcat-2.2.6.RELEASE.jar
7f2910079000-7f291007b000 r--s 00001000 08:02 20189636                   /home/innoventes/.m2/repository/com/fasterxml/jackson/module/jackson-module-parameter-names/2.10.3/jackson-module-parameter-names-2.10.3.jar
7f291007f000-7f2910082000 r--s 00017000 08:02 20189626                   /home/innoventes/.m2/repository/com/fasterxml/jackson/datatype/jackson-datatype-jsr310/2.10.3/jackson-datatype-jsr310-2.10.3.jar
7f2910087000-7f2910089000 r--s 00007000 08:02 20058633                   /home/innoventes/.m2/repository/com/fasterxml/jackson/datatype/jackson-datatype-jdk8/2.10.3/jackson-datatype-jdk8-2.10.3.jar
7f291008c000-7f2910093000 r--s 00044000 08:02 20058565                   /home/innoventes/.m2/repository/org/yaml/snakeyaml/1.25/snakeyaml-1.25.jar
7f2910095000-7f2910097000 r--s 00005000 08:02 20058553                   /home/innoventes/.m2/repository/jakarta/annotation/jakarta.annotation-api/1.3.5/jakarta.annotation-api-1.3.5.jar
7f2910098000-7f291009a000 r--s 00000000 08:02 20058502                   /home/innoventes/.m2/repository/org/slf4j/jul-to-slf4j/1.7.30/jul-to-slf4j-1.7.30.jar
7f291009e000-7f29100a4000 r--s 0003e000 08:02 20058391                   /home/innoventes/.m2/repository/org/apache/logging/log4j/log4j-api/2.12.1/log4j-api-2.12.1.jar
7f29100ab000-7f29100ad000 r--s 00003000 08:02 20058348                   /home/innoventes/.m2/repository/org/apache/logging/log4j/log4j-to-slf4j/2.12.1/log4j-to-slf4j-2.12.1.jar
7f29100b1000-7f29100bc000 r--s 00069000 08:02 20058287                   /home/innoventes/.m2/repository/ch/qos/logback/logback-core/1.2.3/logback-core-1.2.3.jar
7f29100c1000-7f29100c7000 r--s 00041000 08:02 20058105                   /home/innoventes/.m2/repository/ch/qos/logback/logback-classic/1.2.3/logback-classic-1.2.3.jar
7f29100cb000-7f29100cc000 ---p 00000000 00:00 0 
7f29100cc000-7f29100cf000 ---p 00000000 00:00 0 
7f29100cf000-7f29101cc000 rw-p 00000000 00:00 0 
7f29101cc000-7f29101cd000 ---p 00000000 00:00 0 
7f29101cd000-7f29101d0000 ---p 00000000 00:00 0 
7f29101d0000-7f29102cd000 rw-p 00000000 00:00 0 
7f29102cd000-7f29102ce000 ---p 00000000 00:00 0 
7f29102ce000-7f29102d1000 ---p 00000000 00:00 0 
7f29102d1000-7f29103ce000 rw-p 00000000 00:00 0 
7f29103ce000-7f29103d1000 ---p 00000000 00:00 0 
7f29103d1000-7f29104cf000 rw-p 00000000 00:00 0 
7f29104cf000-7f29104d2000 ---p 00000000 00:00 0 
7f29104d2000-7f2914000000 rw-p 00000000 00:00 0 
7f2914000000-7f2914021000 rw-p 00000000 00:00 0 
7f2914021000-7f2918000000 ---p 00000000 00:00 0 
7f2918000000-7f2918001000 r--s 00000000 08:02 20058594                   /home/innoventes/.m2/repository/org/springframework/boot/spring-boot-starter-json/2.2.6.RELEASE/spring-boot-starter-json-2.2.6.RELEASE.jar
7f2918008000-7f2918009000 r--s 00000000 08:02 20058087                   /home/innoventes/.m2/repository/org/springframework/boot/spring-boot-starter-logging/2.2.6.RELEASE/spring-boot-starter-logging-2.2.6.RELEASE.jar
7f291800c000-7f2918034000 r--s 0012c000 08:02 20058081                   /home/innoventes/.m2/repository/org/springframework/boot/spring-boot-autoconfigure/2.2.6.RELEASE/spring-boot-autoconfigure-2.2.6.RELEASE.jar
7f2918039000-7f2918050000 r--s 000e9000 08:02 20058076                   /home/innoventes/.m2/repository/org/springframework/boot/spring-boot/2.2.6.RELEASE/spring-boot-2.2.6.RELEASE.jar
7f2918050000-7f2918051000 r--s 00000000 08:02 20058061                   /home/innoventes/.m2/repository/org/springframework/boot/spring-boot-starter/2.2.6.RELEASE/spring-boot-starter-2.2.6.RELEASE.jar
7f2918058000-7f2918059000 r--s 00000000 08:02 20058042                   /home/innoventes/.m2/repository/org/springframework/boot/spring-boot-starter-web/2.2.6.RELEASE/spring-boot-starter-web-2.2.6.RELEASE.jar
7f291805d000-7f2918062000 r--s 0003d000 08:02 25697520                   /usr/lib/jvm/java-8-openjdk-amd64/jre/lib/ext/sunjce_provider.jar
7f2918068000-7f2918069000 r--s 00010000 08:02 25697522                   /usr/lib/jvm/java-8-openjdk-amd64/jre/lib/ext/zipfs.jar
7f291806e000-7f2918078000 r--s 00116000 08:02 25697517                   /usr/lib/jvm/java-8-openjdk-amd64/jre/lib/ext/localedata.jar
7f291807f000-7f2918081000 r--s 00007000 08:02 26086927                   /usr/share/java/java-atk-wrapper.jar
7f2918082000-7f2918083000 r--s 0000a000 08:02 25697516                   /usr/lib/jvm/java-8-openjdk-amd64/jre/lib/ext/jaccess.jar
7f2918086000-7f29180a1000 r--s 001d6000 08:02 25697518                   /usr/lib/jvm/java-8-openjdk-amd64/jre/lib/ext/nashorn.jar
7f29180a2000-7f29180a6000 r--s 0003a000 08:02 25697521                   /usr/lib/jvm/java-8-openjdk-amd64/jre/lib/ext/sunpkcs11.jar
7f29180a7000-7f29180aa000 r--s 0000f000 08:02 25697515                   /usr/lib/jvm/java-8-openjdk-amd64/jre/lib/ext/icedtea-sound.jar
7f29180ac000-7f29180c7000 r--s 00394000 08:02 25697513                   /usr/lib/jvm/java-8-openjdk-amd64/jre/lib/ext/cldrdata.jar
7f29180c9000-7f29180cb000 r--s 00001000 08:02 25697514                   /usr/lib/jvm/java-8-openjdk-amd64/jre/lib/ext/dnsns.jar
7f29180cd000-7f29180ce000 r--s 0000d000 08:02 25697519                   /usr/lib/jvm/java-8-openjdk-amd64/jre/lib/ext/sunec.jar
7f29180d0000-7f29180d3000 ---p 00000000 00:00 0 
7f29180d3000-7f29181d1000 rw-p 00000000 00:00 0 
7f29181d1000-7f29181d2000 ---p 00000000 00:00 0 
7f29181d2000-7f2919000000 rw-p 00000000 00:00 0 
7f2919000000-7f2919a70000 rwxp 00000000 00:00 0 
7f2919a70000-7f2928000000 ---p 00000000 00:00 0 
7f2928000000-7f29291a7000 rw-p 00000000 00:00 0 
7f29291a7000-7f292c000000 ---p 00000000 00:00 0 
7f292c006000-7f292c298000 rw-p 00000000 00:00 0 
7f292c298000-7f292c468000 r--s 03c68000 08:02 25697542                   /usr/lib/jvm/java-8-openjdk-amd64/jre/lib/rt.jar
7f292c46a000-7f292d083000 rw-p 00000000 00:00 0 
7f292d083000-7f292d084000 ---p 00000000 00:00 0 
7f292d084000-7f292d184000 rw-p 00000000 00:00 0 
7f292d184000-7f292d185000 ---p 00000000 00:00 0 
7f292d185000-7f292d285000 rw-p 00000000 00:00 0 
7f292d285000-7f292d286000 ---p 00000000 00:00 0 
7f292d286000-7f292d386000 rw-p 00000000 00:00 0 
7f292d386000-7f292d387000 ---p 00000000 00:00 0 
7f292d387000-7f292d49e000 rw-p 00000000 00:00 0 
7f292d49e000-7f292d6f4000 ---p 00000000 00:00 0 
7f292d6f4000-7f292d70b000 rw-p 00000000 00:00 0 
7f292d70b000-7f292d960000 ---p 00000000 00:00 0 
7f292d960000-7f292da30000 rw-p 00000000 00:00 0 
7f292da30000-7f292da97000 ---p 00000000 00:00 0 
7f292da97000-7f292dac2000 rw-p 00000000 00:00 0 
7f292dac2000-7f292de58000 ---p 00000000 00:00 0 
7f292de58000-7f292de60000 r-xp 00000000 08:02 25697499                   /usr/lib/jvm/java-8-openjdk-amd64/jre/lib/amd64/libzip.so
7f292de60000-7f292e05f000 ---p 00008000 08:02 25697499                   /usr/lib/jvm/java-8-openjdk-amd64/jre/lib/amd64/libzip.so
7f292e05f000-7f292e060000 r--p 00007000 08:02 25697499                   /usr/lib/jvm/java-8-openjdk-amd64/jre/lib/amd64/libzip.so
7f292e060000-7f292e061000 rw-p 00008000 08:02 25697499                   /usr/lib/jvm/java-8-openjdk-amd64/jre/lib/amd64/libzip.so
7f292e068000-7f292e073000 r-xp 00000000 08:02 6820504                    /lib/x86_64-linux-gnu/libnss_files-2.27.so
7f292e073000-7f292e272000 ---p 0000b000 08:02 6820504                    /lib/x86_64-linux-gnu/libnss_files-2.27.so
7f292e272000-7f292e273000 r--p 0000a000 08:02 6820504                    /lib/x86_64-linux-gnu/libnss_files-2.27.so
7f292e273000-7f292e274000 rw-p 0000b000 08:02 6820504                    /lib/x86_64-linux-gnu/libnss_files-2.27.so
7f292e274000-7f292e27a000 rw-p 00000000 00:00 0 
7f292e280000-7f292e297000 r-xp 00000000 08:02 6820498                    /lib/x86_64-linux-gnu/libnsl-2.27.so
7f292e297000-7f292e496000 ---p 00017000 08:02 6820498                    /lib/x86_64-linux-gnu/libnsl-2.27.so
7f292e496000-7f292e497000 r--p 00016000 08:02 6820498                    /lib/x86_64-linux-gnu/libnsl-2.27.so
7f292e497000-7f292e498000 rw-p 00017000 08:02 6820498                    /lib/x86_64-linux-gnu/libnsl-2.27.so
7f292e498000-7f292e49a000 rw-p 00000000 00:00 0 
7f292e4a0000-7f292e4ab000 r-xp 00000000 08:02 6820515                    /lib/x86_64-linux-gnu/libnss_nis-2.27.so
7f292e4ab000-7f292e6aa000 ---p 0000b000 08:02 6820515                    /lib/x86_64-linux-gnu/libnss_nis-2.27.so
7f292e6aa000-7f292e6ab000 r--p 0000a000 08:02 6820515                    /lib/x86_64-linux-gnu/libnss_nis-2.27.so
7f292e6ab000-7f292e6ac000 rw-p 0000b000 08:02 6820515                    /lib/x86_64-linux-gnu/libnss_nis-2.27.so
7f292e6b0000-7f292e6b8000 r-xp 00000000 08:02 6820500                    /lib/x86_64-linux-gnu/libnss_compat-2.27.so
7f292e6b8000-7f292e8b8000 ---p 00008000 08:02 6820500                    /lib/x86_64-linux-gnu/libnss_compat-2.27.so
7f292e8b8000-7f292e8b9000 r--p 00008000 08:02 6820500                    /lib/x86_64-linux-gnu/libnss_compat-2.27.so
7f292e8b9000-7f292e8ba000 rw-p 00009000 08:02 6820500                    /lib/x86_64-linux-gnu/libnss_compat-2.27.so
7f292e8c0000-7f292e8ea000 r-xp 00000000 08:02 25697480                   /usr/lib/jvm/java-8-openjdk-amd64/jre/lib/amd64/libjava.so
7f292e8ea000-7f292eae9000 ---p 0002a000 08:02 25697480                   /usr/lib/jvm/java-8-openjdk-amd64/jre/lib/amd64/libjava.so
7f292eae9000-7f292eaea000 r--p 00029000 08:02 25697480                   /usr/lib/jvm/java-8-openjdk-amd64/jre/lib/amd64/libjava.so
7f292eaea000-7f292eaec000 rw-p 0002a000 08:02 25697480                   /usr/lib/jvm/java-8-openjdk-amd64/jre/lib/amd64/libjava.so
7f292eaf0000-7f292eb00000 r-xp 00000000 08:02 25697498                   /usr/lib/jvm/java-8-openjdk-amd64/jre/lib/amd64/libverify.so
7f292eb00000-7f292ecff000 ---p 00010000 08:02 25697498                   /usr/lib/jvm/java-8-openjdk-amd64/jre/lib/amd64/libverify.so
7f292ecff000-7f292ed01000 r--p 0000f000 08:02 25697498                   /usr/lib/jvm/java-8-openjdk-amd64/jre/lib/amd64/libverify.so
7f292ed01000-7f292ed02000 rw-p 00011000 08:02 25697498                   /usr/lib/jvm/java-8-openjdk-amd64/jre/lib/amd64/libverify.so
7f292ed08000-7f292ed0f000 r-xp 00000000 08:02 6820555                    /lib/x86_64-linux-gnu/librt-2.27.so
7f292ed0f000-7f292ef0e000 ---p 00007000 08:02 6820555                    /lib/x86_64-linux-gnu/librt-2.27.so
7f292ef0e000-7f292ef0f000 r--p 00006000 08:02 6820555                    /lib/x86_64-linux-gnu/librt-2.27.so
7f292ef0f000-7f292ef10000 rw-p 00007000 08:02 6820555                    /lib/x86_64-linux-gnu/librt-2.27.so
7f292ef10000-7f292ef27000 r-xp 00000000 08:02 6815832                    /lib/x86_64-linux-gnu/libgcc_s.so.1
7f292ef27000-7f292f126000 ---p 00017000 08:02 6815832                    /lib/x86_64-linux-gnu/libgcc_s.so.1
7f292f126000-7f292f127000 r--p 00016000 08:02 6815832                    /lib/x86_64-linux-gnu/libgcc_s.so.1
7f292f127000-7f292f128000 rw-p 00017000 08:02 6815832                    /lib/x86_64-linux-gnu/libgcc_s.so.1
7f292f128000-7f292f2c5000 r-xp 00000000 08:02 6820477                    /lib/x86_64-linux-gnu/libm-2.27.so
7f292f2c5000-7f292f4c4000 ---p 0019d000 08:02 6820477                    /lib/x86_64-linux-gnu/libm-2.27.so
7f292f4c4000-7f292f4c5000 r--p 0019c000 08:02 6820477                    /lib/x86_64-linux-gnu/libm-2.27.so
7f292f4c5000-7f292f4c6000 rw-p 0019d000 08:02 6820477                    /lib/x86_64-linux-gnu/libm-2.27.so
7f292f4c8000-7f292f641000 r-xp 00000000 08:02 25697419                   /usr/lib/x86_64-linux-gnu/libstdc++.so.6.0.25
7f292f641000-7f292f841000 ---p 00179000 08:02 25697419                   /usr/lib/x86_64-linux-gnu/libstdc++.so.6.0.25
7f292f841000-7f292f84b000 r--p 00179000 08:02 25697419                   /usr/lib/x86_64-linux-gnu/libstdc++.so.6.0.25
7f292f84b000-7f292f84d000 rw-p 00183000 08:02 25697419                   /usr/lib/x86_64-linux-gnu/libstdc++.so.6.0.25
7f292f84d000-7f292f851000 rw-p 00000000 00:00 0 
7f292f858000-7f29304fb000 r-xp 00000000 08:02 25697502                   /usr/lib/jvm/java-8-openjdk-amd64/jre/lib/amd64/server/libjvm.so
7f29304fb000-7f29306fb000 ---p 00ca3000 08:02 25697502                   /usr/lib/jvm/java-8-openjdk-amd64/jre/lib/amd64/server/libjvm.so
7f29306fb000-7f293078f000 r--p 00ca3000 08:02 25697502                   /usr/lib/jvm/java-8-openjdk-amd64/jre/lib/amd64/server/libjvm.so
7f293078f000-7f29307b8000 rw-p 00d37000 08:02 25697502                   /usr/lib/jvm/java-8-openjdk-amd64/jre/lib/amd64/server/libjvm.so
7f29307b8000-7f29307e8000 rw-p 00000000 00:00 0 
7f29307e8000-7f2930802000 r-xp 00000000 08:02 6820547                    /lib/x86_64-linux-gnu/libpthread-2.27.so
7f2930802000-7f2930a01000 ---p 0001a000 08:02 6820547                    /lib/x86_64-linux-gnu/libpthread-2.27.so
7f2930a01000-7f2930a02000 r--p 00019000 08:02 6820547                    /lib/x86_64-linux-gnu/libpthread-2.27.so
7f2930a02000-7f2930a03000 rw-p 0001a000 08:02 6820547                    /lib/x86_64-linux-gnu/libpthread-2.27.so
7f2930a03000-7f2930a07000 rw-p 00000000 00:00 0 
7f2930a08000-7f2930a0b000 r-xp 00000000 08:02 6820437                    /lib/x86_64-linux-gnu/libdl-2.27.so
7f2930a0b000-7f2930c0a000 ---p 00003000 08:02 6820437                    /lib/x86_64-linux-gnu/libdl-2.27.so
7f2930c0a000-7f2930c0b000 r--p 00002000 08:02 6820437                    /lib/x86_64-linux-gnu/libdl-2.27.so
7f2930c0b000-7f2930c0c000 rw-p 00003000 08:02 6820437                    /lib/x86_64-linux-gnu/libdl-2.27.so
7f2930c10000-7f2930c2c000 r-xp 00000000 08:02 6820586                    /lib/x86_64-linux-gnu/libz.so.1.2.11
7f2930c2c000-7f2930e2b000 ---p 0001c000 08:02 6820586                    /lib/x86_64-linux-gnu/libz.so.1.2.11
7f2930e2b000-7f2930e2c000 r--p 0001b000 08:02 6820586                    /lib/x86_64-linux-gnu/libz.so.1.2.11
7f2930e2c000-7f2930e2d000 rw-p 0001c000 08:02 6820586                    /lib/x86_64-linux-gnu/libz.so.1.2.11
7f2930e30000-7f2931017000 r-xp 00000000 08:02 6820414                    /lib/x86_64-linux-gnu/libc-2.27.so
7f2931017000-7f2931217000 ---p 001e7000 08:02 6820414                    /lib/x86_64-linux-gnu/libc-2.27.so
7f2931217000-7f293121b000 r--p 001e7000 08:02 6820414                    /lib/x86_64-linux-gnu/libc-2.27.so
7f293121b000-7f293121d000 rw-p 001eb000 08:02 6820414                    /lib/x86_64-linux-gnu/libc-2.27.so
7f293121d000-7f2931221000 rw-p 00000000 00:00 0 
7f2931228000-7f2931236000 r-xp 00000000 08:02 25697466                   /usr/lib/jvm/java-8-openjdk-amd64/jre/lib/amd64/jli/libjli.so
7f2931236000-7f2931435000 ---p 0000e000 08:02 25697466                   /usr/lib/jvm/java-8-openjdk-amd64/jre/lib/amd64/jli/libjli.so
7f2931435000-7f2931436000 r--p 0000d000 08:02 25697466                   /usr/lib/jvm/java-8-openjdk-amd64/jre/lib/amd64/jli/libjli.so
7f2931436000-7f2931437000 rw-p 0000e000 08:02 25697466                   /usr/lib/jvm/java-8-openjdk-amd64/jre/lib/amd64/jli/libjli.so
7f2931438000-7f293145f000 r-xp 00000000 08:02 6820386                    /lib/x86_64-linux-gnu/ld-2.27.so
7f2931466000-7f2931550000 rw-p 00000000 00:00 0 
7f2931550000-7f2931558000 rw-s 00000000 08:02 53085898                   /tmp/hsperfdata_innoventes/24771
7f293155d000-7f293155e000 rw-p 00000000 00:00 0 
7f293155e000-7f293155f000 ---p 00000000 00:00 0 
7f293155f000-7f2931562000 ---p 00000000 00:00 0 
7f2931562000-7f293165f000 rw-p 00000000 00:00 0 
7f293165f000-7f2931660000 r--p 00027000 08:02 6820386                    /lib/x86_64-linux-gnu/ld-2.27.so
7f2931660000-7f2931661000 rw-p 00028000 08:02 6820386                    /lib/x86_64-linux-gnu/ld-2.27.so
7f2931661000-7f2931662000 rw-p 00000000 00:00 0 
7f2931662000-7f2931663000 ---p 00000000 00:00 0 
7f2931663000-7f2931667000 rw-p 00000000 00:00 0 
7ffef9b6f000-7ffef9b92000 rw-p 00000000 00:00 0                          [stack]
7ffef9bf8000-7ffef9bfb000 r--p 00000000 00:00 0                          [vvar]
7ffef9bfb000-7ffef9bfd000 r-xp 00000000 00:00 0                          [vdso]
ffffffffff600000-ffffffffff601000 r-xp 00000000 00:00 0                  [vsyscall]

VM Arguments:
jvm_args: -Dcom.sun.management.jmxremote -Dcom.sun.management.jmxremote.port=40423 -Dcom.sun.management.jmxremote.authenticate=false -Dcom.sun.management.jmxremote.ssl=false -Djava.rmi.server.hostname=localhost -Dspring.application.admin.enabled=true -Dspring.jmx.enabled=true -Dfile.encoding=UTF-8 
java_command: com.backend.code.FriendsNetworkApplication
java_class_path (initial): /home/innoventes/Desktop/friends_network/target/classes:/home/innoventes/.m2/repository/org/springframework/boot/spring-boot-starter-web/2.2.6.RELEASE/spring-boot-starter-web-2.2.6.RELEASE.jar:/home/innoventes/.m2/repository/org/springframework/boot/spring-boot-starter/2.2.6.RELEASE/spring-boot-starter-2.2.6.RELEASE.jar:/home/innoventes/.m2/repository/org/springframework/boot/spring-boot/2.2.6.RELEASE/spring-boot-2.2.6.RELEASE.jar:/home/innoventes/.m2/repository/org/springframework/boot/spring-boot-autoconfigure/2.2.6.RELEASE/spring-boot-autoconfigure-2.2.6.RELEASE.jar:/home/innoventes/.m2/repository/org/springframework/boot/spring-boot-starter-logging/2.2.6.RELEASE/spring-boot-starter-logging-2.2.6.RELEASE.jar:/home/innoventes/.m2/repository/ch/qos/logback/logback-classic/1.2.3/logback-classic-1.2.3.jar:/home/innoventes/.m2/repository/ch/qos/logback/logback-core/1.2.3/logback-core-1.2.3.jar:/home/innoventes/.m2/repository/org/apache/logging/log4j/log4j-to-slf4j/2.12.1/log4j-to-slf4j-2.12.1.jar:/home/innoventes/.m2/repository/org/apache/logging/log4j/log4j-api/2.12.1/log4j-api-2.12.1.jar:/home/innoventes/.m2/repository/org/slf4j/jul-to-slf4j/1.7.30/jul-to-slf4j-1.7.30.jar:/home/innoventes/.m2/repository/jakarta/annotation/jakarta.annotation-api/1.3.5/jakarta.annotation-api-1.3.5.jar:/home/innoventes/.m2/repository/org/yaml/snakeyaml/1.25/snakeyaml-1.25.jar:/home/innoventes/.m2/repository/org/springframework/boot/spring-boot-starter-json/2.2.6.RELEASE/spring-boot-starter-json-2.2.6.RELEASE.jar:/home/innoventes/.m2/repository/com/fasterxml/jackson/datatype/jackson-datatype-jdk8/2.10.3/jackson-datatype-jdk8-2.10.3.jar:/home/innoventes/.m2/repository/com/fasterxml/jackson/datatype/jackson-datatype-jsr310/2.10.3/jackson-datatype-jsr310-2.10.3.jar:/home/innoventes/.m2/repository/com/fasterxml/jackson/module/jackson-module-parameter-names/2.10.3/jackson-module-parameter-names-2.10.3.jar:/home/innoventes/.m2/repository/org/springframework/boot/s
Launcher Type: SUN_STANDARD

Environment Variables:
PATH=/usr/local/sbin:/usr/local/bin:/usr/sbin:/usr/bin:/sbin:/bin:/usr/games:/usr/local/games:/snap/bin
USERNAME=innoventes
SHELL=/bin/bash
DISPLAY=:0

Signal Handlers:
SIGSEGV: [libjvm.so+0xabc3b0], sa_mask[0]=11111111011111111101111111111110, sa_flags=SA_RESTART|SA_SIGINFO
SIGBUS: [libjvm.so+0xabc3b0], sa_mask[0]=11111111011111111101111111111110, sa_flags=SA_RESTART|SA_SIGINFO
SIGFPE: [libjvm.so+0x8f0bb0], sa_mask[0]=11111111011111111101111111111110, sa_flags=SA_RESTART|SA_SIGINFO
SIGPIPE: [libjvm.so+0x8f0bb0], sa_mask[0]=11111111011111111101111111111110, sa_flags=SA_RESTART|SA_SIGINFO
SIGXFSZ: [libjvm.so+0x8f0bb0], sa_mask[0]=11111111011111111101111111111110, sa_flags=SA_RESTART|SA_SIGINFO
SIGILL: [libjvm.so+0x8f0bb0], sa_mask[0]=11111111011111111101111111111110, sa_flags=SA_RESTART|SA_SIGINFO
SIGUSR1: SIG_DFL, sa_mask[0]=00000000000000000000000000000000, sa_flags=none
SIGUSR2: [libjvm.so+0x8f0a60], sa_mask[0]=00100000000000000000000000000000, sa_flags=SA_RESTART|SA_SIGINFO
SIGHUP: [libjvm.so+0x8f10d0], sa_mask[0]=11111111011111111101111111111110, sa_flags=SA_RESTART|SA_SIGINFO
SIGINT: [libjvm.so+0x8f10d0], sa_mask[0]=11111111011111111101111111111110, sa_flags=SA_RESTART|SA_SIGINFO
SIGTERM: [libjvm.so+0x8f10d0], sa_mask[0]=11111111011111111101111111111110, sa_flags=SA_RESTART|SA_SIGINFO
SIGQUIT: [libjvm.so+0x8f10d0], sa_mask[0]=11111111011111111101111111111110, sa_flags=SA_RESTART|SA_SIGINFO


---------------  S Y S T E M  ---------------

OS:DISTRIB_ID=Ubuntu
DISTRIB_RELEASE=18.04
DISTRIB_CODENAME=bionic
DISTRIB_DESCRIPTION="Ubuntu 18.04.3 LTS"

uname:Linux 4.15.0-88-generic #88-Ubuntu SMP Tue Feb 11 20:11:34 UTC 2020 x86_64
libc:glibc 2.27 NPTL 2.27 
rlimit: STACK 8192k, CORE 0k, NPROC 29400, NOFILE 1048576, AS infinity
load average:1.35 1.42 1.73

/proc/meminfo:
MemTotal:        7621904 kB
MemFree:          530596 kB
MemAvailable:     884472 kB
Buffers:           29192 kB
Cached:           726252 kB
SwapCached:        86476 kB
Active:          5240060 kB
Inactive:         977524 kB
Active(anon):    4893260 kB
Inactive(anon):   798540 kB
Active(file):     346800 kB
Inactive(file):   178984 kB
Unevictable:          64 kB
Mlocked:              64 kB
SwapTotal:       2097148 kB
SwapFree:        1040900 kB
Dirty:               472 kB
Writeback:             0 kB
AnonPages:       5432400 kB
Mapped:           526608 kB
Shmem:            255024 kB
Slab:             227552 kB
SReclaimable:      96400 kB
SUnreclaim:       131152 kB
KernelStack:       22496 kB
PageTables:       136820 kB
NFS_Unstable:          0 kB
Bounce:                0 kB
WritebackTmp:          0 kB
CommitLimit:     5908100 kB
Committed_AS:   19837272 kB
VmallocTotal:   34359738367 kB
VmallocUsed:           0 kB
VmallocChunk:          0 kB
HardwareCorrupted:     0 kB
AnonHugePages:         0 kB
ShmemHugePages:        0 kB
ShmemPmdMapped:        0 kB
CmaTotal:              0 kB
CmaFree:               0 kB
HugePages_Total:       0
HugePages_Free:        0
HugePages_Rsvd:        0
HugePages_Surp:        0
Hugepagesize:       2048 kB
DirectMap4k:     4930304 kB
DirectMap2M:     2904064 kB
DirectMap1G:           0 kB

container (cgroup) information:
container_type: cgroupv1
cpu_cpuset_cpus: 0-3
cpu_memory_nodes: 0
active_processor_count: 4
cpu_quota: -1
cpu_period: 100000
cpu_shares: -1
memory_limit_in_bytes: -1
memory_and_swap_limit_in_bytes: -2
memory_soft_limit_in_bytes: -1
memory_usage_in_bytes: 6403641344
memory_max_usage_in_bytes: 6978269184


CPU:total 4 (initial active 4) (4 cores per cpu, 1 threads per core) family 21 model 16 stepping 1, cmov, cx8, fxsr, mmx, sse, sse2, sse3, ssse3, sse4.1, sse4.2, popcnt, avx, aes, clmul, mmxext, 3dnowpref, lzcnt, sse4a, tsc, tscinvbit, tscinv, bmi1

/proc/cpuinfo:
processor	: 0
vendor_id	: AuthenticAMD
cpu family	: 21
model		: 16
model name	: AMD A10-4600M APU with Radeon(tm) HD Graphics
stepping	: 1
microcode	: 0x6001119
cpu MHz		: 2295.489
cache size	: 2048 KB
physical id	: 0
siblings	: 4
core id		: 0
cpu cores	: 2
apicid		: 16
initial apicid	: 0
fpu		: yes
fpu_exception	: yes
cpuid level	: 13
wp		: yes
flags		: fpu vme de pse tsc msr pae mce cx8 apic sep mtrr pge mca cmov pat pse36 clflush mmx fxsr sse sse2 ht syscall nx mmxext fxsr_opt pdpe1gb rdtscp lm constant_tsc rep_good nopl nonstop_tsc cpuid extd_apicid aperfmperf pni pclmulqdq monitor ssse3 fma cx16 sse4_1 sse4_2 popcnt aes xsave avx f16c lahf_lm cmp_legacy svm extapic cr8_legacy abm sse4a misalignsse 3dnowprefetch osvw ibs xop skinit wdt lwp fma4 tce nodeid_msr tbm topoext perfctr_core perfctr_nb cpb hw_pstate ssbd vmmcall bmi1 arat npt lbrv svm_lock nrip_save tsc_scale vmcb_clean flushbyasid decodeassists pausefilter pfthreshold
bugs		: fxsave_leak sysret_ss_attrs null_seg spectre_v1 spectre_v2 spec_store_bypass
bogomips	: 4590.97
TLB size	: 1536 4K pages
clflush size	: 64
cache_alignment	: 64
address sizes	: 48 bits physical, 48 bits virtual
power management: ts ttp tm 100mhzsteps hwpstate cpb eff_freq_ro

processor	: 1
vendor_id	: AuthenticAMD
cpu family	: 21
model		: 16
model name	: AMD A10-4600M APU with Radeon(tm) HD Graphics
stepping	: 1
microcode	: 0x6001119
cpu MHz		: 2295.505
cache size	: 2048 KB
physical id	: 0
siblings	: 4
core id		: 1
cpu cores	: 2
apicid		: 17
initial apicid	: 1
fpu		: yes
fpu_exception	: yes
cpuid level	: 13
wp		: yes
flags		: fpu vme de pse tsc msr pae mce cx8 apic sep mtrr pge mca cmov pat pse36 clflush mmx fxsr sse sse2 ht syscall nx mmxext fxsr_opt pdpe1gb rdtscp lm constant_tsc rep_good nopl nonstop_tsc cpuid extd_apicid aperfmperf pni pclmulqdq monitor ssse3 fma cx16 sse4_1 sse4_2 popcnt aes xsave avx f16c lahf_lm cmp_legacy svm extapic cr8_legacy abm sse4a misalignsse 3dnowprefetch osvw ibs xop skinit wdt lwp fma4 tce nodeid_msr tbm topoext perfctr_core perfctr_nb cpb hw_pstate ssbd vmmcall bmi1 arat npt lbrv svm_lock nrip_save tsc_scale vmcb_clean flushbyasid decodeassists pausefilter pfthreshold
bugs		: fxsave_leak sysret_ss_attrs null_seg spectre_v1 spectre_v2 spec_store_bypass
bogomips	: 4590.97
TLB size	: 1536 4K pages
clflush size	: 64
cache_alignment	: 64
address sizes	: 48 bits physical, 48 bits virtual
power management: ts ttp tm 100mhzsteps hwpstate cpb eff_freq_ro

processor	: 2
vendor_id	: AuthenticAMD
cpu family	: 21
model		: 16
model name	: AMD A10-4600M APU with Radeon(tm) HD Graphics
stepping	: 1
microcode	: 0x6001119
cpu MHz		: 2295.488
cache size	: 2048 KB
physical id	: 0
siblings	: 4
core id		: 2
cpu cores	: 2
apicid		: 18
initial apicid	: 2
fpu		: yes
fpu_exception	: yes
cpuid level	: 13
wp		: yes
flags		: fpu vme de pse tsc msr pae mce cx8 apic sep mtrr pge mca cmov pat pse36 clflush mmx fxsr sse sse2 ht syscall nx mmxext fxsr_opt pdpe1gb rdtscp lm constant_tsc rep_good nopl nonstop_tsc cpuid extd_apicid aperfmperf pni pclmulqdq monitor ssse3 fma cx16 sse4_1 sse4_2 popcnt aes xsave avx f16c lahf_lm cmp_legacy svm extapic cr8_legacy abm sse4a misalignsse 3dnowprefetch osvw ibs xop skinit wdt lwp fma4 tce nodeid_msr tbm topoext perfctr_core perfctr_nb cpb hw_pstate ssbd vmmcall bmi1 arat npt lbrv svm_lock nrip_save tsc_scale vmcb_clean flushbyasid decodeassists pausefilter pfthreshold
bugs		: fxsave_leak sysret_ss_attrs null_seg spectre_v1 spectre_v2 spec_store_bypass
bogomips	: 4590.97
TLB size	: 1536 4K pages
clflush size	: 64
cache_alignment	: 64
address sizes	: 48 bits physical, 48 bits virtual
power management: ts ttp tm 100mhzsteps hwpstate cpb eff_freq_ro

processor	: 3
vendor_id	: AuthenticAMD
cpu family	: 21
model		: 16
model name	: AMD A10-4600M APU with Radeon(tm) HD Graphics
stepping	: 1
microcode	: 0x6001119
cpu MHz		: 2295.489
cache size	: 2048 KB
physical id	: 0
siblings	: 4
core id		: 3
cpu cores	: 2
apicid		: 19
initial apicid	: 3
fpu		: yes
fpu_exception	: yes
cpuid level	: 13
wp		: yes
flags		: fpu vme de pse tsc msr pae mce cx8 apic sep mtrr pge mca cmov pat pse36 clflush mmx fxsr sse sse2 ht syscall nx mmxext fxsr_opt pdpe1gb rdtscp lm constant_tsc rep_good nopl nonstop_tsc cpuid extd_apicid aperfmperf pni pclmulqdq monitor ssse3 fma cx16 sse4_1 sse4_2 popcnt aes xsave avx f16c lahf_lm cmp_legacy svm extapic cr8_legacy abm sse4a misalignsse 3dnowprefetch osvw ibs xop skinit wdt lwp fma4 tce nodeid_msr tbm topoext perfctr_core perfctr_nb cpb hw_pstate ssbd vmmcall bmi1 arat npt lbrv svm_lock nrip_save tsc_scale vmcb_clean flushbyasid decodeassists pausefilter pfthreshold
bugs		: fxsave_leak sysret_ss_attrs null_seg spectre_v1 spectre_v2 spec_store_bypass
bogomips	: 4590.97
TLB size	: 1536 4K pages
clflush size	: 64
cache_alignment	: 64
address sizes	: 48 bits physical, 48 bits virtual
power management: ts ttp tm 100mhzsteps hwpstate cpb eff_freq_ro



Memory: 4k page, physical 7621904k(530596k free), swap 2097148k(1040900k free)

vm_info: OpenJDK 64-Bit Server VM (25.242-b08) for linux-amd64 JRE (1.8.0_242-8u242-b08-0ubuntu3~18.04-b08), built on Jan 17 2020 23:41:21 by "buildd" with gcc 7.4.0

time: Thu May 28 16:28:40 2020
timezone: IST
elapsed time: 6 seconds (0d 0h 0m 6s)

