#
# A fatal error has been detected by the Java Runtime Environment:
#
#  SIGSEGV (0xb) at pc=0x00007f027bc1e761, pid=22475, tid=0x00007f025c2cc700
#
# JRE version: OpenJDK Runtime Environment (8.0_242-b08) (build 1.8.0_242-8u242-b08-0ubuntu3~18.04-b08)
# Java VM: OpenJDK 64-Bit Server VM (25.242-b08 mixed mode linux-amd64 compressed oops)
# Problematic frame:
# V  [libjvm.so+0x44e761]
#
# Failed to write core dump. Core dumps have been disabled. To enable core dumping, try "ulimit -c unlimited" before starting Java again
#
# If you would like to submit a bug report, please visit:
#   http://bugreport.java.com/bugreport/crash.jsp
#

---------------  T H R E A D  ---------------

Current thread (0x00007f02740bd800):  JavaThread "C2 CompilerThread0" daemon [_thread_in_native, id=22488, stack(0x00007f025c1cd000,0x00007f025c2cd000)]

siginfo: si_signo: 11 (SIGSEGV), si_code: 1 (SEGV_MAPERR), si_addr: 0x00007f03300c05e0

Registers:
RAX=0x00007f03300c05d8, RBX=0x0000000000000008, RCX=0x0000000000000004, RDX=0x0000000000000010
RSP=0x00007f025c2c8710, RBP=0x00007f025c2c87c0, RSI=0x0000000000001c16, RDI=0x00007f0234287370
R8 =0x0000000000000002, R9 =0x00007f0234327910, R10=0x0000000000000002, R11=0x0000000000000012
R12=0x00007f02300c0578, R13=0x0000000000000000, R14=0x00007f025c2c8820, R15=0x00007f02300c0578
RIP=0x00007f027bc1e761, EFLAGS=0x0000000000010246, CSGSFS=0x002b000000000033, ERR=0x0000000000000004
  TRAPNO=0x000000000000000e

Top of Stack: (sp=0x00007f025c2c8710)
0x00007f025c2c8710:   0000015100000002 00007f025c2c877c
0x00007f025c2c8720:   00007f0200000002 00007f02000002a2
0x00007f025c2c8730:   00007f025c2c8784 0000000000000010
0x00007f025c2c8740:   00007f0274136718 00007f02342879b0
0x00007f025c2c8750:   0000000400000001 00007f025c2c8b50
0x00007f025c2c8760:   00007f0234287370 00007f025c2c8820
0x00007f025c2c8770:   00007f023c3fd5b0 000002a6000003d4
0x00007f025c2c8780:   00000000000002b7 40fbfe540c1e6100
0x00007f025c2c8790:   00007f025c2c8820 00007f025c2c8880
0x00007f025c2c87a0:   00007f025c2c88f0 00007f025c2c88b0
0x00007f025c2c87b0:   00007f025c2c8820 00007f025c2c8b50
0x00007f025c2c87c0:   00007f025c2c8a50 00007f027bbb1216
0x00007f025c2c87d0:   0000000000000000 0000000000000000
0x00007f025c2c87e0:   0000000000000000 00007f025c2c8850
0x00007f025c2c87f0:   00007f025c2c8880 00007f023005d3f0
0x00007f025c2c8800:   00007f023005d400 00007f023005d7d8
0x00007f025c2c8810:   00000000000003d8 40fbfe540c1e6100
0x00007f025c2c8820:   00007f027c67ab50 00007f020000000d
0x00007f025c2c8830:   00007f025c2caf00 00007f025c2c8b50
0x00007f025c2c8840:   00007f0200001ac9 00007f027ba8ee56
0x00007f025c2c8850:   00007f0200000006 00007f0234126890
0x00007f025c2c8860:   00007f0234126890 00007f02341268a0
0x00007f025c2c8870:   00007f0234126c78 00000000000003d8
0x00007f025c2c8880:   00007f0200000006 00007f023005d3f0
0x00007f025c2c8890:   00007f023417c260 00007f0234180ef0
0x00007f025c2c88a0:   00007f0234184248 000000000011f788
0x00007f025c2c88b0:   00007f020000000c 00007f025c2caf00
0x00007f025c2c88c0:   00007f023c3a9180 00007f027ba8e601
0x00007f025c2c88d0:   00007f023c2e78e0 00007f0200000877
0x00007f025c2c88e0:   00007f025c2c8880 00007f023005d400
0x00007f025c2c88f0:   00007f020000000a 00007f025c2caf00
0x00007f025c2c8900:   00007f023c3fdc00 00007f023c4240a0 

Instructions: (pc=0x00007f027bc1e761)
0x00007f027bc1e741:   c5 10 00 00 00 eb 15 0f 1f 84 00 00 00 00 00 48
0x00007f027bc1e751:   83 c3 08 48 39 da 0f 84 4b 01 00 00 49 8b 47 08
0x00007f027bc1e761:   4c 8b 2c 18 41 f6 45 2e 01 74 e4 49 8b 45 08 4c
0x00007f027bc1e771:   8b 40 08 48 8b 45 a8 4c 8b 70 18 49 63 45 28 4d 

Register to memory mapping:

RAX=0x00007f03300c05d8 is an unknown value
RBX=0x0000000000000008 is an unknown value
RCX=0x0000000000000004 is an unknown value
RDX=0x0000000000000010 is an unknown value
RSP=0x00007f025c2c8710 is pointing into the stack for thread: 0x00007f02740bd800
RBP=0x00007f025c2c87c0 is pointing into the stack for thread: 0x00007f02740bd800
RSI=0x0000000000001c16 is an unknown value
RDI=0x00007f0234287370 is an unknown value
R8 =0x0000000000000002 is an unknown value
R9 =0x00007f0234327910 is an unknown value
R10=0x0000000000000002 is an unknown value
R11=0x0000000000000012 is an unknown value
R12=0x00007f02300c0578 is an unknown value
R13=0x0000000000000000 is an unknown value
R14=0x00007f025c2c8820 is pointing into the stack for thread: 0x00007f02740bd800
R15=0x00007f02300c0578 is an unknown value


Stack: [0x00007f025c1cd000,0x00007f025c2cd000],  sp=0x00007f025c2c8710,  free space=1005k
Native frames: (J=compiled Java code, j=interpreted, Vv=VM code, C=native code)
V  [libjvm.so+0x44e761]
V  [libjvm.so+0x3e1216]
V  [libjvm.so+0x47b348]
V  [libjvm.so+0x47c38b]
V  [libjvm.so+0x3c2dca]
V  [libjvm.so+0x487792]
V  [libjvm.so+0x489ac8]
V  [libjvm.so+0xa590e3]
V  [libjvm.so+0xa5a2a8]
V  [libjvm.so+0x8f2d82]
C  [libpthread.so.0+0x76db]  start_thread+0xdb


Current CompileTask:
C2:   1984 1272   !   4       java.net.URL::<init> (543 bytes)


---------------  P R O C E S S  ---------------

Java Threads: ( => current thread )
  0x00007f02747a7800 JavaThread "background-preinit" [_thread_in_Java, id=22497, stack(0x00007f022ee16000,0x00007f022ef17000)]
  0x00007f02745fd800 JavaThread "RMI TCP Accept-0" daemon [_thread_in_native, id=22495, stack(0x00007f022f218000,0x00007f022f319000)]
  0x00007f02745e2000 JavaThread "RMI TCP Accept-34505" daemon [_thread_in_native, id=22494, stack(0x00007f022f319000,0x00007f022f41a000)]
  0x00007f02745cd000 JavaThread "RMI TCP Accept-0" daemon [_thread_in_native, id=22493, stack(0x00007f022f41a000,0x00007f022f51b000)]
  0x00007f02740cd000 JavaThread "Service Thread" daemon [_thread_blocked, id=22491, stack(0x00007f025742e000,0x00007f025752f000)]
  0x00007f02740c2000 JavaThread "C1 CompilerThread2" daemon [_thread_in_native, id=22490, stack(0x00007f0257530000,0x00007f0257630000)]
  0x00007f02740c0000 JavaThread "C2 CompilerThread1" daemon [_thread_in_native, id=22489, stack(0x00007f025c0cc000,0x00007f025c1cc000)]
=>0x00007f02740bd800 JavaThread "C2 CompilerThread0" daemon [_thread_in_native, id=22488, stack(0x00007f025c1cd000,0x00007f025c2cd000)]
  0x00007f02740b9800 JavaThread "Signal Dispatcher" daemon [_thread_blocked, id=22487, stack(0x00007f025c2cd000,0x00007f025c3ce000)]
  0x00007f027408b800 JavaThread "Finalizer" daemon [_thread_blocked, id=22486, stack(0x00007f025c3ce000,0x00007f025c4cf000)]
  0x00007f0274087000 JavaThread "Reference Handler" daemon [_thread_blocked, id=22485, stack(0x00007f025c4cf000,0x00007f025c5d0000)]
  0x00007f027400f800 JavaThread "main" [_thread_in_Java, id=22479, stack(0x00007f027d4be000,0x00007f027d5be000)]

Other Threads:
  0x00007f027407d800 VMThread [stack: 0x00007f02640f2000,0x00007f02641f2000] [id=22484]
  0x00007f0274602800 WatcherThread [stack: 0x00007f022f118000,0x00007f022f218000] [id=22496]

VM state:not at safepoint (normal execution)

VM Mutex/Monitor currently owned by a thread: None

heap address: 0x000000008ba00000, size: 1862 MB, Compressed Oops mode: 32-bit
Narrow klass base: 0x0000000000000000, Narrow klass shift: 3
Compressed class space size: 1073741824 Address: 0x0000000100000000

Heap:
 PSYoungGen      total 66048K, used 48635K [0x00000000d9380000, 0x00000000dd880000, 0x0000000100000000)
  eden space 61440K, 71% used [0x00000000d9380000,0x00000000dbe82960,0x00000000dcf80000)
  from space 4608K, 99% used [0x00000000dd400000,0x00000000dd87c608,0x00000000dd880000)
  to   space 4608K, 0% used [0x00000000dcf80000,0x00000000dcf80000,0x00000000dd400000)
 ParOldGen       total 80896K, used 929K [0x000000008ba00000, 0x0000000090900000, 0x00000000d9380000)
  object space 80896K, 1% used [0x000000008ba00000,0x000000008bae8588,0x0000000090900000)
 Metaspace       used 18695K, capacity 19254K, committed 19456K, reserved 1067008K
  class space    used 2363K, capacity 2517K, committed 2560K, reserved 1048576K

Card table byte_map: [0x00007f027966c000,0x00007f0279a10000] byte_map_base: 0x00007f027920f000

Marking Bits: (ParMarkBitMap*) 0x00007f027c7433e0
 Begin Bits: [0x00007f025c5d0000, 0x00007f025e2e8000)
 End Bits:   [0x00007f025e2e8000, 0x00007f0260000000)

Polling page: 0x00007f027d5d6000

CodeCache: size=245760Kb used=4339Kb max_used=4339Kb free=241420Kb
 bounds [0x00007f0265000000, 0x00007f0265440000, 0x00007f0274000000]
 total_blobs=1749 nmethods=1373 adapters=289
 compilation: enabled

Compilation events (10 events):
Event: 1.914 Thread 0x00007f02740c2000 nmethod 1356 0x00007f026542ead0 code [0x00007f026542ec20, 0x00007f026542ed10]
Event: 1.916 Thread 0x00007f02740c0000 1353       4       java.util.ArrayList::add (29 bytes)
Event: 1.916 Thread 0x00007f02740c2000 1357       3       java.io.DataOutputStream::writeInt (65 bytes)
Event: 1.916 Thread 0x00007f02740c2000 nmethod 1357 0x00007f026542e210 code [0x00007f026542e3c0, 0x00007f026542e918]
Event: 1.917 Thread 0x00007f02740c2000 1358       3       java.lang.Class::privateGetDeclaredMethods (67 bytes)
Event: 1.919 Thread 0x00007f02740c2000 nmethod 1358 0x00007f026542d350 code [0x00007f026542d560, 0x00007f026542de68]
Event: 1.919 Thread 0x00007f02740c2000 1359       3       java.util.HashMap$ValueIterator::next (8 bytes)
Event: 1.919 Thread 0x00007f02740c2000 nmethod 1359 0x00007f026542cf10 code [0x00007f026542d080, 0x00007f026542d288]
Event: 1.921 Thread 0x00007f02740c0000 nmethod 1353 0x00007f0265433e50 code [0x00007f0265433fc0, 0x00007f02654342e8]
Event: 1.921 Thread 0x00007f02740c0000 1360       4       java.io.DataOutputStream::writeUTF (435 bytes)

GC Heap History (4 events):
Event: 1.131 GC heap before
{Heap before GC invocations=1 (full 0):
 PSYoungGen      total 35328K, used 30720K [0x00000000d9380000, 0x00000000dba80000, 0x0000000100000000)
  eden space 30720K, 100% used [0x00000000d9380000,0x00000000db180000,0x00000000db180000)
  from space 4608K, 0% used [0x00000000db600000,0x00000000db600000,0x00000000dba80000)
  to   space 4608K, 0% used [0x00000000db180000,0x00000000db180000,0x00000000db600000)
 ParOldGen       total 80896K, used 0K [0x000000008ba00000, 0x0000000090900000, 0x00000000d9380000)
  object space 80896K, 0% used [0x000000008ba00000,0x000000008ba00000,0x0000000090900000)
 Metaspace       used 11742K, capacity 12034K, committed 12288K, reserved 1060864K
  class space    used 1361K, capacity 1455K, committed 1536K, reserved 1048576K
Event: 1.147 GC heap after
Heap after GC invocations=1 (full 0):
 PSYoungGen      total 35328K, used 4603K [0x00000000d9380000, 0x00000000dd880000, 0x0000000100000000)
  eden space 30720K, 0% used [0x00000000d9380000,0x00000000d9380000,0x00000000db180000)
  from space 4608K, 99% used [0x00000000db180000,0x00000000db5feca0,0x00000000db600000)
  to   space 4608K, 0% used [0x00000000dd400000,0x00000000dd400000,0x00000000dd880000)
 ParOldGen       total 80896K, used 103K [0x000000008ba00000, 0x0000000090900000, 0x00000000d9380000)
  object space 80896K, 0% used [0x000000008ba00000,0x000000008ba19d88,0x0000000090900000)
 Metaspace       used 11742K, capacity 12034K, committed 12288K, reserved 1060864K
  class space    used 1361K, capacity 1455K, committed 1536K, reserved 1048576K
}
Event: 1.455 GC heap before
{Heap before GC invocations=2 (full 0):
 PSYoungGen      total 35328K, used 35323K [0x00000000d9380000, 0x00000000dd880000, 0x0000000100000000)
  eden space 30720K, 100% used [0x00000000d9380000,0x00000000db180000,0x00000000db180000)
  from space 4608K, 99% used [0x00000000db180000,0x00000000db5feca0,0x00000000db600000)
  to   space 4608K, 0% used [0x00000000dd400000,0x00000000dd400000,0x00000000dd880000)
 ParOldGen       total 80896K, used 103K [0x000000008ba00000, 0x0000000090900000, 0x00000000d9380000)
  object space 80896K, 0% used [0x000000008ba00000,0x000000008ba19d88,0x0000000090900000)
 Metaspace       used 14620K, capacity 15090K, committed 15360K, reserved 1062912K
  class space    used 1813K, capacity 1955K, committed 2048K, reserved 1048576K
Event: 1.467 GC heap after
Heap after GC invocations=2 (full 0):
 PSYoungGen      total 66048K, used 4593K [0x00000000d9380000, 0x00000000dd880000, 0x0000000100000000)
  eden space 61440K, 0% used [0x00000000d9380000,0x00000000d9380000,0x00000000dcf80000)
  from space 4608K, 99% used [0x00000000dd400000,0x00000000dd87c608,0x00000000dd880000)
  to   space 4608K, 0% used [0x00000000dcf80000,0x00000000dcf80000,0x00000000dd400000)
 ParOldGen       total 80896K, used 929K [0x000000008ba00000, 0x0000000090900000, 0x00000000d9380000)
  object space 80896K, 1% used [0x000000008ba00000,0x000000008bae8588,0x0000000090900000)
 Metaspace       used 14620K, capacity 15090K, committed 15360K, reserved 1062912K
  class space    used 1813K, capacity 1955K, committed 2048K, reserved 1048576K
}

Deoptimization events (10 events):
Event: 0.789 Thread 0x00007f027400f800 Uncommon trap: reason=unstable_if action=reinterpret pc=0x00007f026525cda0 method=java.util.zip.ZipCoder.encoder()Ljava/nio/charset/CharsetEncoder; @ 4
Event: 0.948 Thread 0x00007f027400f800 Uncommon trap: reason=range_check action=make_not_entrant pc=0x00007f026526bb80 method=sun.reflect.generics.parser.SignatureParser.current()C @ 34
Event: 1.184 Thread 0x00007f02747a7800 Uncommon trap: reason=unstable_if action=reinterpret pc=0x00007f0265316480 method=sun.net.www.ParseUtil.encodePath(Ljava/lang/String;Z)Ljava/lang/String; @ 109
Event: 1.521 Thread 0x00007f02747a7800 Uncommon trap: reason=unstable_if action=reinterpret pc=0x00007f02652c6b30 method=java.util.HashMap.getNode(ILjava/lang/Object;)Ljava/util/HashMap$Node; @ 129
Event: 1.521 Thread 0x00007f02747a7800 Uncommon trap: reason=unstable_if action=reinterpret pc=0x00007f02652ad81c method=java.util.HashMap.getNode(ILjava/lang/Object;)Ljava/util/HashMap$Node; @ 129
Event: 1.592 Thread 0x00007f027400f800 Uncommon trap: reason=unstable_if action=reinterpret pc=0x00007f02653ded14 method=java.util.concurrent.ConcurrentHashMap.putVal(Ljava/lang/Object;Ljava/lang/Object;Z)Ljava/lang/Object; @ 113
Event: 1.592 Thread 0x00007f02747a7800 Uncommon trap: reason=unstable_if action=reinterpret pc=0x00007f02653dedd4 method=java.util.concurrent.ConcurrentHashMap.addCount(JI)V @ 168
Event: 1.641 Thread 0x00007f02747a7800 Uncommon trap: reason=class_check action=maybe_recompile pc=0x00007f02653d8050 method=java.util.HashMap.putVal(ILjava/lang/Object;Ljava/lang/Object;ZZ)Ljava/lang/Object; @ 203
Event: 1.646 Thread 0x00007f02747a7800 Uncommon trap: reason=class_check action=maybe_recompile pc=0x00007f02653d8050 method=java.util.HashMap.putVal(ILjava/lang/Object;Ljava/lang/Object;ZZ)Ljava/lang/Object; @ 203
Event: 1.650 Thread 0x00007f02747a7800 Uncommon trap: reason=class_check action=maybe_recompile pc=0x00007f02653d8050 method=java.util.HashMap.putVal(ILjava/lang/Object;Ljava/lang/Object;ZZ)Ljava/lang/Object; @ 203

Classes redefined (0 events):
No events

Internal exceptions (10 events):
Event: 0.945 Thread 0x00007f027400f800 Exception <a 'java/lang/ArrayIndexOutOfBoundsException'> (0x00000000da8290f8) thrown at [/build/openjdk-8-58sEEn/openjdk-8-8u242-b08/src/hotspot/src/share/vm/runtime/sharedRuntime.cpp, line 605]
Event: 0.945 Thread 0x00007f027400f800 Exception <a 'java/lang/ArrayIndexOutOfBoundsException'> (0x00000000da82b3c8) thrown at [/build/openjdk-8-58sEEn/openjdk-8-8u242-b08/src/hotspot/src/share/vm/runtime/sharedRuntime.cpp, line 605]
Event: 0.946 Thread 0x00007f027400f800 Exception <a 'java/lang/ArrayIndexOutOfBoundsException'> (0x00000000da82d198) thrown at [/build/openjdk-8-58sEEn/openjdk-8-8u242-b08/src/hotspot/src/share/vm/runtime/sharedRuntime.cpp, line 605]
Event: 0.946 Thread 0x00007f027400f800 Exception <a 'java/lang/ArrayIndexOutOfBoundsException'> (0x00000000da82fa28) thrown at [/build/openjdk-8-58sEEn/openjdk-8-8u242-b08/src/hotspot/src/share/vm/runtime/sharedRuntime.cpp, line 605]
Event: 0.948 Thread 0x00007f027400f800 Exception <a 'java/lang/ArrayIndexOutOfBoundsException': 126> (0x00000000da838988) thrown at [/build/openjdk-8-58sEEn/openjdk-8-8u242-b08/src/hotspot/src/share/vm/interpreter/interpreterRuntime.cpp, line 368]
Event: 0.949 Thread 0x00007f027400f800 Exception <a 'java/lang/ArrayIndexOutOfBoundsException': 179> (0x00000000da841640) thrown at [/build/openjdk-8-58sEEn/openjdk-8-8u242-b08/src/hotspot/src/share/vm/interpreter/interpreterRuntime.cpp, line 368]
Event: 0.949 Thread 0x00007f027400f800 Exception <a 'java/lang/ArrayIndexOutOfBoundsException': 134> (0x00000000da843218) thrown at [/build/openjdk-8-58sEEn/openjdk-8-8u242-b08/src/hotspot/src/share/vm/interpreter/interpreterRuntime.cpp, line 368]
Event: 0.993 Thread 0x00007f027400f800 Exception <a 'java/io/FileNotFoundException'> (0x00000000dabbf6b0) thrown at [/build/openjdk-8-58sEEn/openjdk-8-8u242-b08/src/hotspot/src/share/vm/prims/jni.cpp, line 710]
Event: 1.202 Thread 0x00007f027400f800 Exception <a 'java/lang/NoSuchMethodError': java.lang.Object.lambda$chars$0()Ljava/util/Spliterator$OfInt;> (0x00000000d9833c90) thrown at [/build/openjdk-8-58sEEn/openjdk-8-8u242-b08/src/hotspot/src/share/vm/interpreter/linkResolver.cpp, line 620]
Event: 1.835 Thread 0x00007f027400f800 Exception <a 'java/lang/NoSuchMethodError': org.slf4j.impl.StaticMDCBinder.getSingleton()Lorg/slf4j/impl/StaticMDCBinder;> (0x00000000db6a60b8) thrown at [/build/openjdk-8-58sEEn/openjdk-8-8u242-b08/src/hotspot/src/share/vm/interpreter/linkResolver.cpp, l

Events (10 events):
Event: 1.922 loading class com/fasterxml/jackson/databind/introspect/AnnotationIntrospectorPair
Event: 1.922 loading class com/fasterxml/jackson/databind/introspect/AnnotationIntrospectorPair done
Event: 1.924 loading class com/fasterxml/jackson/databind/introspect/Annotated
Event: 1.924 loading class com/fasterxml/jackson/databind/introspect/Annotated done
Event: 1.925 loading class com/fasterxml/jackson/databind/introspect/AnnotatedClass
Event: 1.925 loading class com/fasterxml/jackson/databind/introspect/AnnotatedClass done
Event: 1.925 loading class com/fasterxml/jackson/databind/introspect/TypeResolutionContext
Event: 1.925 loading class com/fasterxml/jackson/databind/introspect/TypeResolutionContext done
Event: 1.926 loading class com/fasterxml/jackson/databind/introspect/AnnotatedMember
Event: 1.926 loading class com/fasterxml/jackson/databind/introspect/AnnotatedMember done


Dynamic libraries:
8ba00000-90900000 rw-p 00000000 00:00 0 
90900000-d9380000 ---p 00000000 00:00 0 
d9380000-dd880000 rw-p 00000000 00:00 0 
dd880000-100000000 ---p 00000000 00:00 0 
100000000-100280000 rw-p 00000000 00:00 0 
100280000-140000000 ---p 00000000 00:00 0 
55702250f000-557022510000 r-xp 00000000 08:02 25697453                   /usr/lib/jvm/java-8-openjdk-amd64/jre/bin/java
55702270f000-557022710000 r--p 00000000 08:02 25697453                   /usr/lib/jvm/java-8-openjdk-amd64/jre/bin/java
557022710000-557022711000 rw-p 00001000 08:02 25697453                   /usr/lib/jvm/java-8-openjdk-amd64/jre/bin/java
55702369d000-5570236be000 rw-p 00000000 00:00 0                          [heap]
7f0214000000-7f0214021000 rw-p 00000000 00:00 0 
7f0214021000-7f0218000000 ---p 00000000 00:00 0 
7f0218000000-7f02182f2000 rw-p 00000000 00:00 0 
7f02182f2000-7f021c000000 ---p 00000000 00:00 0 
7f021c000000-7f021c021000 rw-p 00000000 00:00 0 
7f021c021000-7f0220000000 ---p 00000000 00:00 0 
7f0220000000-7f0220021000 rw-p 00000000 00:00 0 
7f0220021000-7f0224000000 ---p 00000000 00:00 0 
7f0224000000-7f0224021000 rw-p 00000000 00:00 0 
7f0224021000-7f0228000000 ---p 00000000 00:00 0 
7f0228000000-7f0228021000 rw-p 00000000 00:00 0 
7f0228021000-7f022c000000 ---p 00000000 00:00 0 
7f022e616000-7f022e696000 rw-p 00000000 00:00 0 
7f022e696000-7f022e816000 ---p 00000000 00:00 0 
7f022e816000-7f022ea16000 rw-p 00000000 00:00 0 
7f022ea16000-7f022ec16000 rw-p 00000000 00:00 0 
7f022ec16000-7f022ee16000 rw-p 00000000 00:00 0 
7f022ee16000-7f022ee19000 ---p 00000000 00:00 0 
7f022ee19000-7f022f117000 rw-p 00000000 00:00 0 
7f022f117000-7f022f118000 ---p 00000000 00:00 0 
7f022f118000-7f022f218000 rw-p 00000000 00:00 0 
7f022f218000-7f022f21b000 ---p 00000000 00:00 0 
7f022f21b000-7f022f319000 rw-p 00000000 00:00 0 
7f022f319000-7f022f31c000 ---p 00000000 00:00 0 
7f022f31c000-7f022f41a000 rw-p 00000000 00:00 0 
7f022f41a000-7f022f41d000 ---p 00000000 00:00 0 
7f022f41d000-7f022f51b000 rw-p 00000000 00:00 0 
7f022f51b000-7f022f520000 r--s 000a3000 08:02 25697536                   /usr/lib/jvm/java-8-openjdk-amd64/jre/lib/jsse.jar
7f022f521000-7f022f526000 r--s 00051000 08:02 19796235                   /home/innoventes/.m2/repository/com/fasterxml/jackson/core/jackson-core/2.10.3/jackson-core-2.10.3.jar
7f022f526000-7f022f529000 r--s 0000e000 08:02 19536345                   /home/innoventes/.m2/repository/com/fasterxml/jackson/core/jackson-annotations/2.10.3/jackson-annotations-2.10.3.jar
7f022f52a000-7f022f53f000 r--s 00142000 08:02 19011647                   /home/innoventes/.m2/repository/com/fasterxml/jackson/core/jackson-databind/2.10.3/jackson-databind-2.10.3.jar
7f022f541000-7f022f544000 r--s 00019000 08:02 22808844                   /home/innoventes/.m2/repository/io/jsonwebtoken/jjwt/0.9.1/jjwt-0.9.1.jar
7f022f544000-7f022f553000 r--s 0007c000 08:02 22808842                   /home/innoventes/.m2/repository/org/springframework/security/spring-security-web/5.2.2.RELEASE/spring-security-web-5.2.2.RELEASE.jar
7f022f559000-7f022f565000 r--s 00061000 08:02 22808840                   /home/innoventes/.m2/repository/org/springframework/security/spring-security-core/5.2.2.RELEASE/spring-security-core-5.2.2.RELEASE.jar
7f022f56c000-7f022f57a000 r--s 000c4000 08:02 22808838                   /home/innoventes/.m2/repository/org/springframework/security/spring-security-config/5.2.2.RELEASE/spring-security-config-5.2.2.RELEASE.jar
7f022f57a000-7f022f583000 r--s 00052000 08:02 20058811                   /home/innoventes/.m2/repository/org/springframework/spring-aop/5.2.5.RELEASE/spring-aop-5.2.5.RELEASE.jar
7f022f588000-7f022f589000 r--s 00000000 08:02 22808836                   /home/innoventes/.m2/repository/org/springframework/boot/spring-boot-starter-security/2.2.6.RELEASE/spring-boot-starter-security-2.2.6.RELEASE.jar
7f022f58e000-7f022f5ab000 r--s 000fe000 08:02 20189723                   /home/innoventes/.m2/repository/org/hibernate/validator/hibernate-validator/6.0.18.Final/hibernate-validator-6.0.18.Final.jar
7f022f5b2000-7f022f5b6000 r--s 0003a000 08:02 20189696                   /home/innoventes/.m2/repository/org/apache/tomcat/embed/tomcat-embed-el/9.0.33/tomcat-embed-el-9.0.33.jar
7f022f5ba000-7f022f5bf000 r--s 00012000 08:02 20189717                   /home/innoventes/.m2/repository/jakarta/validation/jakarta.validation-api/2.0.2/jakarta.validation-api-2.0.2.jar
7f022f5c0000-7f022f5c1000 r--s 00000000 08:02 20189706                   /home/innoventes/.m2/repository/org/springframework/boot/spring-boot-starter-validation/2.2.6.RELEASE/spring-boot-starter-validation-2.2.6.RELEASE.jar
7f022f5c5000-7f022f5c6000 r--s 00005000 08:02 20058885                   /home/innoventes/.m2/repository/org/springframework/spring-jcl/5.2.5.RELEASE/spring-jcl-5.2.5.RELEASE.jar
7f022f5cd000-7f022f5e8000 r--s 00145000 08:02 20058880                   /home/innoventes/.m2/repository/org/springframework/spring-core/5.2.5.RELEASE/spring-core-5.2.5.RELEASE.jar
7f022f5e9000-7f022f5ed000 r--s 00019000 08:02 20319196                   /home/innoventes/.m2/repository/jakarta/xml/bind/jakarta.xml.bind-api/2.3.3/jakarta.xml.bind-api-2.3.3.jar
7f022f5f2000-7f022f5f4000 r--s 0000a000 08:02 19796296                   /home/innoventes/.m2/repository/org/springframework/spring-aspects/5.2.5.RELEASE/spring-aspects-5.2.5.RELEASE.jar
7f022f5f9000-7f022f5fb000 r--s 00009000 08:02 20058851                   /home/innoventes/.m2/repository/org/slf4j/slf4j-api/1.7.30/slf4j-api-1.7.30.jar
7f022f5fc000-7f022f605000 r--s 00044000 08:02 19011658                   /home/innoventes/.m2/repository/org/springframework/spring-tx/5.2.5.RELEASE/spring-tx-5.2.5.RELEASE.jar
7f022f605000-7f022f60a000 r--s 0002d000 08:02 19665834                   /home/innoventes/.m2/repository/org/springframework/spring-orm/5.2.5.RELEASE/spring-orm-5.2.5.RELEASE.jar
7f022f610000-7f022f629000 r--s 00110000 08:02 19536361                   /home/innoventes/.m2/repository/org/springframework/data/spring-data-commons/2.2.6.RELEASE/spring-data-commons-2.2.6.RELEASE.jar
7f022f62a000-7f022f632000 r--s 00052000 08:02 19404341                   /home/innoventes/.m2/repository/org/springframework/data/spring-data-jpa/2.2.6.RELEASE/spring-data-jpa-2.2.6.RELEASE.jar
7f022f639000-7f022f63e000 r--s 00049000 08:02 21370342                   /home/innoventes/.m2/repository/com/sun/xml/fastinfoset/FastInfoset/1.2.16/FastInfoset-1.2.16.jar
7f022f640000-7f022f642000 r--s 00008000 08:02 8787145                    /home/innoventes/.m2/repository/org/jvnet/staxex/stax-ex/1.8.1/stax-ex-1.8.1.jar
7f022f645000-7f022f647000 r--s 00005000 08:02 21236175                   /home/innoventes/.m2/repository/com/sun/istack/istack-commons-runtime/3.0.8/istack-commons-runtime-3.0.8.jar
7f022f648000-7f022f64a000 r--s 00010000 08:02 19274802                   /home/innoventes/.m2/repository/org/glassfish/jaxb/txw2/2.3.2/txw2-2.3.2.jar
7f022f64b000-7f022f660000 r--s 000e3000 08:02 19142344                   /home/innoventes/.m2/repository/org/glassfish/jaxb/jaxb-runtime/2.3.2/jaxb-runtime-2.3.2.jar
7f022f660000-7f022f663000 r--s 00010000 08:02 20586000                   /home/innoventes/.m2/repository/org/hibernate/common/hibernate-commons-annotations/5.1.0.Final/hibernate-commons-annotations-5.1.0.Final.jar
7f022f663000-7f022f668000 r--s 0004b000 08:02 8787142                    /home/innoventes/.m2/repository/org/dom4j/dom4j/2.1.1/dom4j-2.1.1.jar
7f022f66f000-7f022f671000 r--s 0000f000 08:02 20189740                   /home/innoventes/.m2/repository/com/fasterxml/classmate/1.5.1/classmate-1.5.1.jar
7f022f675000-7f022f678000 r--s 0002d000 08:02 20451958                   /home/innoventes/.m2/repository/org/jboss/jandex/2.1.1.Final/jandex-2.1.1.Final.jar
7f022f678000-7f022f67d000 r--s 00068000 08:02 22677520                   /home/innoventes/.m2/repository/antlr/antlr/2.7.7/antlr-2.7.7.jar
7f022f683000-7f022f6cb000 r--s 002eb000 08:02 20713926                   /home/innoventes/.m2/repository/net/bytebuddy/byte-buddy/1.10.8/byte-buddy-1.10.8.jar
7f022f6cc000-7f022f6d6000 r--s 000b4000 08:02 8787140                    /home/innoventes/.m2/repository/org/javassist/javassist/3.24.0-GA/javassist-3.24.0-GA.jar
7f022f6dd000-7f022f6df000 r--s 0000d000 08:02 20189729                   /home/innoventes/.m2/repository/org/jboss/logging/jboss-logging/3.4.1.Final/jboss-logging-3.4.1.Final.jar
7f022f6e3000-7f022f769000 r--s 00653000 08:02 20319254                   /home/innoventes/.m2/repository/org/hibernate/hibernate-core/5.4.12.Final/hibernate-core-5.4.12.Final.jar
7f022f76b000-7f022f76c000 r--s 00003000 08:02 20189869                   /home/innoventes/.m2/repository/jakarta/transaction/jakarta.transaction-api/1.3.3/jakarta.transaction-api-1.3.3.jar
7f022f773000-7f022f779000 r--s 00023000 08:02 20059375                   /home/innoventes/.m2/repository/jakarta/persistence/jakarta.persistence-api/2.2.3/jakarta.persistence-api-2.2.3.jar
7f022f77a000-7f022f77c000 r--s 0000a000 08:02 20319201                   /home/innoventes/.m2/repository/jakarta/activation/jakarta.activation-api/1.2.2/jakarta.activation-api-1.2.2.jar
7f022f782000-7f022f78c000 r--s 0005a000 08:02 18880993                   /home/innoventes/.m2/repository/org/springframework/spring-jdbc/5.2.5.RELEASE/spring-jdbc-5.2.5.RELEASE.jar
7f022f793000-7f022f796000 r--s 00023000 08:02 18880991                   /home/innoventes/.m2/repository/com/zaxxer/HikariCP/3.4.2/HikariCP-3.4.2.jar
7f022f79a000-7f022f7b3000 r--s 001da000 08:02 8787105                    /home/innoventes/.m2/repository/org/aspectj/aspectjweaver/1.9.5/aspectjweaver-1.9.5.jar
7f022f7b8000-7f022f7cf000 r-xp 00000000 08:02 6820553                    /lib/x86_64-linux-gnu/libresolv-2.27.so
7f022f7cf000-7f022f9cf000 ---p 00017000 08:02 6820553                    /lib/x86_64-linux-gnu/libresolv-2.27.so
7f022f9cf000-7f022f9d0000 r--p 00017000 08:02 6820553                    /lib/x86_64-linux-gnu/libresolv-2.27.so
7f022f9d0000-7f022f9d1000 rw-p 00018000 08:02 6820553                    /lib/x86_64-linux-gnu/libresolv-2.27.so
7f022f9d1000-7f022f9d3000 rw-p 00000000 00:00 0 
7f022f9d8000-7f022f9dd000 r-xp 00000000 08:02 6820502                    /lib/x86_64-linux-gnu/libnss_dns-2.27.so
7f022f9dd000-7f022fbdd000 ---p 00005000 08:02 6820502                    /lib/x86_64-linux-gnu/libnss_dns-2.27.so
7f022fbdd000-7f022fbde000 r--p 00005000 08:02 6820502                    /lib/x86_64-linux-gnu/libnss_dns-2.27.so
7f022fbde000-7f022fbdf000 rw-p 00006000 08:02 6820502                    /lib/x86_64-linux-gnu/libnss_dns-2.27.so
7f022fbe0000-7f022fbe2000 r-xp 00000000 08:02 6820510                    /lib/x86_64-linux-gnu/libnss_mdns4_minimal.so.2
7f022fbe2000-7f022fde1000 ---p 00002000 08:02 6820510                    /lib/x86_64-linux-gnu/libnss_mdns4_minimal.so.2
7f022fde1000-7f022fde2000 r--p 00001000 08:02 6820510                    /lib/x86_64-linux-gnu/libnss_mdns4_minimal.so.2
7f022fde2000-7f022fde3000 rw-p 00002000 08:02 6820510                    /lib/x86_64-linux-gnu/libnss_mdns4_minimal.so.2
7f022fde8000-7f022fdf9000 r-xp 00000000 08:02 25697492                   /usr/lib/jvm/java-8-openjdk-amd64/jre/lib/amd64/libnio.so
7f022fdf9000-7f022fff9000 ---p 00011000 08:02 25697492                   /usr/lib/jvm/java-8-openjdk-amd64/jre/lib/amd64/libnio.so
7f022fff9000-7f022fffa000 r--p 00011000 08:02 25697492                   /usr/lib/jvm/java-8-openjdk-amd64/jre/lib/amd64/libnio.so
7f022fffa000-7f022fffb000 rw-p 00012000 08:02 25697492                   /usr/lib/jvm/java-8-openjdk-amd64/jre/lib/amd64/libnio.so
7f0230000000-7f02301d5000 rw-p 00000000 00:00 0 
7f02301d5000-7f0234000000 ---p 00000000 00:00 0 
7f0234000000-7f023448a000 rw-p 00000000 00:00 0 
7f023448a000-7f0238000000 ---p 00000000 00:00 0 
7f0238000000-7f0238021000 rw-p 00000000 00:00 0 
7f0238021000-7f023c000000 ---p 00000000 00:00 0 
7f023c000000-7f023c44b000 rw-p 00000000 00:00 0 
7f023c44b000-7f0240000000 ---p 00000000 00:00 0 
7f0240000000-7f0240021000 rw-p 00000000 00:00 0 
7f0240021000-7f0244000000 ---p 00000000 00:00 0 
7f0244000000-7f0244021000 rw-p 00000000 00:00 0 
7f0244021000-7f0248000000 ---p 00000000 00:00 0 
7f0248000000-7f0248021000 rw-p 00000000 00:00 0 
7f0248021000-7f024c000000 ---p 00000000 00:00 0 
7f024c000000-7f024c021000 rw-p 00000000 00:00 0 
7f024c021000-7f0250000000 ---p 00000000 00:00 0 
7f0250000000-7f0250021000 rw-p 00000000 00:00 0 
7f0250021000-7f0254000000 ---p 00000000 00:00 0 
7f0254007000-7f0257008000 rw-p 00000000 00:00 0 
7f0257008000-7f025701f000 r-xp 00000000 08:02 25697491                   /usr/lib/jvm/java-8-openjdk-amd64/jre/lib/amd64/libnet.so
7f025701f000-7f025721e000 ---p 00017000 08:02 25697491                   /usr/lib/jvm/java-8-openjdk-amd64/jre/lib/amd64/libnet.so
7f025721e000-7f025721f000 r--p 00016000 08:02 25697491                   /usr/lib/jvm/java-8-openjdk-amd64/jre/lib/amd64/libnet.so
7f025721f000-7f0257220000 rw-p 00017000 08:02 25697491                   /usr/lib/jvm/java-8-openjdk-amd64/jre/lib/amd64/libnet.so
7f0257220000-7f0257229000 r-xp 00000000 08:02 25697489                   /usr/lib/jvm/java-8-openjdk-amd64/jre/lib/amd64/libmanagement.so
7f0257229000-7f0257428000 ---p 00009000 08:02 25697489                   /usr/lib/jvm/java-8-openjdk-amd64/jre/lib/amd64/libmanagement.so
7f0257428000-7f0257429000 r--p 00008000 08:02 25697489                   /usr/lib/jvm/java-8-openjdk-amd64/jre/lib/amd64/libmanagement.so
7f0257429000-7f025742a000 rw-p 00009000 08:02 25697489                   /usr/lib/jvm/java-8-openjdk-amd64/jre/lib/amd64/libmanagement.so
7f025742e000-7f0257431000 ---p 00000000 00:00 0 
7f0257431000-7f025752f000 rw-p 00000000 00:00 0 
7f025752f000-7f0257530000 ---p 00000000 00:00 0 
7f0257530000-7f0257533000 ---p 00000000 00:00 0 
7f0257533000-7f0257630000 rw-p 00000000 00:00 0 
7f0257630000-7f0257fff000 r--p 00000000 08:02 25696828                   /usr/lib/locale/locale-archive
7f0258000000-7f0258021000 rw-p 00000000 00:00 0 
7f0258021000-7f025c000000 ---p 00000000 00:00 0 
7f025c000000-7f025c001000 r--s 00000000 08:02 18751181                   /home/innoventes/.m2/repository/org/springframework/boot/spring-boot-starter-jdbc/2.2.6.RELEASE/spring-boot-starter-jdbc-2.2.6.RELEASE.jar
7f025c008000-7f025c009000 r--s 00000000 08:02 18617775                   /home/innoventes/.m2/repository/org/springframework/boot/spring-boot-starter-aop/2.2.6.RELEASE/spring-boot-starter-aop-2.2.6.RELEASE.jar
7f025c010000-7f025c011000 r--s 00000000 08:02 18617773                   /home/innoventes/.m2/repository/org/springframework/boot/spring-boot-starter-data-jpa/2.2.6.RELEASE/spring-boot-starter-data-jpa-2.2.6.RELEASE.jar
7f025c018000-7f025c024000 r--s 000d8000 08:02 20319150                   /home/innoventes/.m2/repository/org/postgresql/postgresql/42.2.11/postgresql-42.2.11.jar
7f025c027000-7f025c029000 r--s 0000f000 08:02 20452253                   /home/innoventes/.m2/repository/com/sun/activation/jakarta.activation/1.2.2/jakarta.activation-1.2.2.jar
7f025c02b000-7f025c034000 r--s 0009b000 08:02 20320173                   /home/innoventes/.m2/repository/com/sun/mail/jakarta.mail/1.6.5/jakarta.mail-1.6.5.jar
7f025c038000-7f025c03d000 r--s 00028000 08:02 18617815                   /home/innoventes/.m2/repository/org/springframework/spring-context-support/5.2.5.RELEASE/spring-context-support-5.2.5.RELEASE.jar
7f025c040000-7f025c041000 r--s 00000000 08:02 18617813                   /home/innoventes/.m2/repository/org/springframework/boot/spring-boot-starter-mail/2.2.6.RELEASE/spring-boot-starter-mail-2.2.6.RELEASE.jar
7f025c041000-7f025c05c000 r--s 00111000 08:02 20058835                   /home/innoventes/.m2/repository/org/springframework/spring-context/5.2.5.RELEASE/spring-context-5.2.5.RELEASE.jar
7f025c05f000-7f025c072000 r--s 000d7000 08:02 20189761                   /home/innoventes/.m2/repository/org/springframework/spring-webmvc/5.2.5.RELEASE/spring-webmvc-5.2.5.RELEASE.jar
7f025c073000-7f025c080000 r--s 0009b000 08:02 20058792                   /home/innoventes/.m2/repository/org/springframework/spring-beans/5.2.5.RELEASE/spring-beans-5.2.5.RELEASE.jar
7f025c082000-7f025c09f000 r--s 00142000 08:02 20058680                   /home/innoventes/.m2/repository/org/springframework/spring-web/5.2.5.RELEASE/spring-web-5.2.5.RELEASE.jar
7f025c09f000-7f025c0ca000 r--s 00307000 08:02 20189686                   /home/innoventes/.m2/repository/org/apache/tomcat/embed/tomcat-embed-core/9.0.33/tomcat-embed-core-9.0.33.jar
7f025c0cb000-7f025c0cc000 ---p 00000000 00:00 0 
7f025c0cc000-7f025c0cf000 ---p 00000000 00:00 0 
7f025c0cf000-7f025c1cc000 rw-p 00000000 00:00 0 
7f025c1cc000-7f025c1cd000 ---p 00000000 00:00 0 
7f025c1cd000-7f025c1d0000 ---p 00000000 00:00 0 
7f025c1d0000-7f025c2cd000 rw-p 00000000 00:00 0 
7f025c2cd000-7f025c2d0000 ---p 00000000 00:00 0 
7f025c2d0000-7f025c3ce000 rw-p 00000000 00:00 0 
7f025c3ce000-7f025c3d1000 ---p 00000000 00:00 0 
7f025c3d1000-7f025c4cf000 rw-p 00000000 00:00 0 
7f025c4cf000-7f025c4d2000 ---p 00000000 00:00 0 
7f025c4d2000-7f0260000000 rw-p 00000000 00:00 0 
7f0260000000-7f0260021000 rw-p 00000000 00:00 0 
7f0260021000-7f0264000000 ---p 00000000 00:00 0 
7f0264000000-7f0264005000 r--s 00040000 08:02 20058841                   /home/innoventes/.m2/repository/org/springframework/spring-expression/5.2.5.RELEASE/spring-expression-5.2.5.RELEASE.jar
7f026400c000-7f0264011000 r--s 0003c000 08:02 20189701                   /home/innoventes/.m2/repository/org/apache/tomcat/embed/tomcat-embed-websocket/9.0.33/tomcat-embed-websocket-9.0.33.jar
7f0264018000-7f0264019000 r--s 00000000 08:02 20189662                   /home/innoventes/.m2/repository/org/springframework/boot/spring-boot-starter-tomcat/2.2.6.RELEASE/spring-boot-starter-tomcat-2.2.6.RELEASE.jar
7f0264019000-7f026401b000 r--s 00001000 08:02 20189636                   /home/innoventes/.m2/repository/com/fasterxml/jackson/module/jackson-module-parameter-names/2.10.3/jackson-module-parameter-names-2.10.3.jar
7f026401f000-7f0264022000 r--s 00017000 08:02 20189626                   /home/innoventes/.m2/repository/com/fasterxml/jackson/datatype/jackson-datatype-jsr310/2.10.3/jackson-datatype-jsr310-2.10.3.jar
7f0264027000-7f0264029000 r--s 00007000 08:02 20058633                   /home/innoventes/.m2/repository/com/fasterxml/jackson/datatype/jackson-datatype-jdk8/2.10.3/jackson-datatype-jdk8-2.10.3.jar
7f0264030000-7f0264031000 r--s 00000000 08:02 20058594                   /home/innoventes/.m2/repository/org/springframework/boot/spring-boot-starter-json/2.2.6.RELEASE/spring-boot-starter-json-2.2.6.RELEASE.jar
7f0264034000-7f026403b000 r--s 00044000 08:02 20058565                   /home/innoventes/.m2/repository/org/yaml/snakeyaml/1.25/snakeyaml-1.25.jar
7f026403d000-7f026403f000 r--s 00005000 08:02 20058553                   /home/innoventes/.m2/repository/jakarta/annotation/jakarta.annotation-api/1.3.5/jakarta.annotation-api-1.3.5.jar
7f0264040000-7f0264042000 r--s 00000000 08:02 20058502                   /home/innoventes/.m2/repository/org/slf4j/jul-to-slf4j/1.7.30/jul-to-slf4j-1.7.30.jar
7f0264046000-7f026404c000 r--s 0003e000 08:02 20058391                   /home/innoventes/.m2/repository/org/apache/logging/log4j/log4j-api/2.12.1/log4j-api-2.12.1.jar
7f0264053000-7f0264055000 r--s 00003000 08:02 20058348                   /home/innoventes/.m2/repository/org/apache/logging/log4j/log4j-to-slf4j/2.12.1/log4j-to-slf4j-2.12.1.jar
7f0264059000-7f0264064000 r--s 00069000 08:02 20058287                   /home/innoventes/.m2/repository/ch/qos/logback/logback-core/1.2.3/logback-core-1.2.3.jar
7f0264069000-7f026406f000 r--s 00041000 08:02 20058105                   /home/innoventes/.m2/repository/ch/qos/logback/logback-classic/1.2.3/logback-classic-1.2.3.jar
7f0264070000-7f0264071000 r--s 00000000 08:02 20058087                   /home/innoventes/.m2/repository/org/springframework/boot/spring-boot-starter-logging/2.2.6.RELEASE/spring-boot-starter-logging-2.2.6.RELEASE.jar
7f0264074000-7f026409c000 r--s 0012c000 08:02 20058081                   /home/innoventes/.m2/repository/org/springframework/boot/spring-boot-autoconfigure/2.2.6.RELEASE/spring-boot-autoconfigure-2.2.6.RELEASE.jar
7f02640a1000-7f02640b8000 r--s 000e9000 08:02 20058076                   /home/innoventes/.m2/repository/org/springframework/boot/spring-boot/2.2.6.RELEASE/spring-boot-2.2.6.RELEASE.jar
7f02640b8000-7f02640b9000 r--s 00000000 08:02 20058061                   /home/innoventes/.m2/repository/org/springframework/boot/spring-boot-starter/2.2.6.RELEASE/spring-boot-starter-2.2.6.RELEASE.jar
7f02640c0000-7f02640c1000 r--s 00000000 08:02 20058042                   /home/innoventes/.m2/repository/org/springframework/boot/spring-boot-starter-web/2.2.6.RELEASE/spring-boot-starter-web-2.2.6.RELEASE.jar
7f02640c5000-7f02640ca000 r--s 0003d000 08:02 25697520                   /usr/lib/jvm/java-8-openjdk-amd64/jre/lib/ext/sunjce_provider.jar
7f02640d0000-7f02640d1000 r--s 00010000 08:02 25697522                   /usr/lib/jvm/java-8-openjdk-amd64/jre/lib/ext/zipfs.jar
7f02640d6000-7f02640f1000 r--s 001d6000 08:02 25697518                   /usr/lib/jvm/java-8-openjdk-amd64/jre/lib/ext/nashorn.jar
7f02640f1000-7f02640f2000 ---p 00000000 00:00 0 
7f02640f2000-7f0265000000 rw-p 00000000 00:00 0 
7f0265000000-7f0265440000 rwxp 00000000 00:00 0 
7f0265440000-7f0274000000 ---p 00000000 00:00 0 
7f0274000000-7f0274893000 rw-p 00000000 00:00 0 
7f0274893000-7f0278000000 ---p 00000000 00:00 0 
7f0278006000-7f0278010000 r--s 00116000 08:02 25697517                   /usr/lib/jvm/java-8-openjdk-amd64/jre/lib/ext/localedata.jar
7f0278017000-7f0278019000 r--s 00007000 08:02 26086927                   /usr/share/java/java-atk-wrapper.jar
7f027801c000-7f0278037000 r--s 00394000 08:02 25697513                   /usr/lib/jvm/java-8-openjdk-amd64/jre/lib/ext/cldrdata.jar
7f027803d000-7f0278210000 rw-p 00000000 00:00 0 
7f0278210000-7f02783e0000 r--s 03c68000 08:02 25697542                   /usr/lib/jvm/java-8-openjdk-amd64/jre/lib/rt.jar
7f02783e2000-7f0278ffb000 rw-p 00000000 00:00 0 
7f0278ffb000-7f0278ffc000 ---p 00000000 00:00 0 
7f0278ffc000-7f02790fc000 rw-p 00000000 00:00 0 
7f02790fc000-7f02790fd000 ---p 00000000 00:00 0 
7f02790fd000-7f02791fd000 rw-p 00000000 00:00 0 
7f02791fd000-7f02791fe000 ---p 00000000 00:00 0 
7f02791fe000-7f02792fe000 rw-p 00000000 00:00 0 
7f02792fe000-7f02792ff000 ---p 00000000 00:00 0 
7f02792ff000-7f0279427000 rw-p 00000000 00:00 0 
7f0279427000-7f027966c000 ---p 00000000 00:00 0 
7f027966c000-7f0279694000 rw-p 00000000 00:00 0 
7f0279694000-7f02798d8000 ---p 00000000 00:00 0 
7f02798d8000-7f02798fc000 rw-p 00000000 00:00 0 
7f02798fc000-7f0279a0f000 ---p 00000000 00:00 0 
7f0279a0f000-7f0279a21000 rw-p 00000000 00:00 0 
7f0279a21000-7f0279dd0000 ---p 00000000 00:00 0 
7f0279dd0000-7f0279dd8000 r-xp 00000000 08:02 25697499                   /usr/lib/jvm/java-8-openjdk-amd64/jre/lib/amd64/libzip.so
7f0279dd8000-7f0279fd7000 ---p 00008000 08:02 25697499                   /usr/lib/jvm/java-8-openjdk-amd64/jre/lib/amd64/libzip.so
7f0279fd7000-7f0279fd8000 r--p 00007000 08:02 25697499                   /usr/lib/jvm/java-8-openjdk-amd64/jre/lib/amd64/libzip.so
7f0279fd8000-7f0279fd9000 rw-p 00008000 08:02 25697499                   /usr/lib/jvm/java-8-openjdk-amd64/jre/lib/amd64/libzip.so
7f0279fe0000-7f0279feb000 r-xp 00000000 08:02 6820504                    /lib/x86_64-linux-gnu/libnss_files-2.27.so
7f0279feb000-7f027a1ea000 ---p 0000b000 08:02 6820504                    /lib/x86_64-linux-gnu/libnss_files-2.27.so
7f027a1ea000-7f027a1eb000 r--p 0000a000 08:02 6820504                    /lib/x86_64-linux-gnu/libnss_files-2.27.so
7f027a1eb000-7f027a1ec000 rw-p 0000b000 08:02 6820504                    /lib/x86_64-linux-gnu/libnss_files-2.27.so
7f027a1ec000-7f027a1f2000 rw-p 00000000 00:00 0 
7f027a1f8000-7f027a20f000 r-xp 00000000 08:02 6820498                    /lib/x86_64-linux-gnu/libnsl-2.27.so
7f027a20f000-7f027a40e000 ---p 00017000 08:02 6820498                    /lib/x86_64-linux-gnu/libnsl-2.27.so
7f027a40e000-7f027a40f000 r--p 00016000 08:02 6820498                    /lib/x86_64-linux-gnu/libnsl-2.27.so
7f027a40f000-7f027a410000 rw-p 00017000 08:02 6820498                    /lib/x86_64-linux-gnu/libnsl-2.27.so
7f027a410000-7f027a412000 rw-p 00000000 00:00 0 
7f027a418000-7f027a423000 r-xp 00000000 08:02 6820515                    /lib/x86_64-linux-gnu/libnss_nis-2.27.so
7f027a423000-7f027a622000 ---p 0000b000 08:02 6820515                    /lib/x86_64-linux-gnu/libnss_nis-2.27.so
7f027a622000-7f027a623000 r--p 0000a000 08:02 6820515                    /lib/x86_64-linux-gnu/libnss_nis-2.27.so
7f027a623000-7f027a624000 rw-p 0000b000 08:02 6820515                    /lib/x86_64-linux-gnu/libnss_nis-2.27.so
7f027a628000-7f027a630000 r-xp 00000000 08:02 6820500                    /lib/x86_64-linux-gnu/libnss_compat-2.27.so
7f027a630000-7f027a830000 ---p 00008000 08:02 6820500                    /lib/x86_64-linux-gnu/libnss_compat-2.27.so
7f027a830000-7f027a831000 r--p 00008000 08:02 6820500                    /lib/x86_64-linux-gnu/libnss_compat-2.27.so
7f027a831000-7f027a832000 rw-p 00009000 08:02 6820500                    /lib/x86_64-linux-gnu/libnss_compat-2.27.so
7f027a838000-7f027a862000 r-xp 00000000 08:02 25697480                   /usr/lib/jvm/java-8-openjdk-amd64/jre/lib/amd64/libjava.so
7f027a862000-7f027aa61000 ---p 0002a000 08:02 25697480                   /usr/lib/jvm/java-8-openjdk-amd64/jre/lib/amd64/libjava.so
7f027aa61000-7f027aa62000 r--p 00029000 08:02 25697480                   /usr/lib/jvm/java-8-openjdk-amd64/jre/lib/amd64/libjava.so
7f027aa62000-7f027aa64000 rw-p 0002a000 08:02 25697480                   /usr/lib/jvm/java-8-openjdk-amd64/jre/lib/amd64/libjava.so
7f027aa68000-7f027aa78000 r-xp 00000000 08:02 25697498                   /usr/lib/jvm/java-8-openjdk-amd64/jre/lib/amd64/libverify.so
7f027aa78000-7f027ac77000 ---p 00010000 08:02 25697498                   /usr/lib/jvm/java-8-openjdk-amd64/jre/lib/amd64/libverify.so
7f027ac77000-7f027ac79000 r--p 0000f000 08:02 25697498                   /usr/lib/jvm/java-8-openjdk-amd64/jre/lib/amd64/libverify.so
7f027ac79000-7f027ac7a000 rw-p 00011000 08:02 25697498                   /usr/lib/jvm/java-8-openjdk-amd64/jre/lib/amd64/libverify.so
7f027ac80000-7f027ac87000 r-xp 00000000 08:02 6820555                    /lib/x86_64-linux-gnu/librt-2.27.so
7f027ac87000-7f027ae86000 ---p 00007000 08:02 6820555                    /lib/x86_64-linux-gnu/librt-2.27.so
7f027ae86000-7f027ae87000 r--p 00006000 08:02 6820555                    /lib/x86_64-linux-gnu/librt-2.27.so
7f027ae87000-7f027ae88000 rw-p 00007000 08:02 6820555                    /lib/x86_64-linux-gnu/librt-2.27.so
7f027ae88000-7f027ae9f000 r-xp 00000000 08:02 6815832                    /lib/x86_64-linux-gnu/libgcc_s.so.1
7f027ae9f000-7f027b09e000 ---p 00017000 08:02 6815832                    /lib/x86_64-linux-gnu/libgcc_s.so.1
7f027b09e000-7f027b09f000 r--p 00016000 08:02 6815832                    /lib/x86_64-linux-gnu/libgcc_s.so.1
7f027b09f000-7f027b0a0000 rw-p 00017000 08:02 6815832                    /lib/x86_64-linux-gnu/libgcc_s.so.1
7f027b0a0000-7f027b23d000 r-xp 00000000 08:02 6820477                    /lib/x86_64-linux-gnu/libm-2.27.so
7f027b23d000-7f027b43c000 ---p 0019d000 08:02 6820477                    /lib/x86_64-linux-gnu/libm-2.27.so
7f027b43c000-7f027b43d000 r--p 0019c000 08:02 6820477                    /lib/x86_64-linux-gnu/libm-2.27.so
7f027b43d000-7f027b43e000 rw-p 0019d000 08:02 6820477                    /lib/x86_64-linux-gnu/libm-2.27.so
7f027b440000-7f027b5b9000 r-xp 00000000 08:02 25697419                   /usr/lib/x86_64-linux-gnu/libstdc++.so.6.0.25
7f027b5b9000-7f027b7b9000 ---p 00179000 08:02 25697419                   /usr/lib/x86_64-linux-gnu/libstdc++.so.6.0.25
7f027b7b9000-7f027b7c3000 r--p 00179000 08:02 25697419                   /usr/lib/x86_64-linux-gnu/libstdc++.so.6.0.25
7f027b7c3000-7f027b7c5000 rw-p 00183000 08:02 25697419                   /usr/lib/x86_64-linux-gnu/libstdc++.so.6.0.25
7f027b7c5000-7f027b7c9000 rw-p 00000000 00:00 0 
7f027b7d0000-7f027c473000 r-xp 00000000 08:02 25697502                   /usr/lib/jvm/java-8-openjdk-amd64/jre/lib/amd64/server/libjvm.so
7f027c473000-7f027c673000 ---p 00ca3000 08:02 25697502                   /usr/lib/jvm/java-8-openjdk-amd64/jre/lib/amd64/server/libjvm.so
7f027c673000-7f027c707000 r--p 00ca3000 08:02 25697502                   /usr/lib/jvm/java-8-openjdk-amd64/jre/lib/amd64/server/libjvm.so
7f027c707000-7f027c730000 rw-p 00d37000 08:02 25697502                   /usr/lib/jvm/java-8-openjdk-amd64/jre/lib/amd64/server/libjvm.so
7f027c730000-7f027c760000 rw-p 00000000 00:00 0 
7f027c760000-7f027c77a000 r-xp 00000000 08:02 6820547                    /lib/x86_64-linux-gnu/libpthread-2.27.so
7f027c77a000-7f027c979000 ---p 0001a000 08:02 6820547                    /lib/x86_64-linux-gnu/libpthread-2.27.so
7f027c979000-7f027c97a000 r--p 00019000 08:02 6820547                    /lib/x86_64-linux-gnu/libpthread-2.27.so
7f027c97a000-7f027c97b000 rw-p 0001a000 08:02 6820547                    /lib/x86_64-linux-gnu/libpthread-2.27.so
7f027c97b000-7f027c97f000 rw-p 00000000 00:00 0 
7f027c980000-7f027c983000 r-xp 00000000 08:02 6820437                    /lib/x86_64-linux-gnu/libdl-2.27.so
7f027c983000-7f027cb82000 ---p 00003000 08:02 6820437                    /lib/x86_64-linux-gnu/libdl-2.27.so
7f027cb82000-7f027cb83000 r--p 00002000 08:02 6820437                    /lib/x86_64-linux-gnu/libdl-2.27.so
7f027cb83000-7f027cb84000 rw-p 00003000 08:02 6820437                    /lib/x86_64-linux-gnu/libdl-2.27.so
7f027cb88000-7f027cba4000 r-xp 00000000 08:02 6820586                    /lib/x86_64-linux-gnu/libz.so.1.2.11
7f027cba4000-7f027cda3000 ---p 0001c000 08:02 6820586                    /lib/x86_64-linux-gnu/libz.so.1.2.11
7f027cda3000-7f027cda4000 r--p 0001b000 08:02 6820586                    /lib/x86_64-linux-gnu/libz.so.1.2.11
7f027cda4000-7f027cda5000 rw-p 0001c000 08:02 6820586                    /lib/x86_64-linux-gnu/libz.so.1.2.11
7f027cda8000-7f027cf8f000 r-xp 00000000 08:02 6820414                    /lib/x86_64-linux-gnu/libc-2.27.so
7f027cf8f000-7f027d18f000 ---p 001e7000 08:02 6820414                    /lib/x86_64-linux-gnu/libc-2.27.so
7f027d18f000-7f027d193000 r--p 001e7000 08:02 6820414                    /lib/x86_64-linux-gnu/libc-2.27.so
7f027d193000-7f027d195000 rw-p 001eb000 08:02 6820414                    /lib/x86_64-linux-gnu/libc-2.27.so
7f027d195000-7f027d199000 rw-p 00000000 00:00 0 
7f027d1a0000-7f027d1ae000 r-xp 00000000 08:02 25697466                   /usr/lib/jvm/java-8-openjdk-amd64/jre/lib/amd64/jli/libjli.so
7f027d1ae000-7f027d3ad000 ---p 0000e000 08:02 25697466                   /usr/lib/jvm/java-8-openjdk-amd64/jre/lib/amd64/jli/libjli.so
7f027d3ad000-7f027d3ae000 r--p 0000d000 08:02 25697466                   /usr/lib/jvm/java-8-openjdk-amd64/jre/lib/amd64/jli/libjli.so
7f027d3ae000-7f027d3af000 rw-p 0000e000 08:02 25697466                   /usr/lib/jvm/java-8-openjdk-amd64/jre/lib/amd64/jli/libjli.so
7f027d3b0000-7f027d3d7000 r-xp 00000000 08:02 6820386                    /lib/x86_64-linux-gnu/ld-2.27.so
7f027d3da000-7f027d3db000 r--s 0000a000 08:02 25697516                   /usr/lib/jvm/java-8-openjdk-amd64/jre/lib/ext/jaccess.jar
7f027d3e2000-7f027d3e6000 r--s 0003a000 08:02 25697521                   /usr/lib/jvm/java-8-openjdk-amd64/jre/lib/ext/sunpkcs11.jar
7f027d3e7000-7f027d3ea000 r--s 0000f000 08:02 25697515                   /usr/lib/jvm/java-8-openjdk-amd64/jre/lib/ext/icedtea-sound.jar
7f027d3f1000-7f027d3f3000 r--s 00001000 08:02 25697514                   /usr/lib/jvm/java-8-openjdk-amd64/jre/lib/ext/dnsns.jar
7f027d3f4000-7f027d4bd000 rw-p 00000000 00:00 0 
7f027d4bd000-7f027d4be000 ---p 00000000 00:00 0 
7f027d4be000-7f027d4c1000 ---p 00000000 00:00 0 
7f027d4c1000-7f027d5c0000 rw-p 00000000 00:00 0 
7f027d5c5000-7f027d5c6000 r--s 0000d000 08:02 25697519                   /usr/lib/jvm/java-8-openjdk-amd64/jre/lib/ext/sunec.jar
7f027d5c8000-7f027d5d0000 rw-s 00000000 08:02 53084707                   /tmp/hsperfdata_innoventes/22475
7f027d5d5000-7f027d5d6000 rw-p 00000000 00:00 0 
7f027d5d6000-7f027d5d7000 r--p 00000000 00:00 0 
7f027d5d7000-7f027d5d8000 r--p 00027000 08:02 6820386                    /lib/x86_64-linux-gnu/ld-2.27.so
7f027d5d8000-7f027d5d9000 rw-p 00028000 08:02 6820386                    /lib/x86_64-linux-gnu/ld-2.27.so
7f027d5d9000-7f027d5dc000 rw-p 00000000 00:00 0 
7ffe8f6a6000-7ffe8f6c9000 rw-p 00000000 00:00 0                          [stack]
7ffe8f720000-7ffe8f723000 r--p 00000000 00:00 0                          [vvar]
7ffe8f723000-7ffe8f725000 r-xp 00000000 00:00 0                          [vdso]
ffffffffff600000-ffffffffff601000 r-xp 00000000 00:00 0                  [vsyscall]

VM Arguments:
jvm_args: -Dcom.sun.management.jmxremote -Dcom.sun.management.jmxremote.port=34505 -Dcom.sun.management.jmxremote.authenticate=false -Dcom.sun.management.jmxremote.ssl=false -Djava.rmi.server.hostname=localhost -Dspring.application.admin.enabled=true -Dspring.jmx.enabled=true -Dfile.encoding=UTF-8 
java_command: com.backend.code.FriendsNetworkApplication
java_class_path (initial): /home/innoventes/Desktop/friends_network/target/classes:/home/innoventes/.m2/repository/org/springframework/boot/spring-boot-starter-web/2.2.6.RELEASE/spring-boot-starter-web-2.2.6.RELEASE.jar:/home/innoventes/.m2/repository/org/springframework/boot/spring-boot-starter/2.2.6.RELEASE/spring-boot-starter-2.2.6.RELEASE.jar:/home/innoventes/.m2/repository/org/springframework/boot/spring-boot/2.2.6.RELEASE/spring-boot-2.2.6.RELEASE.jar:/home/innoventes/.m2/repository/org/springframework/boot/spring-boot-autoconfigure/2.2.6.RELEASE/spring-boot-autoconfigure-2.2.6.RELEASE.jar:/home/innoventes/.m2/repository/org/springframework/boot/spring-boot-starter-logging/2.2.6.RELEASE/spring-boot-starter-logging-2.2.6.RELEASE.jar:/home/innoventes/.m2/repository/ch/qos/logback/logback-classic/1.2.3/logback-classic-1.2.3.jar:/home/innoventes/.m2/repository/ch/qos/logback/logback-core/1.2.3/logback-core-1.2.3.jar:/home/innoventes/.m2/repository/org/apache/logging/log4j/log4j-to-slf4j/2.12.1/log4j-to-slf4j-2.12.1.jar:/home/innoventes/.m2/repository/org/apache/logging/log4j/log4j-api/2.12.1/log4j-api-2.12.1.jar:/home/innoventes/.m2/repository/org/slf4j/jul-to-slf4j/1.7.30/jul-to-slf4j-1.7.30.jar:/home/innoventes/.m2/repository/jakarta/annotation/jakarta.annotation-api/1.3.5/jakarta.annotation-api-1.3.5.jar:/home/innoventes/.m2/repository/org/yaml/snakeyaml/1.25/snakeyaml-1.25.jar:/home/innoventes/.m2/repository/org/springframework/boot/spring-boot-starter-json/2.2.6.RELEASE/spring-boot-starter-json-2.2.6.RELEASE.jar:/home/innoventes/.m2/repository/com/fasterxml/jackson/datatype/jackson-datatype-jdk8/2.10.3/jackson-datatype-jdk8-2.10.3.jar:/home/innoventes/.m2/repository/com/fasterxml/jackson/datatype/jackson-datatype-jsr310/2.10.3/jackson-datatype-jsr310-2.10.3.jar:/home/innoventes/.m2/repository/com/fasterxml/jackson/module/jackson-module-parameter-names/2.10.3/jackson-module-parameter-names-2.10.3.jar:/home/innoventes/.m2/repository/org/springframework/boot/s
Launcher Type: SUN_STANDARD

Environment Variables:
PATH=/usr/local/sbin:/usr/local/bin:/usr/sbin:/usr/bin:/sbin:/bin:/usr/games:/usr/local/games:/snap/bin
USERNAME=innoventes
SHELL=/bin/bash
DISPLAY=:0

Signal Handlers:
SIGSEGV: [libjvm.so+0xabc3b0], sa_mask[0]=11111111011111111101111111111110, sa_flags=SA_RESTART|SA_SIGINFO
SIGBUS: [libjvm.so+0xabc3b0], sa_mask[0]=11111111011111111101111111111110, sa_flags=SA_RESTART|SA_SIGINFO
SIGFPE: [libjvm.so+0x8f0bb0], sa_mask[0]=11111111011111111101111111111110, sa_flags=SA_RESTART|SA_SIGINFO
SIGPIPE: [libjvm.so+0x8f0bb0], sa_mask[0]=11111111011111111101111111111110, sa_flags=SA_RESTART|SA_SIGINFO
SIGXFSZ: [libjvm.so+0x8f0bb0], sa_mask[0]=11111111011111111101111111111110, sa_flags=SA_RESTART|SA_SIGINFO
SIGILL: [libjvm.so+0x8f0bb0], sa_mask[0]=11111111011111111101111111111110, sa_flags=SA_RESTART|SA_SIGINFO
SIGUSR1: SIG_DFL, sa_mask[0]=00000000000000000000000000000000, sa_flags=none
SIGUSR2: [libjvm.so+0x8f0a60], sa_mask[0]=00100000000000000000000000000000, sa_flags=SA_RESTART|SA_SIGINFO
SIGHUP: [libjvm.so+0x8f10d0], sa_mask[0]=11111111011111111101111111111110, sa_flags=SA_RESTART|SA_SIGINFO
SIGINT: [libjvm.so+0x8f10d0], sa_mask[0]=11111111011111111101111111111110, sa_flags=SA_RESTART|SA_SIGINFO
SIGTERM: [libjvm.so+0x8f10d0], sa_mask[0]=11111111011111111101111111111110, sa_flags=SA_RESTART|SA_SIGINFO
SIGQUIT: [libjvm.so+0x8f10d0], sa_mask[0]=11111111011111111101111111111110, sa_flags=SA_RESTART|SA_SIGINFO


---------------  S Y S T E M  ---------------

OS:DISTRIB_ID=Ubuntu
DISTRIB_RELEASE=18.04
DISTRIB_CODENAME=bionic
DISTRIB_DESCRIPTION="Ubuntu 18.04.3 LTS"

uname:Linux 4.15.0-88-generic #88-Ubuntu SMP Tue Feb 11 20:11:34 UTC 2020 x86_64
libc:glibc 2.27 NPTL 2.27 
rlimit: STACK 8192k, CORE 0k, NPROC 29400, NOFILE 1048576, AS infinity
load average:1.67 1.70 1.72

/proc/meminfo:
MemTotal:        7621904 kB
MemFree:          523016 kB
MemAvailable:     963072 kB
Buffers:           65940 kB
Cached:           762500 kB
SwapCached:        88928 kB
Active:          5122384 kB
Inactive:        1091948 kB
Active(anon):    4734176 kB
Inactive(anon):   867976 kB
Active(file):     388208 kB
Inactive(file):   223972 kB
Unevictable:          64 kB
Mlocked:              64 kB
SwapTotal:       2097148 kB
SwapFree:        1101828 kB
Dirty:               496 kB
Writeback:             0 kB
AnonPages:       5357724 kB
Mapped:           566984 kB
Shmem:            264328 kB
Slab:             225968 kB
SReclaimable:      95972 kB
SUnreclaim:       129996 kB
KernelStack:       22624 kB
PageTables:       138832 kB
NFS_Unstable:          0 kB
Bounce:                0 kB
WritebackTmp:          0 kB
CommitLimit:     5908100 kB
Committed_AS:   19854764 kB
VmallocTotal:   34359738367 kB
VmallocUsed:           0 kB
VmallocChunk:          0 kB
HardwareCorrupted:     0 kB
AnonHugePages:         0 kB
ShmemHugePages:        0 kB
ShmemPmdMapped:        0 kB
CmaTotal:              0 kB
CmaFree:               0 kB
HugePages_Total:       0
HugePages_Free:        0
HugePages_Rsvd:        0
HugePages_Surp:        0
Hugepagesize:       2048 kB
DirectMap4k:     4915968 kB
DirectMap2M:     2918400 kB
DirectMap1G:           0 kB

container (cgroup) information:
container_type: cgroupv1
cpu_cpuset_cpus: 0-3
cpu_memory_nodes: 0
active_processor_count: 4
cpu_quota: -1
cpu_period: 100000
cpu_shares: -1
memory_limit_in_bytes: -1
memory_and_swap_limit_in_bytes: -2
memory_soft_limit_in_bytes: -1
memory_usage_in_bytes: 6368157696
memory_max_usage_in_bytes: 6978269184


CPU:total 4 (initial active 4) (4 cores per cpu, 1 threads per core) family 21 model 16 stepping 1, cmov, cx8, fxsr, mmx, sse, sse2, sse3, ssse3, sse4.1, sse4.2, popcnt, avx, aes, clmul, mmxext, 3dnowpref, lzcnt, sse4a, tsc, tscinvbit, tscinv, bmi1

/proc/cpuinfo:
processor	: 0
vendor_id	: AuthenticAMD
cpu family	: 21
model		: 16
model name	: AMD A10-4600M APU with Radeon(tm) HD Graphics
stepping	: 1
microcode	: 0x6001119
cpu MHz		: 2134.057
cache size	: 2048 KB
physical id	: 0
siblings	: 4
core id		: 0
cpu cores	: 2
apicid		: 16
initial apicid	: 0
fpu		: yes
fpu_exception	: yes
cpuid level	: 13
wp		: yes
flags		: fpu vme de pse tsc msr pae mce cx8 apic sep mtrr pge mca cmov pat pse36 clflush mmx fxsr sse sse2 ht syscall nx mmxext fxsr_opt pdpe1gb rdtscp lm constant_tsc rep_good nopl nonstop_tsc cpuid extd_apicid aperfmperf pni pclmulqdq monitor ssse3 fma cx16 sse4_1 sse4_2 popcnt aes xsave avx f16c lahf_lm cmp_legacy svm extapic cr8_legacy abm sse4a misalignsse 3dnowprefetch osvw ibs xop skinit wdt lwp fma4 tce nodeid_msr tbm topoext perfctr_core perfctr_nb cpb hw_pstate ssbd vmmcall bmi1 arat npt lbrv svm_lock nrip_save tsc_scale vmcb_clean flushbyasid decodeassists pausefilter pfthreshold
bugs		: fxsave_leak sysret_ss_attrs null_seg spectre_v1 spectre_v2 spec_store_bypass
bogomips	: 4590.97
TLB size	: 1536 4K pages
clflush size	: 64
cache_alignment	: 64
address sizes	: 48 bits physical, 48 bits virtual
power management: ts ttp tm 100mhzsteps hwpstate cpb eff_freq_ro

processor	: 1
vendor_id	: AuthenticAMD
cpu family	: 21
model		: 16
model name	: AMD A10-4600M APU with Radeon(tm) HD Graphics
stepping	: 1
microcode	: 0x6001119
cpu MHz		: 1809.442
cache size	: 2048 KB
physical id	: 0
siblings	: 4
core id		: 1
cpu cores	: 2
apicid		: 17
initial apicid	: 1
fpu		: yes
fpu_exception	: yes
cpuid level	: 13
wp		: yes
flags		: fpu vme de pse tsc msr pae mce cx8 apic sep mtrr pge mca cmov pat pse36 clflush mmx fxsr sse sse2 ht syscall nx mmxext fxsr_opt pdpe1gb rdtscp lm constant_tsc rep_good nopl nonstop_tsc cpuid extd_apicid aperfmperf pni pclmulqdq monitor ssse3 fma cx16 sse4_1 sse4_2 popcnt aes xsave avx f16c lahf_lm cmp_legacy svm extapic cr8_legacy abm sse4a misalignsse 3dnowprefetch osvw ibs xop skinit wdt lwp fma4 tce nodeid_msr tbm topoext perfctr_core perfctr_nb cpb hw_pstate ssbd vmmcall bmi1 arat npt lbrv svm_lock nrip_save tsc_scale vmcb_clean flushbyasid decodeassists pausefilter pfthreshold
bugs		: fxsave_leak sysret_ss_attrs null_seg spectre_v1 spectre_v2 spec_store_bypass
bogomips	: 4590.97
TLB size	: 1536 4K pages
clflush size	: 64
cache_alignment	: 64
address sizes	: 48 bits physical, 48 bits virtual
power management: ts ttp tm 100mhzsteps hwpstate cpb eff_freq_ro

processor	: 2
vendor_id	: AuthenticAMD
cpu family	: 21
model		: 16
model name	: AMD A10-4600M APU with Radeon(tm) HD Graphics
stepping	: 1
microcode	: 0x6001119
cpu MHz		: 2295.488
cache size	: 2048 KB
physical id	: 0
siblings	: 4
core id		: 2
cpu cores	: 2
apicid		: 18
initial apicid	: 2
fpu		: yes
fpu_exception	: yes
cpuid level	: 13
wp		: yes
flags		: fpu vme de pse tsc msr pae mce cx8 apic sep mtrr pge mca cmov pat pse36 clflush mmx fxsr sse sse2 ht syscall nx mmxext fxsr_opt pdpe1gb rdtscp lm constant_tsc rep_good nopl nonstop_tsc cpuid extd_apicid aperfmperf pni pclmulqdq monitor ssse3 fma cx16 sse4_1 sse4_2 popcnt aes xsave avx f16c lahf_lm cmp_legacy svm extapic cr8_legacy abm sse4a misalignsse 3dnowprefetch osvw ibs xop skinit wdt lwp fma4 tce nodeid_msr tbm topoext perfctr_core perfctr_nb cpb hw_pstate ssbd vmmcall bmi1 arat npt lbrv svm_lock nrip_save tsc_scale vmcb_clean flushbyasid decodeassists pausefilter pfthreshold
bugs		: fxsave_leak sysret_ss_attrs null_seg spectre_v1 spectre_v2 spec_store_bypass
bogomips	: 4590.97
TLB size	: 1536 4K pages
clflush size	: 64
cache_alignment	: 64
address sizes	: 48 bits physical, 48 bits virtual
power management: ts ttp tm 100mhzsteps hwpstate cpb eff_freq_ro

processor	: 3
vendor_id	: AuthenticAMD
cpu family	: 21
model		: 16
model name	: AMD A10-4600M APU with Radeon(tm) HD Graphics
stepping	: 1
microcode	: 0x6001119
cpu MHz		: 2295.488
cache size	: 2048 KB
physical id	: 0
siblings	: 4
core id		: 3
cpu cores	: 2
apicid		: 19
initial apicid	: 3
fpu		: yes
fpu_exception	: yes
cpuid level	: 13
wp		: yes
flags		: fpu vme de pse tsc msr pae mce cx8 apic sep mtrr pge mca cmov pat pse36 clflush mmx fxsr sse sse2 ht syscall nx mmxext fxsr_opt pdpe1gb rdtscp lm constant_tsc rep_good nopl nonstop_tsc cpuid extd_apicid aperfmperf pni pclmulqdq monitor ssse3 fma cx16 sse4_1 sse4_2 popcnt aes xsave avx f16c lahf_lm cmp_legacy svm extapic cr8_legacy abm sse4a misalignsse 3dnowprefetch osvw ibs xop skinit wdt lwp fma4 tce nodeid_msr tbm topoext perfctr_core perfctr_nb cpb hw_pstate ssbd vmmcall bmi1 arat npt lbrv svm_lock nrip_save tsc_scale vmcb_clean flushbyasid decodeassists pausefilter pfthreshold
bugs		: fxsave_leak sysret_ss_attrs null_seg spectre_v1 spectre_v2 spec_store_bypass
bogomips	: 4590.97
TLB size	: 1536 4K pages
clflush size	: 64
cache_alignment	: 64
address sizes	: 48 bits physical, 48 bits virtual
power management: ts ttp tm 100mhzsteps hwpstate cpb eff_freq_ro



Memory: 4k page, physical 7621904k(520660k free), swap 2097148k(1101828k free)

vm_info: OpenJDK 64-Bit Server VM (25.242-b08) for linux-amd64 JRE (1.8.0_242-8u242-b08-0ubuntu3~18.04-b08), built on Jan 17 2020 23:41:21 by "buildd" with gcc 7.4.0

time: Thu May 28 16:11:25 2020
timezone: IST
elapsed time: 2 seconds (0d 0h 0m 2s)

